This file contains any messages produced by compilers while
running configure, to aid debugging if configure makes a mistake.

It was created by libasprintf configure 1.0, which was
generated by GNU Autoconf 2.69.  Invocation command line was

  $ ./configure --disable-option-checking --prefix=/home/jianglei/svg/build/usr/local --disable-tools --disable-pixbuf-loader --enable-introspection=no --host=arm-linux CFLAGS=--sysroot=/home/jianglei/android-ndk-r17/NDK/arm64/sysroot --with-python=no --with-modules=no --with-ftp=no --disable-raw-api --disable-structs --enable-purify-safety --without-python --enable-libmount=no --enable-shared=no --enable-png=yes --disable-java --without-emacs --without-git --disable-c++ --disable-curses --disable-openmp --disable-acl host_alias=arm-linux CC=aarch64-linux-android-gcc CXX=aarch64-linux-android-c++ --cache-file=/dev/null --srcdir=.

## --------- ##
## Platform. ##
## --------- ##

hostname = jianglei
uname -m = x86_64
uname -r = 4.15.0-20-generic
uname -s = Linux
uname -v = #21-Ubuntu SMP Tue Apr 24 06:16:15 UTC 2018

/usr/bin/uname -p = unknown
/bin/uname -X     = unknown

/bin/arch              = unknown
/usr/bin/arch -k       = unknown
/usr/convex/getsysinfo = unknown
/usr/bin/hostinfo      = unknown
/bin/machine           = unknown
/usr/bin/oslevel       = unknown
/bin/universe          = unknown

PATH: /home/jianglei/.cargo/bin
PATH: /usr/local/sbin
PATH: /usr/local/bin
PATH: /usr/sbin
PATH: /usr/bin
PATH: /sbin
PATH: /bin
PATH: /usr/games
PATH: /usr/local/games
PATH: /snap/bin
PATH: /home/jianglei/android-ndk-r17/NDK/arm64/bin


## ----------- ##
## Core tests. ##
## ----------- ##

configure:2710: checking for a BSD-compatible install
configure:2778: result: /usr/bin/install -c
configure:2789: checking whether build environment is sane
configure:2844: result: yes
configure:2903: checking for arm-linux-strip
configure:2930: result: aarch64-linux-android-strip
configure:2995: checking for a thread-safe mkdir -p
configure:3034: result: /bin/mkdir -p
configure:3041: checking for gawk
configure:3071: result: no
configure:3041: checking for mawk
configure:3057: found /usr/bin/mawk
configure:3068: result: mawk
configure:3079: checking whether make sets $(MAKE)
configure:3101: result: yes
configure:3130: checking whether make supports nested variables
configure:3147: result: yes
configure:3284: checking for arm-linux-gcc
configure:3311: result: aarch64-linux-android-gcc
configure:3580: checking for C compiler version
configure:3589: aarch64-linux-android-gcc --version >&5
aarch64-linux-android-gcc (GCC) 4.9.x 20150123 (prerelease)
Copyright (C) 2014 Free Software Foundation, Inc.
This is free software; see the source for copying conditions.  There is NO
warranty; not even for MERCHANTABILITY or FITNESS FOR A PARTICULAR PURPOSE.

configure:3600: $? = 0
configure:3589: aarch64-linux-android-gcc -v >&5
Using built-in specs.
COLLECT_GCC=aarch64-linux-android-gcc
COLLECT_LTO_WRAPPER=/home/jianglei/android-ndk-r17/NDK/arm64/bin/../libexec/gcc/aarch64-linux-android/4.9.x/lto-wrapper
Target: aarch64-linux-android
Configured with: /buildbot/src/android/gcc/toolchain/build/../gcc/gcc-4.9/configure --prefix=/tmp/d2087558cf57fc8b596d8eebe6b67058 --target=aarch64-linux-android --host=x86_64-linux-gnu --build=x86_64-linux-gnu --with-gnu-as --with-gnu-ld --enable-languages=c,c++ --with-gmp=/buildbot/tmp/build/toolchain/temp-install --with-mpfr=/buildbot/tmp/build/toolchain/temp-install --with-mpc=/buildbot/tmp/build/toolchain/temp-install --with-cloog=/buildbot/tmp/build/toolchain/temp-install --with-isl=/buildbot/tmp/build/toolchain/temp-install --with-ppl=/buildbot/tmp/build/toolchain/temp-install --disable-ppl-version-check --disable-cloog-version-check --disable-isl-version-check --enable-cloog-backend=isl --with-host-libstdcxx='-static-libgcc -Wl,-Bstatic,-lstdc++,-Bdynamic -lm' --disable-libssp --enable-threads --disable-nls --disable-libmudflap --disable-libgomp --disable-libstdc__-v3 --disable-sjlj-exceptions --disable-shared --disable-tls --disable-libitm --enable-bionic-libs --enable-libatomic-ifuncs=no --enable-initfini-array --disable-nls --prefix=/tmp/d2087558cf57fc8b596d8eebe6b67058 --with-sysroot=/tmp/d2087558cf57fc8b596d8eebe6b67058/sysroot --with-binutils-version=2.27 --with-mpfr-version=3.1.1 --with-mpc-version=1.0.1 --with-gmp-version=5.0.5 --with-gcc-version=4.9 --with-gdb-version=none --with-gxx-include-dir=/tmp/d2087558cf57fc8b596d8eebe6b67058/include/c++/4.9.x --with-bugurl=http://source.android.com/source/report-bugs.html --enable-languages=c,c++ --disable-bootstrap --enable-plugins --enable-libgomp --enable-gnu-indirect-function --disable-libsanitizer --enable-gold --enable-ld=default --enable-threads --enable-eh-frame-hdr-for-static --enable-fix-cortex-a53-835769 --enable-graphite=yes --with-isl-version=0.11.1 --with-cloog-version=0.18.0 --program-transform-name='s&^&aarch64-linux-android-&' --enable-gold
Thread model: posix
gcc version 4.9.x 20150123 (prerelease) (GCC) 
configure:3600: $? = 0
configure:3589: aarch64-linux-android-gcc -V >&5
aarch64-linux-android-gcc: error: unrecognized command line option '-V'
aarch64-linux-android-gcc: fatal error: no input files
compilation terminated.
configure:3600: $? = 1
configure:3589: aarch64-linux-android-gcc -qversion >&5
aarch64-linux-android-gcc: error: unrecognized command line option '-qversion'
aarch64-linux-android-gcc: fatal error: no input files
compilation terminated.
configure:3600: $? = 1
configure:3620: checking whether the C compiler works
configure:3642: aarch64-linux-android-gcc --sysroot=/home/jianglei/android-ndk-r17/NDK/arm64/sysroot   conftest.c  >&5
configure:3646: $? = 0
configure:3694: result: yes
configure:3697: checking for C compiler default output file name
configure:3699: result: a.out
configure:3705: checking for suffix of executables
configure:3712: aarch64-linux-android-gcc -o conftest --sysroot=/home/jianglei/android-ndk-r17/NDK/arm64/sysroot   conftest.c  >&5
configure:3716: $? = 0
configure:3738: result: 
configure:3760: checking whether we are cross compiling
configure:3768: aarch64-linux-android-gcc -o conftest --sysroot=/home/jianglei/android-ndk-r17/NDK/arm64/sysroot   conftest.c  >&5
configure:3772: $? = 0
configure:3779: ./conftest
./configure: line 3781: ./conftest: cannot execute binary file: Exec format error
configure:3783: $? = 126
configure:3798: result: yes
configure:3803: checking for suffix of object files
configure:3825: aarch64-linux-android-gcc -c --sysroot=/home/jianglei/android-ndk-r17/NDK/arm64/sysroot  conftest.c >&5
configure:3829: $? = 0
configure:3850: result: o
configure:3854: checking whether we are using the GNU C compiler
configure:3873: aarch64-linux-android-gcc -c --sysroot=/home/jianglei/android-ndk-r17/NDK/arm64/sysroot  conftest.c >&5
configure:3873: $? = 0
configure:3882: result: yes
configure:3891: checking whether aarch64-linux-android-gcc accepts -g
configure:3911: aarch64-linux-android-gcc -c -g  conftest.c >&5
configure:3911: $? = 0
configure:3952: result: yes
configure:3969: checking for aarch64-linux-android-gcc option to accept ISO C89
configure:4032: aarch64-linux-android-gcc  -c --sysroot=/home/jianglei/android-ndk-r17/NDK/arm64/sysroot  conftest.c >&5
configure:4032: $? = 0
configure:4045: result: none needed
configure:4070: checking whether aarch64-linux-android-gcc understands -c and -o together
configure:4092: aarch64-linux-android-gcc -c conftest.c -o conftest2.o
configure:4095: $? = 0
configure:4092: aarch64-linux-android-gcc -c conftest.c -o conftest2.o
configure:4095: $? = 0
configure:4107: result: yes
configure:4127: checking whether make supports the include directive
configure:4142: make -f confmf.GNU && cat confinc.out
this is the am__doit target
configure:4145: $? = 0
configure:4164: result: yes (GNU style)
configure:4189: checking dependency style of aarch64-linux-android-gcc
configure:4300: result: gcc3
configure:4427: checking for C++ compiler version
configure:4436: aarch64-linux-android-c++ --version >&5
Traceback (most recent call last):
  File "/home/jianglei/android-ndk-r17/NDK/arm64/bin/aarch64-linux-android-c++", line 66, in <module>
    main(sys.argv)
  File "/home/jianglei/android-ndk-r17/NDK/arm64/bin/aarch64-linux-android-c++", line 63, in main
    cw.invoke_compiler()
  File "/home/jianglei/android-ndk-r17/NDK/arm64/bin/aarch64-linux-android-c++", line 58, in invoke_compiler
    os.execv(self.argv0, self.execargs)
OSError: [Errno 2] No such file or directory
configure:4447: $? = 1
configure:4436: aarch64-linux-android-c++ -v >&5
Traceback (most recent call last):
  File "/home/jianglei/android-ndk-r17/NDK/arm64/bin/aarch64-linux-android-c++", line 66, in <module>
    main(sys.argv)
  File "/home/jianglei/android-ndk-r17/NDK/arm64/bin/aarch64-linux-android-c++", line 63, in main
    cw.invoke_compiler()
  File "/home/jianglei/android-ndk-r17/NDK/arm64/bin/aarch64-linux-android-c++", line 58, in invoke_compiler
    os.execv(self.argv0, self.execargs)
OSError: [Errno 2] No such file or directory
configure:4447: $? = 1
configure:4436: aarch64-linux-android-c++ -V >&5
Traceback (most recent call last):
  File "/home/jianglei/android-ndk-r17/NDK/arm64/bin/aarch64-linux-android-c++", line 66, in <module>
    main(sys.argv)
  File "/home/jianglei/android-ndk-r17/NDK/arm64/bin/aarch64-linux-android-c++", line 63, in main
    cw.invoke_compiler()
  File "/home/jianglei/android-ndk-r17/NDK/arm64/bin/aarch64-linux-android-c++", line 58, in invoke_compiler
    os.execv(self.argv0, self.execargs)
OSError: [Errno 2] No such file or directory
configure:4447: $? = 1
configure:4436: aarch64-linux-android-c++ -qversion >&5
Traceback (most recent call last):
  File "/home/jianglei/android-ndk-r17/NDK/arm64/bin/aarch64-linux-android-c++", line 66, in <module>
    main(sys.argv)
  File "/home/jianglei/android-ndk-r17/NDK/arm64/bin/aarch64-linux-android-c++", line 63, in main
    cw.invoke_compiler()
  File "/home/jianglei/android-ndk-r17/NDK/arm64/bin/aarch64-linux-android-c++", line 58, in invoke_compiler
    os.execv(self.argv0, self.execargs)
OSError: [Errno 2] No such file or directory
configure:4447: $? = 1
configure:4451: checking whether we are using the GNU C++ compiler
configure:4470: aarch64-linux-android-c++ -c   conftest.cpp >&5
Traceback (most recent call last):
  File "/home/jianglei/android-ndk-r17/NDK/arm64/bin/aarch64-linux-android-c++", line 66, in <module>
    main(sys.argv)
  File "/home/jianglei/android-ndk-r17/NDK/arm64/bin/aarch64-linux-android-c++", line 63, in main
    cw.invoke_compiler()
  File "/home/jianglei/android-ndk-r17/NDK/arm64/bin/aarch64-linux-android-c++", line 58, in invoke_compiler
    os.execv(self.argv0, self.execargs)
OSError: [Errno 2] No such file or directory
configure:4470: $? = 1
configure: failed program was:
| /* confdefs.h */
| #define PACKAGE_NAME "libasprintf"
| #define PACKAGE_TARNAME "libasprintf"
| #define PACKAGE_VERSION "1.0"
| #define PACKAGE_STRING "libasprintf 1.0"
| #define PACKAGE_BUGREPORT ""
| #define PACKAGE_URL ""
| #define PACKAGE "libasprintf"
| #define VERSION "1.0"
| /* end confdefs.h.  */
| 
| int
| main ()
| {
| #ifndef __GNUC__
|        choke me
| #endif
| 
|   ;
|   return 0;
| }
configure:4479: result: no
configure:4488: checking whether aarch64-linux-android-c++ accepts -g
configure:4508: aarch64-linux-android-c++ -c -g  conftest.cpp >&5
Traceback (most recent call last):
  File "/home/jianglei/android-ndk-r17/NDK/arm64/bin/aarch64-linux-android-c++", line 66, in <module>
    main(sys.argv)
  File "/home/jianglei/android-ndk-r17/NDK/arm64/bin/aarch64-linux-android-c++", line 63, in main
    cw.invoke_compiler()
  File "/home/jianglei/android-ndk-r17/NDK/arm64/bin/aarch64-linux-android-c++", line 58, in invoke_compiler
    os.execv(self.argv0, self.execargs)
OSError: [Errno 2] No such file or directory
configure:4508: $? = 1
configure: failed program was:
| /* confdefs.h */
| #define PACKAGE_NAME "libasprintf"
| #define PACKAGE_TARNAME "libasprintf"
| #define PACKAGE_VERSION "1.0"
| #define PACKAGE_STRING "libasprintf 1.0"
| #define PACKAGE_BUGREPORT ""
| #define PACKAGE_URL ""
| #define PACKAGE "libasprintf"
| #define VERSION "1.0"
| /* end confdefs.h.  */
| 
| int
| main ()
| {
| 
|   ;
|   return 0;
| }
configure:4523: aarch64-linux-android-c++ -c   conftest.cpp >&5
Traceback (most recent call last):
  File "/home/jianglei/android-ndk-r17/NDK/arm64/bin/aarch64-linux-android-c++", line 66, in <module>
    main(sys.argv)
  File "/home/jianglei/android-ndk-r17/NDK/arm64/bin/aarch64-linux-android-c++", line 63, in main
    cw.invoke_compiler()
  File "/home/jianglei/android-ndk-r17/NDK/arm64/bin/aarch64-linux-android-c++", line 58, in invoke_compiler
    os.execv(self.argv0, self.execargs)
OSError: [Errno 2] No such file or directory
configure:4523: $? = 1
configure: failed program was:
| /* confdefs.h */
| #define PACKAGE_NAME "libasprintf"
| #define PACKAGE_TARNAME "libasprintf"
| #define PACKAGE_VERSION "1.0"
| #define PACKAGE_STRING "libasprintf 1.0"
| #define PACKAGE_BUGREPORT ""
| #define PACKAGE_URL ""
| #define PACKAGE "libasprintf"
| #define VERSION "1.0"
| /* end confdefs.h.  */
| 
| int
| main ()
| {
| 
|   ;
|   return 0;
| }
configure:4539: aarch64-linux-android-c++ -c -g  conftest.cpp >&5
Traceback (most recent call last):
  File "/home/jianglei/android-ndk-r17/NDK/arm64/bin/aarch64-linux-android-c++", line 66, in <module>
    main(sys.argv)
  File "/home/jianglei/android-ndk-r17/NDK/arm64/bin/aarch64-linux-android-c++", line 63, in main
    cw.invoke_compiler()
  File "/home/jianglei/android-ndk-r17/NDK/arm64/bin/aarch64-linux-android-c++", line 58, in invoke_compiler
    os.execv(self.argv0, self.execargs)
OSError: [Errno 2] No such file or directory
configure:4539: $? = 1
configure: failed program was:
| /* confdefs.h */
| #define PACKAGE_NAME "libasprintf"
| #define PACKAGE_TARNAME "libasprintf"
| #define PACKAGE_VERSION "1.0"
| #define PACKAGE_STRING "libasprintf 1.0"
| #define PACKAGE_BUGREPORT ""
| #define PACKAGE_URL ""
| #define PACKAGE "libasprintf"
| #define VERSION "1.0"
| /* end confdefs.h.  */
| 
| int
| main ()
| {
| 
|   ;
|   return 0;
| }
configure:4549: result: no
configure:4574: checking dependency style of aarch64-linux-android-c++
configure:4685: result: none
configure:4706: checking build system type
configure:4720: result: x86_64-pc-linux-gnu
configure:4740: checking host system type
configure:4753: result: arm-unknown-linux-gnu
configure:4783: checking how to run the C preprocessor
configure:4814: aarch64-linux-android-gcc -E  conftest.c
configure:4814: $? = 0
configure:4828: aarch64-linux-android-gcc -E  conftest.c
conftest.c:11:28: fatal error: ac_nonexistent.h: No such file or directory
 #include <ac_nonexistent.h>
                            ^
compilation terminated.
configure:4828: $? = 1
configure: failed program was:
| /* confdefs.h */
| #define PACKAGE_NAME "libasprintf"
| #define PACKAGE_TARNAME "libasprintf"
| #define PACKAGE_VERSION "1.0"
| #define PACKAGE_STRING "libasprintf 1.0"
| #define PACKAGE_BUGREPORT ""
| #define PACKAGE_URL ""
| #define PACKAGE "libasprintf"
| #define VERSION "1.0"
| /* end confdefs.h.  */
| #include <ac_nonexistent.h>
configure:4853: result: aarch64-linux-android-gcc -E
configure:4873: aarch64-linux-android-gcc -E  conftest.c
configure:4873: $? = 0
configure:4887: aarch64-linux-android-gcc -E  conftest.c
conftest.c:11:28: fatal error: ac_nonexistent.h: No such file or directory
 #include <ac_nonexistent.h>
                            ^
compilation terminated.
configure:4887: $? = 1
configure: failed program was:
| /* confdefs.h */
| #define PACKAGE_NAME "libasprintf"
| #define PACKAGE_TARNAME "libasprintf"
| #define PACKAGE_VERSION "1.0"
| #define PACKAGE_STRING "libasprintf 1.0"
| #define PACKAGE_BUGREPORT ""
| #define PACKAGE_URL ""
| #define PACKAGE "libasprintf"
| #define VERSION "1.0"
| /* end confdefs.h.  */
| #include <ac_nonexistent.h>
configure:4916: checking for grep that handles long lines and -e
configure:4974: result: /bin/grep
configure:4979: checking for egrep
configure:5041: result: /bin/grep -E
configure:5049: checking for Minix Amsterdam compiler
configure:5073: result: no
configure:5090: checking for arm-linux-ar
configure:5117: result: aarch64-linux-android-ar
configure:5391: checking how to print strings
configure:5418: result: printf
configure:5439: checking for a sed that does not truncate output
configure:5503: result: /bin/sed
configure:5521: checking for fgrep
configure:5583: result: /bin/grep -F
configure:5618: checking for ld used by aarch64-linux-android-gcc
configure:5685: result: aarch64-linux-android-ld
configure:5692: checking if the linker (aarch64-linux-android-ld) is GNU ld
configure:5707: result: yes
configure:5719: checking for BSD- or MS-compatible name lister (nm)
configure:5773: result: aarch64-linux-android-nm
configure:5903: checking the name lister (aarch64-linux-android-nm) interface
configure:5910: aarch64-linux-android-gcc -c --sysroot=/home/jianglei/android-ndk-r17/NDK/arm64/sysroot  conftest.c >&5
configure:5913: aarch64-linux-android-nm "conftest.o"
configure:5916: output
0000000000000000 B some_variable
configure:5923: result: BSD nm
configure:5926: checking whether ln -s works
configure:5930: result: yes
configure:5938: checking the maximum length of command line arguments
configure:6069: result: 1572864
configure:6117: checking how to convert x86_64-pc-linux-gnu file names to arm-unknown-linux-gnu format
configure:6157: result: func_convert_file_noop
configure:6164: checking how to convert x86_64-pc-linux-gnu file names to toolchain format
configure:6184: result: func_convert_file_noop
configure:6191: checking for aarch64-linux-android-ld option to reload object files
configure:6198: result: -r
configure:6232: checking for arm-linux-objdump
configure:6259: result: aarch64-linux-android-objdump
configure:6328: checking how to recognize dependent libraries
configure:6528: result: pass_all
configure:6573: checking for arm-linux-dlltool
configure:6603: result: no
configure:6613: checking for dlltool
configure:6643: result: no
configure:6670: checking how to associate runtime and link libraries
configure:6697: result: printf %s\n
configure:6713: checking for arm-linux-ar
configure:6740: result: aarch64-linux-android-ar
configure:6821: checking for archiver @FILE support
configure:6838: aarch64-linux-android-gcc -c --sysroot=/home/jianglei/android-ndk-r17/NDK/arm64/sysroot  conftest.c >&5
configure:6838: $? = 0
configure:6841: aarch64-linux-android-ar cru libconftest.a @conftest.lst >&5
configure:6844: $? = 0
configure:6849: aarch64-linux-android-ar cru libconftest.a @conftest.lst >&5
aarch64-linux-android-ar: conftest.o: No such file or directory
configure:6852: $? = 1
configure:6864: result: @
configure:6882: checking for arm-linux-strip
configure:6909: result: aarch64-linux-android-strip
configure:6981: checking for arm-linux-ranlib
configure:7008: result: aarch64-linux-android-ranlib
configure:7150: checking command to parse aarch64-linux-android-nm output from aarch64-linux-android-gcc object
configure:7303: aarch64-linux-android-gcc -c --sysroot=/home/jianglei/android-ndk-r17/NDK/arm64/sysroot  conftest.c >&5
configure:7306: $? = 0
configure:7310: aarch64-linux-android-nm conftest.o \| sed -n -e 's/^.*[ ]\([ABCDGIRSTW][ABCDGIRSTW]*\)[ ][ ]*\([_A-Za-z][_A-Za-z0-9]*\)$/\1 \2 \2/p' | sed '/ __gnu_lto/d' \> conftest.nm
configure:7313: $? = 0
configure:7379: aarch64-linux-android-gcc -o conftest --sysroot=/home/jianglei/android-ndk-r17/NDK/arm64/sysroot   conftest.c conftstm.o >&5
configure:7382: $? = 0
configure:7420: result: ok
configure:7467: checking for sysroot
configure:7497: result: no
configure:7504: checking for a working dd
configure:7542: result: /bin/dd
configure:7546: checking how to truncate binary pipes
configure:7561: result: /bin/dd bs=4096 count=1
configure:7850: checking for arm-linux-mt
configure:7880: result: no
configure:7890: checking for mt
configure:7906: found /bin/mt
configure:7917: result: mt
configure:7929: WARNING: using cross tools not prefixed with host triplet
configure:7940: checking if mt is a manifest tool
configure:7946: mt '-?'
configure:7954: result: no
configure:8626: checking for ANSI C header files
configure:8646: aarch64-linux-android-gcc -c --sysroot=/home/jianglei/android-ndk-r17/NDK/arm64/sysroot  conftest.c >&5
configure:8646: $? = 0
configure:8730: result: yes
configure:8743: checking for sys/types.h
configure:8743: aarch64-linux-android-gcc -c --sysroot=/home/jianglei/android-ndk-r17/NDK/arm64/sysroot  conftest.c >&5
configure:8743: $? = 0
configure:8743: result: yes
configure:8743: checking for sys/stat.h
configure:8743: aarch64-linux-android-gcc -c --sysroot=/home/jianglei/android-ndk-r17/NDK/arm64/sysroot  conftest.c >&5
configure:8743: $? = 0
configure:8743: result: yes
configure:8743: checking for stdlib.h
configure:8743: aarch64-linux-android-gcc -c --sysroot=/home/jianglei/android-ndk-r17/NDK/arm64/sysroot  conftest.c >&5
configure:8743: $? = 0
configure:8743: result: yes
configure:8743: checking for string.h
configure:8743: aarch64-linux-android-gcc -c --sysroot=/home/jianglei/android-ndk-r17/NDK/arm64/sysroot  conftest.c >&5
configure:8743: $? = 0
configure:8743: result: yes
configure:8743: checking for memory.h
configure:8743: aarch64-linux-android-gcc -c --sysroot=/home/jianglei/android-ndk-r17/NDK/arm64/sysroot  conftest.c >&5
configure:8743: $? = 0
configure:8743: result: yes
configure:8743: checking for strings.h
configure:8743: aarch64-linux-android-gcc -c --sysroot=/home/jianglei/android-ndk-r17/NDK/arm64/sysroot  conftest.c >&5
configure:8743: $? = 0
configure:8743: result: yes
configure:8743: checking for inttypes.h
configure:8743: aarch64-linux-android-gcc -c --sysroot=/home/jianglei/android-ndk-r17/NDK/arm64/sysroot  conftest.c >&5
configure:8743: $? = 0
configure:8743: result: yes
configure:8743: checking for stdint.h
configure:8743: aarch64-linux-android-gcc -c --sysroot=/home/jianglei/android-ndk-r17/NDK/arm64/sysroot  conftest.c >&5
configure:8743: $? = 0
configure:8743: result: yes
configure:8743: checking for unistd.h
configure:8743: aarch64-linux-android-gcc -c --sysroot=/home/jianglei/android-ndk-r17/NDK/arm64/sysroot  conftest.c >&5
configure:8743: $? = 0
configure:8743: result: yes
configure:8757: checking for dlfcn.h
configure:8757: aarch64-linux-android-gcc -c --sysroot=/home/jianglei/android-ndk-r17/NDK/arm64/sysroot  conftest.c >&5
configure:8757: $? = 0
configure:8757: result: yes
configure:9322: checking for objdir
configure:9337: result: .libs
configure:9601: checking if aarch64-linux-android-gcc supports -fno-rtti -fno-exceptions
configure:9619: aarch64-linux-android-gcc -c --sysroot=/home/jianglei/android-ndk-r17/NDK/arm64/sysroot  -fno-rtti -fno-exceptions conftest.c >&5
cc1: warning: command line option '-fno-rtti' is valid for C++/ObjC++ but not for C
configure:9623: $? = 0
configure:9636: result: no
configure:9994: checking for aarch64-linux-android-gcc option to produce PIC
configure:10001: result: -fPIC -DPIC
configure:10009: checking if aarch64-linux-android-gcc PIC flag -fPIC -DPIC works
configure:10027: aarch64-linux-android-gcc -c --sysroot=/home/jianglei/android-ndk-r17/NDK/arm64/sysroot  -fPIC -DPIC -DPIC conftest.c >&5
configure:10031: $? = 0
configure:10044: result: yes
configure:10073: checking if aarch64-linux-android-gcc static flag -static works
configure:10101: result: yes
configure:10116: checking if aarch64-linux-android-gcc supports -c -o file.o
configure:10137: aarch64-linux-android-gcc -c --sysroot=/home/jianglei/android-ndk-r17/NDK/arm64/sysroot  -o out/conftest2.o conftest.c >&5
configure:10141: $? = 0
configure:10163: result: yes
configure:10171: checking if aarch64-linux-android-gcc supports -c -o file.o
configure:10218: result: yes
configure:10251: checking whether the aarch64-linux-android-gcc linker (aarch64-linux-android-ld) supports shared libraries
configure:11510: result: yes
configure:11750: checking dynamic linker characteristics
configure:12331: aarch64-linux-android-gcc -o conftest --sysroot=/home/jianglei/android-ndk-r17/NDK/arm64/sysroot   -Wl,-rpath -Wl,/foo conftest.c  >&5
configure:12331: $? = 0
configure:12568: result: GNU/Linux ld.so
configure:12690: checking how to hardcode library paths into programs
configure:12715: result: immediate
configure:13263: checking whether stripping libraries is possible
configure:13268: result: yes
configure:13303: checking if libtool supports shared libraries
configure:13305: result: yes
configure:13308: checking whether to build shared libraries
configure:13333: result: no
configure:13336: checking whether to build static libraries
configure:13340: result: yes
configure:13363: checking how to run the C++ preprocessor
configure:13390: aarch64-linux-android-c++ -E  conftest.cpp
Traceback (most recent call last):
  File "/home/jianglei/android-ndk-r17/NDK/arm64/bin/aarch64-linux-android-c++", line 66, in <module>
    main(sys.argv)
  File "/home/jianglei/android-ndk-r17/NDK/arm64/bin/aarch64-linux-android-c++", line 63, in main
    cw.invoke_compiler()
  File "/home/jianglei/android-ndk-r17/NDK/arm64/bin/aarch64-linux-android-c++", line 58, in invoke_compiler
    os.execv(self.argv0, self.execargs)
OSError: [Errno 2] No such file or directory
configure:13390: $? = 1
configure: failed program was:
| /* confdefs.h */
| #define PACKAGE_NAME "libasprintf"
| #define PACKAGE_TARNAME "libasprintf"
| #define PACKAGE_VERSION "1.0"
| #define PACKAGE_STRING "libasprintf 1.0"
| #define PACKAGE_BUGREPORT ""
| #define PACKAGE_URL ""
| #define PACKAGE "libasprintf"
| #define VERSION "1.0"
| #define STDC_HEADERS 1
| #define HAVE_SYS_TYPES_H 1
| #define HAVE_SYS_STAT_H 1
| #define HAVE_STDLIB_H 1
| #define HAVE_STRING_H 1
| #define HAVE_MEMORY_H 1
| #define HAVE_STRINGS_H 1
| #define HAVE_INTTYPES_H 1
| #define HAVE_STDINT_H 1
| #define HAVE_UNISTD_H 1
| #define HAVE_DLFCN_H 1
| #define LT_OBJDIR ".libs/"
| /* end confdefs.h.  */
| #ifdef __STDC__
| # include <limits.h>
| #else
| # include <assert.h>
| #endif
| 		     Syntax error
configure:13390: aarch64-linux-android-c++ -E  conftest.cpp
Traceback (most recent call last):
  File "/home/jianglei/android-ndk-r17/NDK/arm64/bin/aarch64-linux-android-c++", line 66, in <module>
    main(sys.argv)
  File "/home/jianglei/android-ndk-r17/NDK/arm64/bin/aarch64-linux-android-c++", line 63, in main
    cw.invoke_compiler()
  File "/home/jianglei/android-ndk-r17/NDK/arm64/bin/aarch64-linux-android-c++", line 58, in invoke_compiler
    os.execv(self.argv0, self.execargs)
OSError: [Errno 2] No such file or directory
configure:13390: $? = 1
configure: failed program was:
| /* confdefs.h */
| #define PACKAGE_NAME "libasprintf"
| #define PACKAGE_TARNAME "libasprintf"
| #define PACKAGE_VERSION "1.0"
| #define PACKAGE_STRING "libasprintf 1.0"
| #define PACKAGE_BUGREPORT ""
| #define PACKAGE_URL ""
| #define PACKAGE "libasprintf"
| #define VERSION "1.0"
| #define STDC_HEADERS 1
| #define HAVE_SYS_TYPES_H 1
| #define HAVE_SYS_STAT_H 1
| #define HAVE_STDLIB_H 1
| #define HAVE_STRING_H 1
| #define HAVE_MEMORY_H 1
| #define HAVE_STRINGS_H 1
| #define HAVE_INTTYPES_H 1
| #define HAVE_STDINT_H 1
| #define HAVE_UNISTD_H 1
| #define HAVE_DLFCN_H 1
| #define LT_OBJDIR ".libs/"
| /* end confdefs.h.  */
| #ifdef __STDC__
| # include <limits.h>
| #else
| # include <assert.h>
| #endif
| 		     Syntax error
configure:13390: /lib/cpp  conftest.cpp
configure:13390: $? = 0
configure:13404: /lib/cpp  conftest.cpp
conftest.cpp:23:10: fatal error: ac_nonexistent.h: No such file or directory
 #include <ac_nonexistent.h>
          ^~~~~~~~~~~~~~~~~~
compilation terminated.
configure:13404: $? = 1
configure: failed program was:
| /* confdefs.h */
| #define PACKAGE_NAME "libasprintf"
| #define PACKAGE_TARNAME "libasprintf"
| #define PACKAGE_VERSION "1.0"
| #define PACKAGE_STRING "libasprintf 1.0"
| #define PACKAGE_BUGREPORT ""
| #define PACKAGE_URL ""
| #define PACKAGE "libasprintf"
| #define VERSION "1.0"
| #define STDC_HEADERS 1
| #define HAVE_SYS_TYPES_H 1
| #define HAVE_SYS_STAT_H 1
| #define HAVE_STDLIB_H 1
| #define HAVE_STRING_H 1
| #define HAVE_MEMORY_H 1
| #define HAVE_STRINGS_H 1
| #define HAVE_INTTYPES_H 1
| #define HAVE_STDINT_H 1
| #define HAVE_UNISTD_H 1
| #define HAVE_DLFCN_H 1
| #define LT_OBJDIR ".libs/"
| /* end confdefs.h.  */
| #include <ac_nonexistent.h>
configure:13429: result: /lib/cpp
configure:13449: /lib/cpp  conftest.cpp
configure:13449: $? = 0
configure:13463: /lib/cpp  conftest.cpp
conftest.cpp:23:10: fatal error: ac_nonexistent.h: No such file or directory
 #include <ac_nonexistent.h>
          ^~~~~~~~~~~~~~~~~~
compilation terminated.
configure:13463: $? = 1
configure: failed program was:
| /* confdefs.h */
| #define PACKAGE_NAME "libasprintf"
| #define PACKAGE_TARNAME "libasprintf"
| #define PACKAGE_VERSION "1.0"
| #define PACKAGE_STRING "libasprintf 1.0"
| #define PACKAGE_BUGREPORT ""
| #define PACKAGE_URL ""
| #define PACKAGE "libasprintf"
| #define VERSION "1.0"
| #define STDC_HEADERS 1
| #define HAVE_SYS_TYPES_H 1
| #define HAVE_SYS_STAT_H 1
| #define HAVE_STDLIB_H 1
| #define HAVE_STRING_H 1
| #define HAVE_MEMORY_H 1
| #define HAVE_STRINGS_H 1
| #define HAVE_INTTYPES_H 1
| #define HAVE_STDINT_H 1
| #define HAVE_UNISTD_H 1
| #define HAVE_DLFCN_H 1
| #define LT_OBJDIR ".libs/"
| /* end confdefs.h.  */
| #include <ac_nonexistent.h>
configure:13769: checking whether the aarch64-linux-android-c++ linker (aarch64-linux-android-ld) supports shared libraries
configure:14842: result: yes
configure:14878: aarch64-linux-android-c++ -c   conftest.cpp >&5
Traceback (most recent call last):
  File "/home/jianglei/android-ndk-r17/NDK/arm64/bin/aarch64-linux-android-c++", line 66, in <module>
    main(sys.argv)
  File "/home/jianglei/android-ndk-r17/NDK/arm64/bin/aarch64-linux-android-c++", line 63, in main
    cw.invoke_compiler()
  File "/home/jianglei/android-ndk-r17/NDK/arm64/bin/aarch64-linux-android-c++", line 58, in invoke_compiler
    os.execv(self.argv0, self.execargs)
OSError: [Errno 2] No such file or directory
configure:14881: $? = 1
configure:15362: checking for aarch64-linux-android-c++ option to produce PIC
configure:15369: result:  -DPIC
configure:15377: checking if aarch64-linux-android-c++ PIC flag  -DPIC works
configure:15395: aarch64-linux-android-c++ -c    -DPIC -DPIC conftest.cpp >&5
Traceback (most recent call last):
  File "/home/jianglei/android-ndk-r17/NDK/arm64/bin/aarch64-linux-android-c++", line 66, in <module>
    main(sys.argv)
  File "/home/jianglei/android-ndk-r17/NDK/arm64/bin/aarch64-linux-android-c++", line 63, in main
    cw.invoke_compiler()
  File "/home/jianglei/android-ndk-r17/NDK/arm64/bin/aarch64-linux-android-c++", line 58, in invoke_compiler
    os.execv(self.argv0, self.execargs)
OSError: [Errno 2] No such file or directory
configure:15399: $? = 1
configure:15412: result: no
configure:15435: checking if aarch64-linux-android-c++ static flag  works
configure:15463: result: no
configure:15475: checking if aarch64-linux-android-c++ supports -c -o file.o
configure:15496: aarch64-linux-android-c++ -c   -o out/conftest2.o conftest.cpp >&5
Traceback (most recent call last):
  File "/home/jianglei/android-ndk-r17/NDK/arm64/bin/aarch64-linux-android-c++", line 66, in <module>
    main(sys.argv)
  File "/home/jianglei/android-ndk-r17/NDK/arm64/bin/aarch64-linux-android-c++", line 63, in main
    cw.invoke_compiler()
  File "/home/jianglei/android-ndk-r17/NDK/arm64/bin/aarch64-linux-android-c++", line 58, in invoke_compiler
    os.execv(self.argv0, self.execargs)
OSError: [Errno 2] No such file or directory
configure:15500: $? = 1
configure:15522: result: no
configure:15527: checking if aarch64-linux-android-c++ supports -c -o file.o
configure:15574: result: no
configure:15604: checking whether the aarch64-linux-android-c++ linker (aarch64-linux-android-ld) supports shared libraries
configure:15644: result: yes
configure:15785: checking dynamic linker characteristics
configure:16530: result: GNU/Linux ld.so
configure:16595: checking how to hardcode library paths into programs
configure:16620: result: unsupported
configure:16685: checking for arm-linux-windres
configure:16715: result: no
configure:16725: checking for windres
configure:16755: result: no
configure:16877: checking features.h usability
configure:16877: aarch64-linux-android-gcc -c --sysroot=/home/jianglei/android-ndk-r17/NDK/arm64/sysroot  conftest.c >&5
configure:16877: $? = 0
configure:16877: result: yes
configure:16877: checking features.h presence
configure:16877: aarch64-linux-android-gcc -E  conftest.c
configure:16877: $? = 0
configure:16877: result: yes
configure:16877: checking for features.h
configure:16877: result: yes
configure:16888: checking for inline
configure:16904: aarch64-linux-android-gcc -c --sysroot=/home/jianglei/android-ndk-r17/NDK/arm64/sysroot  conftest.c >&5
configure:16904: $? = 0
configure:16912: result: inline
configure:16930: checking for size_t
configure:16930: aarch64-linux-android-gcc -c --sysroot=/home/jianglei/android-ndk-r17/NDK/arm64/sysroot  conftest.c >&5
configure:16930: $? = 0
configure:16930: aarch64-linux-android-gcc -c --sysroot=/home/jianglei/android-ndk-r17/NDK/arm64/sysroot  conftest.c >&5
conftest.c: In function 'main':
conftest.c:60:21: error: expected expression before ')' token
 if (sizeof ((size_t)))
                     ^
configure:16930: $? = 1
configure: failed program was:
| /* confdefs.h */
| #define PACKAGE_NAME "libasprintf"
| #define PACKAGE_TARNAME "libasprintf"
| #define PACKAGE_VERSION "1.0"
| #define PACKAGE_STRING "libasprintf 1.0"
| #define PACKAGE_BUGREPORT ""
| #define PACKAGE_URL ""
| #define PACKAGE "libasprintf"
| #define VERSION "1.0"
| #define STDC_HEADERS 1
| #define HAVE_SYS_TYPES_H 1
| #define HAVE_SYS_STAT_H 1
| #define HAVE_STDLIB_H 1
| #define HAVE_STRING_H 1
| #define HAVE_MEMORY_H 1
| #define HAVE_STRINGS_H 1
| #define HAVE_INTTYPES_H 1
| #define HAVE_STDINT_H 1
| #define HAVE_UNISTD_H 1
| #define HAVE_DLFCN_H 1
| #define LT_OBJDIR ".libs/"
| #define HAVE_FEATURES_H 1
| /* end confdefs.h.  */
| #include <stdio.h>
| #ifdef HAVE_SYS_TYPES_H
| # include <sys/types.h>
| #endif
| #ifdef HAVE_SYS_STAT_H
| # include <sys/stat.h>
| #endif
| #ifdef STDC_HEADERS
| # include <stdlib.h>
| # include <stddef.h>
| #else
| # ifdef HAVE_STDLIB_H
| #  include <stdlib.h>
| # endif
| #endif
| #ifdef HAVE_STRING_H
| # if !defined STDC_HEADERS && defined HAVE_MEMORY_H
| #  include <memory.h>
| # endif
| # include <string.h>
| #endif
| #ifdef HAVE_STRINGS_H
| # include <strings.h>
| #endif
| #ifdef HAVE_INTTYPES_H
| # include <inttypes.h>
| #endif
| #ifdef HAVE_STDINT_H
| # include <stdint.h>
| #endif
| #ifdef HAVE_UNISTD_H
| # include <unistd.h>
| #endif
| int
| main ()
| {
| if (sizeof ((size_t)))
| 	    return 0;
|   ;
|   return 0;
| }
configure:16930: result: yes
configure:16942: checking for unsigned long long int
configure:16981: aarch64-linux-android-gcc -o conftest --sysroot=/home/jianglei/android-ndk-r17/NDK/arm64/sysroot   conftest.c  >&5
configure:16981: $? = 0
configure:16990: result: yes
configure:17000: checking for long long int
configure:17050: result: yes
configure:17059: checking for wchar_t
configure:17076: aarch64-linux-android-gcc -c --sysroot=/home/jianglei/android-ndk-r17/NDK/arm64/sysroot  conftest.c >&5
configure:17076: $? = 0
configure:17083: result: yes
configure:17092: checking for wint_t
configure:17117: aarch64-linux-android-gcc -c --sysroot=/home/jianglei/android-ndk-r17/NDK/arm64/sysroot  conftest.c >&5
configure:17117: $? = 0
configure:17124: result: yes
configure:17131: checking whether wint_t is too small
configure:17159: aarch64-linux-android-gcc -c --sysroot=/home/jianglei/android-ndk-r17/NDK/arm64/sysroot  conftest.c >&5
configure:17159: $? = 0
configure:17166: result: no
configure:17178: checking for mbstate_t
configure:17195: aarch64-linux-android-gcc -c --sysroot=/home/jianglei/android-ndk-r17/NDK/arm64/sysroot  conftest.c >&5
configure:17195: $? = 0
configure:17202: result: yes
configure:17213: checking for ptrdiff_t
configure:17213: aarch64-linux-android-gcc -c --sysroot=/home/jianglei/android-ndk-r17/NDK/arm64/sysroot  conftest.c >&5
configure:17213: $? = 0
configure:17213: aarch64-linux-android-gcc -c --sysroot=/home/jianglei/android-ndk-r17/NDK/arm64/sysroot  conftest.c >&5
conftest.c: In function 'main':
conftest.c:65:24: error: expected expression before ')' token
 if (sizeof ((ptrdiff_t)))
                        ^
configure:17213: $? = 1
configure: failed program was:
| /* confdefs.h */
| #define PACKAGE_NAME "libasprintf"
| #define PACKAGE_TARNAME "libasprintf"
| #define PACKAGE_VERSION "1.0"
| #define PACKAGE_STRING "libasprintf 1.0"
| #define PACKAGE_BUGREPORT ""
| #define PACKAGE_URL ""
| #define PACKAGE "libasprintf"
| #define VERSION "1.0"
| #define STDC_HEADERS 1
| #define HAVE_SYS_TYPES_H 1
| #define HAVE_SYS_STAT_H 1
| #define HAVE_STDLIB_H 1
| #define HAVE_STRING_H 1
| #define HAVE_MEMORY_H 1
| #define HAVE_STRINGS_H 1
| #define HAVE_INTTYPES_H 1
| #define HAVE_STDINT_H 1
| #define HAVE_UNISTD_H 1
| #define HAVE_DLFCN_H 1
| #define LT_OBJDIR ".libs/"
| #define HAVE_FEATURES_H 1
| #define HAVE_UNSIGNED_LONG_LONG_INT 1
| #define HAVE_LONG_LONG_INT 1
| #define HAVE_WCHAR_T 1
| #define HAVE_WINT_T 1
| #define HAVE_MBSTATE_T 1
| /* end confdefs.h.  */
| #include <stdio.h>
| #ifdef HAVE_SYS_TYPES_H
| # include <sys/types.h>
| #endif
| #ifdef HAVE_SYS_STAT_H
| # include <sys/stat.h>
| #endif
| #ifdef STDC_HEADERS
| # include <stdlib.h>
| # include <stddef.h>
| #else
| # ifdef HAVE_STDLIB_H
| #  include <stdlib.h>
| # endif
| #endif
| #ifdef HAVE_STRING_H
| # if !defined STDC_HEADERS && defined HAVE_MEMORY_H
| #  include <memory.h>
| # endif
| # include <string.h>
| #endif
| #ifdef HAVE_STRINGS_H
| # include <strings.h>
| #endif
| #ifdef HAVE_INTTYPES_H
| # include <inttypes.h>
| #endif
| #ifdef HAVE_STDINT_H
| # include <stdint.h>
| #endif
| #ifdef HAVE_UNISTD_H
| # include <unistd.h>
| #endif
| int
| main ()
| {
| if (sizeof ((ptrdiff_t)))
| 	    return 0;
|   ;
|   return 0;
| }
configure:17213: result: yes
configure:17224: checking for inttypes.h
configure:17243: aarch64-linux-android-gcc -c --sysroot=/home/jianglei/android-ndk-r17/NDK/arm64/sysroot  conftest.c >&5
configure:17243: $? = 0
configure:17250: result: yes
configure:17261: checking for stdint.h
configure:17278: aarch64-linux-android-gcc -c --sysroot=/home/jianglei/android-ndk-r17/NDK/arm64/sysroot  conftest.c >&5
configure:17278: $? = 0
configure:17285: result: yes
configure:17317: checking for stdint.h
configure:17317: result: yes
configure:17327: checking for SIZE_MAX
configure:17398: result: yes
configure:17413: checking for stdint.h
configure:17413: result: yes
configure:17437: checking for working alloca.h
configure:17454: aarch64-linux-android-gcc -o conftest --sysroot=/home/jianglei/android-ndk-r17/NDK/arm64/sysroot   conftest.c  >&5
configure:17454: $? = 0
configure:17462: result: yes
configure:17470: checking for alloca
configure:17507: aarch64-linux-android-gcc -o conftest --sysroot=/home/jianglei/android-ndk-r17/NDK/arm64/sysroot   conftest.c  >&5
configure:17507: $? = 0
configure:17515: result: yes
configure:17631: checking for stdlib.h
configure:17631: result: yes
configure:17631: checking for string.h
configure:17631: result: yes
configure:17648: checking whether the preprocessor supports include_next
configure:17686: aarch64-linux-android-gcc -c --sysroot=/home/jianglei/android-ndk-r17/NDK/arm64/sysroot  -Iconftestd1b -Iconftestd2 conftest.c >&5
configure:17686: $? = 0
configure:17707: result: yes
configure:17728: checking whether system header files limit the line length
configure:17751: result: no
configure:17762: checking for complete errno.h
configure:17835: result: yes
configure:18207: checking for stdint.h
configure:18207: result: yes
configure:18217: checking for SIZE_MAX
configure:18288: result: yes
configure:18303: checking for stdint.h
configure:18303: result: yes
configure:18350: checking for snprintf
configure:18350: aarch64-linux-android-gcc -o conftest --sysroot=/home/jianglei/android-ndk-r17/NDK/arm64/sysroot   conftest.c  >&5
conftest.c:63:6: warning: conflicting types for built-in function 'snprintf'
 char snprintf ();
      ^
configure:18350: $? = 0
configure:18350: result: yes
configure:18350: checking for vasprintf
configure:18350: aarch64-linux-android-gcc -o conftest --sysroot=/home/jianglei/android-ndk-r17/NDK/arm64/sysroot   conftest.c  >&5
configure:18350: $? = 0
configure:18350: result: yes
configure:18350: checking for strnlen
configure:18350: aarch64-linux-android-gcc -o conftest --sysroot=/home/jianglei/android-ndk-r17/NDK/arm64/sysroot   conftest.c  >&5
configure:18350: $? = 0
configure:18350: result: yes
configure:18350: checking for wcslen
configure:18350: aarch64-linux-android-gcc -o conftest --sysroot=/home/jianglei/android-ndk-r17/NDK/arm64/sysroot   conftest.c  >&5
configure:18350: $? = 0
configure:18350: result: yes
configure:18350: checking for wcsnlen
configure:18350: aarch64-linux-android-gcc -o conftest --sysroot=/home/jianglei/android-ndk-r17/NDK/arm64/sysroot   conftest.c  >&5
configure:18350: $? = 0
configure:18350: result: yes
configure:18350: checking for mbrtowc
configure:18350: aarch64-linux-android-gcc -o conftest --sysroot=/home/jianglei/android-ndk-r17/NDK/arm64/sysroot   conftest.c  >&5
configure:18350: $? = 0
configure:18350: result: yes
configure:18350: checking for wcrtomb
configure:18350: aarch64-linux-android-gcc -o conftest --sysroot=/home/jianglei/android-ndk-r17/NDK/arm64/sysroot   conftest.c  >&5
configure:18350: $? = 0
configure:18350: result: yes
configure:18359: checking whether _snprintf is declared
configure:18359: aarch64-linux-android-gcc -c --sysroot=/home/jianglei/android-ndk-r17/NDK/arm64/sysroot  conftest.c >&5
conftest.c: In function 'main':
conftest.c:56:10: error: '_snprintf' undeclared (first use in this function)
   (void) _snprintf;
          ^
conftest.c:56:10: note: each undeclared identifier is reported only once for each function it appears in
configure:18359: $? = 1
configure: failed program was:
| /* confdefs.h */
| #define PACKAGE_NAME "libasprintf"
| #define PACKAGE_TARNAME "libasprintf"
| #define PACKAGE_VERSION "1.0"
| #define PACKAGE_STRING "libasprintf 1.0"
| #define PACKAGE_BUGREPORT ""
| #define PACKAGE_URL ""
| #define PACKAGE "libasprintf"
| #define VERSION "1.0"
| #define STDC_HEADERS 1
| #define HAVE_SYS_TYPES_H 1
| #define HAVE_SYS_STAT_H 1
| #define HAVE_STDLIB_H 1
| #define HAVE_STRING_H 1
| #define HAVE_MEMORY_H 1
| #define HAVE_STRINGS_H 1
| #define HAVE_INTTYPES_H 1
| #define HAVE_STDINT_H 1
| #define HAVE_UNISTD_H 1
| #define HAVE_DLFCN_H 1
| #define LT_OBJDIR ".libs/"
| #define HAVE_FEATURES_H 1
| #define HAVE_UNSIGNED_LONG_LONG_INT 1
| #define HAVE_LONG_LONG_INT 1
| #define HAVE_WCHAR_T 1
| #define HAVE_WINT_T 1
| #define HAVE_MBSTATE_T 1
| #define HAVE_INTTYPES_H_WITH_UINTMAX 1
| #define HAVE_STDINT_H_WITH_UINTMAX 1
| #define HAVE_INTMAX_T 1
| #define HAVE_STDINT_H 1
| #define HAVE_STDINT_H 1
| #define HAVE_ALLOCA_H 1
| #define HAVE_ALLOCA 1
| #define HAVE_STDLIB_H 1
| #define HAVE_STRING_H 1
| #define HAVE_STDINT_H 1
| #define HAVE_STDINT_H 1
| #define HAVE_SNPRINTF 1
| #define HAVE_VASPRINTF 1
| #define HAVE_STRNLEN 1
| #define HAVE_WCSLEN 1
| #define HAVE_WCSNLEN 1
| #define HAVE_MBRTOWC 1
| #define HAVE_WCRTOMB 1
| /* end confdefs.h.  */
| #include <stdio.h>
| 
| int
| main ()
| {
| #ifndef _snprintf
| #ifdef __cplusplus
|   (void) _snprintf;
| #else
|   (void) _snprintf;
| #endif
| #endif
| 
|   ;
|   return 0;
| }
configure:18359: result: no
configure:18373: checking whether printf() supports POSIX/XSI format strings
configure:18425: result: guessing yes
configure:18439: checking for dvips
configure:18470: result: /home/jianglei/svg/gettext-0.20.1/build-aux/missing dvips
configure:18480: checking for texi2pdf
configure:18498: found /usr/bin/texi2pdf
configure:18511: result: /usr/bin/texi2pdf
configure:18521: checking for perl
configure:18539: found /usr/bin/perl
configure:18552: result: /usr/bin/perl
configure:18673: checking that generated files are newer than configure
configure:18679: result: done
configure:18754: creating ./config.status

## ---------------------- ##
## Running config.status. ##
## ---------------------- ##

This file was extended by libasprintf config.status 1.0, which was
generated by GNU Autoconf 2.69.  Invocation command line was

  CONFIG_FILES    = 
  CONFIG_HEADERS  = 
  CONFIG_LINKS    = 
  CONFIG_COMMANDS = 
  $ ./config.status 

on jianglei

config.status:1260: creating Makefile
config.status:1260: creating config.h
config.status:1441: config.h is unchanged
config.status:1489: executing depfiles commands
config.status:1489: executing libtool commands

## ---------------- ##
## Cache variables. ##
## ---------------- ##

ac_cv_build=x86_64-pc-linux-gnu
ac_cv_c_compiler_gnu=yes
ac_cv_c_inline=inline
ac_cv_cxx_compiler_gnu=no
ac_cv_env_CCC_set=
ac_cv_env_CCC_value=
ac_cv_env_CC_set=set
ac_cv_env_CC_value=aarch64-linux-android-gcc
ac_cv_env_CFLAGS_set=set
ac_cv_env_CFLAGS_value=--sysroot=/home/jianglei/android-ndk-r17/NDK/arm64/sysroot
ac_cv_env_CPPFLAGS_set=
ac_cv_env_CPPFLAGS_value=
ac_cv_env_CPP_set=
ac_cv_env_CPP_value=
ac_cv_env_CXXCPP_set=
ac_cv_env_CXXCPP_value=
ac_cv_env_CXXFLAGS_set=
ac_cv_env_CXXFLAGS_value=
ac_cv_env_CXX_set=set
ac_cv_env_CXX_value=aarch64-linux-android-c++
ac_cv_env_LDFLAGS_set=
ac_cv_env_LDFLAGS_value=
ac_cv_env_LIBS_set=
ac_cv_env_LIBS_value=
ac_cv_env_LT_SYS_LIBRARY_PATH_set=
ac_cv_env_LT_SYS_LIBRARY_PATH_value=
ac_cv_env_build_alias_set=
ac_cv_env_build_alias_value=
ac_cv_env_host_alias_set=set
ac_cv_env_host_alias_value=arm-linux
ac_cv_env_target_alias_set=
ac_cv_env_target_alias_value=
ac_cv_func_alloca_works=yes
ac_cv_func_mbrtowc=yes
ac_cv_func_snprintf=yes
ac_cv_func_strnlen=yes
ac_cv_func_vasprintf=yes
ac_cv_func_wcrtomb=yes
ac_cv_func_wcslen=yes
ac_cv_func_wcsnlen=yes
ac_cv_have_decl__snprintf=no
ac_cv_header_dlfcn_h=yes
ac_cv_header_features_h=yes
ac_cv_header_inttypes_h=yes
ac_cv_header_memory_h=yes
ac_cv_header_stdc=yes
ac_cv_header_stdint_h=yes
ac_cv_header_stdlib_h=yes
ac_cv_header_string_h=yes
ac_cv_header_strings_h=yes
ac_cv_header_sys_stat_h=yes
ac_cv_header_sys_types_h=yes
ac_cv_header_unistd_h=yes
ac_cv_host=arm-unknown-linux-gnu
ac_cv_objext=o
ac_cv_path_DVIPS='/home/jianglei/svg/gettext-0.20.1/build-aux/missing dvips'
ac_cv_path_EGREP='/bin/grep -E'
ac_cv_path_FGREP='/bin/grep -F'
ac_cv_path_GREP=/bin/grep
ac_cv_path_PERL=/usr/bin/perl
ac_cv_path_SED=/bin/sed
ac_cv_path_TEXI2PDF=/usr/bin/texi2pdf
ac_cv_path_install='/usr/bin/install -c'
ac_cv_path_lt_DD=/bin/dd
ac_cv_path_mkdir=/bin/mkdir
ac_cv_prog_AR=aarch64-linux-android-ar
ac_cv_prog_AWK=mawk
ac_cv_prog_CC=aarch64-linux-android-gcc
ac_cv_prog_CPP='aarch64-linux-android-gcc -E'
ac_cv_prog_CXXCPP=/lib/cpp
ac_cv_prog_OBJDUMP=aarch64-linux-android-objdump
ac_cv_prog_RANLIB=aarch64-linux-android-ranlib
ac_cv_prog_STRIP=aarch64-linux-android-strip
ac_cv_prog_ac_ct_MANIFEST_TOOL=mt
ac_cv_prog_cc_c89=
ac_cv_prog_cc_g=yes
ac_cv_prog_cxx_g=no
ac_cv_prog_make_make_set=yes
ac_cv_type_long_long_int=yes
ac_cv_type_mbstate_t=yes
ac_cv_type_ptrdiff_t=yes
ac_cv_type_size_t=yes
ac_cv_type_unsigned_long_long_int=yes
ac_cv_working_alloca_h=yes
am_cv_CC_dependencies_compiler_type=gcc3
am_cv_CXX_dependencies_compiler_type=none
am_cv_make_support_nested_variables=yes
am_cv_prog_cc_c_o=yes
gl_cv_c_amsterdam_compiler=no
gl_cv_have_include_next=yes
gl_cv_header_errno_h_complete=yes
gl_cv_header_inttypes_h=yes
gl_cv_header_stdint_h=yes
gl_cv_pragma_columns=no
gl_cv_size_max=yes
gl_cv_type_wint_t_too_small=no
gt_cv_c_wchar_t=yes
gt_cv_c_wint_t=yes
gt_cv_func_printf_posix='guessing yes'
lt_cv_ar_at_file=@
lt_cv_deplibs_check_method=pass_all
lt_cv_file_magic_cmd='$MAGIC_CMD'
lt_cv_file_magic_test_file=
lt_cv_ld_reload_flag=-r
lt_cv_nm_interface='BSD nm'
lt_cv_objdir=.libs
lt_cv_path_LD=aarch64-linux-android-ld
lt_cv_path_LDCXX=
lt_cv_path_NM=aarch64-linux-android-nm
lt_cv_path_mainfest_tool=no
lt_cv_prog_compiler_c_o=yes
lt_cv_prog_compiler_c_o_CXX=no
lt_cv_prog_compiler_c_o_RC=yes
lt_cv_prog_compiler_pic='-fPIC -DPIC'
lt_cv_prog_compiler_pic_CXX=' -DPIC'
lt_cv_prog_compiler_pic_works=yes
lt_cv_prog_compiler_pic_works_CXX=no
lt_cv_prog_compiler_rtti_exceptions=no
lt_cv_prog_compiler_static_works=yes
lt_cv_prog_compiler_static_works_CXX=no
lt_cv_prog_gnu_ld=yes
lt_cv_prog_gnu_ldcxx=
lt_cv_sharedlib_from_linklib_cmd='printf %s\n'
lt_cv_shlibpath_overrides_runpath=no
lt_cv_sys_global_symbol_pipe='sed -n -e '\''s/^.*[	 ]\([ABCDGIRSTW][ABCDGIRSTW]*\)[	 ][	 ]*\([_A-Za-z][_A-Za-z0-9]*\)$/\1 \2 \2/p'\'' | sed '\''/ __gnu_lto/d'\'''
lt_cv_sys_global_symbol_to_c_name_address='sed -n -e '\''s/^: \(.*\) .*$/  {"\1", (void *) 0},/p'\'' -e '\''s/^[ABCDGIRSTW][ABCDGIRSTW]* .* \(.*\)$/  {"\1", (void *) \&\1},/p'\'''
lt_cv_sys_global_symbol_to_c_name_address_lib_prefix='sed -n -e '\''s/^: \(.*\) .*$/  {"\1", (void *) 0},/p'\'' -e '\''s/^[ABCDGIRSTW][ABCDGIRSTW]* .* \(lib.*\)$/  {"\1", (void *) \&\1},/p'\'' -e '\''s/^[ABCDGIRSTW][ABCDGIRSTW]* .* \(.*\)$/  {"lib\1", (void *) \&\1},/p'\'''
lt_cv_sys_global_symbol_to_cdecl='sed -n -e '\''s/^T .* \(.*\)$/extern int \1();/p'\'' -e '\''s/^[ABCDGIRSTW][ABCDGIRSTW]* .* \(.*\)$/extern char \1;/p'\'''
lt_cv_sys_global_symbol_to_import=
lt_cv_sys_max_cmd_len=1572864
lt_cv_to_host_file_cmd=func_convert_file_noop
lt_cv_to_tool_file_cmd=func_convert_file_noop
lt_cv_truncate_bin='/bin/dd bs=4096 count=1'

## ----------------- ##
## Output variables. ##
## ----------------- ##

ACLOCAL='${SHELL} /home/jianglei/svg/gettext-0.20.1/build-aux/missing aclocal-1.16'
ALLOCA=''
ALLOCA_H='alloca.h'
AMDEPBACKSLASH='\'
AMDEP_FALSE='#'
AMDEP_TRUE=''
AMTAR='$${TAR-tar}'
AM_BACKSLASH='\'
AM_DEFAULT_V='$(AM_DEFAULT_VERBOSITY)'
AM_DEFAULT_VERBOSITY='1'
AM_V='$(V)'
AR='aarch64-linux-android-ar'
ARFLAGS='cr'
AS='aarch64-linux-android-as'
AUTOCONF='${SHELL} /home/jianglei/svg/gettext-0.20.1/build-aux/missing autoconf'
AUTOHEADER='${SHELL} /home/jianglei/svg/gettext-0.20.1/build-aux/missing autoheader'
AUTOMAKE='${SHELL} /home/jianglei/svg/gettext-0.20.1/build-aux/missing automake-1.16'
AWK='mawk'
CC='aarch64-linux-android-gcc'
CCDEPMODE='depmode=gcc3'
CFLAGS='--sysroot=/home/jianglei/android-ndk-r17/NDK/arm64/sysroot'
CPP='aarch64-linux-android-gcc -E'
CPPFLAGS=''
CXX='aarch64-linux-android-c++'
CXXCPP='/lib/cpp'
CXXDEPMODE='depmode=none'
CXXFLAGS=''
CYGPATH_W='echo'
DEFS='-DHAVE_CONFIG_H'
DEPDIR='.deps'
DLLTOOL='false'
DSYMUTIL=''
DUMPBIN=''
DVIPS='/home/jianglei/svg/gettext-0.20.1/build-aux/missing dvips'
ECHO_C=''
ECHO_N='-n'
ECHO_T=''
EGREP='/bin/grep -E'
EMULTIHOP_HIDDEN=''
EMULTIHOP_VALUE=''
ENOLINK_HIDDEN=''
ENOLINK_VALUE=''
EOVERFLOW_HIDDEN=''
EOVERFLOW_VALUE=''
ERRNO_H=''
EXEEXT=''
FGREP='/bin/grep -F'
GL_COND_LIBTOOL_FALSE='#'
GL_COND_LIBTOOL_TRUE=''
GL_GENERATE_ALLOCA_H_FALSE='#'
GL_GENERATE_ALLOCA_H_TRUE=''
GL_GENERATE_ERRNO_H_FALSE=''
GL_GENERATE_ERRNO_H_TRUE='#'
GNULIB_OVERRIDES_WINT_T='0'
GREP='/bin/grep'
INCLUDE_NEXT='include_next'
INCLUDE_NEXT_AS_FIRST_DIRECTIVE='include_next'
INSTALL_DATA='${INSTALL} -m 644'
INSTALL_PROGRAM='${INSTALL}'
INSTALL_SCRIPT='${INSTALL}'
INSTALL_STRIP_PROGRAM='$(install_sh) -c -s'
LD='aarch64-linux-android-ld'
LDFLAGS=''
LIBOBJS=''
LIBS=''
LIBTOOL='/bin/bash $(top_builddir)/libtool'
LIPO=''
LN_S='ln -s'
LTALLOCA=''
LTLIBOBJS=''
LTNOUNDEF=''
LT_SYS_LIBRARY_PATH=''
MAKEINFO='${SHELL} /home/jianglei/svg/gettext-0.20.1/build-aux/missing makeinfo'
MANIFEST_TOOL=':'
MKDIR_P='/bin/mkdir -p'
NEXT_AS_FIRST_DIRECTIVE_ERRNO_H=''
NEXT_ERRNO_H=''
NM='aarch64-linux-android-nm'
NMEDIT=''
OBJDUMP='aarch64-linux-android-objdump'
OBJEXT='o'
OTOOL64=''
OTOOL=''
PACKAGE='libasprintf'
PACKAGE_BUGREPORT=''
PACKAGE_NAME='libasprintf'
PACKAGE_STRING='libasprintf 1.0'
PACKAGE_TARNAME='libasprintf'
PACKAGE_URL=''
PACKAGE_VERSION='1.0'
PATH_SEPARATOR=':'
PERL='/usr/bin/perl'
PRAGMA_COLUMNS=''
PRAGMA_SYSTEM_HEADER='#pragma GCC system_header'
RANLIB='aarch64-linux-android-ranlib'
RC=''
SED='/bin/sed'
SET_MAKE=''
SHELL='/bin/bash'
STRIP='aarch64-linux-android-strip'
TEXI2PDF='/usr/bin/texi2pdf'
VERSION='1.0'
WOE32_FALSE=''
WOE32_TRUE='#'
ac_ct_AR=''
ac_ct_CC=''
ac_ct_CXX=''
ac_ct_DUMPBIN=''
am__EXEEXT_FALSE=''
am__EXEEXT_TRUE='#'
am__fastdepCC_FALSE='#'
am__fastdepCC_TRUE=''
am__fastdepCXX_FALSE=''
am__fastdepCXX_TRUE='#'
am__include='include'
am__isrc=''
am__leading_dot='.'
am__nodep='_no'
am__quote=''
am__tar='$${TAR-tar} chof - "$$tardir"'
am__untar='$${TAR-tar} xf -'
bindir='${exec_prefix}/bin'
build='x86_64-pc-linux-gnu'
build_alias=''
build_cpu='x86_64'
build_os='linux-gnu'
build_vendor='pc'
datadir='${datarootdir}'
datarootdir='${prefix}/share'
docdir='${datarootdir}/doc/${PACKAGE_TARNAME}'
dvidir='${docdir}'
exec_prefix='${prefix}'
gl_LIBOBJS=''
gl_LTLIBOBJS=''
gltests_LIBOBJS=''
gltests_LTLIBOBJS=''
gltests_WITNESS='IN_LIBASPRINTF_GNULIB_TESTS'
host='arm-unknown-linux-gnu'
host_alias='arm-linux'
host_cpu='arm'
host_os='linux-gnu'
host_vendor='unknown'
htmldir='${docdir}'
includedir='${prefix}/include'
infodir='${datarootdir}/info'
install_sh='${SHELL} /home/jianglei/svg/gettext-0.20.1/build-aux/install-sh'
libdir='${exec_prefix}/lib'
libexecdir='${exec_prefix}/libexec'
localedir='${datarootdir}/locale'
localstatedir='${prefix}/var'
mandir='${datarootdir}/man'
mkdir_p='$(MKDIR_P)'
oldincludedir='/usr/include'
pdfdir='${docdir}'
prefix='/home/jianglei/svg/build/usr/local'
program_transform_name='s,x,x,'
psdir='${docdir}'
sbindir='${exec_prefix}/sbin'
sharedstatedir='${prefix}/com'
sysconfdir='${prefix}/etc'
target_alias=''

## ----------- ##
## confdefs.h. ##
## ----------- ##

/* confdefs.h */
#define PACKAGE_NAME "libasprintf"
#define PACKAGE_TARNAME "libasprintf"
#define PACKAGE_VERSION "1.0"
#define PACKAGE_STRING "libasprintf 1.0"
#define PACKAGE_BUGREPORT ""
#define PACKAGE_URL ""
#define PACKAGE "libasprintf"
#define VERSION "1.0"
#define STDC_HEADERS 1
#define HAVE_SYS_TYPES_H 1
#define HAVE_SYS_STAT_H 1
#define HAVE_STDLIB_H 1
#define HAVE_STRING_H 1
#define HAVE_MEMORY_H 1
#define HAVE_STRINGS_H 1
#define HAVE_INTTYPES_H 1
#define HAVE_STDINT_H 1
#define HAVE_UNISTD_H 1
#define HAVE_DLFCN_H 1
#define LT_OBJDIR ".libs/"
#define HAVE_FEATURES_H 1
#define HAVE_UNSIGNED_LONG_LONG_INT 1
#define HAVE_LONG_LONG_INT 1
#define HAVE_WCHAR_T 1
#define HAVE_WINT_T 1
#define HAVE_MBSTATE_T 1
#define HAVE_INTTYPES_H_WITH_UINTMAX 1
#define HAVE_STDINT_H_WITH_UINTMAX 1
#define HAVE_INTMAX_T 1
#define HAVE_STDINT_H 1
#define HAVE_STDINT_H 1
#define HAVE_ALLOCA_H 1
#define HAVE_ALLOCA 1
#define HAVE_STDLIB_H 1
#define HAVE_STRING_H 1
#define HAVE_STDINT_H 1
#define HAVE_STDINT_H 1
#define HAVE_SNPRINTF 1
#define HAVE_VASPRINTF 1
#define HAVE_STRNLEN 1
#define HAVE_WCSLEN 1
#define HAVE_WCSNLEN 1
#define HAVE_MBRTOWC 1
#define HAVE_WCRTOMB 1
#define HAVE_DECL__SNPRINTF 0
#define HAVE_POSIX_PRINTF 1

configure: exit 0
