This file contains any messages produced by compilers while
running configure, to aid debugging if configure makes a mistake.

It was created by pango configure 1.39.0, which was
generated by GNU Autoconf 2.69.  Invocation command line was

  $ ./configure --host=aarch64-linux CFLAGS=-D__ANDROID_API__=21 --sysroot=/home/jianglei/android-ndk-r17/NDK/arm64/sysroot --prefix=/home/jianglei/svg/build/usr/local --disable-installed-tests

## --------- ##
## Platform. ##
## --------- ##

hostname = jianglei
uname -m = x86_64
uname -r = 4.15.0-20-generic
uname -s = Linux
uname -v = #21-Ubuntu SMP Tue Apr 24 06:16:15 UTC 2018

/usr/bin/uname -p = unknown
/bin/uname -X     = unknown

/bin/arch              = unknown
/usr/bin/arch -k       = unknown
/usr/convex/getsysinfo = unknown
/usr/bin/hostinfo      = unknown
/bin/machine           = unknown
/usr/bin/oslevel       = unknown
/bin/universe          = unknown

PATH: /home/jianglei/.cargo/bin
PATH: /usr/local/sbin
PATH: /usr/local/bin
PATH: /usr/sbin
PATH: /usr/bin
PATH: /sbin
PATH: /bin
PATH: /usr/games
PATH: /usr/local/games
PATH: /snap/bin
PATH: /home/jianglei/android-ndk-r17/NDK/arm64/bin


## ----------- ##
## Core tests. ##
## ----------- ##

configure:2592: checking for a BSD-compatible install
configure:2660: result: /usr/bin/install -c
configure:2671: checking whether build environment is sane
configure:2726: result: yes
configure:2785: checking for aarch64-linux-strip
configure:2812: result: aarch64-linux-android-strip
configure:2877: checking for a thread-safe mkdir -p
configure:2916: result: /bin/mkdir -p
configure:2923: checking for gawk
configure:2953: result: no
configure:2923: checking for mawk
configure:2939: found /usr/bin/mawk
configure:2950: result: mawk
configure:2961: checking whether make sets $(MAKE)
configure:2983: result: yes
configure:3012: checking whether make supports nested variables
configure:3029: result: yes
configure:3166: checking whether make supports nested variables
configure:3183: result: yes
configure:3243: checking build system type
configure:3257: result: x86_64-pc-linux-gnu
configure:3277: checking host system type
configure:3290: result: aarch64-unknown-linux-gnu
configure:3311: checking for native Win32
configure:3329: result: no
configure:3351: checking for aarch64-linux-gcc
configure:3378: result: aarch64-linux-android-gcc
configure:3647: checking for C compiler version
configure:3656: aarch64-linux-android-gcc --version >&5
aarch64-linux-android-gcc (GCC) 4.9.x 20150123 (prerelease)
Copyright (C) 2014 Free Software Foundation, Inc.
This is free software; see the source for copying conditions.  There is NO
warranty; not even for MERCHANTABILITY or FITNESS FOR A PARTICULAR PURPOSE.

configure:3667: $? = 0
configure:3656: aarch64-linux-android-gcc -v >&5
Using built-in specs.
COLLECT_GCC=aarch64-linux-android-gcc
COLLECT_LTO_WRAPPER=/home/jianglei/android-ndk-r17/NDK/arm64/bin/../libexec/gcc/aarch64-linux-android/4.9.x/lto-wrapper
Target: aarch64-linux-android
Configured with: /buildbot/src/android/gcc/toolchain/build/../gcc/gcc-4.9/configure --prefix=/tmp/d2087558cf57fc8b596d8eebe6b67058 --target=aarch64-linux-android --host=x86_64-linux-gnu --build=x86_64-linux-gnu --with-gnu-as --with-gnu-ld --enable-languages=c,c++ --with-gmp=/buildbot/tmp/build/toolchain/temp-install --with-mpfr=/buildbot/tmp/build/toolchain/temp-install --with-mpc=/buildbot/tmp/build/toolchain/temp-install --with-cloog=/buildbot/tmp/build/toolchain/temp-install --with-isl=/buildbot/tmp/build/toolchain/temp-install --with-ppl=/buildbot/tmp/build/toolchain/temp-install --disable-ppl-version-check --disable-cloog-version-check --disable-isl-version-check --enable-cloog-backend=isl --with-host-libstdcxx='-static-libgcc -Wl,-Bstatic,-lstdc++,-Bdynamic -lm' --disable-libssp --enable-threads --disable-nls --disable-libmudflap --disable-libgomp --disable-libstdc__-v3 --disable-sjlj-exceptions --disable-shared --disable-tls --disable-libitm --enable-bionic-libs --enable-libatomic-ifuncs=no --enable-initfini-array --disable-nls --prefix=/tmp/d2087558cf57fc8b596d8eebe6b67058 --with-sysroot=/tmp/d2087558cf57fc8b596d8eebe6b67058/sysroot --with-binutils-version=2.27 --with-mpfr-version=3.1.1 --with-mpc-version=1.0.1 --with-gmp-version=5.0.5 --with-gcc-version=4.9 --with-gdb-version=none --with-gxx-include-dir=/tmp/d2087558cf57fc8b596d8eebe6b67058/include/c++/4.9.x --with-bugurl=http://source.android.com/source/report-bugs.html --enable-languages=c,c++ --disable-bootstrap --enable-plugins --enable-libgomp --enable-gnu-indirect-function --disable-libsanitizer --enable-gold --enable-ld=default --enable-threads --enable-eh-frame-hdr-for-static --enable-fix-cortex-a53-835769 --enable-graphite=yes --with-isl-version=0.11.1 --with-cloog-version=0.18.0 --program-transform-name='s&^&aarch64-linux-android-&' --enable-gold
Thread model: posix
gcc version 4.9.x 20150123 (prerelease) (GCC) 
configure:3667: $? = 0
configure:3656: aarch64-linux-android-gcc -V >&5
aarch64-linux-android-gcc: error: unrecognized command line option '-V'
aarch64-linux-android-gcc: fatal error: no input files
compilation terminated.
configure:3667: $? = 1
configure:3656: aarch64-linux-android-gcc -qversion >&5
aarch64-linux-android-gcc: error: unrecognized command line option '-qversion'
aarch64-linux-android-gcc: fatal error: no input files
compilation terminated.
configure:3667: $? = 1
configure:3687: checking whether the C compiler works
configure:3709: aarch64-linux-android-gcc -D__ANDROID_API__=21 --sysroot=/home/jianglei/android-ndk-r17/NDK/arm64/sysroot   conftest.c  >&5
configure:3713: $? = 0
configure:3761: result: yes
configure:3764: checking for C compiler default output file name
configure:3766: result: a.out
configure:3772: checking for suffix of executables
configure:3779: aarch64-linux-android-gcc -o conftest -D__ANDROID_API__=21 --sysroot=/home/jianglei/android-ndk-r17/NDK/arm64/sysroot   conftest.c  >&5
configure:3783: $? = 0
configure:3805: result: 
configure:3827: checking whether we are cross compiling
configure:3835: aarch64-linux-android-gcc -o conftest -D__ANDROID_API__=21 --sysroot=/home/jianglei/android-ndk-r17/NDK/arm64/sysroot   conftest.c  >&5
configure:3839: $? = 0
configure:3846: ./conftest
./configure: line 3848: ./conftest: cannot execute binary file: Exec format error
configure:3850: $? = 126
configure:3865: result: yes
configure:3870: checking for suffix of object files
configure:3892: aarch64-linux-android-gcc -c -D__ANDROID_API__=21 --sysroot=/home/jianglei/android-ndk-r17/NDK/arm64/sysroot  conftest.c >&5
configure:3896: $? = 0
configure:3917: result: o
configure:3921: checking whether we are using the GNU C compiler
configure:3940: aarch64-linux-android-gcc -c -D__ANDROID_API__=21 --sysroot=/home/jianglei/android-ndk-r17/NDK/arm64/sysroot  conftest.c >&5
configure:3940: $? = 0
configure:3949: result: yes
configure:3958: checking whether aarch64-linux-android-gcc accepts -g
configure:3978: aarch64-linux-android-gcc -c -g  conftest.c >&5
configure:3978: $? = 0
configure:4019: result: yes
configure:4036: checking for aarch64-linux-android-gcc option to accept ISO C89
configure:4099: aarch64-linux-android-gcc  -c -D__ANDROID_API__=21 --sysroot=/home/jianglei/android-ndk-r17/NDK/arm64/sysroot  conftest.c >&5
configure:4099: $? = 0
configure:4112: result: none needed
configure:4137: checking whether aarch64-linux-android-gcc understands -c and -o together
configure:4159: aarch64-linux-android-gcc -c conftest.c -o conftest2.o
configure:4162: $? = 0
configure:4159: aarch64-linux-android-gcc -c conftest.c -o conftest2.o
configure:4162: $? = 0
configure:4174: result: yes
configure:4202: checking for style of include used by make
configure:4230: result: GNU
configure:4256: checking dependency style of aarch64-linux-android-gcc
configure:4367: result: gcc3
configure:4388: checking for aarch64-linux-c++
configure:4415: result: aarch64-linux-android-clang++
configure:4602: checking for C++ compiler version
configure:4611: aarch64-linux-android-clang++ --version >&5
Android (4691093 based on r316199) clang version 6.0.2 (https://android.googlesource.com/toolchain/clang 183abd29fc496f55536e7d904e0abae47888fc7f) (https://android.googlesource.com/toolchain/llvm 34361f192e41ed6e4e8f9aca80a4ea7e9856f327) (based on LLVM 6.0.2svn)
Target: aarch64-none-linux-android
Thread model: posix
InstalledDir: /home/jianglei/android-ndk-r17/NDK/arm64/bin
configure:4622: $? = 0
configure:4611: aarch64-linux-android-clang++ -v >&5
Android (4691093 based on r316199) clang version 6.0.2 (https://android.googlesource.com/toolchain/clang 183abd29fc496f55536e7d904e0abae47888fc7f) (https://android.googlesource.com/toolchain/llvm 34361f192e41ed6e4e8f9aca80a4ea7e9856f327) (based on LLVM 6.0.2svn)
Target: aarch64-none-linux-android
Thread model: posix
InstalledDir: /home/jianglei/android-ndk-r17/NDK/arm64/bin
Found candidate GCC installation: /home/jianglei/android-ndk-r17/NDK/arm64/bin/../lib/gcc/aarch64-linux-android/4.9.x
Selected GCC installation: /home/jianglei/android-ndk-r17/NDK/arm64/bin/../lib/gcc/aarch64-linux-android/4.9.x
Candidate multilib: .;@m64
Selected multilib: .;@m64
clang60++: warning: argument unused during compilation: '-D __ANDROID_API__=26' [-Wunused-command-line-argument]
configure:4622: $? = 0
configure:4611: aarch64-linux-android-clang++ -V >&5
clang60++: error: argument to '-V' is missing (expected 1 value)
clang60++: error: no input files
configure:4622: $? = 1
configure:4611: aarch64-linux-android-clang++ -qversion >&5
clang60++: error: unknown argument: '-qversion'
clang60++: error: no input files
configure:4622: $? = 1
configure:4626: checking whether we are using the GNU C++ compiler
configure:4645: aarch64-linux-android-clang++ -c   conftest.cpp >&5
configure:4645: $? = 0
configure:4654: result: yes
configure:4663: checking whether aarch64-linux-android-clang++ accepts -g
configure:4683: aarch64-linux-android-clang++ -c -g  conftest.cpp >&5
configure:4683: $? = 0
configure:4724: result: yes
configure:4749: checking dependency style of aarch64-linux-android-clang++
configure:4860: result: gcc3
configure:4887: aarch64-linux-android-clang++ -c -g -O2  conftest.cpp >&5
configure:4887: $? = 0
configure:4915: checking for sysconf
configure:4915: aarch64-linux-android-gcc -o conftest -D__ANDROID_API__=21 --sysroot=/home/jianglei/android-ndk-r17/NDK/arm64/sysroot   conftest.c  >&5
configure:4915: $? = 0
configure:4915: result: yes
configure:4915: checking for getpagesize
configure:4915: aarch64-linux-android-gcc -o conftest -D__ANDROID_API__=21 --sysroot=/home/jianglei/android-ndk-r17/NDK/arm64/sysroot   conftest.c  >&5
configure:4915: $? = 0
configure:4915: result: yes
configure:4929: checking how to run the C preprocessor
configure:4960: aarch64-linux-android-gcc -E  conftest.c
configure:4960: $? = 0
configure:4974: aarch64-linux-android-gcc -E  conftest.c
conftest.c:18:28: fatal error: ac_nonexistent.h: No such file or directory
 #include <ac_nonexistent.h>
                            ^
compilation terminated.
configure:4974: $? = 1
configure: failed program was:
| /* confdefs.h */
| #define PACKAGE_NAME "pango"
| #define PACKAGE_TARNAME "pango"
| #define PACKAGE_VERSION "1.39.0"
| #define PACKAGE_STRING "pango 1.39.0"
| #define PACKAGE_BUGREPORT "http://bugzilla.gnome.org/enter_bug.cgi?product=pango"
| #define PACKAGE_URL ""
| #define PACKAGE "pango"
| #define VERSION "1.39.0"
| #define PANGO_BINARY_AGE 3900
| #define PANGO_INTERFACE_AGE 0
| #define PANGO_VERSION_MAJOR 1
| #define PANGO_VERSION_MINOR 39
| #define PANGO_VERSION_MICRO 0
| #define HAVE_SYSCONF 1
| #define HAVE_GETPAGESIZE 1
| /* end confdefs.h.  */
| #include <ac_nonexistent.h>
configure:4999: result: aarch64-linux-android-gcc -E
configure:5019: aarch64-linux-android-gcc -E  conftest.c
configure:5019: $? = 0
configure:5033: aarch64-linux-android-gcc -E  conftest.c
conftest.c:18:28: fatal error: ac_nonexistent.h: No such file or directory
 #include <ac_nonexistent.h>
                            ^
compilation terminated.
configure:5033: $? = 1
configure: failed program was:
| /* confdefs.h */
| #define PACKAGE_NAME "pango"
| #define PACKAGE_TARNAME "pango"
| #define PACKAGE_VERSION "1.39.0"
| #define PACKAGE_STRING "pango 1.39.0"
| #define PACKAGE_BUGREPORT "http://bugzilla.gnome.org/enter_bug.cgi?product=pango"
| #define PACKAGE_URL ""
| #define PACKAGE "pango"
| #define VERSION "1.39.0"
| #define PANGO_BINARY_AGE 3900
| #define PANGO_INTERFACE_AGE 0
| #define PANGO_VERSION_MAJOR 1
| #define PANGO_VERSION_MINOR 39
| #define PANGO_VERSION_MICRO 0
| #define HAVE_SYSCONF 1
| #define HAVE_GETPAGESIZE 1
| /* end confdefs.h.  */
| #include <ac_nonexistent.h>
configure:5062: checking for grep that handles long lines and -e
configure:5120: result: /bin/grep
configure:5125: checking for egrep
configure:5187: result: /bin/grep -E
configure:5192: checking for ANSI C header files
configure:5212: aarch64-linux-android-gcc -c -D__ANDROID_API__=21 --sysroot=/home/jianglei/android-ndk-r17/NDK/arm64/sysroot  conftest.c >&5
configure:5212: $? = 0
configure:5296: result: yes
configure:5309: checking for sys/types.h
configure:5309: aarch64-linux-android-gcc -c -D__ANDROID_API__=21 --sysroot=/home/jianglei/android-ndk-r17/NDK/arm64/sysroot  conftest.c >&5
configure:5309: $? = 0
configure:5309: result: yes
configure:5309: checking for sys/stat.h
configure:5309: aarch64-linux-android-gcc -c -D__ANDROID_API__=21 --sysroot=/home/jianglei/android-ndk-r17/NDK/arm64/sysroot  conftest.c >&5
configure:5309: $? = 0
configure:5309: result: yes
configure:5309: checking for stdlib.h
configure:5309: aarch64-linux-android-gcc -c -D__ANDROID_API__=21 --sysroot=/home/jianglei/android-ndk-r17/NDK/arm64/sysroot  conftest.c >&5
configure:5309: $? = 0
configure:5309: result: yes
configure:5309: checking for string.h
configure:5309: aarch64-linux-android-gcc -c -D__ANDROID_API__=21 --sysroot=/home/jianglei/android-ndk-r17/NDK/arm64/sysroot  conftest.c >&5
configure:5309: $? = 0
configure:5309: result: yes
configure:5309: checking for memory.h
configure:5309: aarch64-linux-android-gcc -c -D__ANDROID_API__=21 --sysroot=/home/jianglei/android-ndk-r17/NDK/arm64/sysroot  conftest.c >&5
configure:5309: $? = 0
configure:5309: result: yes
configure:5309: checking for strings.h
configure:5309: aarch64-linux-android-gcc -c -D__ANDROID_API__=21 --sysroot=/home/jianglei/android-ndk-r17/NDK/arm64/sysroot  conftest.c >&5
configure:5309: $? = 0
configure:5309: result: yes
configure:5309: checking for inttypes.h
configure:5309: aarch64-linux-android-gcc -c -D__ANDROID_API__=21 --sysroot=/home/jianglei/android-ndk-r17/NDK/arm64/sysroot  conftest.c >&5
configure:5309: $? = 0
configure:5309: result: yes
configure:5309: checking for stdint.h
configure:5309: aarch64-linux-android-gcc -c -D__ANDROID_API__=21 --sysroot=/home/jianglei/android-ndk-r17/NDK/arm64/sysroot  conftest.c >&5
configure:5309: $? = 0
configure:5309: result: yes
configure:5309: checking for unistd.h
configure:5309: aarch64-linux-android-gcc -c -D__ANDROID_API__=21 --sysroot=/home/jianglei/android-ndk-r17/NDK/arm64/sysroot  conftest.c >&5
configure:5309: $? = 0
configure:5309: result: yes
configure:5324: checking for unistd.h
configure:5324: result: yes
configure:5324: checking sys/mman.h usability
configure:5324: aarch64-linux-android-gcc -c -D__ANDROID_API__=21 --sysroot=/home/jianglei/android-ndk-r17/NDK/arm64/sysroot  conftest.c >&5
configure:5324: $? = 0
configure:5324: result: yes
configure:5324: checking sys/mman.h presence
configure:5324: aarch64-linux-android-gcc -E  conftest.c
configure:5324: $? = 0
configure:5324: result: yes
configure:5324: checking for sys/mman.h
configure:5324: result: yes
configure:5721: checking how to print strings
configure:5748: result: printf
configure:5769: checking for a sed that does not truncate output
configure:5833: result: /bin/sed
configure:5851: checking for fgrep
configure:5913: result: /bin/grep -F
configure:5948: checking for ld used by aarch64-linux-android-gcc
configure:6015: result: aarch64-linux-android-ld
configure:6022: checking if the linker (aarch64-linux-android-ld) is GNU ld
configure:6037: result: yes
configure:6049: checking for BSD- or MS-compatible name lister (nm)
configure:6103: result: aarch64-linux-android-nm
configure:6233: checking the name lister (aarch64-linux-android-nm) interface
configure:6240: aarch64-linux-android-gcc -c -D__ANDROID_API__=21 --sysroot=/home/jianglei/android-ndk-r17/NDK/arm64/sysroot  conftest.c >&5
configure:6243: aarch64-linux-android-nm "conftest.o"
configure:6246: output
0000000000000000 B some_variable
configure:6253: result: BSD nm
configure:6256: checking whether ln -s works
configure:6260: result: yes
configure:6268: checking the maximum length of command line arguments
configure:6399: result: 1572864
configure:6447: checking how to convert x86_64-pc-linux-gnu file names to aarch64-unknown-linux-gnu format
configure:6487: result: func_convert_file_noop
configure:6494: checking how to convert x86_64-pc-linux-gnu file names to toolchain format
configure:6514: result: func_convert_file_noop
configure:6521: checking for aarch64-linux-android-ld option to reload object files
configure:6528: result: -r
configure:6562: checking for aarch64-linux-objdump
configure:6589: result: aarch64-linux-android-objdump
configure:6658: checking how to recognize dependent libraries
configure:6858: result: pass_all
configure:6903: checking for aarch64-linux-dlltool
configure:6930: result: dlltool
configure:7000: checking how to associate runtime and link libraries
configure:7027: result: printf %s\n
configure:7043: checking for aarch64-linux-ar
configure:7070: result: aarch64-linux-android-ar
configure:7151: checking for archiver @FILE support
configure:7168: aarch64-linux-android-gcc -c -D__ANDROID_API__=21 --sysroot=/home/jianglei/android-ndk-r17/NDK/arm64/sysroot  conftest.c >&5
configure:7168: $? = 0
configure:7171: aarch64-linux-android-ar cru libconftest.a @conftest.lst >&5
configure:7174: $? = 0
configure:7179: aarch64-linux-android-ar cru libconftest.a @conftest.lst >&5
aarch64-linux-android-ar: conftest.o: No such file or directory
configure:7182: $? = 1
configure:7194: result: @
configure:7212: checking for aarch64-linux-strip
configure:7239: result: aarch64-linux-android-strip
configure:7311: checking for aarch64-linux-ranlib
configure:7338: result: aarch64-linux-android-ranlib
configure:7480: checking command to parse aarch64-linux-android-nm output from aarch64-linux-android-gcc object
configure:7633: aarch64-linux-android-gcc -c -D__ANDROID_API__=21 --sysroot=/home/jianglei/android-ndk-r17/NDK/arm64/sysroot  conftest.c >&5
configure:7636: $? = 0
configure:7640: aarch64-linux-android-nm conftest.o \| sed -n -e 's/^.*[ ]\([ABCDGIRSTW][ABCDGIRSTW]*\)[ ][ ]*\([_A-Za-z][_A-Za-z0-9]*\)$/\1 \2 \2/p' | sed '/ __gnu_lto/d' \> conftest.nm
configure:7643: $? = 0
configure:7709: aarch64-linux-android-gcc -o conftest -D__ANDROID_API__=21 --sysroot=/home/jianglei/android-ndk-r17/NDK/arm64/sysroot   conftest.c conftstm.o >&5
configure:7712: $? = 0
configure:7750: result: ok
configure:7797: checking for sysroot
configure:7827: result: no
configure:7834: checking for a working dd
configure:7872: result: /bin/dd
configure:7876: checking how to truncate binary pipes
configure:7891: result: /bin/dd bs=4096 count=1
configure:8180: checking for aarch64-linux-mt
configure:8210: result: no
configure:8220: checking for mt
configure:8236: found /bin/mt
configure:8247: result: mt
configure:8259: WARNING: using cross tools not prefixed with host triplet
configure:8270: checking if mt is a manifest tool
configure:8276: mt '-?'
configure:8284: result: no
configure:8958: checking for dlfcn.h
configure:8958: aarch64-linux-android-gcc -c -D__ANDROID_API__=21 --sysroot=/home/jianglei/android-ndk-r17/NDK/arm64/sysroot  conftest.c >&5
configure:8958: $? = 0
configure:8958: result: yes
configure:9192: checking for objdir
configure:9207: result: .libs
configure:9467: checking if aarch64-linux-android-gcc supports -fno-rtti -fno-exceptions
configure:9485: aarch64-linux-android-gcc -c -D__ANDROID_API__=21 --sysroot=/home/jianglei/android-ndk-r17/NDK/arm64/sysroot  -fno-rtti -fno-exceptions conftest.c >&5
cc1: warning: command line option '-fno-rtti' is valid for C++/ObjC++ but not for C
configure:9489: $? = 0
configure:9502: result: no
configure:9860: checking for aarch64-linux-android-gcc option to produce PIC
configure:9867: result: -fPIC -DPIC
configure:9875: checking if aarch64-linux-android-gcc PIC flag -fPIC -DPIC works
configure:9893: aarch64-linux-android-gcc -c -D__ANDROID_API__=21 --sysroot=/home/jianglei/android-ndk-r17/NDK/arm64/sysroot  -fPIC -DPIC -DPIC conftest.c >&5
configure:9897: $? = 0
configure:9910: result: yes
configure:9939: checking if aarch64-linux-android-gcc static flag -static works
configure:9967: result: yes
configure:9982: checking if aarch64-linux-android-gcc supports -c -o file.o
configure:10003: aarch64-linux-android-gcc -c -D__ANDROID_API__=21 --sysroot=/home/jianglei/android-ndk-r17/NDK/arm64/sysroot  -o out/conftest2.o conftest.c >&5
configure:10007: $? = 0
configure:10029: result: yes
configure:10037: checking if aarch64-linux-android-gcc supports -c -o file.o
configure:10084: result: yes
configure:10117: checking whether the aarch64-linux-android-gcc linker (aarch64-linux-android-ld) supports shared libraries
configure:11380: result: yes
configure:11417: checking whether -lc should be explicitly linked in
configure:11425: aarch64-linux-android-gcc -c -D__ANDROID_API__=21 --sysroot=/home/jianglei/android-ndk-r17/NDK/arm64/sysroot  conftest.c >&5
configure:11428: $? = 0
configure:11443: aarch64-linux-android-gcc -shared  -fPIC -DPIC conftest.o  -v -Wl,-soname -Wl,conftest -o conftest 2\>\&1 \| /bin/grep  -lc  \>/dev/null 2\>\&1
configure:11446: $? = 0
configure:11460: result: no
configure:11620: checking dynamic linker characteristics
configure:12201: aarch64-linux-android-gcc -o conftest -D__ANDROID_API__=21 --sysroot=/home/jianglei/android-ndk-r17/NDK/arm64/sysroot   -Wl,-rpath -Wl,/foo conftest.c  >&5
configure:12201: $? = 0
configure:12450: result: GNU/Linux ld.so
configure:12572: checking how to hardcode library paths into programs
configure:12597: result: immediate
configure:13145: checking whether stripping libraries is possible
configure:13150: result: yes
configure:13185: checking if libtool supports shared libraries
configure:13187: result: yes
configure:13190: checking whether to build shared libraries
configure:13215: result: yes
configure:13218: checking whether to build static libraries
configure:13222: result: no
configure:13245: checking how to run the C++ preprocessor
configure:13272: aarch64-linux-android-clang++ -E  conftest.cpp
configure:13272: $? = 0
configure:13286: aarch64-linux-android-clang++ -E  conftest.cpp
conftest.cpp:32:10: fatal error: 'ac_nonexistent.h' file not found
#include <ac_nonexistent.h>
         ^~~~~~~~~~~~~~~~~~
1 error generated.
configure:13286: $? = 1
configure: failed program was:
| /* confdefs.h */
| #define PACKAGE_NAME "pango"
| #define PACKAGE_TARNAME "pango"
| #define PACKAGE_VERSION "1.39.0"
| #define PACKAGE_STRING "pango 1.39.0"
| #define PACKAGE_BUGREPORT "http://bugzilla.gnome.org/enter_bug.cgi?product=pango"
| #define PACKAGE_URL ""
| #define PACKAGE "pango"
| #define VERSION "1.39.0"
| #define PANGO_BINARY_AGE 3900
| #define PANGO_INTERFACE_AGE 0
| #define PANGO_VERSION_MAJOR 1
| #define PANGO_VERSION_MINOR 39
| #define PANGO_VERSION_MICRO 0
| #define HAVE_SYSCONF 1
| #define HAVE_GETPAGESIZE 1
| #define STDC_HEADERS 1
| #define HAVE_SYS_TYPES_H 1
| #define HAVE_SYS_STAT_H 1
| #define HAVE_STDLIB_H 1
| #define HAVE_STRING_H 1
| #define HAVE_MEMORY_H 1
| #define HAVE_STRINGS_H 1
| #define HAVE_INTTYPES_H 1
| #define HAVE_STDINT_H 1
| #define HAVE_UNISTD_H 1
| #define HAVE_UNISTD_H 1
| #define HAVE_SYS_MMAN_H 1
| #define HAVE_DLFCN_H 1
| #define LT_OBJDIR ".libs/"
| /* end confdefs.h.  */
| #include <ac_nonexistent.h>
configure:13311: result: aarch64-linux-android-clang++ -E
configure:13331: aarch64-linux-android-clang++ -E  conftest.cpp
configure:13331: $? = 0
configure:13345: aarch64-linux-android-clang++ -E  conftest.cpp
conftest.cpp:32:10: fatal error: 'ac_nonexistent.h' file not found
#include <ac_nonexistent.h>
         ^~~~~~~~~~~~~~~~~~
1 error generated.
configure:13345: $? = 1
configure: failed program was:
| /* confdefs.h */
| #define PACKAGE_NAME "pango"
| #define PACKAGE_TARNAME "pango"
| #define PACKAGE_VERSION "1.39.0"
| #define PACKAGE_STRING "pango 1.39.0"
| #define PACKAGE_BUGREPORT "http://bugzilla.gnome.org/enter_bug.cgi?product=pango"
| #define PACKAGE_URL ""
| #define PACKAGE "pango"
| #define VERSION "1.39.0"
| #define PANGO_BINARY_AGE 3900
| #define PANGO_INTERFACE_AGE 0
| #define PANGO_VERSION_MAJOR 1
| #define PANGO_VERSION_MINOR 39
| #define PANGO_VERSION_MICRO 0
| #define HAVE_SYSCONF 1
| #define HAVE_GETPAGESIZE 1
| #define STDC_HEADERS 1
| #define HAVE_SYS_TYPES_H 1
| #define HAVE_SYS_STAT_H 1
| #define HAVE_STDLIB_H 1
| #define HAVE_STRING_H 1
| #define HAVE_MEMORY_H 1
| #define HAVE_STRINGS_H 1
| #define HAVE_INTTYPES_H 1
| #define HAVE_STDINT_H 1
| #define HAVE_UNISTD_H 1
| #define HAVE_UNISTD_H 1
| #define HAVE_SYS_MMAN_H 1
| #define HAVE_DLFCN_H 1
| #define LT_OBJDIR ".libs/"
| /* end confdefs.h.  */
| #include <ac_nonexistent.h>
configure:13507: checking for ld used by aarch64-linux-android-clang++
configure:13574: result: aarch64-linux-android-ld
configure:13581: checking if the linker (aarch64-linux-android-ld) is GNU ld
configure:13596: result: yes
configure:13651: checking whether the aarch64-linux-android-clang++ linker (aarch64-linux-android-ld) supports shared libraries
configure:14724: result: yes
configure:14760: aarch64-linux-android-clang++ -c -g -O2  conftest.cpp >&5
configure:14763: $? = 0
configure:15244: checking for aarch64-linux-android-clang++ option to produce PIC
configure:15251: result: -fPIC -DPIC
configure:15259: checking if aarch64-linux-android-clang++ PIC flag -fPIC -DPIC works
configure:15277: aarch64-linux-android-clang++ -c -g -O2  -fPIC -DPIC -DPIC conftest.cpp >&5
configure:15281: $? = 0
configure:15294: result: yes
configure:15317: checking if aarch64-linux-android-clang++ static flag -static works
configure:15345: result: yes
configure:15357: checking if aarch64-linux-android-clang++ supports -c -o file.o
configure:15378: aarch64-linux-android-clang++ -c -g -O2  -o out/conftest2.o conftest.cpp >&5
configure:15382: $? = 0
configure:15404: result: yes
configure:15409: checking if aarch64-linux-android-clang++ supports -c -o file.o
configure:15456: result: yes
configure:15486: checking whether the aarch64-linux-android-clang++ linker (aarch64-linux-android-ld) supports shared libraries
configure:15529: result: yes
configure:15670: checking dynamic linker characteristics
configure:16427: result: GNU/Linux ld.so
configure:16492: checking how to hardcode library paths into programs
configure:16517: result: immediate
configure:16579: creating ./config.lt

## ------------------ ##
## Running config.lt. ##
## ------------------ ##
config.lt:684: creating libtool
configure:18135: checking for some Win32 platform
configure:18145: result: no
configure:18363: checking for aarch64-linux-pkg-config
configure:18396: result: no
configure:18406: checking for pkg-config
configure:18424: found /usr/bin/pkg-config
configure:18436: result: /usr/bin/pkg-config
configure:18461: checking pkg-config is at least version 0.9.0
configure:18464: result: yes
configure:18474: checking for HARFBUZZ
configure:18481: $PKG_CONFIG --exists --print-errors "harfbuzz >= 0.9.30"
configure:18484: $? = 0
configure:18498: $PKG_CONFIG --exists --print-errors "harfbuzz >= 0.9.30"
configure:18501: $? = 0
configure:18539: result: yes
configure:18559: checking for FONTCONFIG
configure:18566: $PKG_CONFIG --exists --print-errors "fontconfig >= 2.10.91"
configure:18569: $? = 0
configure:18583: $PKG_CONFIG --exists --print-errors "fontconfig >= 2.10.91"
configure:18586: $? = 0
configure:18624: result: yes
configure:18634: checking for FcWeightFromOpenType
configure:18634: aarch64-linux-android-gcc -o conftest -D__ANDROID_API__=21 --sysroot=/home/jianglei/android-ndk-r17/NDK/arm64/sysroot -Wall   conftest.c  -L/home/jianglei/svg/build/usr/local/lib -lfontconfig -lfreetype >&5
/home/jianglei/android-ndk-r17/NDK/arm64/bin/../lib/gcc/aarch64-linux-android/4.9.x/../../../../aarch64-linux-android/bin/ld: warning: libpng16.so, needed by /home/jianglei/svg/build/usr/local/lib/libfontconfig.so, not found (try using -rpath or -rpath-link)
/home/jianglei/android-ndk-r17/NDK/arm64/bin/../lib/gcc/aarch64-linux-android/4.9.x/../../../../aarch64-linux-android/bin/ld: warning: libexpat.so, needed by /home/jianglei/svg/build/usr/local/lib/libfontconfig.so, not found (try using -rpath or -rpath-link)
/home/jianglei/svg/build/usr/local/lib/libfontconfig.so: undefined reference to `XML_SetCharacterDataHandler'
/home/jianglei/svg/build/usr/local/lib/libfreetype.so: undefined reference to `png_create_info_struct@PNG16_0'
/home/jianglei/svg/build/usr/local/lib/libfreetype.so: undefined reference to `png_set_filler@PNG16_0'
/home/jianglei/svg/build/usr/local/lib/libfreetype.so: undefined reference to `png_get_IHDR@PNG16_0'
/home/jianglei/svg/build/usr/local/lib/libfreetype.so: undefined reference to `png_read_update_info@PNG16_0'
/home/jianglei/svg/build/usr/local/lib/libfreetype.so: undefined reference to `png_set_longjmp_fn@PNG16_0'
/home/jianglei/svg/build/usr/local/lib/libfreetype.so: undefined reference to `png_set_strip_16@PNG16_0'
/home/jianglei/svg/build/usr/local/lib/libfreetype.so: undefined reference to `png_get_valid@PNG16_0'
/home/jianglei/svg/build/usr/local/lib/libfontconfig.so: undefined reference to `XML_GetBuffer'
/home/jianglei/svg/build/usr/local/lib/libfreetype.so: undefined reference to `png_set_tRNS_to_alpha@PNG16_0'
/home/jianglei/svg/build/usr/local/lib/libfreetype.so: undefined reference to `png_read_end@PNG16_0'
/home/jianglei/svg/build/usr/local/lib/libfontconfig.so: undefined reference to `XML_ParserCreate'
/home/jianglei/svg/build/usr/local/lib/libfontconfig.so: undefined reference to `XML_ErrorString'
/home/jianglei/svg/build/usr/local/lib/libfreetype.so: undefined reference to `png_set_read_fn@PNG16_0'
/home/jianglei/svg/build/usr/local/lib/libfreetype.so: undefined reference to `png_destroy_read_struct@PNG16_0'
/home/jianglei/svg/build/usr/local/lib/libfreetype.so: undefined reference to `png_set_read_user_transform_fn@PNG16_0'
/home/jianglei/svg/build/usr/local/lib/libfreetype.so: undefined reference to `png_create_read_struct@PNG16_0'
/home/jianglei/svg/build/usr/local/lib/libfontconfig.so: undefined reference to `XML_SetUserData'
/home/jianglei/svg/build/usr/local/lib/libfreetype.so: undefined reference to `png_set_expand_gray_1_2_4_to_8@PNG16_0'
/home/jianglei/svg/build/usr/local/lib/libfontconfig.so: undefined reference to `XML_GetCurrentLineNumber'
/home/jianglei/svg/build/usr/local/lib/libfreetype.so: undefined reference to `png_set_gray_to_rgb@PNG16_0'
/home/jianglei/svg/build/usr/local/lib/libfreetype.so: undefined reference to `png_read_image@PNG16_0'
/home/jianglei/svg/build/usr/local/lib/libfreetype.so: undefined reference to `png_set_interlace_handling@PNG16_0'
/home/jianglei/svg/build/usr/local/lib/libfreetype.so: undefined reference to `png_read_info@PNG16_0'
/home/jianglei/svg/build/usr/local/lib/libfreetype.so: undefined reference to `png_error@PNG16_0'
/home/jianglei/svg/build/usr/local/lib/libfontconfig.so: undefined reference to `XML_GetErrorCode'
/home/jianglei/svg/build/usr/local/lib/libfreetype.so: undefined reference to `png_set_packing@PNG16_0'
/home/jianglei/svg/build/usr/local/lib/libfontconfig.so: undefined reference to `XML_SetElementHandler'
/home/jianglei/svg/build/usr/local/lib/libfontconfig.so: undefined reference to `XML_ParseBuffer'
/home/jianglei/svg/build/usr/local/lib/libfreetype.so: undefined reference to `png_get_io_ptr@PNG16_0'
/home/jianglei/svg/build/usr/local/lib/libfreetype.so: undefined reference to `png_get_error_ptr@PNG16_0'
/home/jianglei/svg/build/usr/local/lib/libfontconfig.so: undefined reference to `XML_SetDoctypeDeclHandler'
/home/jianglei/svg/build/usr/local/lib/libfontconfig.so: undefined reference to `XML_ParserFree'
/home/jianglei/svg/build/usr/local/lib/libfreetype.so: undefined reference to `png_set_palette_to_rgb@PNG16_0'
collect2: error: ld returned 1 exit status
configure:18634: $? = 1
configure: failed program was:
| /* confdefs.h */
| #define PACKAGE_NAME "pango"
| #define PACKAGE_TARNAME "pango"
| #define PACKAGE_VERSION "1.39.0"
| #define PACKAGE_STRING "pango 1.39.0"
| #define PACKAGE_BUGREPORT "http://bugzilla.gnome.org/enter_bug.cgi?product=pango"
| #define PACKAGE_URL ""
| #define PACKAGE "pango"
| #define VERSION "1.39.0"
| #define PANGO_BINARY_AGE 3900
| #define PANGO_INTERFACE_AGE 0
| #define PANGO_VERSION_MAJOR 1
| #define PANGO_VERSION_MINOR 39
| #define PANGO_VERSION_MICRO 0
| #define HAVE_SYSCONF 1
| #define HAVE_GETPAGESIZE 1
| #define STDC_HEADERS 1
| #define HAVE_SYS_TYPES_H 1
| #define HAVE_SYS_STAT_H 1
| #define HAVE_STDLIB_H 1
| #define HAVE_STRING_H 1
| #define HAVE_MEMORY_H 1
| #define HAVE_STRINGS_H 1
| #define HAVE_INTTYPES_H 1
| #define HAVE_STDINT_H 1
| #define HAVE_UNISTD_H 1
| #define HAVE_UNISTD_H 1
| #define HAVE_SYS_MMAN_H 1
| #define HAVE_DLFCN_H 1
| #define LT_OBJDIR ".libs/"
| /* end confdefs.h.  */
| /* Define FcWeightFromOpenType to an innocuous variant, in case <limits.h> declares FcWeightFromOpenType.
|    For example, HP-UX 11i <limits.h> declares gettimeofday.  */
| #define FcWeightFromOpenType innocuous_FcWeightFromOpenType
| 
| /* System header to define __stub macros and hopefully few prototypes,
|     which can conflict with char FcWeightFromOpenType (); below.
|     Prefer <limits.h> to <assert.h> if __STDC__ is defined, since
|     <limits.h> exists even on freestanding compilers.  */
| 
| #ifdef __STDC__
| # include <limits.h>
| #else
| # include <assert.h>
| #endif
| 
| #undef FcWeightFromOpenType
| 
| /* Override any GCC internal prototype to avoid an error.
|    Use char because int might match the return type of a GCC
|    builtin and then its argument prototype would still apply.  */
| #ifdef __cplusplus
| extern "C"
| #endif
| char FcWeightFromOpenType ();
| /* The GNU C library defines this for functions which it implements
|     to always fail with ENOSYS.  Some functions are actually named
|     something starting with __ and the normal name is an alias.  */
| #if defined __stub_FcWeightFromOpenType || defined __stub___FcWeightFromOpenType
| choke me
| #endif
| 
| int
| main ()
| {
| return FcWeightFromOpenType ();
|   ;
|   return 0;
| }
configure:18634: result: no
configure:18655: checking for FREETYPE
configure:18662: $PKG_CONFIG --exists --print-errors "freetype2"
configure:18665: $? = 0
configure:18679: $PKG_CONFIG --exists --print-errors "freetype2"
configure:18682: $? = 0
configure:18720: result: yes
configure:18754: checking for XFT
configure:18761: $PKG_CONFIG --exists --print-errors "xft >= 2.0.0 xrender"
Package xft was not found in the pkg-config search path.
Perhaps you should add the directory containing `xft.pc'
to the PKG_CONFIG_PATH environment variable
No package 'xft' found
Package xrender was not found in the pkg-config search path.
Perhaps you should add the directory containing `xrender.pc'
to the PKG_CONFIG_PATH environment variable
No package 'xrender' found
configure:18764: $? = 1
configure:18778: $PKG_CONFIG --exists --print-errors "xft >= 2.0.0 xrender"
Package xft was not found in the pkg-config search path.
Perhaps you should add the directory containing `xft.pc'
to the PKG_CONFIG_PATH environment variable
No package 'xft' found
Package xrender was not found in the pkg-config search path.
Perhaps you should add the directory containing `xrender.pc'
to the PKG_CONFIG_PATH environment variable
No package 'xrender' found
configure:18781: $? = 1
configure:18795: result: no
No package 'xft' found
No package 'xrender' found
configure:18899: checking for CoreText availability
configure:18914: aarch64-linux-android-gcc -o conftest -D__ANDROID_API__=21 --sysroot=/home/jianglei/android-ndk-r17/NDK/arm64/sysroot -Wall   conftest.c  -framework ApplicationServices >&5
aarch64-linux-android-gcc: error: ApplicationServices: No such file or directory
aarch64-linux-android-gcc: error: unrecognized command line option '-framework'
configure:18914: $? = 1
configure: failed program was:
| /* confdefs.h */
| #define PACKAGE_NAME "pango"
| #define PACKAGE_TARNAME "pango"
| #define PACKAGE_VERSION "1.39.0"
| #define PACKAGE_STRING "pango 1.39.0"
| #define PACKAGE_BUGREPORT "http://bugzilla.gnome.org/enter_bug.cgi?product=pango"
| #define PACKAGE_URL ""
| #define PACKAGE "pango"
| #define VERSION "1.39.0"
| #define PANGO_BINARY_AGE 3900
| #define PANGO_INTERFACE_AGE 0
| #define PANGO_VERSION_MAJOR 1
| #define PANGO_VERSION_MINOR 39
| #define PANGO_VERSION_MICRO 0
| #define HAVE_SYSCONF 1
| #define HAVE_GETPAGESIZE 1
| #define STDC_HEADERS 1
| #define HAVE_SYS_TYPES_H 1
| #define HAVE_SYS_STAT_H 1
| #define HAVE_STDLIB_H 1
| #define HAVE_STRING_H 1
| #define HAVE_MEMORY_H 1
| #define HAVE_STRINGS_H 1
| #define HAVE_INTTYPES_H 1
| #define HAVE_STDINT_H 1
| #define HAVE_UNISTD_H 1
| #define HAVE_UNISTD_H 1
| #define HAVE_SYS_MMAN_H 1
| #define HAVE_DLFCN_H 1
| #define LT_OBJDIR ".libs/"
| #define HAVE_FREETYPE 1
| /* end confdefs.h.  */
| #include <Carbon/Carbon.h>
| int
| main ()
| {
| CTGetCoreTextVersion ();
|   ;
|   return 0;
| }
configure:18929: result: no
configure:18966: checking for CAIRO
configure:18973: $PKG_CONFIG --exists --print-errors "cairo >= $cairo_required"
configure:18976: $? = 0
configure:18990: $PKG_CONFIG --exists --print-errors "cairo >= $cairo_required"
configure:18993: $? = 0
configure:19031: result: yes
configure:19049: $PKG_CONFIG --exists --print-errors "cairo-ft >= $cairo_required"
configure:19052: $? = 0
configure:19089: $PKG_CONFIG --exists --print-errors "cairo-quartz-font >= $cairo_required"
Package cairo-quartz-font was not found in the pkg-config search path.
Perhaps you should add the directory containing `cairo-quartz-font.pc'
to the PKG_CONFIG_PATH environment variable
No package 'cairo-quartz-font' found
configure:19092: $? = 1
configure:19107: checking which cairo font backends could be used
configure:19110: result: freetype 
configure:19128: $PKG_CONFIG --exists --print-errors "cairo-png >= $cairo_required"
configure:19131: $? = 0
configure:19144: $PKG_CONFIG --exists --print-errors "cairo-ps >= $cairo_required"
configure:19147: $? = 0
configure:19160: $PKG_CONFIG --exists --print-errors "cairo-pdf >= $cairo_required"
configure:19163: $? = 0
configure:19176: $PKG_CONFIG --exists --print-errors "cairo-xlib >= $cairo_required"
Package cairo-xlib was not found in the pkg-config search path.
Perhaps you should add the directory containing `cairo-xlib.pc'
to the PKG_CONFIG_PATH environment variable
No package 'cairo-xlib' found
configure:19179: $? = 1
configure:19287: checking for GLIB
configure:19294: $PKG_CONFIG --exists --print-errors "$GLIB_MODULES"
configure:19297: $? = 0
configure:19311: $PKG_CONFIG --exists --print-errors "$GLIB_MODULES"
configure:19314: $? = 0
configure:19356: result: yes
configure:19372: checking for LIBTHAI
configure:19379: $PKG_CONFIG --exists --print-errors "libthai >= $LIBTHAI_REQUIRED_VERSION"
Package libthai was not found in the pkg-config search path.
Perhaps you should add the directory containing `libthai.pc'
to the PKG_CONFIG_PATH environment variable
No package 'libthai' found
configure:19382: $? = 1
configure:19396: $PKG_CONFIG --exists --print-errors "libthai >= $LIBTHAI_REQUIRED_VERSION"
Package libthai was not found in the pkg-config search path.
Perhaps you should add the directory containing `libthai.pc'
to the PKG_CONFIG_PATH environment variable
No package 'libthai' found
configure:19399: $? = 1
configure:19413: result: no
No package 'libthai' found
configure:19462: checking for gobject-introspection
configure:19493: $PKG_CONFIG --exists --print-errors "gobject-introspection-1.0 >= 0.9.5"
Package gobject-introspection-1.0 was not found in the pkg-config search path.
Perhaps you should add the directory containing `gobject-introspection-1.0.pc'
to the PKG_CONFIG_PATH environment variable
No package 'gobject-introspection-1.0' found
configure:19496: $? = 1
configure:19507: result: no
configure:19553: checking for flockfile
configure:19553: aarch64-linux-android-gcc -o conftest -D__ANDROID_API__=21 --sysroot=/home/jianglei/android-ndk-r17/NDK/arm64/sysroot -Wall   conftest.c  >&5
configure:19553: $? = 0
configure:19553: result: yes
configure:19553: checking for strtok_r
configure:19553: aarch64-linux-android-gcc -o conftest -D__ANDROID_API__=21 --sysroot=/home/jianglei/android-ndk-r17/NDK/arm64/sysroot -Wall   conftest.c  >&5
configure:19553: $? = 0
configure:19553: result: yes
configure:19576: checking for gtk-doc
configure:19579: $PKG_CONFIG --exists --print-errors "$gtk_doc_requires"
Package gtk-doc was not found in the pkg-config search path.
Perhaps you should add the directory containing `gtk-doc.pc'
to the PKG_CONFIG_PATH environment variable
No package 'gtk-doc' found
configure:19582: $? = 1
configure:19588: result: no
configure:19594: WARNING:
  You will not be able to create source packages with 'make dist'
  because gtk-doc >= 1.15 is not found.
configure:19602: checking for gtkdoc-check
configure:19618: found /usr/bin/gtkdoc-check
configure:19629: result: gtkdoc-check.test
configure:19639: checking for gtkdoc-check
configure:19657: found /usr/bin/gtkdoc-check
configure:19669: result: /usr/bin/gtkdoc-check
configure:19681: checking for gtkdoc-rebase
configure:19699: found /usr/bin/gtkdoc-rebase
configure:19711: result: /usr/bin/gtkdoc-rebase
configure:19725: checking for gtkdoc-mkpdf
configure:19743: found /usr/bin/gtkdoc-mkpdf
configure:19755: result: /usr/bin/gtkdoc-mkpdf
configure:19783: checking whether to build gtk-doc documentation
configure:19785: result: no
configure:19798: checking for GTKDOC_DEPS
configure:19805: $PKG_CONFIG --exists --print-errors "glib-2.0 >= 2.10.0 gobject-2.0  >= 2.10.0"
configure:19808: $? = 0
configure:19822: $PKG_CONFIG --exists --print-errors "glib-2.0 >= 2.10.0 gobject-2.0  >= 2.10.0"
configure:19825: $? = 0
configure:19863: result: yes
configure:19986: checking for -Bsymbolic-functions linker flag
configure:20000: aarch64-linux-android-gcc -o conftest -D__ANDROID_API__=21 --sysroot=/home/jianglei/android-ndk-r17/NDK/arm64/sysroot -Wall  -Wl,-Bsymbolic-functions conftest.c  >&5
conftest.c: In function 'main':
conftest.c:44:5: warning: 'main' is normally a non-static function [-Wmain]
 int main (void) { return 0; }
     ^
configure:20000: $? = 0
configure:20001: result: yes
configure:20040: checking for dirent.h that defines DIR
configure:20059: aarch64-linux-android-gcc -c -D__ANDROID_API__=21 --sysroot=/home/jianglei/android-ndk-r17/NDK/arm64/sysroot -Wall  conftest.c >&5
configure:20059: $? = 0
configure:20067: result: yes
configure:20080: checking for library containing opendir
configure:20111: aarch64-linux-android-gcc -o conftest -D__ANDROID_API__=21 --sysroot=/home/jianglei/android-ndk-r17/NDK/arm64/sysroot -Wall   conftest.c  >&5
configure:20111: $? = 0
configure:20128: result: none required
configure:20197: checking for unistd.h
configure:20197: result: yes
configure:20325: checking that generated files are newer than configure
configure:20331: result: done
configure:20466: creating ./config.status

## ---------------------- ##
## Running config.status. ##
## ---------------------- ##

This file was extended by pango config.status 1.39.0, which was
generated by GNU Autoconf 2.69.  Invocation command line was

  CONFIG_FILES    = 
  CONFIG_HEADERS  = 
  CONFIG_LINKS    = 
  CONFIG_COMMANDS = 
  $ ./config.status 

on jianglei

config.status:1319: creating Makefile
config.status:1319: creating pango/Makefile
config.status:1319: creating pango/mini-fribidi/Makefile
config.status:1319: creating pango/pango.rc
config.status:1319: creating pango/pangoft2.rc
config.status:1319: creating pango/pangowin32.rc
config.status:1319: creating pango/pangocairo.rc
config.status:1319: creating pango/pangoxft.rc
config.status:1319: creating pango-view/Makefile
config.status:1319: creating examples/Makefile
config.status:1319: creating docs/Makefile
config.status:1319: creating docs/version.xml
config.status:1319: creating tools/Makefile
config.status:1319: creating tests/Makefile
config.status:1319: creating build/Makefile
config.status:1319: creating build/win32/Makefile
config.status:1319: creating build/win32/vs9/Makefile
config.status:1319: creating build/win32/vs10/Makefile
config.status:1319: creating build/win32/vs11/Makefile
config.status:1319: creating build/win32/vs12/Makefile
config.status:1319: creating build/win32/vs14/Makefile
config.status:1319: creating pango.pc
config.status:1319: creating pangowin32.pc
config.status:1319: creating pangoft2.pc
config.status:1319: creating pangoxft.pc
config.status:1319: creating pangocairo.pc
config.status:1319: creating pango-uninstalled.pc
config.status:1319: creating pangowin32-uninstalled.pc
config.status:1319: creating pangoft2-uninstalled.pc
config.status:1319: creating pangoxft-uninstalled.pc
config.status:1319: creating pangocairo-uninstalled.pc
config.status:1319: creating config.h.win32
config.status:1319: creating config.h
config.status:1500: config.h is unchanged
config.status:1548: executing depfiles commands
config.status:1548: executing libtool commands
config.status:1548: executing pango/pango-features.h commands
config.status:2362: creating pango/pango-features.h
config.status:2382: pango/pango-features.h is unchanged

## ---------------- ##
## Cache variables. ##
## ---------------- ##

ac_cv_build=x86_64-pc-linux-gnu
ac_cv_c_compiler_gnu=yes
ac_cv_cxx_compiler_gnu=yes
ac_cv_env_CAIRO_CFLAGS_set=
ac_cv_env_CAIRO_CFLAGS_value=
ac_cv_env_CAIRO_LIBS_set=
ac_cv_env_CAIRO_LIBS_value=
ac_cv_env_CCC_set=
ac_cv_env_CCC_value=
ac_cv_env_CC_set=set
ac_cv_env_CC_value=aarch64-linux-android-gcc
ac_cv_env_CFLAGS_set=set
ac_cv_env_CFLAGS_value='-D__ANDROID_API__=21 --sysroot=/home/jianglei/android-ndk-r17/NDK/arm64/sysroot'
ac_cv_env_CPPFLAGS_set=
ac_cv_env_CPPFLAGS_value=
ac_cv_env_CPP_set=
ac_cv_env_CPP_value=
ac_cv_env_CXXCPP_set=
ac_cv_env_CXXCPP_value=
ac_cv_env_CXXFLAGS_set=
ac_cv_env_CXXFLAGS_value=
ac_cv_env_CXX_set=set
ac_cv_env_CXX_value=aarch64-linux-android-clang++
ac_cv_env_FONTCONFIG_CFLAGS_set=
ac_cv_env_FONTCONFIG_CFLAGS_value=
ac_cv_env_FONTCONFIG_LIBS_set=
ac_cv_env_FONTCONFIG_LIBS_value=
ac_cv_env_FREETYPE_CFLAGS_set=
ac_cv_env_FREETYPE_CFLAGS_value=
ac_cv_env_FREETYPE_LIBS_set=
ac_cv_env_FREETYPE_LIBS_value=
ac_cv_env_GLIB_CFLAGS_set=
ac_cv_env_GLIB_CFLAGS_value=
ac_cv_env_GLIB_LIBS_set=
ac_cv_env_GLIB_LIBS_value=
ac_cv_env_GTKDOC_DEPS_CFLAGS_set=
ac_cv_env_GTKDOC_DEPS_CFLAGS_value=
ac_cv_env_GTKDOC_DEPS_LIBS_set=
ac_cv_env_GTKDOC_DEPS_LIBS_value=
ac_cv_env_HARFBUZZ_CFLAGS_set=
ac_cv_env_HARFBUZZ_CFLAGS_value=
ac_cv_env_HARFBUZZ_LIBS_set=
ac_cv_env_HARFBUZZ_LIBS_value=
ac_cv_env_LDFLAGS_set=
ac_cv_env_LDFLAGS_value=
ac_cv_env_LIBS_set=
ac_cv_env_LIBS_value=
ac_cv_env_LIBTHAI_CFLAGS_set=
ac_cv_env_LIBTHAI_CFLAGS_value=
ac_cv_env_LIBTHAI_LIBS_set=
ac_cv_env_LIBTHAI_LIBS_value=
ac_cv_env_LT_SYS_LIBRARY_PATH_set=
ac_cv_env_LT_SYS_LIBRARY_PATH_value=
ac_cv_env_PKG_CONFIG_LIBDIR_set=set
ac_cv_env_PKG_CONFIG_LIBDIR_value=/home/jianglei/svg/build/usr/local/lib/pkgconfig
ac_cv_env_PKG_CONFIG_PATH_set=
ac_cv_env_PKG_CONFIG_PATH_value=
ac_cv_env_PKG_CONFIG_set=
ac_cv_env_PKG_CONFIG_value=
ac_cv_env_XFT_CFLAGS_set=
ac_cv_env_XFT_CFLAGS_value=
ac_cv_env_XFT_LIBS_set=
ac_cv_env_XFT_LIBS_value=
ac_cv_env_build_alias_set=
ac_cv_env_build_alias_value=
ac_cv_env_host_alias_set=set
ac_cv_env_host_alias_value=aarch64-linux
ac_cv_env_target_alias_set=
ac_cv_env_target_alias_value=
ac_cv_func_FcWeightFromOpenType=no
ac_cv_func_flockfile=yes
ac_cv_func_getpagesize=yes
ac_cv_func_strtok_r=yes
ac_cv_func_sysconf=yes
ac_cv_header_dirent_dirent_h=yes
ac_cv_header_dlfcn_h=yes
ac_cv_header_inttypes_h=yes
ac_cv_header_memory_h=yes
ac_cv_header_stdc=yes
ac_cv_header_stdint_h=yes
ac_cv_header_stdlib_h=yes
ac_cv_header_string_h=yes
ac_cv_header_strings_h=yes
ac_cv_header_sys_mman_h=yes
ac_cv_header_sys_stat_h=yes
ac_cv_header_sys_types_h=yes
ac_cv_header_unistd_h=yes
ac_cv_host=aarch64-unknown-linux-gnu
ac_cv_objext=o
ac_cv_path_EGREP='/bin/grep -E'
ac_cv_path_FGREP='/bin/grep -F'
ac_cv_path_GREP=/bin/grep
ac_cv_path_GTKDOC_CHECK_PATH=/usr/bin/gtkdoc-check
ac_cv_path_GTKDOC_MKPDF=/usr/bin/gtkdoc-mkpdf
ac_cv_path_GTKDOC_REBASE=/usr/bin/gtkdoc-rebase
ac_cv_path_SED=/bin/sed
ac_cv_path_ac_pt_PKG_CONFIG=/usr/bin/pkg-config
ac_cv_path_install='/usr/bin/install -c'
ac_cv_path_lt_DD=/bin/dd
ac_cv_path_mkdir=/bin/mkdir
ac_cv_prog_AR=aarch64-linux-android-ar
ac_cv_prog_AWK=mawk
ac_cv_prog_CC=aarch64-linux-android-gcc
ac_cv_prog_CPP='aarch64-linux-android-gcc -E'
ac_cv_prog_CXX=aarch64-linux-android-clang++
ac_cv_prog_CXXCPP='aarch64-linux-android-clang++ -E'
ac_cv_prog_DLLTOOL=dlltool
ac_cv_prog_GTKDOC_CHECK=gtkdoc-check.test
ac_cv_prog_OBJDUMP=aarch64-linux-android-objdump
ac_cv_prog_RANLIB=aarch64-linux-android-ranlib
ac_cv_prog_STRIP=aarch64-linux-android-strip
ac_cv_prog_ac_ct_MANIFEST_TOOL=mt
ac_cv_prog_cc_c89=
ac_cv_prog_cc_g=yes
ac_cv_prog_cxx_g=yes
ac_cv_prog_make_make_set=yes
ac_cv_search_opendir='none required'
am_cv_CC_dependencies_compiler_type=gcc3
am_cv_CXX_dependencies_compiler_type=gcc3
am_cv_make_support_nested_variables=yes
am_cv_prog_cc_c_o=yes
lt_cv_ar_at_file=@
lt_cv_archive_cmds_need_lc=no
lt_cv_deplibs_check_method=pass_all
lt_cv_file_magic_cmd='$MAGIC_CMD'
lt_cv_file_magic_test_file=
lt_cv_ld_reload_flag=-r
lt_cv_nm_interface='BSD nm'
lt_cv_objdir=.libs
lt_cv_path_LD=aarch64-linux-android-ld
lt_cv_path_LDCXX=aarch64-linux-android-ld
lt_cv_path_NM=aarch64-linux-android-nm
lt_cv_path_mainfest_tool=no
lt_cv_prog_compiler_c_o=yes
lt_cv_prog_compiler_c_o_CXX=yes
lt_cv_prog_compiler_pic='-fPIC -DPIC'
lt_cv_prog_compiler_pic_CXX='-fPIC -DPIC'
lt_cv_prog_compiler_pic_works=yes
lt_cv_prog_compiler_pic_works_CXX=yes
lt_cv_prog_compiler_rtti_exceptions=no
lt_cv_prog_compiler_static_works=yes
lt_cv_prog_compiler_static_works_CXX=yes
lt_cv_prog_gnu_ld=yes
lt_cv_prog_gnu_ldcxx=yes
lt_cv_sharedlib_from_linklib_cmd='printf %s\n'
lt_cv_shlibpath_overrides_runpath=no
lt_cv_sys_global_symbol_pipe='sed -n -e '\''s/^.*[	 ]\([ABCDGIRSTW][ABCDGIRSTW]*\)[	 ][	 ]*\([_A-Za-z][_A-Za-z0-9]*\)$/\1 \2 \2/p'\'' | sed '\''/ __gnu_lto/d'\'''
lt_cv_sys_global_symbol_to_c_name_address='sed -n -e '\''s/^: \(.*\) .*$/  {"\1", (void *) 0},/p'\'' -e '\''s/^[ABCDGIRSTW][ABCDGIRSTW]* .* \(.*\)$/  {"\1", (void *) \&\1},/p'\'''
lt_cv_sys_global_symbol_to_c_name_address_lib_prefix='sed -n -e '\''s/^: \(.*\) .*$/  {"\1", (void *) 0},/p'\'' -e '\''s/^[ABCDGIRSTW][ABCDGIRSTW]* .* \(lib.*\)$/  {"\1", (void *) \&\1},/p'\'' -e '\''s/^[ABCDGIRSTW][ABCDGIRSTW]* .* \(.*\)$/  {"lib\1", (void *) \&\1},/p'\'''
lt_cv_sys_global_symbol_to_cdecl='sed -n -e '\''s/^T .* \(.*\)$/extern int \1();/p'\'' -e '\''s/^[ABCDGIRSTW][ABCDGIRSTW]* .* \(.*\)$/extern char \1;/p'\'''
lt_cv_sys_global_symbol_to_import=
lt_cv_sys_max_cmd_len=1572864
lt_cv_to_host_file_cmd=func_convert_file_noop
lt_cv_to_tool_file_cmd=func_convert_file_noop
lt_cv_truncate_bin='/bin/dd bs=4096 count=1'
pkg_cv_CAIRO_CFLAGS='-I/home/jianglei/svg/build/usr/local/include/cairo -I/home/jianglei/svg/build/usr/local/include/glib-2.0 -I/home/jianglei/svg/build/usr/local/lib/glib-2.0/include -I/home/jianglei/svg/build/usr/local/include -I/home/jianglei/svg/build/usr/local/include/pixman-1 -I/home/jianglei/svg/build/usr/local/include -I/home/jianglei/svg/build/usr/local/include/freetype2 -I/home/jianglei/svg/build/usr/local/include/libpng16 -I/home/jianglei/svg/build/usr/local/include -I/home/jianglei/svg/build/usr/local/include/freetype2 -I/home/jianglei/svg/build/usr/local/include/libpng16 -I/home/jianglei/svg/build/usr/local/include'
pkg_cv_CAIRO_LIBS='-L/home/jianglei/svg/build/usr/local/lib -lcairo'
pkg_cv_FONTCONFIG_CFLAGS='-I/home/jianglei/svg/build/usr/local/include -I/home/jianglei/svg/build/usr/local/include/freetype2 -I/home/jianglei/svg/build/usr/local/include/libpng16 -I/home/jianglei/svg/build/usr/local/include -I/home/jianglei/svg/build/usr/local/include/freetype2 -I/home/jianglei/svg/build/usr/local/include/libpng16 -I/home/jianglei/svg/build/usr/local/include'
pkg_cv_FONTCONFIG_LIBS='-L/home/jianglei/svg/build/usr/local/lib -lfontconfig -lfreetype'
pkg_cv_FREETYPE_CFLAGS='-I/home/jianglei/svg/build/usr/local/include/freetype2 -I/home/jianglei/svg/build/usr/local/include/libpng16 -I/home/jianglei/svg/build/usr/local/include'
pkg_cv_FREETYPE_LIBS='-L/home/jianglei/svg/build/usr/local/lib -lfreetype'
pkg_cv_GLIB_CFLAGS='-pthread -I/home/jianglei/svg/build/usr/local/include/glib-2.0 -I/home/jianglei/svg/build/usr/local/lib/glib-2.0/include -I/home/jianglei/svg/build/usr/local/include'
pkg_cv_GLIB_LIBS='-L/home/jianglei/svg/build/usr/local/lib -lgobject-2.0 -lgthread-2.0 -pthread -lglib-2.0 -lintl -liconv'
pkg_cv_GTKDOC_DEPS_CFLAGS='-I/home/jianglei/svg/build/usr/local/include/glib-2.0 -I/home/jianglei/svg/build/usr/local/lib/glib-2.0/include -I/home/jianglei/svg/build/usr/local/include'
pkg_cv_GTKDOC_DEPS_LIBS='-L/home/jianglei/svg/build/usr/local/lib -lgobject-2.0 -lglib-2.0 -lintl -liconv'
pkg_cv_HARFBUZZ_CFLAGS='-I/home/jianglei/svg/build/usr/local/include/harfbuzz -I/home/jianglei/svg/build/usr/local/include/glib-2.0 -I/home/jianglei/svg/build/usr/local/lib/glib-2.0/include -I/home/jianglei/svg/build/usr/local/include'
pkg_cv_HARFBUZZ_LIBS='-L/home/jianglei/svg/build/usr/local/lib -lharfbuzz'

## ----------------- ##
## Output variables. ##
## ----------------- ##

ACLOCAL='${SHELL} /home/jianglei/svg/pango-1.39.0/missing aclocal-1.15 '
AMDEPBACKSLASH='\'
AMDEP_FALSE='#'
AMDEP_TRUE=''
AMTAR='$${TAR-tar}'
AM_BACKSLASH='\'
AM_DEFAULT_V='$(AM_DEFAULT_VERBOSITY)'
AM_DEFAULT_VERBOSITY='0'
AM_V='$(V)'
AR='aarch64-linux-android-ar'
AS='aarch64-linux-android-as'
AUTOCONF='${SHELL} /home/jianglei/svg/pango-1.39.0/missing autoconf'
AUTOHEADER='${SHELL} /home/jianglei/svg/pango-1.39.0/missing autoheader'
AUTOMAKE='${SHELL} /home/jianglei/svg/pango-1.39.0/missing automake-1.15'
AWK='mawk'
BUILDOPT_INSTALL_TESTS_FALSE=''
BUILDOPT_INSTALL_TESTS_TRUE='#'
CAIRO_CFLAGS='-I/home/jianglei/svg/build/usr/local/include/cairo -I/home/jianglei/svg/build/usr/local/include/glib-2.0 -I/home/jianglei/svg/build/usr/local/lib/glib-2.0/include -I/home/jianglei/svg/build/usr/local/include -I/home/jianglei/svg/build/usr/local/include/pixman-1 -I/home/jianglei/svg/build/usr/local/include -I/home/jianglei/svg/build/usr/local/include/freetype2 -I/home/jianglei/svg/build/usr/local/include/libpng16 -I/home/jianglei/svg/build/usr/local/include -I/home/jianglei/svg/build/usr/local/include/freetype2 -I/home/jianglei/svg/build/usr/local/include/libpng16 -I/home/jianglei/svg/build/usr/local/include'
CAIRO_LIBS='-L/home/jianglei/svg/build/usr/local/lib -lcairo'
CAIRO_PREFIX='/home/jianglei/svg/build/usr/local'
CC='aarch64-linux-android-gcc'
CCDEPMODE='depmode=gcc3'
CFLAGS='-D__ANDROID_API__=21 --sysroot=/home/jianglei/android-ndk-r17/NDK/arm64/sysroot -Wall'
CPP='aarch64-linux-android-gcc -E'
CPPFLAGS=''
CROSS_COMPILING_FALSE='#'
CROSS_COMPILING_TRUE=''
CXX='aarch64-linux-android-clang++'
CXXCPP='aarch64-linux-android-clang++ -E'
CXXDEPMODE='depmode=gcc3'
CXXFLAGS='-g -O2'
CYGPATH_W='echo'
DEFS='-DHAVE_CONFIG_H'
DEPDIR='.deps'
DLLTOOL='dlltool'
DSYMUTIL=''
DUMPBIN=''
ECHO_C=''
ECHO_N='-n'
ECHO_T=''
EGREP='/bin/grep -E'
ENABLE_DOC_CROSS_REFERENCES_FALSE='#'
ENABLE_DOC_CROSS_REFERENCES_TRUE=''
ENABLE_GTK_DOC_FALSE=''
ENABLE_GTK_DOC_TRUE='#'
EXEEXT=''
FGREP='/bin/grep -F'
FONTCONFIG_CFLAGS='-I/home/jianglei/svg/build/usr/local/include -I/home/jianglei/svg/build/usr/local/include/freetype2 -I/home/jianglei/svg/build/usr/local/include/libpng16 -I/home/jianglei/svg/build/usr/local/include -I/home/jianglei/svg/build/usr/local/include/freetype2 -I/home/jianglei/svg/build/usr/local/include/libpng16 -I/home/jianglei/svg/build/usr/local/include'
FONTCONFIG_LIBS='-L/home/jianglei/svg/build/usr/local/lib -lfontconfig -lfreetype'
FREETYPE_CFLAGS='-I/home/jianglei/svg/build/usr/local/include/freetype2 -I/home/jianglei/svg/build/usr/local/include/libpng16 -I/home/jianglei/svg/build/usr/local/include'
FREETYPE_LIBS='-L/home/jianglei/svg/build/usr/local/lib -lfreetype'
GLIB_CFLAGS='-pthread -I/home/jianglei/svg/build/usr/local/include/glib-2.0 -I/home/jianglei/svg/build/usr/local/lib/glib-2.0/include -I/home/jianglei/svg/build/usr/local/include'
GLIB_LIBS='-L/home/jianglei/svg/build/usr/local/lib -lgobject-2.0 -lgthread-2.0 -pthread -lglib-2.0 -lintl -liconv'
GLIB_MKENUMS='glib-mkenums'
GLIB_PREFIX='/home/jianglei/svg/build/usr/local'
GREP='/bin/grep'
GTKDOC_CHECK='gtkdoc-check.test'
GTKDOC_CHECK_PATH='/usr/bin/gtkdoc-check'
GTKDOC_DEPS_CFLAGS='-I/home/jianglei/svg/build/usr/local/include/glib-2.0 -I/home/jianglei/svg/build/usr/local/lib/glib-2.0/include -I/home/jianglei/svg/build/usr/local/include'
GTKDOC_DEPS_LIBS='-L/home/jianglei/svg/build/usr/local/lib -lgobject-2.0 -lglib-2.0 -lintl -liconv'
GTKDOC_MKPDF='/usr/bin/gtkdoc-mkpdf'
GTKDOC_REBASE='/usr/bin/gtkdoc-rebase'
GTK_DOC_BUILD_HTML_FALSE='#'
GTK_DOC_BUILD_HTML_TRUE=''
GTK_DOC_BUILD_PDF_FALSE=''
GTK_DOC_BUILD_PDF_TRUE='#'
GTK_DOC_USE_LIBTOOL_FALSE='#'
GTK_DOC_USE_LIBTOOL_TRUE=''
GTK_DOC_USE_REBASE_FALSE='#'
GTK_DOC_USE_REBASE_TRUE=''
HARFBUZZ_CFLAGS='-I/home/jianglei/svg/build/usr/local/include/harfbuzz -I/home/jianglei/svg/build/usr/local/include/glib-2.0 -I/home/jianglei/svg/build/usr/local/lib/glib-2.0/include -I/home/jianglei/svg/build/usr/local/include'
HARFBUZZ_LIBS='-L/home/jianglei/svg/build/usr/local/lib -lharfbuzz'
HAVE_CAIRO_FALSE='#'
HAVE_CAIRO_FREETYPE_FALSE='#'
HAVE_CAIRO_FREETYPE_TRUE=''
HAVE_CAIRO_PDF_FALSE='#'
HAVE_CAIRO_PDF_TRUE=''
HAVE_CAIRO_PNG_FALSE='#'
HAVE_CAIRO_PNG_TRUE=''
HAVE_CAIRO_PS_FALSE='#'
HAVE_CAIRO_PS_TRUE=''
HAVE_CAIRO_QUARTZ_FALSE=''
HAVE_CAIRO_QUARTZ_TRUE='#'
HAVE_CAIRO_TRUE=''
HAVE_CAIRO_WIN32_FALSE=''
HAVE_CAIRO_WIN32_TRUE='#'
HAVE_CAIRO_XLIB_FALSE=''
HAVE_CAIRO_XLIB_TRUE='#'
HAVE_CORE_TEXT_FALSE=''
HAVE_CORE_TEXT_TRUE='#'
HAVE_CXX_FALSE='#'
HAVE_CXX_TRUE=''
HAVE_FREETYPE_FALSE='#'
HAVE_FREETYPE_TRUE=''
HAVE_GTK_DOC_FALSE=''
HAVE_GTK_DOC_TRUE='#'
HAVE_HARFBUZZ_FALSE='#'
HAVE_HARFBUZZ_TRUE=''
HAVE_INTROSPECTION_FALSE=''
HAVE_INTROSPECTION_TRUE='#'
HAVE_WIN32_FALSE=''
HAVE_WIN32_TRUE='#'
HAVE_XFT_FALSE=''
HAVE_XFT_TRUE='#'
HTML_DIR='${datadir}/gtk-doc/html'
INSTALL_DATA='${INSTALL} -m 644'
INSTALL_PROGRAM='${INSTALL}'
INSTALL_SCRIPT='${INSTALL}'
INSTALL_STRIP_PROGRAM='$(install_sh) -c -s'
INTROSPECTION_CFLAGS=''
INTROSPECTION_COMPILER=''
INTROSPECTION_GENERATE=''
INTROSPECTION_GIRDIR=''
INTROSPECTION_LIBS=''
INTROSPECTION_MAKEFILE=''
INTROSPECTION_SCANNER=''
INTROSPECTION_TYPELIBDIR=''
LD='aarch64-linux-android-ld'
LDFLAGS=''
LIBOBJS=''
LIBRARY_LIBTOOL_OPTIONS='-version-info 3900:0:3900 -export-symbols-regex "^pango_.*" -Wl,-Bsymbolic-functions'
LIBS=''
LIBTHAI_CFLAGS=''
LIBTHAI_LIBS=''
LIBTOOL='$(SHELL) $(top_builddir)/libtool'
LIB_EXE_MACHINE_FLAG=''
LIPO=''
LN_S='ln -s'
LTLIBOBJS=''
LT_SYS_LIBRARY_PATH=''
MAKEINFO='${SHELL} /home/jianglei/svg/pango-1.39.0/missing makeinfo'
MANIFEST_TOOL=':'
MKDIR_P='/bin/mkdir -p'
MS_LIB_AVAILABLE_FALSE=''
MS_LIB_AVAILABLE_TRUE='#'
NM='aarch64-linux-android-nm'
NMEDIT=''
OBJDUMP='aarch64-linux-android-objdump'
OBJEXT='o'
OS_WIN32_FALSE=''
OS_WIN32_TRUE='#'
OTOOL64=''
OTOOL=''
PACKAGE='pango'
PACKAGE_BUGREPORT='http://bugzilla.gnome.org/enter_bug.cgi?product=pango'
PACKAGE_NAME='pango'
PACKAGE_STRING='pango 1.39.0'
PACKAGE_TARNAME='pango'
PACKAGE_URL=''
PACKAGE_VERSION='1.39.0'
PANGO_API_VERSION='1.0'
PANGO_BINARY_AGE='3900'
PANGO_CURRENT_MINUS_AGE='0'
PANGO_DEBUG_FLAGS='-DPANGO_ENABLE_DEBUG'
PANGO_INTERFACE_AGE='0'
PANGO_VERSION='1.39.0'
PANGO_VERSION_MAJOR='1'
PANGO_VERSION_MICRO='0'
PANGO_VERSION_MINOR='39'
PATH_SEPARATOR=':'
PKGCONFIG_CAIRO_REQUIRES=' pangoft2'
PKG_CONFIG='/usr/bin/pkg-config'
PKG_CONFIG_LIBDIR='/home/jianglei/svg/build/usr/local/lib/pkgconfig'
PKG_CONFIG_PATH=''
PLATFORM_WIN32_FALSE=''
PLATFORM_WIN32_TRUE='#'
RANLIB='aarch64-linux-android-ranlib'
SED='/bin/sed'
SET_MAKE=''
SHELL='/bin/bash'
STRIP='aarch64-linux-android-strip'
VERSION='1.39.0'
WINDRES=''
XFT_CFLAGS=''
XFT_LIBS=''
ac_ct_AR=''
ac_ct_CC=''
ac_ct_CXX=''
ac_ct_DUMPBIN=''
am__EXEEXT_FALSE=''
am__EXEEXT_TRUE='#'
am__fastdepCC_FALSE='#'
am__fastdepCC_TRUE=''
am__fastdepCXX_FALSE='#'
am__fastdepCXX_TRUE=''
am__include='include'
am__isrc=''
am__leading_dot='.'
am__nodep='_no'
am__quote=''
am__tar='$${TAR-tar} chof - "$$tardir"'
am__untar='$${TAR-tar} xf -'
bindir='${exec_prefix}/bin'
build='x86_64-pc-linux-gnu'
build_alias=''
build_cpu='x86_64'
build_os='linux-gnu'
build_vendor='pc'
datadir='${datarootdir}'
datarootdir='${prefix}/share'
docdir='${datarootdir}/doc/${PACKAGE_TARNAME}'
dvidir='${docdir}'
exec_prefix='${prefix}'
host='aarch64-unknown-linux-gnu'
host_alias='aarch64-linux'
host_cpu='aarch64'
host_os='linux-gnu'
host_vendor='unknown'
htmldir='${docdir}'
includedir='${prefix}/include'
infodir='${datarootdir}/info'
install_sh='${SHELL} /home/jianglei/svg/pango-1.39.0/install-sh'
libdir='${exec_prefix}/lib'
libexecdir='${exec_prefix}/libexec'
localedir='${datarootdir}/locale'
localstatedir='${prefix}/var'
mandir='${datarootdir}/man'
mkdir_p='$(MKDIR_P)'
ms_librarian=''
oldincludedir='/usr/include'
pdfdir='${docdir}'
prefix='/home/jianglei/svg/build/usr/local'
program_transform_name='s,x,x,'
psdir='${docdir}'
runstatedir='${localstatedir}/run'
sbindir='${exec_prefix}/sbin'
sharedstatedir='${prefix}/com'
sysconfdir='${prefix}/etc'
target_alias=''

## ----------- ##
## confdefs.h. ##
## ----------- ##

/* confdefs.h */
#define PACKAGE_NAME "pango"
#define PACKAGE_TARNAME "pango"
#define PACKAGE_VERSION "1.39.0"
#define PACKAGE_STRING "pango 1.39.0"
#define PACKAGE_BUGREPORT "http://bugzilla.gnome.org/enter_bug.cgi?product=pango"
#define PACKAGE_URL ""
#define PACKAGE "pango"
#define VERSION "1.39.0"
#define PANGO_BINARY_AGE 3900
#define PANGO_INTERFACE_AGE 0
#define PANGO_VERSION_MAJOR 1
#define PANGO_VERSION_MINOR 39
#define PANGO_VERSION_MICRO 0
#define HAVE_SYSCONF 1
#define HAVE_GETPAGESIZE 1
#define STDC_HEADERS 1
#define HAVE_SYS_TYPES_H 1
#define HAVE_SYS_STAT_H 1
#define HAVE_STDLIB_H 1
#define HAVE_STRING_H 1
#define HAVE_MEMORY_H 1
#define HAVE_STRINGS_H 1
#define HAVE_INTTYPES_H 1
#define HAVE_STDINT_H 1
#define HAVE_UNISTD_H 1
#define HAVE_UNISTD_H 1
#define HAVE_SYS_MMAN_H 1
#define HAVE_DLFCN_H 1
#define LT_OBJDIR ".libs/"
#define HAVE_FREETYPE 1
#define HAVE_CAIRO_FREETYPE 1
#define HAVE_CAIRO 1
#define HAVE_CAIRO_PNG 1
#define HAVE_CAIRO_PS 1
#define HAVE_CAIRO_PDF 1
#define HAVE_FLOCKFILE 1
#define HAVE_STRTOK_R 1
#define HAVE_DIRENT_H 1
#define HAVE_UNISTD_H 1

configure: exit 0
