This file contains any messages produced by compilers while
running configure, to aid debugging if configure makes a mistake.

It was created by libcroco configure 0.6.13, which was
generated by GNU Autoconf 2.69.  Invocation command line was

  $ ./configure --host=aarch64-linux CFLAGS=-D__ANDROID_API__=21 --sysroot=/home/jianglei/android-ndk-r17/NDK/arm64/sysroot --prefix=/home/jianglei/svg/build/usr/local --without-python

## --------- ##
## Platform. ##
## --------- ##

hostname = jianglei
uname -m = x86_64
uname -r = 4.15.0-20-generic
uname -s = Linux
uname -v = #21-Ubuntu SMP Tue Apr 24 06:16:15 UTC 2018

/usr/bin/uname -p = unknown
/bin/uname -X     = unknown

/bin/arch              = unknown
/usr/bin/arch -k       = unknown
/usr/convex/getsysinfo = unknown
/usr/bin/hostinfo      = unknown
/bin/machine           = unknown
/usr/bin/oslevel       = unknown
/bin/universe          = unknown

PATH: /home/jianglei/.cargo/bin
PATH: /usr/local/sbin
PATH: /usr/local/bin
PATH: /usr/sbin
PATH: /usr/bin
PATH: /sbin
PATH: /bin
PATH: /usr/games
PATH: /usr/local/games
PATH: /snap/bin
PATH: /home/jianglei/android-ndk-r17/NDK/arm64/bin


## ----------- ##
## Core tests. ##
## ----------- ##

configure:2236: checking build system type
configure:2250: result: x86_64-pc-linux-gnu
configure:2270: checking host system type
configure:2283: result: aarch64-unknown-linux-gnu
configure:2321: checking for a BSD-compatible install
configure:2389: result: /usr/bin/install -c
configure:2400: checking whether build environment is sane
configure:2455: result: yes
configure:2514: checking for aarch64-linux-strip
configure:2541: result: aarch64-linux-android-strip
configure:2606: checking for a thread-safe mkdir -p
configure:2645: result: /bin/mkdir -p
configure:2652: checking for gawk
configure:2682: result: no
configure:2652: checking for mawk
configure:2668: found /usr/bin/mawk
configure:2679: result: mawk
configure:2690: checking whether make sets $(MAKE)
configure:2712: result: yes
configure:2741: checking whether make supports nested variables
configure:2758: result: yes
configure:2847: checking whether UID '1000' is supported by ustar format
configure:2850: result: yes
configure:2857: checking whether GID '1000' is supported by ustar format
configure:2860: result: yes
configure:2868: checking how to create a ustar tar archive
configure:2879: tar --version
tar (GNU tar) 1.29
Copyright (C) 2015 Free Software Foundation, Inc.
License GPLv3+: GNU GPL version 3 or later <http://gnu.org/licenses/gpl.html>.
This is free software: you are free to change and redistribute it.
There is NO WARRANTY, to the extent permitted by law.

Written by John Gilmore and Jay Fenlason.
configure:2882: $? = 0
configure:2922: tardir=conftest.dir && eval tar --format=ustar -chf - "$tardir" >conftest.tar
configure:2925: $? = 0
configure:2929: tar -xf - <conftest.tar
configure:2932: $? = 0
configure:2934: cat conftest.dir/file
GrepMe
configure:2937: $? = 0
configure:2950: result: gnutar
configure:3008: checking whether to enable maintainer-specific portions of Makefiles
configure:3017: result: yes
configure:3042: checking whether make supports nested variables
configure:3059: result: yes
configure:3101: checking for aarch64-linux-gcc
configure:3128: result: aarch64-linux-android-gcc
configure:3397: checking for C compiler version
configure:3406: aarch64-linux-android-gcc --version >&5
aarch64-linux-android-gcc (GCC) 4.9.x 20150123 (prerelease)
Copyright (C) 2014 Free Software Foundation, Inc.
This is free software; see the source for copying conditions.  There is NO
warranty; not even for MERCHANTABILITY or FITNESS FOR A PARTICULAR PURPOSE.

configure:3417: $? = 0
configure:3406: aarch64-linux-android-gcc -v >&5
Using built-in specs.
COLLECT_GCC=aarch64-linux-android-gcc
COLLECT_LTO_WRAPPER=/home/jianglei/android-ndk-r17/NDK/arm64/bin/../libexec/gcc/aarch64-linux-android/4.9.x/lto-wrapper
Target: aarch64-linux-android
Configured with: /buildbot/src/android/gcc/toolchain/build/../gcc/gcc-4.9/configure --prefix=/tmp/d2087558cf57fc8b596d8eebe6b67058 --target=aarch64-linux-android --host=x86_64-linux-gnu --build=x86_64-linux-gnu --with-gnu-as --with-gnu-ld --enable-languages=c,c++ --with-gmp=/buildbot/tmp/build/toolchain/temp-install --with-mpfr=/buildbot/tmp/build/toolchain/temp-install --with-mpc=/buildbot/tmp/build/toolchain/temp-install --with-cloog=/buildbot/tmp/build/toolchain/temp-install --with-isl=/buildbot/tmp/build/toolchain/temp-install --with-ppl=/buildbot/tmp/build/toolchain/temp-install --disable-ppl-version-check --disable-cloog-version-check --disable-isl-version-check --enable-cloog-backend=isl --with-host-libstdcxx='-static-libgcc -Wl,-Bstatic,-lstdc++,-Bdynamic -lm' --disable-libssp --enable-threads --disable-nls --disable-libmudflap --disable-libgomp --disable-libstdc__-v3 --disable-sjlj-exceptions --disable-shared --disable-tls --disable-libitm --enable-bionic-libs --enable-libatomic-ifuncs=no --enable-initfini-array --disable-nls --prefix=/tmp/d2087558cf57fc8b596d8eebe6b67058 --with-sysroot=/tmp/d2087558cf57fc8b596d8eebe6b67058/sysroot --with-binutils-version=2.27 --with-mpfr-version=3.1.1 --with-mpc-version=1.0.1 --with-gmp-version=5.0.5 --with-gcc-version=4.9 --with-gdb-version=none --with-gxx-include-dir=/tmp/d2087558cf57fc8b596d8eebe6b67058/include/c++/4.9.x --with-bugurl=http://source.android.com/source/report-bugs.html --enable-languages=c,c++ --disable-bootstrap --enable-plugins --enable-libgomp --enable-gnu-indirect-function --disable-libsanitizer --enable-gold --enable-ld=default --enable-threads --enable-eh-frame-hdr-for-static --enable-fix-cortex-a53-835769 --enable-graphite=yes --with-isl-version=0.11.1 --with-cloog-version=0.18.0 --program-transform-name='s&^&aarch64-linux-android-&' --enable-gold
Thread model: posix
gcc version 4.9.x 20150123 (prerelease) (GCC) 
configure:3417: $? = 0
configure:3406: aarch64-linux-android-gcc -V >&5
aarch64-linux-android-gcc: error: unrecognized command line option '-V'
aarch64-linux-android-gcc: fatal error: no input files
compilation terminated.
configure:3417: $? = 1
configure:3406: aarch64-linux-android-gcc -qversion >&5
aarch64-linux-android-gcc: error: unrecognized command line option '-qversion'
aarch64-linux-android-gcc: fatal error: no input files
compilation terminated.
configure:3417: $? = 1
configure:3437: checking whether the C compiler works
configure:3459: aarch64-linux-android-gcc -D__ANDROID_API__=21 --sysroot=/home/jianglei/android-ndk-r17/NDK/arm64/sysroot   conftest.c  >&5
configure:3463: $? = 0
configure:3511: result: yes
configure:3514: checking for C compiler default output file name
configure:3516: result: a.out
configure:3522: checking for suffix of executables
configure:3529: aarch64-linux-android-gcc -o conftest -D__ANDROID_API__=21 --sysroot=/home/jianglei/android-ndk-r17/NDK/arm64/sysroot   conftest.c  >&5
configure:3533: $? = 0
configure:3555: result: 
configure:3577: checking whether we are cross compiling
configure:3585: aarch64-linux-android-gcc -o conftest -D__ANDROID_API__=21 --sysroot=/home/jianglei/android-ndk-r17/NDK/arm64/sysroot   conftest.c  >&5
configure:3589: $? = 0
configure:3596: ./conftest
./configure: line 3598: ./conftest: cannot execute binary file: Exec format error
configure:3600: $? = 126
configure:3615: result: yes
configure:3620: checking for suffix of object files
configure:3642: aarch64-linux-android-gcc -c -D__ANDROID_API__=21 --sysroot=/home/jianglei/android-ndk-r17/NDK/arm64/sysroot  conftest.c >&5
configure:3646: $? = 0
configure:3667: result: o
configure:3671: checking whether we are using the GNU C compiler
configure:3690: aarch64-linux-android-gcc -c -D__ANDROID_API__=21 --sysroot=/home/jianglei/android-ndk-r17/NDK/arm64/sysroot  conftest.c >&5
configure:3690: $? = 0
configure:3699: result: yes
configure:3708: checking whether aarch64-linux-android-gcc accepts -g
configure:3728: aarch64-linux-android-gcc -c -g  conftest.c >&5
configure:3728: $? = 0
configure:3769: result: yes
configure:3786: checking for aarch64-linux-android-gcc option to accept ISO C89
configure:3849: aarch64-linux-android-gcc  -c -D__ANDROID_API__=21 --sysroot=/home/jianglei/android-ndk-r17/NDK/arm64/sysroot  conftest.c >&5
configure:3849: $? = 0
configure:3862: result: none needed
configure:3887: checking whether aarch64-linux-android-gcc understands -c and -o together
configure:3909: aarch64-linux-android-gcc -c conftest.c -o conftest2.o
configure:3912: $? = 0
configure:3909: aarch64-linux-android-gcc -c conftest.c -o conftest2.o
configure:3912: $? = 0
configure:3924: result: yes
configure:3944: checking whether make supports the include directive
configure:3959: make -f confmf.GNU && cat confinc.out
this is the am__doit target
configure:3962: $? = 0
configure:3981: result: yes (GNU style)
configure:4006: checking dependency style of aarch64-linux-android-gcc
configure:4117: result: gcc3
configure:4138: checking how to run the C preprocessor
configure:4169: aarch64-linux-android-gcc -E  conftest.c
configure:4169: $? = 0
configure:4183: aarch64-linux-android-gcc -E  conftest.c
conftest.c:11:28: fatal error: ac_nonexistent.h: No such file or directory
 #include <ac_nonexistent.h>
                            ^
compilation terminated.
configure:4183: $? = 1
configure: failed program was:
| /* confdefs.h */
| #define PACKAGE_NAME "libcroco"
| #define PACKAGE_TARNAME "libcroco"
| #define PACKAGE_VERSION "0.6.13"
| #define PACKAGE_STRING "libcroco 0.6.13"
| #define PACKAGE_BUGREPORT "http://bugzilla.gnome.org/enter_bug.cgi?product=libcroco"
| #define PACKAGE_URL ""
| #define PACKAGE "libcroco"
| #define VERSION "0.6.13"
| /* end confdefs.h.  */
| #include <ac_nonexistent.h>
configure:4208: result: aarch64-linux-android-gcc -E
configure:4228: aarch64-linux-android-gcc -E  conftest.c
configure:4228: $? = 0
configure:4242: aarch64-linux-android-gcc -E  conftest.c
conftest.c:11:28: fatal error: ac_nonexistent.h: No such file or directory
 #include <ac_nonexistent.h>
                            ^
compilation terminated.
configure:4242: $? = 1
configure: failed program was:
| /* confdefs.h */
| #define PACKAGE_NAME "libcroco"
| #define PACKAGE_TARNAME "libcroco"
| #define PACKAGE_VERSION "0.6.13"
| #define PACKAGE_STRING "libcroco 0.6.13"
| #define PACKAGE_BUGREPORT "http://bugzilla.gnome.org/enter_bug.cgi?product=libcroco"
| #define PACKAGE_URL ""
| #define PACKAGE "libcroco"
| #define VERSION "0.6.13"
| /* end confdefs.h.  */
| #include <ac_nonexistent.h>
configure:4270: checking whether make sets $(MAKE)
configure:4292: result: yes
configure:4303: checking for grep that handles long lines and -e
configure:4361: result: /bin/grep
configure:4366: checking for egrep
configure:4428: result: /bin/grep -E
configure:4433: checking for ANSI C header files
configure:4453: aarch64-linux-android-gcc -c -D__ANDROID_API__=21 --sysroot=/home/jianglei/android-ndk-r17/NDK/arm64/sysroot  conftest.c >&5
configure:4453: $? = 0
configure:4537: result: yes
configure:4545: checking for library containing strerror
configure:4576: aarch64-linux-android-gcc -o conftest -D__ANDROID_API__=21 --sysroot=/home/jianglei/android-ndk-r17/NDK/arm64/sysroot   conftest.c  >&5
configure:4576: $? = 0
configure:4593: result: none required
configure:4648: checking how to print strings
configure:4675: result: printf
configure:4696: checking for a sed that does not truncate output
configure:4760: result: /bin/sed
configure:4778: checking for fgrep
configure:4840: result: /bin/grep -F
configure:4875: checking for ld used by aarch64-linux-android-gcc
configure:4942: result: aarch64-linux-android-ld
configure:4949: checking if the linker (aarch64-linux-android-ld) is GNU ld
configure:4964: result: yes
configure:4976: checking for BSD- or MS-compatible name lister (nm)
configure:5030: result: aarch64-linux-android-nm
configure:5160: checking the name lister (aarch64-linux-android-nm) interface
configure:5167: aarch64-linux-android-gcc -c -D__ANDROID_API__=21 --sysroot=/home/jianglei/android-ndk-r17/NDK/arm64/sysroot  conftest.c >&5
configure:5170: aarch64-linux-android-nm "conftest.o"
configure:5173: output
0000000000000000 B some_variable
configure:5180: result: BSD nm
configure:5183: checking whether ln -s works
configure:5187: result: yes
configure:5195: checking the maximum length of command line arguments
configure:5326: result: 1572864
configure:5374: checking how to convert x86_64-pc-linux-gnu file names to aarch64-unknown-linux-gnu format
configure:5414: result: func_convert_file_noop
configure:5421: checking how to convert x86_64-pc-linux-gnu file names to toolchain format
configure:5441: result: func_convert_file_noop
configure:5448: checking for aarch64-linux-android-ld option to reload object files
configure:5455: result: -r
configure:5489: checking for aarch64-linux-objdump
configure:5516: result: aarch64-linux-android-objdump
configure:5588: checking how to recognize dependent libraries
configure:5788: result: pass_all
configure:5833: checking for aarch64-linux-dlltool
configure:5863: result: no
configure:5873: checking for dlltool
configure:5903: result: no
configure:5933: checking how to associate runtime and link libraries
configure:5960: result: printf %s\n
configure:5976: checking for aarch64-linux-ar
configure:6003: result: aarch64-linux-android-ar
configure:6100: checking for archiver @FILE support
configure:6117: aarch64-linux-android-gcc -c -D__ANDROID_API__=21 --sysroot=/home/jianglei/android-ndk-r17/NDK/arm64/sysroot  conftest.c >&5
configure:6117: $? = 0
configure:6120: aarch64-linux-android-ar cr libconftest.a @conftest.lst >&5
configure:6123: $? = 0
configure:6128: aarch64-linux-android-ar cr libconftest.a @conftest.lst >&5
aarch64-linux-android-ar: conftest.o: No such file or directory
configure:6131: $? = 1
configure:6143: result: @
configure:6161: checking for aarch64-linux-strip
configure:6188: result: aarch64-linux-android-strip
configure:6260: checking for aarch64-linux-ranlib
configure:6287: result: aarch64-linux-android-ranlib
configure:6429: checking command to parse aarch64-linux-android-nm output from aarch64-linux-android-gcc object
configure:6582: aarch64-linux-android-gcc -c -D__ANDROID_API__=21 --sysroot=/home/jianglei/android-ndk-r17/NDK/arm64/sysroot  conftest.c >&5
configure:6585: $? = 0
configure:6589: aarch64-linux-android-nm conftest.o \| sed -n -e 's/^.*[ ]\([ABCDGIRSTW][ABCDGIRSTW]*\)[ ][ ]*\([_A-Za-z][_A-Za-z0-9]*\)$/\1 \2 \2/p' | sed '/ __gnu_lto/d' \> conftest.nm
configure:6592: $? = 0
configure:6658: aarch64-linux-android-gcc -o conftest -D__ANDROID_API__=21 --sysroot=/home/jianglei/android-ndk-r17/NDK/arm64/sysroot   conftest.c conftstm.o >&5
configure:6661: $? = 0
configure:6699: result: ok
configure:6746: checking for sysroot
configure:6776: result: no
configure:6783: checking for a working dd
configure:6821: result: /bin/dd
configure:6825: checking how to truncate binary pipes
configure:6840: result: /bin/dd bs=4096 count=1
configure:7129: checking for aarch64-linux-mt
configure:7159: result: no
configure:7169: checking for mt
configure:7185: found /bin/mt
configure:7196: result: mt
configure:7208: WARNING: using cross tools not prefixed with host triplet
configure:7219: checking if mt is a manifest tool
configure:7225: mt '-?'
configure:7233: result: no
configure:7910: checking for sys/types.h
configure:7910: aarch64-linux-android-gcc -c -D__ANDROID_API__=21 --sysroot=/home/jianglei/android-ndk-r17/NDK/arm64/sysroot  conftest.c >&5
configure:7910: $? = 0
configure:7910: result: yes
configure:7910: checking for sys/stat.h
configure:7910: aarch64-linux-android-gcc -c -D__ANDROID_API__=21 --sysroot=/home/jianglei/android-ndk-r17/NDK/arm64/sysroot  conftest.c >&5
configure:7910: $? = 0
configure:7910: result: yes
configure:7910: checking for stdlib.h
configure:7910: aarch64-linux-android-gcc -c -D__ANDROID_API__=21 --sysroot=/home/jianglei/android-ndk-r17/NDK/arm64/sysroot  conftest.c >&5
configure:7910: $? = 0
configure:7910: result: yes
configure:7910: checking for string.h
configure:7910: aarch64-linux-android-gcc -c -D__ANDROID_API__=21 --sysroot=/home/jianglei/android-ndk-r17/NDK/arm64/sysroot  conftest.c >&5
configure:7910: $? = 0
configure:7910: result: yes
configure:7910: checking for memory.h
configure:7910: aarch64-linux-android-gcc -c -D__ANDROID_API__=21 --sysroot=/home/jianglei/android-ndk-r17/NDK/arm64/sysroot  conftest.c >&5
configure:7910: $? = 0
configure:7910: result: yes
configure:7910: checking for strings.h
configure:7910: aarch64-linux-android-gcc -c -D__ANDROID_API__=21 --sysroot=/home/jianglei/android-ndk-r17/NDK/arm64/sysroot  conftest.c >&5
configure:7910: $? = 0
configure:7910: result: yes
configure:7910: checking for inttypes.h
configure:7910: aarch64-linux-android-gcc -c -D__ANDROID_API__=21 --sysroot=/home/jianglei/android-ndk-r17/NDK/arm64/sysroot  conftest.c >&5
configure:7910: $? = 0
configure:7910: result: yes
configure:7910: checking for stdint.h
configure:7910: aarch64-linux-android-gcc -c -D__ANDROID_API__=21 --sysroot=/home/jianglei/android-ndk-r17/NDK/arm64/sysroot  conftest.c >&5
configure:7910: $? = 0
configure:7910: result: yes
configure:7910: checking for unistd.h
configure:7910: aarch64-linux-android-gcc -c -D__ANDROID_API__=21 --sysroot=/home/jianglei/android-ndk-r17/NDK/arm64/sysroot  conftest.c >&5
configure:7910: $? = 0
configure:7910: result: yes
configure:7924: checking for dlfcn.h
configure:7924: aarch64-linux-android-gcc -c -D__ANDROID_API__=21 --sysroot=/home/jianglei/android-ndk-r17/NDK/arm64/sysroot  conftest.c >&5
configure:7924: $? = 0
configure:7924: result: yes
configure:8180: checking for objdir
configure:8195: result: .libs
configure:8459: checking if aarch64-linux-android-gcc supports -fno-rtti -fno-exceptions
configure:8477: aarch64-linux-android-gcc -c -D__ANDROID_API__=21 --sysroot=/home/jianglei/android-ndk-r17/NDK/arm64/sysroot  -fno-rtti -fno-exceptions conftest.c >&5
cc1: warning: command line option '-fno-rtti' is valid for C++/ObjC++ but not for C
configure:8481: $? = 0
configure:8494: result: no
configure:8852: checking for aarch64-linux-android-gcc option to produce PIC
configure:8859: result: -fPIC -DPIC
configure:8867: checking if aarch64-linux-android-gcc PIC flag -fPIC -DPIC works
configure:8885: aarch64-linux-android-gcc -c -D__ANDROID_API__=21 --sysroot=/home/jianglei/android-ndk-r17/NDK/arm64/sysroot  -fPIC -DPIC -DPIC conftest.c >&5
configure:8889: $? = 0
configure:8902: result: yes
configure:8931: checking if aarch64-linux-android-gcc static flag -static works
configure:8959: result: yes
configure:8974: checking if aarch64-linux-android-gcc supports -c -o file.o
configure:8995: aarch64-linux-android-gcc -c -D__ANDROID_API__=21 --sysroot=/home/jianglei/android-ndk-r17/NDK/arm64/sysroot  -o out/conftest2.o conftest.c >&5
configure:8999: $? = 0
configure:9021: result: yes
configure:9029: checking if aarch64-linux-android-gcc supports -c -o file.o
configure:9076: result: yes
configure:9109: checking whether the aarch64-linux-android-gcc linker (aarch64-linux-android-ld) supports shared libraries
configure:10370: result: yes
configure:10407: checking whether -lc should be explicitly linked in
configure:10415: aarch64-linux-android-gcc -c -D__ANDROID_API__=21 --sysroot=/home/jianglei/android-ndk-r17/NDK/arm64/sysroot  conftest.c >&5
configure:10418: $? = 0
configure:10433: aarch64-linux-android-gcc -shared  -fPIC -DPIC conftest.o  -v -Wl,-soname -Wl,conftest -o conftest 2\>\&1 \| /bin/grep  -lc  \>/dev/null 2\>\&1
configure:10436: $? = 0
configure:10450: result: no
configure:10610: checking dynamic linker characteristics
configure:11191: aarch64-linux-android-gcc -o conftest -D__ANDROID_API__=21 --sysroot=/home/jianglei/android-ndk-r17/NDK/arm64/sysroot   -Wl,-rpath -Wl,/foo conftest.c  >&5
configure:11191: $? = 0
configure:11428: result: GNU/Linux ld.so
configure:11550: checking how to hardcode library paths into programs
configure:11575: result: immediate
configure:12123: checking whether stripping libraries is possible
configure:12132: result: yes
configure:12174: checking if libtool supports shared libraries
configure:12176: result: yes
configure:12179: checking whether to build shared libraries
configure:12204: result: yes
configure:12207: checking whether to build static libraries
configure:12211: result: yes
configure:12280: checking for aarch64-linux-pkg-config
configure:12313: result: no
configure:12323: checking for pkg-config
configure:12341: found /usr/bin/pkg-config
configure:12353: result: /usr/bin/pkg-config
configure:12378: checking pkg-config is at least version 0.9.0
configure:12381: result: yes
configure:12393: checking for gtk-doc
configure:12396: $PKG_CONFIG --exists --print-errors "$gtk_doc_requires"
Package gtk-doc was not found in the pkg-config search path.
Perhaps you should add the directory containing `gtk-doc.pc'
to the PKG_CONFIG_PATH environment variable
No package 'gtk-doc' found
configure:12399: $? = 1
configure:12405: result: no
configure:12411: WARNING:
  You will not be able to create source packages with 'make dist'
  because gtk-doc >= 1.0 is not found.
configure:12419: checking for gtkdoc-check
configure:12435: found /usr/bin/gtkdoc-check
configure:12446: result: gtkdoc-check.test
configure:12456: checking for gtkdoc-check
configure:12474: found /usr/bin/gtkdoc-check
configure:12486: result: /usr/bin/gtkdoc-check
configure:12498: checking for gtkdoc-rebase
configure:12516: found /usr/bin/gtkdoc-rebase
configure:12528: result: /usr/bin/gtkdoc-rebase
configure:12542: checking for gtkdoc-mkpdf
configure:12560: found /usr/bin/gtkdoc-mkpdf
configure:12572: result: /usr/bin/gtkdoc-mkpdf
configure:12600: checking whether to build gtk-doc documentation
configure:12602: result: no
configure:12615: checking for GTKDOC_DEPS
configure:12622: $PKG_CONFIG --exists --print-errors "glib-2.0 >= 2.10.0 gobject-2.0  >= 2.10.0"
configure:12625: $? = 0
configure:12639: $PKG_CONFIG --exists --print-errors "glib-2.0 >= 2.10.0 gobject-2.0  >= 2.10.0"
configure:12642: $? = 0
configure:12680: result: yes
configure:12784: checking for CROCO
configure:12793: $PKG_CONFIG --exists --print-errors "
  glib-2.0 >= $GLIB_REQUIRED
  libxml-2.0 >= $LIBXML_REQUIRED"
configure:12798: $? = 0
configure:12816: $PKG_CONFIG --exists --print-errors "
  glib-2.0 >= $GLIB_REQUIRED
  libxml-2.0 >= $LIBXML_REQUIRED"
configure:12821: $? = 0
configure:12887: result: yes
configure:12908: checking if aarch64-linux-android-gcc supports "-Wl,-Bsymbolic-functions" flag
configure:12925: aarch64-linux-android-gcc -o conftest -D__ANDROID_API__=21 --sysroot=/home/jianglei/android-ndk-r17/NDK/arm64/sysroot   -Wl,-Bsymbolic-functions conftest.c  >&5
configure:12925: $? = 0
configure:12942: result: yes
configure:13002: checking if aarch64-linux-android-gcc supports -Wall flag
configure:13017: aarch64-linux-android-gcc -c -D__ANDROID_API__=21 --sysroot=/home/jianglei/android-ndk-r17/NDK/arm64/sysroot -Wall  conftest.c >&5
configure:13017: $? = 0
configure:13034: result: yes
configure:13002: checking if aarch64-linux-android-gcc supports -Wextra flag
configure:13017: aarch64-linux-android-gcc -c -D__ANDROID_API__=21 --sysroot=/home/jianglei/android-ndk-r17/NDK/arm64/sysroot -Wall -Wextra  conftest.c >&5
configure:13017: $? = 0
configure:13034: result: yes
configure:13002: checking if aarch64-linux-android-gcc supports -Wunused flag
configure:13017: aarch64-linux-android-gcc -c -D__ANDROID_API__=21 --sysroot=/home/jianglei/android-ndk-r17/NDK/arm64/sysroot -Wall -Wextra -Wunused  conftest.c >&5
configure:13017: $? = 0
configure:13034: result: yes
configure:13002: checking if aarch64-linux-android-gcc supports -Wreturn-type flag
configure:13017: aarch64-linux-android-gcc -c -D__ANDROID_API__=21 --sysroot=/home/jianglei/android-ndk-r17/NDK/arm64/sysroot -Wall -Wextra -Wunused -Wreturn-type  conftest.c >&5
configure:13017: $? = 0
configure:13034: result: yes
configure:13002: checking if aarch64-linux-android-gcc supports -Wswitch flag
configure:13017: aarch64-linux-android-gcc -c -D__ANDROID_API__=21 --sysroot=/home/jianglei/android-ndk-r17/NDK/arm64/sysroot -Wall -Wextra -Wunused -Wreturn-type -Wswitch  conftest.c >&5
configure:13017: $? = 0
configure:13034: result: yes
configure:13002: checking if aarch64-linux-android-gcc supports -Wcomment flag
configure:13017: aarch64-linux-android-gcc -c -D__ANDROID_API__=21 --sysroot=/home/jianglei/android-ndk-r17/NDK/arm64/sysroot -Wall -Wextra -Wunused -Wreturn-type -Wswitch -Wcomment  conftest.c >&5
configure:13017: $? = 0
configure:13034: result: yes
configure:13002: checking if aarch64-linux-android-gcc supports -Wtrigraphs flag
configure:13017: aarch64-linux-android-gcc -c -D__ANDROID_API__=21 --sysroot=/home/jianglei/android-ndk-r17/NDK/arm64/sysroot -Wall -Wextra -Wunused -Wreturn-type -Wswitch -Wcomment -Wtrigraphs  conftest.c >&5
configure:13017: $? = 0
configure:13034: result: yes
configure:13002: checking if aarch64-linux-android-gcc supports -Wchar-subscripts flag
configure:13017: aarch64-linux-android-gcc -c -D__ANDROID_API__=21 --sysroot=/home/jianglei/android-ndk-r17/NDK/arm64/sysroot -Wall -Wextra -Wunused -Wreturn-type -Wswitch -Wcomment -Wtrigraphs -Wchar-subscripts  conftest.c >&5
configure:13017: $? = 0
configure:13034: result: yes
configure:13002: checking if aarch64-linux-android-gcc supports -Wparentheses flag
configure:13017: aarch64-linux-android-gcc -c -D__ANDROID_API__=21 --sysroot=/home/jianglei/android-ndk-r17/NDK/arm64/sysroot -Wall -Wextra -Wunused -Wreturn-type -Wswitch -Wcomment -Wtrigraphs -Wchar-subscripts -Wparentheses  conftest.c >&5
configure:13017: $? = 0
configure:13034: result: yes
configure:13002: checking if aarch64-linux-android-gcc supports -Winline flag
configure:13017: aarch64-linux-android-gcc -c -D__ANDROID_API__=21 --sysroot=/home/jianglei/android-ndk-r17/NDK/arm64/sysroot -Wall -Wextra -Wunused -Wreturn-type -Wswitch -Wcomment -Wtrigraphs -Wchar-subscripts -Wparentheses -Winline  conftest.c >&5
configure:13017: $? = 0
configure:13034: result: yes
configure:13002: checking if aarch64-linux-android-gcc supports -Wredundant-decls flag
configure:13017: aarch64-linux-android-gcc -c -D__ANDROID_API__=21 --sysroot=/home/jianglei/android-ndk-r17/NDK/arm64/sysroot -Wall -Wextra -Wunused -Wreturn-type -Wswitch -Wcomment -Wtrigraphs -Wchar-subscripts -Wparentheses -Winline -Wredundant-decls  conftest.c >&5
configure:13017: $? = 0
configure:13034: result: yes
configure:13002: checking if aarch64-linux-android-gcc supports -Wformat-nonliteral flag
configure:13017: aarch64-linux-android-gcc -c -D__ANDROID_API__=21 --sysroot=/home/jianglei/android-ndk-r17/NDK/arm64/sysroot -Wall -Wextra -Wunused -Wreturn-type -Wswitch -Wcomment -Wtrigraphs -Wchar-subscripts -Wparentheses -Winline -Wredundant-decls -Wformat-nonliteral  conftest.c >&5
configure:13017: $? = 0
configure:13034: result: yes
configure:13002: checking if aarch64-linux-android-gcc supports -Werror=format-security flag
configure:13017: aarch64-linux-android-gcc -c -D__ANDROID_API__=21 --sysroot=/home/jianglei/android-ndk-r17/NDK/arm64/sysroot -Wall -Wextra -Wunused -Wreturn-type -Wswitch -Wcomment -Wtrigraphs -Wchar-subscripts -Wparentheses -Winline -Wredundant-decls -Wformat-nonliteral -Werror=format-security  conftest.c >&5
configure:13017: $? = 0
configure:13034: result: yes
configure:13002: checking if aarch64-linux-android-gcc supports -Wsign-compare flag
configure:13017: aarch64-linux-android-gcc -c -D__ANDROID_API__=21 --sysroot=/home/jianglei/android-ndk-r17/NDK/arm64/sysroot -Wall -Wextra -Wunused -Wreturn-type -Wswitch -Wcomment -Wtrigraphs -Wchar-subscripts -Wparentheses -Winline -Wredundant-decls -Wformat-nonliteral -Werror=format-security -Wsign-compare  conftest.c >&5
configure:13017: $? = 0
configure:13034: result: yes
configure:13002: checking if aarch64-linux-android-gcc supports -Werror=implicit-function-declaration flag
configure:13017: aarch64-linux-android-gcc -c -D__ANDROID_API__=21 --sysroot=/home/jianglei/android-ndk-r17/NDK/arm64/sysroot -Wall -Wextra -Wunused -Wreturn-type -Wswitch -Wcomment -Wtrigraphs -Wchar-subscripts -Wparentheses -Winline -Wredundant-decls -Wformat-nonliteral -Werror=format-security -Wsign-compare -Werror=implicit-function-declaration  conftest.c >&5
configure:13017: $? = 0
configure:13034: result: yes
configure:13002: checking if aarch64-linux-android-gcc supports -Wpointer-arith flag
configure:13017: aarch64-linux-android-gcc -c -D__ANDROID_API__=21 --sysroot=/home/jianglei/android-ndk-r17/NDK/arm64/sysroot -Wall -Wextra -Wunused -Wreturn-type -Wswitch -Wcomment -Wtrigraphs -Wchar-subscripts -Wparentheses -Winline -Wredundant-decls -Wformat-nonliteral -Werror=format-security -Wsign-compare -Werror=implicit-function-declaration -Wpointer-arith  conftest.c >&5
configure:13017: $? = 0
configure:13034: result: yes
configure:13002: checking if aarch64-linux-android-gcc supports -Wwrite-strings flag
configure:13017: aarch64-linux-android-gcc -c -D__ANDROID_API__=21 --sysroot=/home/jianglei/android-ndk-r17/NDK/arm64/sysroot -Wall -Wextra -Wunused -Wreturn-type -Wswitch -Wcomment -Wtrigraphs -Wchar-subscripts -Wparentheses -Winline -Wredundant-decls -Wformat-nonliteral -Werror=format-security -Wsign-compare -Werror=implicit-function-declaration -Wpointer-arith -Wwrite-strings  conftest.c >&5
configure:13017: $? = 0
configure:13034: result: yes
configure:13002: checking if aarch64-linux-android-gcc supports -Wstrict-prototypes flag
configure:13017: aarch64-linux-android-gcc -c -D__ANDROID_API__=21 --sysroot=/home/jianglei/android-ndk-r17/NDK/arm64/sysroot -Wall -Wextra -Wunused -Wreturn-type -Wswitch -Wcomment -Wtrigraphs -Wchar-subscripts -Wparentheses -Winline -Wredundant-decls -Wformat-nonliteral -Werror=format-security -Wsign-compare -Werror=implicit-function-declaration -Wpointer-arith -Wwrite-strings -Wstrict-prototypes  conftest.c >&5
configure:13017: $? = 0
configure:13034: result: yes
configure:13002: checking if aarch64-linux-android-gcc supports -Waggregate-return flag
configure:13017: aarch64-linux-android-gcc -c -D__ANDROID_API__=21 --sysroot=/home/jianglei/android-ndk-r17/NDK/arm64/sysroot -Wall -Wextra -Wunused -Wreturn-type -Wswitch -Wcomment -Wtrigraphs -Wchar-subscripts -Wparentheses -Winline -Wredundant-decls -Wformat-nonliteral -Werror=format-security -Wsign-compare -Werror=implicit-function-declaration -Wpointer-arith -Wwrite-strings -Wstrict-prototypes -Waggregate-return  conftest.c >&5
configure:13017: $? = 0
configure:13034: result: yes
configure:13002: checking if aarch64-linux-android-gcc supports -Wcast-align flag
configure:13017: aarch64-linux-android-gcc -c -D__ANDROID_API__=21 --sysroot=/home/jianglei/android-ndk-r17/NDK/arm64/sysroot -Wall -Wextra -Wunused -Wreturn-type -Wswitch -Wcomment -Wtrigraphs -Wchar-subscripts -Wparentheses -Winline -Wredundant-decls -Wformat-nonliteral -Werror=format-security -Wsign-compare -Werror=implicit-function-declaration -Wpointer-arith -Wwrite-strings -Wstrict-prototypes -Waggregate-return -Wcast-align  conftest.c >&5
configure:13017: $? = 0
configure:13034: result: yes
configure:13002: checking if aarch64-linux-android-gcc supports -Wimplicit flag
configure:13017: aarch64-linux-android-gcc -c -D__ANDROID_API__=21 --sysroot=/home/jianglei/android-ndk-r17/NDK/arm64/sysroot -Wall -Wextra -Wunused -Wreturn-type -Wswitch -Wcomment -Wtrigraphs -Wchar-subscripts -Wparentheses -Winline -Wredundant-decls -Wformat-nonliteral -Werror=format-security -Wsign-compare -Werror=implicit-function-declaration -Wpointer-arith -Wwrite-strings -Wstrict-prototypes -Waggregate-return -Wcast-align -Wimplicit  conftest.c >&5
configure:13017: $? = 0
configure:13034: result: yes
configure:13002: checking if aarch64-linux-android-gcc supports -Wuninitialized flag
configure:13017: aarch64-linux-android-gcc -c -D__ANDROID_API__=21 --sysroot=/home/jianglei/android-ndk-r17/NDK/arm64/sysroot -Wall -Wextra -Wunused -Wreturn-type -Wswitch -Wcomment -Wtrigraphs -Wchar-subscripts -Wparentheses -Winline -Wredundant-decls -Wformat-nonliteral -Werror=format-security -Wsign-compare -Werror=implicit-function-declaration -Wpointer-arith -Wwrite-strings -Wstrict-prototypes -Waggregate-return -Wcast-align -Wimplicit -Wuninitialized  conftest.c >&5
configure:13017: $? = 0
configure:13034: result: yes
configure:13002: checking if aarch64-linux-android-gcc supports -Wmissing-prototypes flag
configure:13017: aarch64-linux-android-gcc -c -D__ANDROID_API__=21 --sysroot=/home/jianglei/android-ndk-r17/NDK/arm64/sysroot -Wall -Wextra -Wunused -Wreturn-type -Wswitch -Wcomment -Wtrigraphs -Wchar-subscripts -Wparentheses -Winline -Wredundant-decls -Wformat-nonliteral -Werror=format-security -Wsign-compare -Werror=implicit-function-declaration -Wpointer-arith -Wwrite-strings -Wstrict-prototypes -Waggregate-return -Wcast-align -Wimplicit -Wuninitialized -Wmissing-prototypes  conftest.c >&5
configure:13017: $? = 0
configure:13034: result: yes
configure:13002: checking if aarch64-linux-android-gcc supports -Wmissing-declarations flag
configure:13017: aarch64-linux-android-gcc -c -D__ANDROID_API__=21 --sysroot=/home/jianglei/android-ndk-r17/NDK/arm64/sysroot -Wall -Wextra -Wunused -Wreturn-type -Wswitch -Wcomment -Wtrigraphs -Wchar-subscripts -Wparentheses -Winline -Wredundant-decls -Wformat-nonliteral -Werror=format-security -Wsign-compare -Werror=implicit-function-declaration -Wpointer-arith -Wwrite-strings -Wstrict-prototypes -Waggregate-return -Wcast-align -Wimplicit -Wuninitialized -Wmissing-prototypes -Wmissing-declarations  conftest.c >&5
configure:13017: $? = 0
configure:13034: result: yes
configure:13002: checking if aarch64-linux-android-gcc supports -Wnested-externs flag
configure:13017: aarch64-linux-android-gcc -c -D__ANDROID_API__=21 --sysroot=/home/jianglei/android-ndk-r17/NDK/arm64/sysroot -Wall -Wextra -Wunused -Wreturn-type -Wswitch -Wcomment -Wtrigraphs -Wchar-subscripts -Wparentheses -Winline -Wredundant-decls -Wformat-nonliteral -Werror=format-security -Wsign-compare -Werror=implicit-function-declaration -Wpointer-arith -Wwrite-strings -Wstrict-prototypes -Waggregate-return -Wcast-align -Wimplicit -Wuninitialized -Wmissing-prototypes -Wmissing-declarations -Wnested-externs  conftest.c >&5
configure:13017: $? = 0
configure:13034: result: yes
configure:13002: checking if aarch64-linux-android-gcc supports -Wpacked flag
configure:13017: aarch64-linux-android-gcc -c -D__ANDROID_API__=21 --sysroot=/home/jianglei/android-ndk-r17/NDK/arm64/sysroot -Wall -Wextra -Wunused -Wreturn-type -Wswitch -Wcomment -Wtrigraphs -Wchar-subscripts -Wparentheses -Winline -Wredundant-decls -Wformat-nonliteral -Werror=format-security -Wsign-compare -Werror=implicit-function-declaration -Wpointer-arith -Wwrite-strings -Wstrict-prototypes -Waggregate-return -Wcast-align -Wimplicit -Wuninitialized -Wmissing-prototypes -Wmissing-declarations -Wnested-externs -Wpacked  conftest.c >&5
configure:13017: $? = 0
configure:13034: result: yes
configure:13002: checking if aarch64-linux-android-gcc supports -Wmissing-format-attribute flag
configure:13017: aarch64-linux-android-gcc -c -D__ANDROID_API__=21 --sysroot=/home/jianglei/android-ndk-r17/NDK/arm64/sysroot -Wall -Wextra -Wunused -Wreturn-type -Wswitch -Wcomment -Wtrigraphs -Wchar-subscripts -Wparentheses -Winline -Wredundant-decls -Wformat-nonliteral -Werror=format-security -Wsign-compare -Werror=implicit-function-declaration -Wpointer-arith -Wwrite-strings -Wstrict-prototypes -Waggregate-return -Wcast-align -Wimplicit -Wuninitialized -Wmissing-prototypes -Wmissing-declarations -Wnested-externs -Wpacked -Wmissing-format-attribute  conftest.c >&5
configure:13017: $? = 0
configure:13034: result: yes
configure:13002: checking if aarch64-linux-android-gcc supports -Wshadow flag
configure:13017: aarch64-linux-android-gcc -c -D__ANDROID_API__=21 --sysroot=/home/jianglei/android-ndk-r17/NDK/arm64/sysroot -Wall -Wextra -Wunused -Wreturn-type -Wswitch -Wcomment -Wtrigraphs -Wchar-subscripts -Wparentheses -Winline -Wredundant-decls -Wformat-nonliteral -Werror=format-security -Wsign-compare -Werror=implicit-function-declaration -Wpointer-arith -Wwrite-strings -Wstrict-prototypes -Waggregate-return -Wcast-align -Wimplicit -Wuninitialized -Wmissing-prototypes -Wmissing-declarations -Wnested-externs -Wpacked -Wmissing-format-attribute -Wshadow  conftest.c >&5
configure:13017: $? = 0
configure:13034: result: yes
configure:13002: checking if aarch64-linux-android-gcc supports -Wstrict-aliasing=2 flag
configure:13017: aarch64-linux-android-gcc -c -D__ANDROID_API__=21 --sysroot=/home/jianglei/android-ndk-r17/NDK/arm64/sysroot -Wall -Wextra -Wunused -Wreturn-type -Wswitch -Wcomment -Wtrigraphs -Wchar-subscripts -Wparentheses -Winline -Wredundant-decls -Wformat-nonliteral -Werror=format-security -Wsign-compare -Werror=implicit-function-declaration -Wpointer-arith -Wwrite-strings -Wstrict-prototypes -Waggregate-return -Wcast-align -Wimplicit -Wuninitialized -Wmissing-prototypes -Wmissing-declarations -Wnested-externs -Wpacked -Wmissing-format-attribute -Wshadow -Wstrict-aliasing=2  conftest.c >&5
configure:13017: $? = 0
configure:13034: result: yes
configure:13002: checking if aarch64-linux-android-gcc supports -Winit-self flag
configure:13017: aarch64-linux-android-gcc -c -D__ANDROID_API__=21 --sysroot=/home/jianglei/android-ndk-r17/NDK/arm64/sysroot -Wall -Wextra -Wunused -Wreturn-type -Wswitch -Wcomment -Wtrigraphs -Wchar-subscripts -Wparentheses -Winline -Wredundant-decls -Wformat-nonliteral -Werror=format-security -Wsign-compare -Werror=implicit-function-declaration -Wpointer-arith -Wwrite-strings -Wstrict-prototypes -Waggregate-return -Wcast-align -Wimplicit -Wuninitialized -Wmissing-prototypes -Wmissing-declarations -Wnested-externs -Wpacked -Wmissing-format-attribute -Wshadow -Wstrict-aliasing=2 -Winit-self  conftest.c >&5
configure:13017: $? = 0
configure:13034: result: yes
configure:13002: checking if aarch64-linux-android-gcc supports -Wunsafe-loop-optimizations flag
configure:13017: aarch64-linux-android-gcc -c -D__ANDROID_API__=21 --sysroot=/home/jianglei/android-ndk-r17/NDK/arm64/sysroot -Wall -Wextra -Wunused -Wreturn-type -Wswitch -Wcomment -Wtrigraphs -Wchar-subscripts -Wparentheses -Winline -Wredundant-decls -Wformat-nonliteral -Werror=format-security -Wsign-compare -Werror=implicit-function-declaration -Wpointer-arith -Wwrite-strings -Wstrict-prototypes -Waggregate-return -Wcast-align -Wimplicit -Wuninitialized -Wmissing-prototypes -Wmissing-declarations -Wnested-externs -Wpacked -Wmissing-format-attribute -Wshadow -Wstrict-aliasing=2 -Winit-self -Wunsafe-loop-optimizations  conftest.c >&5
configure:13017: $? = 0
configure:13034: result: yes
configure:13002: checking if aarch64-linux-android-gcc supports -Wdeclaration-after-statement flag
configure:13017: aarch64-linux-android-gcc -c -D__ANDROID_API__=21 --sysroot=/home/jianglei/android-ndk-r17/NDK/arm64/sysroot -Wall -Wextra -Wunused -Wreturn-type -Wswitch -Wcomment -Wtrigraphs -Wchar-subscripts -Wparentheses -Winline -Wredundant-decls -Wformat-nonliteral -Werror=format-security -Wsign-compare -Werror=implicit-function-declaration -Wpointer-arith -Wwrite-strings -Wstrict-prototypes -Waggregate-return -Wcast-align -Wimplicit -Wuninitialized -Wmissing-prototypes -Wmissing-declarations -Wnested-externs -Wpacked -Wmissing-format-attribute -Wshadow -Wstrict-aliasing=2 -Winit-self -Wunsafe-loop-optimizations -Wdeclaration-after-statement  conftest.c >&5
configure:13017: $? = 0
configure:13034: result: yes
configure:13002: checking if aarch64-linux-android-gcc supports -Wold-style-definition flag
configure:13017: aarch64-linux-android-gcc -c -D__ANDROID_API__=21 --sysroot=/home/jianglei/android-ndk-r17/NDK/arm64/sysroot -Wall -Wextra -Wunused -Wreturn-type -Wswitch -Wcomment -Wtrigraphs -Wchar-subscripts -Wparentheses -Winline -Wredundant-decls -Wformat-nonliteral -Werror=format-security -Wsign-compare -Werror=implicit-function-declaration -Wpointer-arith -Wwrite-strings -Wstrict-prototypes -Waggregate-return -Wcast-align -Wimplicit -Wuninitialized -Wmissing-prototypes -Wmissing-declarations -Wnested-externs -Wpacked -Wmissing-format-attribute -Wshadow -Wstrict-aliasing=2 -Winit-self -Wunsafe-loop-optimizations -Wdeclaration-after-statement -Wold-style-definition  conftest.c >&5
configure:13017: $? = 0
configure:13034: result: yes
configure:13002: checking if aarch64-linux-android-gcc supports -Wno-missing-field-initializers flag
configure:13017: aarch64-linux-android-gcc -c -D__ANDROID_API__=21 --sysroot=/home/jianglei/android-ndk-r17/NDK/arm64/sysroot -Wall -Wextra -Wunused -Wreturn-type -Wswitch -Wcomment -Wtrigraphs -Wchar-subscripts -Wparentheses -Winline -Wredundant-decls -Wformat-nonliteral -Werror=format-security -Wsign-compare -Werror=implicit-function-declaration -Wpointer-arith -Wwrite-strings -Wstrict-prototypes -Waggregate-return -Wcast-align -Wimplicit -Wuninitialized -Wmissing-prototypes -Wmissing-declarations -Wnested-externs -Wpacked -Wmissing-format-attribute -Wshadow -Wstrict-aliasing=2 -Winit-self -Wunsafe-loop-optimizations -Wdeclaration-after-statement -Wold-style-definition -Wno-missing-field-initializers  conftest.c >&5
configure:13017: $? = 0
configure:13034: result: yes
configure:13002: checking if aarch64-linux-android-gcc supports -Wno-unused-parameter flag
configure:13017: aarch64-linux-android-gcc -c -D__ANDROID_API__=21 --sysroot=/home/jianglei/android-ndk-r17/NDK/arm64/sysroot -Wall -Wextra -Wunused -Wreturn-type -Wswitch -Wcomment -Wtrigraphs -Wchar-subscripts -Wparentheses -Winline -Wredundant-decls -Wformat-nonliteral -Werror=format-security -Wsign-compare -Werror=implicit-function-declaration -Wpointer-arith -Wwrite-strings -Wstrict-prototypes -Waggregate-return -Wcast-align -Wimplicit -Wuninitialized -Wmissing-prototypes -Wmissing-declarations -Wnested-externs -Wpacked -Wmissing-format-attribute -Wshadow -Wstrict-aliasing=2 -Winit-self -Wunsafe-loop-optimizations -Wdeclaration-after-statement -Wold-style-definition -Wno-missing-field-initializers -Wno-unused-parameter  conftest.c >&5
configure:13017: $? = 0
configure:13034: result: yes
configure:13002: checking if aarch64-linux-android-gcc supports -fno-common flag
configure:13017: aarch64-linux-android-gcc -c -D__ANDROID_API__=21 --sysroot=/home/jianglei/android-ndk-r17/NDK/arm64/sysroot -Wall -Wextra -Wunused -Wreturn-type -Wswitch -Wcomment -Wtrigraphs -Wchar-subscripts -Wparentheses -Winline -Wredundant-decls -Wformat-nonliteral -Werror=format-security -Wsign-compare -Werror=implicit-function-declaration -Wpointer-arith -Wwrite-strings -Wstrict-prototypes -Waggregate-return -Wcast-align -Wimplicit -Wuninitialized -Wmissing-prototypes -Wmissing-declarations -Wnested-externs -Wpacked -Wmissing-format-attribute -Wshadow -Wstrict-aliasing=2 -Winit-self -Wunsafe-loop-optimizations -Wdeclaration-after-statement -Wold-style-definition -Wno-missing-field-initializers -Wno-unused-parameter -fno-common  conftest.c >&5
configure:13017: $? = 0
configure:13034: result: yes
configure:13002: checking if aarch64-linux-android-gcc supports -Wno-switch-enum flag
configure:13017: aarch64-linux-android-gcc -c -D__ANDROID_API__=21 --sysroot=/home/jianglei/android-ndk-r17/NDK/arm64/sysroot -Wall -Wextra -Wunused -Wreturn-type -Wswitch -Wcomment -Wtrigraphs -Wchar-subscripts -Wparentheses -Winline -Wredundant-decls -Wformat-nonliteral -Werror=format-security -Wsign-compare -Werror=implicit-function-declaration -Wpointer-arith -Wwrite-strings -Wstrict-prototypes -Waggregate-return -Wcast-align -Wimplicit -Wuninitialized -Wmissing-prototypes -Wmissing-declarations -Wnested-externs -Wpacked -Wmissing-format-attribute -Wshadow -Wstrict-aliasing=2 -Winit-self -Wunsafe-loop-optimizations -Wdeclaration-after-statement -Wold-style-definition -Wno-missing-field-initializers -Wno-unused-parameter -fno-common -Wno-switch-enum  conftest.c >&5
configure:13017: $? = 0
configure:13034: result: yes
configure:13157: checking that generated files are newer than configure
configure:13163: result: done
configure:13226: creating ./config.status

## ---------------------- ##
## Running config.status. ##
## ---------------------- ##

This file was extended by libcroco config.status 0.6.13, which was
generated by GNU Autoconf 2.69.  Invocation command line was

  CONFIG_FILES    = 
  CONFIG_HEADERS  = 
  CONFIG_LINKS    = 
  CONFIG_COMMANDS = 
  $ ./config.status 

on jianglei

config.status:1158: creating Makefile
config.status:1158: creating libcroco.pc
config.status:1158: creating libcroco.spec
config.status:1158: creating libcroco-zip
config.status:1158: creating croco-config
config.status:1158: creating config.h.win32
config.status:1158: creating win32/Makefile
config.status:1158: creating win32/vs9/Makefile
config.status:1158: creating win32/vs9/croco-version-paths.vsprops
config.status:1158: creating win32/vs10/Makefile
config.status:1158: creating win32/vs10/croco-version-paths.props
config.status:1158: creating win32/vs11/Makefile
config.status:1158: creating win32/vs12/Makefile
config.status:1158: creating win32/vs14/Makefile
config.status:1158: creating win32/vs15/Makefile
config.status:1158: creating docs/Makefile
config.status:1158: creating docs/examples/Makefile
config.status:1158: creating docs/reference/Makefile
config.status:1158: creating tests/Makefile
config.status:1158: creating tests/test-inputs/Makefile
config.status:1158: creating tests/test-output-refs/Makefile
config.status:1158: creating global-test-vars.sh
config.status:1158: creating src/Makefile
config.status:1158: creating src/libcroco-config.h
config.status:1158: creating csslint/Makefile
config.status:1158: creating config.h
config.status:1339: config.h is unchanged
config.status:1387: executing depfiles commands
config.status:1464: cd tests       && sed -e '/# am--include-marker/d' Makefile         | make -f - am--depfiles
make: Nothing to be done for 'am--depfiles'.
config.status:1469: $? = 0
config.status:1464: cd src       && sed -e '/# am--include-marker/d' Makefile         | make -f - am--depfiles
make: Nothing to be done for 'am--depfiles'.
config.status:1469: $? = 0
config.status:1464: cd csslint       && sed -e '/# am--include-marker/d' Makefile         | make -f - am--depfiles
make: Nothing to be done for 'am--depfiles'.
config.status:1469: $? = 0
config.status:1387: executing libtool commands
configure:15393: WARNING: unrecognized options: --without-python

## ---------------- ##
## Cache variables. ##
## ---------------- ##

ac_cv_build=x86_64-pc-linux-gnu
ac_cv_c_compiler_gnu=yes
ac_cv_env_CC_set=set
ac_cv_env_CC_value=aarch64-linux-android-gcc
ac_cv_env_CFLAGS_set=set
ac_cv_env_CFLAGS_value='-D__ANDROID_API__=21 --sysroot=/home/jianglei/android-ndk-r17/NDK/arm64/sysroot'
ac_cv_env_CPPFLAGS_set=
ac_cv_env_CPPFLAGS_value=
ac_cv_env_CPP_set=
ac_cv_env_CPP_value=
ac_cv_env_CROCO_CFLAGS_set=
ac_cv_env_CROCO_CFLAGS_value=
ac_cv_env_CROCO_LIBS_set=
ac_cv_env_CROCO_LIBS_value=
ac_cv_env_GTKDOC_DEPS_CFLAGS_set=
ac_cv_env_GTKDOC_DEPS_CFLAGS_value=
ac_cv_env_GTKDOC_DEPS_LIBS_set=
ac_cv_env_GTKDOC_DEPS_LIBS_value=
ac_cv_env_LDFLAGS_set=
ac_cv_env_LDFLAGS_value=
ac_cv_env_LIBS_set=
ac_cv_env_LIBS_value=
ac_cv_env_LT_SYS_LIBRARY_PATH_set=
ac_cv_env_LT_SYS_LIBRARY_PATH_value=
ac_cv_env_PKG_CONFIG_LIBDIR_set=set
ac_cv_env_PKG_CONFIG_LIBDIR_value=/home/jianglei/svg/build/usr/local/lib/pkgconfig
ac_cv_env_PKG_CONFIG_PATH_set=
ac_cv_env_PKG_CONFIG_PATH_value=
ac_cv_env_PKG_CONFIG_set=
ac_cv_env_PKG_CONFIG_value=
ac_cv_env_build_alias_set=
ac_cv_env_build_alias_value=
ac_cv_env_host_alias_set=set
ac_cv_env_host_alias_value=aarch64-linux
ac_cv_env_target_alias_set=
ac_cv_env_target_alias_value=
ac_cv_header_dlfcn_h=yes
ac_cv_header_inttypes_h=yes
ac_cv_header_memory_h=yes
ac_cv_header_stdc=yes
ac_cv_header_stdint_h=yes
ac_cv_header_stdlib_h=yes
ac_cv_header_string_h=yes
ac_cv_header_strings_h=yes
ac_cv_header_sys_stat_h=yes
ac_cv_header_sys_types_h=yes
ac_cv_header_unistd_h=yes
ac_cv_host=aarch64-unknown-linux-gnu
ac_cv_objext=o
ac_cv_path_EGREP='/bin/grep -E'
ac_cv_path_FGREP='/bin/grep -F'
ac_cv_path_GREP=/bin/grep
ac_cv_path_GTKDOC_CHECK_PATH=/usr/bin/gtkdoc-check
ac_cv_path_GTKDOC_MKPDF=/usr/bin/gtkdoc-mkpdf
ac_cv_path_GTKDOC_REBASE=/usr/bin/gtkdoc-rebase
ac_cv_path_SED=/bin/sed
ac_cv_path_ac_pt_PKG_CONFIG=/usr/bin/pkg-config
ac_cv_path_install='/usr/bin/install -c'
ac_cv_path_lt_DD=/bin/dd
ac_cv_path_mkdir=/bin/mkdir
ac_cv_prog_AR=aarch64-linux-android-ar
ac_cv_prog_AWK=mawk
ac_cv_prog_CC=aarch64-linux-android-gcc
ac_cv_prog_CPP='aarch64-linux-android-gcc -E'
ac_cv_prog_GTKDOC_CHECK=gtkdoc-check.test
ac_cv_prog_OBJDUMP=aarch64-linux-android-objdump
ac_cv_prog_RANLIB=aarch64-linux-android-ranlib
ac_cv_prog_STRIP=aarch64-linux-android-strip
ac_cv_prog_ac_ct_MANIFEST_TOOL=mt
ac_cv_prog_cc_c89=
ac_cv_prog_cc_g=yes
ac_cv_prog_make_make_set=yes
ac_cv_search_strerror='none required'
am_cv_CC_dependencies_compiler_type=gcc3
am_cv_make_support_nested_variables=yes
am_cv_prog_cc_c_o=yes
am_cv_prog_tar_ustar=gnutar
cc_cv_cflags__Waggregate_return=yes
cc_cv_cflags__Wall=yes
cc_cv_cflags__Wcast_align=yes
cc_cv_cflags__Wchar_subscripts=yes
cc_cv_cflags__Wcomment=yes
cc_cv_cflags__Wdeclaration_after_statement=yes
cc_cv_cflags__Werror_format_security=yes
cc_cv_cflags__Werror_implicit_function_declaration=yes
cc_cv_cflags__Wextra=yes
cc_cv_cflags__Wformat_nonliteral=yes
cc_cv_cflags__Wimplicit=yes
cc_cv_cflags__Winit_self=yes
cc_cv_cflags__Winline=yes
cc_cv_cflags__Wmissing_declarations=yes
cc_cv_cflags__Wmissing_format_attribute=yes
cc_cv_cflags__Wmissing_prototypes=yes
cc_cv_cflags__Wnested_externs=yes
cc_cv_cflags__Wno_missing_field_initializers=yes
cc_cv_cflags__Wno_switch_enum=yes
cc_cv_cflags__Wno_unused_parameter=yes
cc_cv_cflags__Wold_style_definition=yes
cc_cv_cflags__Wpacked=yes
cc_cv_cflags__Wparentheses=yes
cc_cv_cflags__Wpointer_arith=yes
cc_cv_cflags__Wredundant_decls=yes
cc_cv_cflags__Wreturn_type=yes
cc_cv_cflags__Wshadow=yes
cc_cv_cflags__Wsign_compare=yes
cc_cv_cflags__Wstrict_aliasing_2=yes
cc_cv_cflags__Wstrict_prototypes=yes
cc_cv_cflags__Wswitch=yes
cc_cv_cflags__Wtrigraphs=yes
cc_cv_cflags__Wuninitialized=yes
cc_cv_cflags__Wunsafe_loop_optimizations=yes
cc_cv_cflags__Wunused=yes
cc_cv_cflags__Wwrite_strings=yes
cc_cv_cflags__fno_common=yes
cc_cv_ldflags__Wl__Bsymbolic_functions=yes
lt_cv_ar_at_file=@
lt_cv_archive_cmds_need_lc=no
lt_cv_deplibs_check_method=pass_all
lt_cv_file_magic_cmd='$MAGIC_CMD'
lt_cv_file_magic_test_file=
lt_cv_ld_reload_flag=-r
lt_cv_nm_interface='BSD nm'
lt_cv_objdir=.libs
lt_cv_path_LD=aarch64-linux-android-ld
lt_cv_path_NM=aarch64-linux-android-nm
lt_cv_path_mainfest_tool=no
lt_cv_prog_compiler_c_o=yes
lt_cv_prog_compiler_pic='-fPIC -DPIC'
lt_cv_prog_compiler_pic_works=yes
lt_cv_prog_compiler_rtti_exceptions=no
lt_cv_prog_compiler_static_works=yes
lt_cv_prog_gnu_ld=yes
lt_cv_sharedlib_from_linklib_cmd='printf %s\n'
lt_cv_shlibpath_overrides_runpath=no
lt_cv_sys_global_symbol_pipe='sed -n -e '\''s/^.*[	 ]\([ABCDGIRSTW][ABCDGIRSTW]*\)[	 ][	 ]*\([_A-Za-z][_A-Za-z0-9]*\)$/\1 \2 \2/p'\'' | sed '\''/ __gnu_lto/d'\'''
lt_cv_sys_global_symbol_to_c_name_address='sed -n -e '\''s/^: \(.*\) .*$/  {"\1", (void *) 0},/p'\'' -e '\''s/^[ABCDGIRSTW][ABCDGIRSTW]* .* \(.*\)$/  {"\1", (void *) \&\1},/p'\'''
lt_cv_sys_global_symbol_to_c_name_address_lib_prefix='sed -n -e '\''s/^: \(.*\) .*$/  {"\1", (void *) 0},/p'\'' -e '\''s/^[ABCDGIRSTW][ABCDGIRSTW]* .* \(lib.*\)$/  {"\1", (void *) \&\1},/p'\'' -e '\''s/^[ABCDGIRSTW][ABCDGIRSTW]* .* \(.*\)$/  {"lib\1", (void *) \&\1},/p'\'''
lt_cv_sys_global_symbol_to_cdecl='sed -n -e '\''s/^T .* \(.*\)$/extern int \1();/p'\'' -e '\''s/^[ABCDGIRSTW][ABCDGIRSTW]* .* \(.*\)$/extern char \1;/p'\'''
lt_cv_sys_global_symbol_to_import=
lt_cv_sys_max_cmd_len=1572864
lt_cv_to_host_file_cmd=func_convert_file_noop
lt_cv_to_tool_file_cmd=func_convert_file_noop
lt_cv_truncate_bin='/bin/dd bs=4096 count=1'
pkg_cv_CROCO_CFLAGS='-I/home/jianglei/svg/build/usr/local/include/glib-2.0 -I/home/jianglei/svg/build/usr/local/lib/glib-2.0/include -I/home/jianglei/svg/build/usr/local/include -I/home/jianglei/svg/build/usr/local/include/libxml2'
pkg_cv_CROCO_LIBS='-L/home/jianglei/svg/build/usr/local/lib -lglib-2.0 -lintl -liconv -lxml2'
pkg_cv_GTKDOC_DEPS_CFLAGS='-I/home/jianglei/svg/build/usr/local/include/glib-2.0 -I/home/jianglei/svg/build/usr/local/lib/glib-2.0/include -I/home/jianglei/svg/build/usr/local/include'
pkg_cv_GTKDOC_DEPS_LIBS='-L/home/jianglei/svg/build/usr/local/lib -lgobject-2.0 -lglib-2.0 -lintl -liconv'

## ----------------- ##
## Output variables. ##
## ----------------- ##

ACLOCAL='${SHELL} /home/jianglei/svg/libcroco-0.6.13/missing aclocal-1.16'
AMDEPBACKSLASH='\'
AMDEP_FALSE='#'
AMDEP_TRUE=''
AMTAR='$${TAR-tar}'
AM_BACKSLASH='\'
AM_DEFAULT_V='$(AM_DEFAULT_VERBOSITY)'
AM_DEFAULT_VERBOSITY='0'
AM_V='$(V)'
AR='aarch64-linux-android-ar'
AUTOCONF='${SHELL} /home/jianglei/svg/libcroco-0.6.13/missing autoconf'
AUTOHEADER='${SHELL} /home/jianglei/svg/libcroco-0.6.13/missing autoheader'
AUTOMAKE='${SHELL} /home/jianglei/svg/libcroco-0.6.13/missing automake-1.16'
AWK='mawk'
BSYMBOLIC_LDFLAG='-Wl,-Bsymbolic-functions'
CC='aarch64-linux-android-gcc'
CCDEPMODE='depmode=gcc3'
CFLAGS='-D__ANDROID_API__=21 --sysroot=/home/jianglei/android-ndk-r17/NDK/arm64/sysroot -Wall -Wextra -Wunused -Wreturn-type -Wswitch -Wcomment -Wtrigraphs -Wchar-subscripts -Wparentheses -Winline -Wredundant-decls -Wformat-nonliteral -Werror=format-security -Wsign-compare -Werror=implicit-function-declaration -Wpointer-arith -Wwrite-strings -Wstrict-prototypes -Waggregate-return -Wcast-align -Wimplicit -Wuninitialized -Wmissing-prototypes -Wmissing-declarations -Wnested-externs -Wpacked -Wmissing-format-attribute -Wshadow -Wstrict-aliasing=2 -Winit-self -Wunsafe-loop-optimizations -Wdeclaration-after-statement -Wold-style-definition -Wno-missing-field-initializers -Wno-unused-parameter -fno-common -Wno-switch-enum'
CPP='aarch64-linux-android-gcc -E'
CPPFLAGS=''
CROCO_CFLAGS='-I/home/jianglei/svg/build/usr/local/include/glib-2.0 -I/home/jianglei/svg/build/usr/local/lib/glib-2.0/include -I/home/jianglei/svg/build/usr/local/include -I/home/jianglei/svg/build/usr/local/include/libxml2'
CROCO_LIB='libcroco-0.6.la'
CROCO_LIBS='-L/home/jianglei/svg/build/usr/local/lib -lglib-2.0 -lintl -liconv -lxml2'
CYGPATH_W='echo'
DEFS='-DHAVE_CONFIG_H'
DEPDIR='.deps'
DLLTOOL='false'
DSYMUTIL=''
DUMPBIN=''
ECHO_C=''
ECHO_N='-n'
ECHO_T=''
EGREP='/bin/grep -E'
ENABLE_GTK_DOC_FALSE=''
ENABLE_GTK_DOC_TRUE='#'
EXEEXT=''
FGREP='/bin/grep -F'
GREP='/bin/grep'
GTKDOC_CHECK='gtkdoc-check.test'
GTKDOC_CHECK_PATH='/usr/bin/gtkdoc-check'
GTKDOC_DEPS_CFLAGS='-I/home/jianglei/svg/build/usr/local/include/glib-2.0 -I/home/jianglei/svg/build/usr/local/lib/glib-2.0/include -I/home/jianglei/svg/build/usr/local/include'
GTKDOC_DEPS_LIBS='-L/home/jianglei/svg/build/usr/local/lib -lgobject-2.0 -lglib-2.0 -lintl -liconv'
GTKDOC_MKPDF='/usr/bin/gtkdoc-mkpdf'
GTKDOC_REBASE='/usr/bin/gtkdoc-rebase'
GTK_DOC_BUILD_HTML_FALSE='#'
GTK_DOC_BUILD_HTML_TRUE=''
GTK_DOC_BUILD_PDF_FALSE=''
GTK_DOC_BUILD_PDF_TRUE='#'
GTK_DOC_USE_LIBTOOL_FALSE='#'
GTK_DOC_USE_LIBTOOL_TRUE=''
GTK_DOC_USE_REBASE_FALSE='#'
GTK_DOC_USE_REBASE_TRUE=''
G_DISABLE_CHECKS='0'
HAVE_GTK_DOC_FALSE=''
HAVE_GTK_DOC_TRUE='#'
HTML_DIR='${datadir}/gtk-doc/html'
INSTALL_DATA='${INSTALL} -m 644'
INSTALL_PROGRAM='${INSTALL}'
INSTALL_SCRIPT='${INSTALL}'
INSTALL_STRIP_PROGRAM='$(install_sh) -c -s'
LD='aarch64-linux-android-ld'
LDFLAGS=''
LIBCROCO_AGE='0'
LIBCROCO_CURRENT='3'
LIBCROCO_MAJOR_VERSION='0'
LIBCROCO_MICRO_VERSION='12'
LIBCROCO_MINOR_VERSION='6'
LIBCROCO_VERSION='0.6.12'
LIBCROCO_VERSION_INFO='3:1:0'
LIBCROCO_VERSION_NUMBER='612'
LIBOBJS=''
LIBS=''
LIBTOOL='$(SHELL) $(top_builddir)/libtool'
LIPO=''
LN_S='ln -s'
LTLIBOBJS=''
LT_SYS_LIBRARY_PATH=''
MAINT=''
MAINTAINER_MODE_FALSE='#'
MAINTAINER_MODE_TRUE=''
MAKEINFO='${SHELL} /home/jianglei/svg/libcroco-0.6.13/missing makeinfo'
MANIFEST_TOOL=':'
MKDIR_P='/bin/mkdir -p'
MSVC_BASE_NO_TOOLSET_SET_FALSE='#'
MSVC_BASE_NO_TOOLSET_SET_TRUE=''
MSVC_NO_TOOLSET_SET_FALSE='#'
MSVC_NO_TOOLSET_SET_TRUE=''
NM='aarch64-linux-android-nm'
NMEDIT=''
OBJDUMP='aarch64-linux-android-objdump'
OBJEXT='o'
OTOOL64=''
OTOOL=''
PACKAGE='libcroco'
PACKAGE_BUGREPORT='http://bugzilla.gnome.org/enter_bug.cgi?product=libcroco'
PACKAGE_NAME='libcroco'
PACKAGE_STRING='libcroco 0.6.13'
PACKAGE_TARNAME='libcroco'
PACKAGE_URL=''
PACKAGE_VERSION='0.6.13'
PATH_SEPARATOR=':'
PKG_CONFIG='/usr/bin/pkg-config'
PKG_CONFIG_LIBDIR='/home/jianglei/svg/build/usr/local/lib/pkgconfig'
PKG_CONFIG_PATH=''
PLATFORM_WIN32_FALSE=''
PLATFORM_WIN32_TRUE='#'
RANLIB='aarch64-linux-android-ranlib'
SED='/bin/sed'
SET_MAKE=''
SHELL='/bin/bash'
STRIP='aarch64-linux-android-strip'
VERSION='0.6.13'
ac_ct_AR=''
ac_ct_CC=''
ac_ct_DUMPBIN=''
am__EXEEXT_FALSE=''
am__EXEEXT_TRUE='#'
am__fastdepCC_FALSE='#'
am__fastdepCC_TRUE=''
am__include='include'
am__isrc=''
am__leading_dot='.'
am__nodep='_no'
am__quote=''
am__tar='tar --format=ustar -chf - "$$tardir"'
am__untar='tar -xf -'
bindir='${exec_prefix}/bin'
build='x86_64-pc-linux-gnu'
build_alias=''
build_cpu='x86_64'
build_os='linux-gnu'
build_vendor='pc'
datadir='${datarootdir}'
datarootdir='${prefix}/share'
docdir='${datarootdir}/doc/${PACKAGE_TARNAME}'
dvidir='${docdir}'
exec_prefix='${prefix}'
host='aarch64-unknown-linux-gnu'
host_alias='aarch64-linux'
host_cpu='aarch64'
host_os='linux-gnu'
host_vendor='unknown'
htmldir='${docdir}'
includedir='${prefix}/include'
infodir='${datarootdir}/info'
install_sh='${SHELL} /home/jianglei/svg/libcroco-0.6.13/install-sh'
libdir='${exec_prefix}/lib'
libexecdir='${exec_prefix}/libexec'
localedir='${datarootdir}/locale'
localstatedir='${prefix}/var'
mandir='${datarootdir}/man'
mkdir_p='$(MKDIR_P)'
oldincludedir='/usr/include'
pdfdir='${docdir}'
prefix='/home/jianglei/svg/build/usr/local'
program_transform_name='s,x,x,'
psdir='${docdir}'
sbindir='${exec_prefix}/sbin'
sharedstatedir='${prefix}/com'
sysconfdir='${prefix}/etc'
target_alias=''

## ----------- ##
## confdefs.h. ##
## ----------- ##

/* confdefs.h */
#define PACKAGE_NAME "libcroco"
#define PACKAGE_TARNAME "libcroco"
#define PACKAGE_VERSION "0.6.13"
#define PACKAGE_STRING "libcroco 0.6.13"
#define PACKAGE_BUGREPORT "http://bugzilla.gnome.org/enter_bug.cgi?product=libcroco"
#define PACKAGE_URL ""
#define PACKAGE "libcroco"
#define VERSION "0.6.13"
#define STDC_HEADERS 1
#define HAVE_SYS_TYPES_H 1
#define HAVE_SYS_STAT_H 1
#define HAVE_STDLIB_H 1
#define HAVE_STRING_H 1
#define HAVE_MEMORY_H 1
#define HAVE_STRINGS_H 1
#define HAVE_INTTYPES_H 1
#define HAVE_STDINT_H 1
#define HAVE_UNISTD_H 1
#define HAVE_DLFCN_H 1
#define LT_OBJDIR ".libs/"

configure: exit 0
