This file contains any messages produced by compilers while
running configure, to aid debugging if configure makes a mistake.

It was created by gettext configure 0.20.1, which was
generated by GNU Autoconf 2.69.  Invocation command line was

  $ ./configure --disable-tools --disable-pixbuf-loader --enable-introspection=no --host=arm-linux CFLAGS=--sysroot=/home/jianglei/android-ndk-r17/NDK/arm64/sysroot --with-python=no --with-modules=no --with-ftp=no --disable-raw-api --disable-structs --enable-purify-safety --without-python --enable-libmount=no --enable-shared=no --enable-png=yes --prefix=/home/jianglei/svg/build/usr/local --disable-java --without-emacs --without-git --disable-c++ --disable-curses --disable-openmp --disable-acl

## --------- ##
## Platform. ##
## --------- ##

hostname = jianglei
uname -m = x86_64
uname -r = 4.15.0-20-generic
uname -s = Linux
uname -v = #21-Ubuntu SMP Tue Apr 24 06:16:15 UTC 2018

/usr/bin/uname -p = unknown
/bin/uname -X     = unknown

/bin/arch              = unknown
/usr/bin/arch -k       = unknown
/usr/convex/getsysinfo = unknown
/usr/bin/hostinfo      = unknown
/bin/machine           = unknown
/usr/bin/oslevel       = unknown
/bin/universe          = unknown

PATH: /home/jianglei/.cargo/bin
PATH: /usr/local/sbin
PATH: /usr/local/bin
PATH: /usr/sbin
PATH: /usr/bin
PATH: /sbin
PATH: /bin
PATH: /usr/games
PATH: /usr/local/games
PATH: /snap/bin
PATH: /home/jianglei/android-ndk-r17/NDK/arm64/bin


## ----------- ##
## Core tests. ##
## ----------- ##

configure:1937: checking for a BSD-compatible install
configure:2005: result: /usr/bin/install -c
configure:2016: checking whether build environment is sane
configure:2071: result: yes
configure:2130: checking for arm-linux-strip
configure:2157: result: aarch64-linux-android-strip
configure:2222: checking for a thread-safe mkdir -p
configure:2261: result: /bin/mkdir -p
configure:2268: checking for gawk
configure:2298: result: no
configure:2268: checking for mawk
configure:2284: found /usr/bin/mawk
configure:2295: result: mawk
configure:2306: checking whether make sets $(MAKE)
configure:2328: result: yes
configure:2357: checking whether make supports nested variables
configure:2374: result: yes
configure:2463: checking whether UID '1000' is supported by ustar format
configure:2466: result: yes
configure:2473: checking whether GID '1000' is supported by ustar format
configure:2476: result: yes
configure:2484: checking how to create a ustar tar archive
configure:2495: tar --version
tar (GNU tar) 1.29
Copyright (C) 2015 Free Software Foundation, Inc.
License GPLv3+: GNU GPL version 3 or later <http://gnu.org/licenses/gpl.html>.
This is free software: you are free to change and redistribute it.
There is NO WARRANTY, to the extent permitted by law.

Written by John Gilmore and Jay Fenlason.
configure:2498: $? = 0
configure:2538: tardir=conftest.dir && eval tar --format=ustar -chf - "$tardir" >conftest.tar
configure:2541: $? = 0
configure:2545: tar -xf - <conftest.tar
configure:2548: $? = 0
configure:2550: cat conftest.dir/file
GrepMe
configure:2553: $? = 0
configure:2566: result: gnutar
configure:2635: checking build system type
configure:2649: result: x86_64-pc-linux-gnu
configure:2669: checking host system type
configure:2682: result: arm-unknown-linux-gnu
configure:3363: checking that generated files are newer than configure
configure:3369: result: done
configure:3377: creating ./config.status

## ---------------------- ##
## Running config.status. ##
## ---------------------- ##

This file was extended by gettext config.status 0.20.1, which was
generated by GNU Autoconf 2.69.  Invocation command line was

  CONFIG_FILES    = 
  CONFIG_HEADERS  = 
  CONFIG_LINKS    = 
  CONFIG_COMMANDS = 
  $ ./config.status 

on jianglei

config.status:765: creating Makefile
config.status:765: creating gnulib-local/Makefile
configure:4463: === configuring in gettext-runtime (/home/jianglei/svg/gettext-0.20.1/gettext-runtime)
configure:4526: running /bin/bash ./configure --disable-option-checking '--prefix=/home/jianglei/svg/build/usr/local'  '--disable-tools' '--disable-pixbuf-loader' '--enable-introspection=no' '--host=arm-linux' 'CFLAGS=--sysroot=/home/jianglei/android-ndk-r17/NDK/arm64/sysroot' '--with-python=no' '--with-modules=no' '--with-ftp=no' '--disable-raw-api' '--disable-structs' '--enable-purify-safety' '--without-python' '--enable-libmount=no' '--enable-shared=no' '--enable-png=yes' '--disable-java' '--without-emacs' '--without-git' '--disable-c++' '--disable-curses' '--disable-openmp' '--disable-acl' 'host_alias=arm-linux' 'CC=aarch64-linux-android-gcc' 'CXX=aarch64-linux-android-c++' --cache-file=/dev/null --srcdir=.
configure:4463: === configuring in libtextstyle (/home/jianglei/svg/gettext-0.20.1/libtextstyle)
configure:4526: running /bin/bash ./configure --disable-option-checking '--prefix=/home/jianglei/svg/build/usr/local'  '--disable-tools' '--disable-pixbuf-loader' '--enable-introspection=no' '--host=arm-linux' 'CFLAGS=--sysroot=/home/jianglei/android-ndk-r17/NDK/arm64/sysroot' '--with-python=no' '--with-modules=no' '--with-ftp=no' '--disable-raw-api' '--disable-structs' '--enable-purify-safety' '--without-python' '--enable-libmount=no' '--enable-shared=no' '--enable-png=yes' '--disable-java' '--without-emacs' '--without-git' '--disable-c++' '--disable-curses' '--disable-openmp' '--disable-acl' 'host_alias=arm-linux' 'CC=aarch64-linux-android-gcc' 'CXX=aarch64-linux-android-c++' --cache-file=/dev/null --srcdir=.
configure:4463: === configuring in gettext-tools (/home/jianglei/svg/gettext-0.20.1/gettext-tools)
configure:4526: running /bin/bash ./configure --disable-option-checking '--prefix=/home/jianglei/svg/build/usr/local'  '--disable-tools' '--disable-pixbuf-loader' '--enable-introspection=no' '--host=arm-linux' 'CFLAGS=--sysroot=/home/jianglei/android-ndk-r17/NDK/arm64/sysroot' '--with-python=no' '--with-modules=no' '--with-ftp=no' '--disable-raw-api' '--disable-structs' '--enable-purify-safety' '--without-python' '--enable-libmount=no' '--enable-shared=no' '--enable-png=yes' '--disable-java' '--without-emacs' '--without-git' '--disable-c++' '--disable-curses' '--disable-openmp' '--disable-acl' 'host_alias=arm-linux' 'CC=aarch64-linux-android-gcc' 'CXX=aarch64-linux-android-c++' --cache-file=/dev/null --srcdir=.

## ---------------- ##
## Cache variables. ##
## ---------------- ##

ac_cv_build=x86_64-pc-linux-gnu
ac_cv_env_CC_set=set
ac_cv_env_CC_value=aarch64-linux-android-gcc
ac_cv_env_CFLAGS_set=set
ac_cv_env_CFLAGS_value=--sysroot=/home/jianglei/android-ndk-r17/NDK/arm64/sysroot
ac_cv_env_CPPFLAGS_set=
ac_cv_env_CPPFLAGS_value=
ac_cv_env_CPP_set=
ac_cv_env_CPP_value=
ac_cv_env_CXXCPP_set=
ac_cv_env_CXXCPP_value=
ac_cv_env_CXXFLAGS_set=
ac_cv_env_CXXFLAGS_value=
ac_cv_env_CXX_set=set
ac_cv_env_CXX_value=aarch64-linux-android-c++
ac_cv_env_EMACSLOADPATH_set=
ac_cv_env_EMACSLOADPATH_value=
ac_cv_env_EMACS_set=
ac_cv_env_EMACS_value=
ac_cv_env_LDFLAGS_set=
ac_cv_env_LDFLAGS_value=
ac_cv_env_LIBS_set=
ac_cv_env_LIBS_value=
ac_cv_env_LT_SYS_LIBRARY_PATH_set=
ac_cv_env_LT_SYS_LIBRARY_PATH_value=
ac_cv_env_YACC_set=
ac_cv_env_YACC_value=
ac_cv_env_YFLAGS_set=
ac_cv_env_YFLAGS_value=
ac_cv_env_build_alias_set=
ac_cv_env_build_alias_value=
ac_cv_env_host_alias_set=set
ac_cv_env_host_alias_value=arm-linux
ac_cv_env_target_alias_set=
ac_cv_env_target_alias_value=
ac_cv_host=arm-unknown-linux-gnu
ac_cv_path_install='/usr/bin/install -c'
ac_cv_path_mkdir=/bin/mkdir
ac_cv_prog_AWK=mawk
ac_cv_prog_STRIP=aarch64-linux-android-strip
ac_cv_prog_make_make_set=yes
am_cv_make_support_nested_variables=yes
am_cv_prog_tar_ustar=gnutar

## ----------------- ##
## Output variables. ##
## ----------------- ##

ACLOCAL='${SHELL} /home/jianglei/svg/gettext-0.20.1/build-aux/missing aclocal-1.16'
AMTAR='$${TAR-tar}'
AM_BACKSLASH='\'
AM_DEFAULT_V='$(AM_DEFAULT_VERBOSITY)'
AM_DEFAULT_VERBOSITY='1'
AM_V='$(V)'
AUTOCONF='${SHELL} /home/jianglei/svg/gettext-0.20.1/build-aux/missing autoconf'
AUTOHEADER='${SHELL} /home/jianglei/svg/gettext-0.20.1/build-aux/missing autoheader'
AUTOMAKE='${SHELL} /home/jianglei/svg/gettext-0.20.1/build-aux/missing automake-1.16'
AWK='mawk'
CC='aarch64-linux-android-gcc'
CFLAGS='--sysroot=/home/jianglei/android-ndk-r17/NDK/arm64/sysroot'
CPP=''
CPPFLAGS=''
CXX='aarch64-linux-android-c++'
CXXCPP=''
CXXFLAGS=''
CYGPATH_W='echo'
DEFS='-DPACKAGE_NAME=\"gettext\" -DPACKAGE_TARNAME=\"gettext\" -DPACKAGE_VERSION=\"0.20.1\" -DPACKAGE_STRING=\"gettext\ 0.20.1\" -DPACKAGE_BUGREPORT=\"bug-gettext@gnu.org\" -DPACKAGE_URL=\"\" -DPACKAGE=\"gettext\" -DVERSION=\"0.20.1\"'
ECHO_C=''
ECHO_N='-n'
ECHO_T=''
EMACS=''
EMACSLOADPATH=''
INSTALL_DATA='${INSTALL} -m 644'
INSTALL_PROGRAM='${INSTALL}'
INSTALL_SCRIPT='${INSTALL}'
INSTALL_STRIP_PROGRAM='$(install_sh) -c -s'
LDFLAGS=''
LIBOBJS=''
LIBS=''
LTLIBOBJS=''
LT_SYS_LIBRARY_PATH=''
MAKEINFO='${SHELL} /home/jianglei/svg/gettext-0.20.1/build-aux/missing makeinfo'
MKDIR_P='/bin/mkdir -p'
PACKAGE='gettext'
PACKAGE_BUGREPORT='bug-gettext@gnu.org'
PACKAGE_NAME='gettext'
PACKAGE_STRING='gettext 0.20.1'
PACKAGE_TARNAME='gettext'
PACKAGE_URL=''
PACKAGE_VERSION='0.20.1'
PATH_SEPARATOR=':'
SET_MAKE=''
SHELL='/bin/bash'
STRIP='aarch64-linux-android-strip'
VERSION='0.20.1'
YACC=''
YFLAGS=''
am__isrc=''
am__leading_dot='.'
am__tar='${AMTAR} chf - --format=ustar --owner=root --group=root "$$tardir"'
am__untar='tar -xf -'
bindir='${exec_prefix}/bin'
build='x86_64-pc-linux-gnu'
build_alias=''
build_cpu='x86_64'
build_os='linux-gnu'
build_vendor='pc'
datadir='${datarootdir}'
datarootdir='${prefix}/share'
docdir='${datarootdir}/doc/${PACKAGE_TARNAME}'
dvidir='${docdir}'
exec_prefix='${prefix}'
host='arm-unknown-linux-gnu'
host_alias='arm-linux'
host_cpu='arm'
host_os='linux-gnu'
host_vendor='unknown'
htmldir='${docdir}'
includedir='${prefix}/include'
infodir='${datarootdir}/info'
install_sh='${SHELL} /home/jianglei/svg/gettext-0.20.1/build-aux/install-sh'
libdir='${exec_prefix}/lib'
libexecdir='${exec_prefix}/libexec'
localedir='${datarootdir}/locale'
localstatedir='${prefix}/var'
mandir='${datarootdir}/man'
mkdir_p='$(MKDIR_P)'
oldincludedir='/usr/include'
pdfdir='${docdir}'
prefix='/home/jianglei/svg/build/usr/local'
program_transform_name='s,x,x,'
psdir='${docdir}'
sbindir='${exec_prefix}/sbin'
sharedstatedir='${prefix}/com'
subdirs=' gettext-runtime libtextstyle gettext-tools'
sysconfdir='${prefix}/etc'
target_alias=''

## ----------- ##
## confdefs.h. ##
## ----------- ##

/* confdefs.h */
#define PACKAGE_NAME "gettext"
#define PACKAGE_TARNAME "gettext"
#define PACKAGE_VERSION "0.20.1"
#define PACKAGE_STRING "gettext 0.20.1"
#define PACKAGE_BUGREPORT "bug-gettext@gnu.org"
#define PACKAGE_URL ""
#define PACKAGE "gettext"
#define VERSION "0.20.1"

configure: exit 0
