This file contains any messages produced by compilers while
running configure, to aid debugging if configure makes a mistake.

It was created by HarfBuzz configure 2.1.3, which was
generated by GNU Autoconf 2.69.  Invocation command line was

  $ ./configure --host=aarch64-linux CFLAGS=-D__ANDROID_API__=21 --sysroot=/home/jianglei/android-ndk-r17/NDK/arm64/sysroot --prefix=/home/jianglei/svg/build/usr/local --with-icu=no

## --------- ##
## Platform. ##
## --------- ##

hostname = jianglei
uname -m = x86_64
uname -r = 4.15.0-20-generic
uname -s = Linux
uname -v = #21-Ubuntu SMP Tue Apr 24 06:16:15 UTC 2018

/usr/bin/uname -p = unknown
/bin/uname -X     = unknown

/bin/arch              = unknown
/usr/bin/arch -k       = unknown
/usr/convex/getsysinfo = unknown
/usr/bin/hostinfo      = unknown
/bin/machine           = unknown
/usr/bin/oslevel       = unknown
/bin/universe          = unknown

PATH: /home/jianglei/.cargo/bin
PATH: /usr/local/sbin
PATH: /usr/local/bin
PATH: /usr/sbin
PATH: /usr/bin
PATH: /sbin
PATH: /bin
PATH: /usr/games
PATH: /usr/local/games
PATH: /snap/bin
PATH: /home/jianglei/android-ndk-r17/NDK/arm64/bin


## ----------- ##
## Core tests. ##
## ----------- ##

configure:3015: checking for a BSD-compatible install
configure:3083: result: /usr/bin/install -c
configure:3094: checking whether build environment is sane
configure:3149: result: yes
configure:3208: checking for aarch64-linux-strip
configure:3235: result: aarch64-linux-android-strip
configure:3300: checking for a thread-safe mkdir -p
configure:3339: result: /bin/mkdir -p
configure:3346: checking for gawk
configure:3376: result: no
configure:3346: checking for mawk
configure:3362: found /usr/bin/mawk
configure:3373: result: mawk
configure:3384: checking whether make sets $(MAKE)
configure:3406: result: yes
configure:3435: checking whether make supports nested variables
configure:3452: result: yes
configure:3532: checking whether UID '1000' is supported by ustar format
configure:3535: result: yes
configure:3542: checking whether GID '1000' is supported by ustar format
configure:3545: result: yes
configure:3553: checking how to create a ustar tar archive
configure:3564: tar --version
tar (GNU tar) 1.29
Copyright (C) 2015 Free Software Foundation, Inc.
License GPLv3+: GNU GPL version 3 or later <http://gnu.org/licenses/gpl.html>.
This is free software: you are free to change and redistribute it.
There is NO WARRANTY, to the extent permitted by law.

Written by John Gilmore and Jay Fenlason.
configure:3567: $? = 0
configure:3607: tardir=conftest.dir && eval tar --format=ustar -chf - "$tardir" >conftest.tar
configure:3610: $? = 0
configure:3614: tar -xf - <conftest.tar
configure:3617: $? = 0
configure:3619: cat conftest.dir/file
GrepMe
configure:3622: $? = 0
configure:3635: result: gnutar
configure:3696: checking whether make supports nested variables
configure:3713: result: yes
configure:3724: checking for a sed that does not truncate output
configure:3788: result: /bin/sed
configure:3806: checking whether to build with code coverage support
configure:3826: result: no
configure:4175: checking for style of include used by make
configure:4203: result: GNU
configure:4234: checking for aarch64-linux-gcc
configure:4261: result: aarch64-linux-android-gcc
configure:4530: checking for C compiler version
configure:4539: aarch64-linux-android-gcc --version >&5
aarch64-linux-android-gcc (GCC) 4.9.x 20150123 (prerelease)
Copyright (C) 2014 Free Software Foundation, Inc.
This is free software; see the source for copying conditions.  There is NO
warranty; not even for MERCHANTABILITY or FITNESS FOR A PARTICULAR PURPOSE.

configure:4550: $? = 0
configure:4539: aarch64-linux-android-gcc -v >&5
Using built-in specs.
COLLECT_GCC=aarch64-linux-android-gcc
COLLECT_LTO_WRAPPER=/home/jianglei/android-ndk-r17/NDK/arm64/bin/../libexec/gcc/aarch64-linux-android/4.9.x/lto-wrapper
Target: aarch64-linux-android
Configured with: /buildbot/src/android/gcc/toolchain/build/../gcc/gcc-4.9/configure --prefix=/tmp/d2087558cf57fc8b596d8eebe6b67058 --target=aarch64-linux-android --host=x86_64-linux-gnu --build=x86_64-linux-gnu --with-gnu-as --with-gnu-ld --enable-languages=c,c++ --with-gmp=/buildbot/tmp/build/toolchain/temp-install --with-mpfr=/buildbot/tmp/build/toolchain/temp-install --with-mpc=/buildbot/tmp/build/toolchain/temp-install --with-cloog=/buildbot/tmp/build/toolchain/temp-install --with-isl=/buildbot/tmp/build/toolchain/temp-install --with-ppl=/buildbot/tmp/build/toolchain/temp-install --disable-ppl-version-check --disable-cloog-version-check --disable-isl-version-check --enable-cloog-backend=isl --with-host-libstdcxx='-static-libgcc -Wl,-Bstatic,-lstdc++,-Bdynamic -lm' --disable-libssp --enable-threads --disable-nls --disable-libmudflap --disable-libgomp --disable-libstdc__-v3 --disable-sjlj-exceptions --disable-shared --disable-tls --disable-libitm --enable-bionic-libs --enable-libatomic-ifuncs=no --enable-initfini-array --disable-nls --prefix=/tmp/d2087558cf57fc8b596d8eebe6b67058 --with-sysroot=/tmp/d2087558cf57fc8b596d8eebe6b67058/sysroot --with-binutils-version=2.27 --with-mpfr-version=3.1.1 --with-mpc-version=1.0.1 --with-gmp-version=5.0.5 --with-gcc-version=4.9 --with-gdb-version=none --with-gxx-include-dir=/tmp/d2087558cf57fc8b596d8eebe6b67058/include/c++/4.9.x --with-bugurl=http://source.android.com/source/report-bugs.html --enable-languages=c,c++ --disable-bootstrap --enable-plugins --enable-libgomp --enable-gnu-indirect-function --disable-libsanitizer --enable-gold --enable-ld=default --enable-threads --enable-eh-frame-hdr-for-static --enable-fix-cortex-a53-835769 --enable-graphite=yes --with-isl-version=0.11.1 --with-cloog-version=0.18.0 --program-transform-name='s&^&aarch64-linux-android-&' --enable-gold
Thread model: posix
gcc version 4.9.x 20150123 (prerelease) (GCC) 
configure:4550: $? = 0
configure:4539: aarch64-linux-android-gcc -V >&5
aarch64-linux-android-gcc: error: unrecognized command line option '-V'
aarch64-linux-android-gcc: fatal error: no input files
compilation terminated.
configure:4550: $? = 1
configure:4539: aarch64-linux-android-gcc -qversion >&5
aarch64-linux-android-gcc: error: unrecognized command line option '-qversion'
aarch64-linux-android-gcc: fatal error: no input files
compilation terminated.
configure:4550: $? = 1
configure:4570: checking whether the C compiler works
configure:4592: aarch64-linux-android-gcc -D__ANDROID_API__=21 --sysroot=/home/jianglei/android-ndk-r17/NDK/arm64/sysroot   conftest.c  >&5
configure:4596: $? = 0
configure:4644: result: yes
configure:4647: checking for C compiler default output file name
configure:4649: result: a.out
configure:4655: checking for suffix of executables
configure:4662: aarch64-linux-android-gcc -o conftest -D__ANDROID_API__=21 --sysroot=/home/jianglei/android-ndk-r17/NDK/arm64/sysroot   conftest.c  >&5
configure:4666: $? = 0
configure:4688: result: 
configure:4710: checking whether we are cross compiling
configure:4718: aarch64-linux-android-gcc -o conftest -D__ANDROID_API__=21 --sysroot=/home/jianglei/android-ndk-r17/NDK/arm64/sysroot   conftest.c  >&5
configure:4722: $? = 0
configure:4729: ./conftest
./configure: line 4731: ./conftest: cannot execute binary file: Exec format error
configure:4733: $? = 126
configure:4748: result: yes
configure:4753: checking for suffix of object files
configure:4775: aarch64-linux-android-gcc -c -D__ANDROID_API__=21 --sysroot=/home/jianglei/android-ndk-r17/NDK/arm64/sysroot  conftest.c >&5
configure:4779: $? = 0
configure:4800: result: o
configure:4804: checking whether we are using the GNU C compiler
configure:4823: aarch64-linux-android-gcc -c -D__ANDROID_API__=21 --sysroot=/home/jianglei/android-ndk-r17/NDK/arm64/sysroot  conftest.c >&5
configure:4823: $? = 0
configure:4832: result: yes
configure:4841: checking whether aarch64-linux-android-gcc accepts -g
configure:4861: aarch64-linux-android-gcc -c -g  conftest.c >&5
configure:4861: $? = 0
configure:4902: result: yes
configure:4919: checking for aarch64-linux-android-gcc option to accept ISO C89
configure:4982: aarch64-linux-android-gcc  -c -D__ANDROID_API__=21 --sysroot=/home/jianglei/android-ndk-r17/NDK/arm64/sysroot  conftest.c >&5
configure:4982: $? = 0
configure:4995: result: none needed
configure:5020: checking whether aarch64-linux-android-gcc understands -c and -o together
configure:5042: aarch64-linux-android-gcc -c conftest.c -o conftest2.o
configure:5045: $? = 0
configure:5042: aarch64-linux-android-gcc -c conftest.c -o conftest2.o
configure:5045: $? = 0
configure:5057: result: yes
configure:5076: checking dependency style of aarch64-linux-android-gcc
configure:5187: result: gcc3
configure:5208: checking how to run the C preprocessor
configure:5239: aarch64-linux-android-gcc -E  conftest.c
configure:5239: $? = 0
configure:5253: aarch64-linux-android-gcc -E  conftest.c
conftest.c:9:28: fatal error: ac_nonexistent.h: No such file or directory
 #include <ac_nonexistent.h>
                            ^
compilation terminated.
configure:5253: $? = 1
configure: failed program was:
| /* confdefs.h */
| #define PACKAGE_NAME "HarfBuzz"
| #define PACKAGE_TARNAME "harfbuzz"
| #define PACKAGE_VERSION "2.1.3"
| #define PACKAGE_STRING "HarfBuzz 2.1.3"
| #define PACKAGE_BUGREPORT "https://github.com/harfbuzz/harfbuzz/issues/new"
| #define PACKAGE_URL "http://harfbuzz.org/"
| /* end confdefs.h.  */
| #include <ac_nonexistent.h>
configure:5278: result: aarch64-linux-android-gcc -E
configure:5298: aarch64-linux-android-gcc -E  conftest.c
configure:5298: $? = 0
configure:5312: aarch64-linux-android-gcc -E  conftest.c
conftest.c:9:28: fatal error: ac_nonexistent.h: No such file or directory
 #include <ac_nonexistent.h>
                            ^
compilation terminated.
configure:5312: $? = 1
configure: failed program was:
| /* confdefs.h */
| #define PACKAGE_NAME "HarfBuzz"
| #define PACKAGE_TARNAME "harfbuzz"
| #define PACKAGE_VERSION "2.1.3"
| #define PACKAGE_STRING "HarfBuzz 2.1.3"
| #define PACKAGE_BUGREPORT "https://github.com/harfbuzz/harfbuzz/issues/new"
| #define PACKAGE_URL "http://harfbuzz.org/"
| /* end confdefs.h.  */
| #include <ac_nonexistent.h>
configure:5341: checking for grep that handles long lines and -e
configure:5399: result: /bin/grep
configure:5404: checking for egrep
configure:5466: result: /bin/grep -E
configure:5471: checking for ANSI C header files
configure:5491: aarch64-linux-android-gcc -c -D__ANDROID_API__=21 --sysroot=/home/jianglei/android-ndk-r17/NDK/arm64/sysroot  conftest.c >&5
configure:5491: $? = 0
configure:5575: result: yes
configure:5588: checking for sys/types.h
configure:5588: aarch64-linux-android-gcc -c -D__ANDROID_API__=21 --sysroot=/home/jianglei/android-ndk-r17/NDK/arm64/sysroot  conftest.c >&5
configure:5588: $? = 0
configure:5588: result: yes
configure:5588: checking for sys/stat.h
configure:5588: aarch64-linux-android-gcc -c -D__ANDROID_API__=21 --sysroot=/home/jianglei/android-ndk-r17/NDK/arm64/sysroot  conftest.c >&5
configure:5588: $? = 0
configure:5588: result: yes
configure:5588: checking for stdlib.h
configure:5588: aarch64-linux-android-gcc -c -D__ANDROID_API__=21 --sysroot=/home/jianglei/android-ndk-r17/NDK/arm64/sysroot  conftest.c >&5
configure:5588: $? = 0
configure:5588: result: yes
configure:5588: checking for string.h
configure:5588: aarch64-linux-android-gcc -c -D__ANDROID_API__=21 --sysroot=/home/jianglei/android-ndk-r17/NDK/arm64/sysroot  conftest.c >&5
configure:5588: $? = 0
configure:5588: result: yes
configure:5588: checking for memory.h
configure:5588: aarch64-linux-android-gcc -c -D__ANDROID_API__=21 --sysroot=/home/jianglei/android-ndk-r17/NDK/arm64/sysroot  conftest.c >&5
configure:5588: $? = 0
configure:5588: result: yes
configure:5588: checking for strings.h
configure:5588: aarch64-linux-android-gcc -c -D__ANDROID_API__=21 --sysroot=/home/jianglei/android-ndk-r17/NDK/arm64/sysroot  conftest.c >&5
configure:5588: $? = 0
configure:5588: result: yes
configure:5588: checking for inttypes.h
configure:5588: aarch64-linux-android-gcc -c -D__ANDROID_API__=21 --sysroot=/home/jianglei/android-ndk-r17/NDK/arm64/sysroot  conftest.c >&5
configure:5588: $? = 0
configure:5588: result: yes
configure:5588: checking for stdint.h
configure:5588: aarch64-linux-android-gcc -c -D__ANDROID_API__=21 --sysroot=/home/jianglei/android-ndk-r17/NDK/arm64/sysroot  conftest.c >&5
configure:5588: $? = 0
configure:5588: result: yes
configure:5588: checking for unistd.h
configure:5588: aarch64-linux-android-gcc -c -D__ANDROID_API__=21 --sysroot=/home/jianglei/android-ndk-r17/NDK/arm64/sysroot  conftest.c >&5
configure:5588: $? = 0
configure:5588: result: yes
configure:5601: checking minix/config.h usability
configure:5601: aarch64-linux-android-gcc -c -D__ANDROID_API__=21 --sysroot=/home/jianglei/android-ndk-r17/NDK/arm64/sysroot  conftest.c >&5
conftest.c:52:26: fatal error: minix/config.h: No such file or directory
 #include <minix/config.h>
                          ^
compilation terminated.
configure:5601: $? = 1
configure: failed program was:
| /* confdefs.h */
| #define PACKAGE_NAME "HarfBuzz"
| #define PACKAGE_TARNAME "harfbuzz"
| #define PACKAGE_VERSION "2.1.3"
| #define PACKAGE_STRING "HarfBuzz 2.1.3"
| #define PACKAGE_BUGREPORT "https://github.com/harfbuzz/harfbuzz/issues/new"
| #define PACKAGE_URL "http://harfbuzz.org/"
| #define STDC_HEADERS 1
| #define HAVE_SYS_TYPES_H 1
| #define HAVE_SYS_STAT_H 1
| #define HAVE_STDLIB_H 1
| #define HAVE_STRING_H 1
| #define HAVE_MEMORY_H 1
| #define HAVE_STRINGS_H 1
| #define HAVE_INTTYPES_H 1
| #define HAVE_STDINT_H 1
| #define HAVE_UNISTD_H 1
| /* end confdefs.h.  */
| #include <stdio.h>
| #ifdef HAVE_SYS_TYPES_H
| # include <sys/types.h>
| #endif
| #ifdef HAVE_SYS_STAT_H
| # include <sys/stat.h>
| #endif
| #ifdef STDC_HEADERS
| # include <stdlib.h>
| # include <stddef.h>
| #else
| # ifdef HAVE_STDLIB_H
| #  include <stdlib.h>
| # endif
| #endif
| #ifdef HAVE_STRING_H
| # if !defined STDC_HEADERS && defined HAVE_MEMORY_H
| #  include <memory.h>
| # endif
| # include <string.h>
| #endif
| #ifdef HAVE_STRINGS_H
| # include <strings.h>
| #endif
| #ifdef HAVE_INTTYPES_H
| # include <inttypes.h>
| #endif
| #ifdef HAVE_STDINT_H
| # include <stdint.h>
| #endif
| #ifdef HAVE_UNISTD_H
| # include <unistd.h>
| #endif
| #include <minix/config.h>
configure:5601: result: no
configure:5601: checking minix/config.h presence
configure:5601: aarch64-linux-android-gcc -E  conftest.c
conftest.c:19:26: fatal error: minix/config.h: No such file or directory
 #include <minix/config.h>
                          ^
compilation terminated.
configure:5601: $? = 1
configure: failed program was:
| /* confdefs.h */
| #define PACKAGE_NAME "HarfBuzz"
| #define PACKAGE_TARNAME "harfbuzz"
| #define PACKAGE_VERSION "2.1.3"
| #define PACKAGE_STRING "HarfBuzz 2.1.3"
| #define PACKAGE_BUGREPORT "https://github.com/harfbuzz/harfbuzz/issues/new"
| #define PACKAGE_URL "http://harfbuzz.org/"
| #define STDC_HEADERS 1
| #define HAVE_SYS_TYPES_H 1
| #define HAVE_SYS_STAT_H 1
| #define HAVE_STDLIB_H 1
| #define HAVE_STRING_H 1
| #define HAVE_MEMORY_H 1
| #define HAVE_STRINGS_H 1
| #define HAVE_INTTYPES_H 1
| #define HAVE_STDINT_H 1
| #define HAVE_UNISTD_H 1
| /* end confdefs.h.  */
| #include <minix/config.h>
configure:5601: result: no
configure:5601: checking for minix/config.h
configure:5601: result: no
configure:5622: checking whether it is safe to define __EXTENSIONS__
configure:5640: aarch64-linux-android-gcc -c -D__ANDROID_API__=21 --sysroot=/home/jianglei/android-ndk-r17/NDK/arm64/sysroot  conftest.c >&5
configure:5640: $? = 0
configure:5647: result: yes
configure:5668: checking for aarch64-linux-ar
configure:5695: result: aarch64-linux-android-ar
configure:5765: checking the archiver (aarch64-linux-android-ar) interface
configure:5781: aarch64-linux-android-gcc -c -D__ANDROID_API__=21 --sysroot=/home/jianglei/android-ndk-r17/NDK/arm64/sysroot  conftest.c >&5
configure:5781: $? = 0
configure:5783: aarch64-linux-android-ar cru libconftest.a conftest.o >&5
configure:5786: $? = 0
configure:5814: result: ar
configure:5864: checking build system type
configure:5878: result: x86_64-pc-linux-gnu
configure:5898: checking host system type
configure:5911: result: aarch64-unknown-linux-gnu
configure:5952: checking how to print strings
configure:5979: result: printf
configure:6000: checking for a sed that does not truncate output
configure:6064: result: /bin/sed
configure:6082: checking for fgrep
configure:6144: result: /bin/grep -F
configure:6179: checking for ld used by aarch64-linux-android-gcc
configure:6246: result: aarch64-linux-android-ld
configure:6253: checking if the linker (aarch64-linux-android-ld) is GNU ld
configure:6268: result: yes
configure:6280: checking for BSD- or MS-compatible name lister (nm)
configure:6334: result: aarch64-linux-android-nm
configure:6464: checking the name lister (aarch64-linux-android-nm) interface
configure:6471: aarch64-linux-android-gcc -c -D__ANDROID_API__=21 --sysroot=/home/jianglei/android-ndk-r17/NDK/arm64/sysroot  conftest.c >&5
configure:6474: aarch64-linux-android-nm "conftest.o"
configure:6477: output
0000000000000000 B some_variable
configure:6484: result: BSD nm
configure:6487: checking whether ln -s works
configure:6491: result: yes
configure:6499: checking the maximum length of command line arguments
configure:6630: result: 1572864
configure:6678: checking how to convert x86_64-pc-linux-gnu file names to aarch64-unknown-linux-gnu format
configure:6718: result: func_convert_file_noop
configure:6725: checking how to convert x86_64-pc-linux-gnu file names to toolchain format
configure:6745: result: func_convert_file_noop
configure:6752: checking for aarch64-linux-android-ld option to reload object files
configure:6759: result: -r
configure:6793: checking for aarch64-linux-objdump
configure:6820: result: aarch64-linux-android-objdump
configure:6892: checking how to recognize dependent libraries
configure:7092: result: pass_all
configure:7137: checking for aarch64-linux-dlltool
configure:7167: result: no
configure:7177: checking for dlltool
configure:7207: result: no
configure:7237: checking how to associate runtime and link libraries
configure:7264: result: printf %s\n
configure:7280: checking for aarch64-linux-ar
configure:7307: result: aarch64-linux-android-ar
configure:7388: checking for archiver @FILE support
configure:7405: aarch64-linux-android-gcc -c -D__ANDROID_API__=21 --sysroot=/home/jianglei/android-ndk-r17/NDK/arm64/sysroot  conftest.c >&5
configure:7405: $? = 0
configure:7408: aarch64-linux-android-ar cru libconftest.a @conftest.lst >&5
configure:7411: $? = 0
configure:7416: aarch64-linux-android-ar cru libconftest.a @conftest.lst >&5
aarch64-linux-android-ar: conftest.o: No such file or directory
configure:7419: $? = 1
configure:7431: result: @
configure:7449: checking for aarch64-linux-strip
configure:7476: result: aarch64-linux-android-strip
configure:7548: checking for aarch64-linux-ranlib
configure:7575: result: aarch64-linux-android-ranlib
configure:7717: checking command to parse aarch64-linux-android-nm output from aarch64-linux-android-gcc object
configure:7870: aarch64-linux-android-gcc -c -D__ANDROID_API__=21 --sysroot=/home/jianglei/android-ndk-r17/NDK/arm64/sysroot  conftest.c >&5
configure:7873: $? = 0
configure:7877: aarch64-linux-android-nm conftest.o \| sed -n -e 's/^.*[ ]\([ABCDGIRSTW][ABCDGIRSTW]*\)[ ][ ]*\([_A-Za-z][_A-Za-z0-9]*\)$/\1 \2 \2/p' | sed '/ __gnu_lto/d' \> conftest.nm
configure:7880: $? = 0
configure:7946: aarch64-linux-android-gcc -o conftest -D__ANDROID_API__=21 --sysroot=/home/jianglei/android-ndk-r17/NDK/arm64/sysroot   conftest.c conftstm.o >&5
configure:7949: $? = 0
configure:7987: result: ok
configure:8034: checking for sysroot
configure:8064: result: no
configure:8071: checking for a working dd
configure:8109: result: /bin/dd
configure:8113: checking how to truncate binary pipes
configure:8128: result: /bin/dd bs=4096 count=1
configure:8417: checking for aarch64-linux-mt
configure:8447: result: no
configure:8457: checking for mt
configure:8473: found /bin/mt
configure:8484: result: mt
configure:8496: WARNING: using cross tools not prefixed with host triplet
configure:8507: checking if mt is a manifest tool
configure:8513: mt '-?'
configure:8521: result: no
configure:9195: checking for dlfcn.h
configure:9195: aarch64-linux-android-gcc -c -D__ANDROID_API__=21 --sysroot=/home/jianglei/android-ndk-r17/NDK/arm64/sysroot  conftest.c >&5
configure:9195: $? = 0
configure:9195: result: yes
configure:9450: checking for objdir
configure:9465: result: .libs
configure:9729: checking if aarch64-linux-android-gcc supports -fno-rtti -fno-exceptions
configure:9747: aarch64-linux-android-gcc -c -D__ANDROID_API__=21 --sysroot=/home/jianglei/android-ndk-r17/NDK/arm64/sysroot  -fno-rtti -fno-exceptions conftest.c >&5
cc1: warning: command line option '-fno-rtti' is valid for C++/ObjC++ but not for C
configure:9751: $? = 0
configure:9764: result: no
configure:10122: checking for aarch64-linux-android-gcc option to produce PIC
configure:10129: result: -fPIC -DPIC
configure:10137: checking if aarch64-linux-android-gcc PIC flag -fPIC -DPIC works
configure:10155: aarch64-linux-android-gcc -c -D__ANDROID_API__=21 --sysroot=/home/jianglei/android-ndk-r17/NDK/arm64/sysroot  -fPIC -DPIC -DPIC conftest.c >&5
configure:10159: $? = 0
configure:10172: result: yes
configure:10201: checking if aarch64-linux-android-gcc static flag -static works
configure:10229: result: yes
configure:10244: checking if aarch64-linux-android-gcc supports -c -o file.o
configure:10265: aarch64-linux-android-gcc -c -D__ANDROID_API__=21 --sysroot=/home/jianglei/android-ndk-r17/NDK/arm64/sysroot  -o out/conftest2.o conftest.c >&5
configure:10269: $? = 0
configure:10291: result: yes
configure:10299: checking if aarch64-linux-android-gcc supports -c -o file.o
configure:10346: result: yes
configure:10379: checking whether the aarch64-linux-android-gcc linker (aarch64-linux-android-ld) supports shared libraries
configure:11642: result: yes
configure:11679: checking whether -lc should be explicitly linked in
configure:11687: aarch64-linux-android-gcc -c -D__ANDROID_API__=21 --sysroot=/home/jianglei/android-ndk-r17/NDK/arm64/sysroot  conftest.c >&5
configure:11690: $? = 0
configure:11705: aarch64-linux-android-gcc -shared  -fPIC -DPIC conftest.o  -v -Wl,-soname -Wl,conftest -o conftest 2\>\&1 \| /bin/grep  -lc  \>/dev/null 2\>\&1
configure:11708: $? = 0
configure:11722: result: no
configure:11882: checking dynamic linker characteristics
configure:12463: aarch64-linux-android-gcc -o conftest -D__ANDROID_API__=21 --sysroot=/home/jianglei/android-ndk-r17/NDK/arm64/sysroot   -Wl,-rpath -Wl,/foo conftest.c  >&5
configure:12463: $? = 0
configure:12712: result: GNU/Linux ld.so
configure:12834: checking how to hardcode library paths into programs
configure:12859: result: immediate
configure:13407: checking whether stripping libraries is possible
configure:13412: result: yes
configure:13447: checking if libtool supports shared libraries
configure:13449: result: yes
configure:13452: checking whether to build shared libraries
configure:13477: result: yes
configure:13480: checking whether to build static libraries
configure:13484: result: no
configure:13531: checking for aarch64-linux-gcc
configure:13558: result: aarch64-linux-android-gcc
configure:13827: checking for C compiler version
configure:13836: aarch64-linux-android-gcc --version >&5
aarch64-linux-android-gcc (GCC) 4.9.x 20150123 (prerelease)
Copyright (C) 2014 Free Software Foundation, Inc.
This is free software; see the source for copying conditions.  There is NO
warranty; not even for MERCHANTABILITY or FITNESS FOR A PARTICULAR PURPOSE.

configure:13847: $? = 0
configure:13836: aarch64-linux-android-gcc -v >&5
Using built-in specs.
COLLECT_GCC=aarch64-linux-android-gcc
COLLECT_LTO_WRAPPER=/home/jianglei/android-ndk-r17/NDK/arm64/bin/../libexec/gcc/aarch64-linux-android/4.9.x/lto-wrapper
Target: aarch64-linux-android
Configured with: /buildbot/src/android/gcc/toolchain/build/../gcc/gcc-4.9/configure --prefix=/tmp/d2087558cf57fc8b596d8eebe6b67058 --target=aarch64-linux-android --host=x86_64-linux-gnu --build=x86_64-linux-gnu --with-gnu-as --with-gnu-ld --enable-languages=c,c++ --with-gmp=/buildbot/tmp/build/toolchain/temp-install --with-mpfr=/buildbot/tmp/build/toolchain/temp-install --with-mpc=/buildbot/tmp/build/toolchain/temp-install --with-cloog=/buildbot/tmp/build/toolchain/temp-install --with-isl=/buildbot/tmp/build/toolchain/temp-install --with-ppl=/buildbot/tmp/build/toolchain/temp-install --disable-ppl-version-check --disable-cloog-version-check --disable-isl-version-check --enable-cloog-backend=isl --with-host-libstdcxx='-static-libgcc -Wl,-Bstatic,-lstdc++,-Bdynamic -lm' --disable-libssp --enable-threads --disable-nls --disable-libmudflap --disable-libgomp --disable-libstdc__-v3 --disable-sjlj-exceptions --disable-shared --disable-tls --disable-libitm --enable-bionic-libs --enable-libatomic-ifuncs=no --enable-initfini-array --disable-nls --prefix=/tmp/d2087558cf57fc8b596d8eebe6b67058 --with-sysroot=/tmp/d2087558cf57fc8b596d8eebe6b67058/sysroot --with-binutils-version=2.27 --with-mpfr-version=3.1.1 --with-mpc-version=1.0.1 --with-gmp-version=5.0.5 --with-gcc-version=4.9 --with-gdb-version=none --with-gxx-include-dir=/tmp/d2087558cf57fc8b596d8eebe6b67058/include/c++/4.9.x --with-bugurl=http://source.android.com/source/report-bugs.html --enable-languages=c,c++ --disable-bootstrap --enable-plugins --enable-libgomp --enable-gnu-indirect-function --disable-libsanitizer --enable-gold --enable-ld=default --enable-threads --enable-eh-frame-hdr-for-static --enable-fix-cortex-a53-835769 --enable-graphite=yes --with-isl-version=0.11.1 --with-cloog-version=0.18.0 --program-transform-name='s&^&aarch64-linux-android-&' --enable-gold
Thread model: posix
gcc version 4.9.x 20150123 (prerelease) (GCC) 
configure:13847: $? = 0
configure:13836: aarch64-linux-android-gcc -V >&5
aarch64-linux-android-gcc: error: unrecognized command line option '-V'
aarch64-linux-android-gcc: fatal error: no input files
compilation terminated.
configure:13847: $? = 1
configure:13836: aarch64-linux-android-gcc -qversion >&5
aarch64-linux-android-gcc: error: unrecognized command line option '-qversion'
aarch64-linux-android-gcc: fatal error: no input files
compilation terminated.
configure:13847: $? = 1
configure:13851: checking whether we are using the GNU C compiler
configure:13879: result: yes
configure:13888: checking whether aarch64-linux-android-gcc accepts -g
configure:13949: result: yes
configure:13966: checking for aarch64-linux-android-gcc option to accept ISO C89
configure:14042: result: none needed
configure:14067: checking whether aarch64-linux-android-gcc understands -c and -o together
configure:14104: result: yes
configure:14123: checking dependency style of aarch64-linux-android-gcc
configure:14234: result: gcc3
configure:14249: checking for aarch64-linux-android-gcc option to accept ISO C99
configure:14398: aarch64-linux-android-gcc  -c -D__ANDROID_API__=21 --sysroot=/home/jianglei/android-ndk-r17/NDK/arm64/sysroot  conftest.c >&5
conftest.c:76:29: error: expected ';', ',' or ')' before 'text'
 test_restrict (ccp restrict text)
                             ^
conftest.c: In function 'main':
conftest.c:130:18: error: expected '=', ',', ';', 'asm' or '__attribute__' before 'newvar'
   char *restrict newvar = "Another string";
                  ^
conftest.c:130:18: error: 'newvar' undeclared (first use in this function)
conftest.c:130:18: note: each undeclared identifier is reported only once for each function it appears in
conftest.c:140:3: error: 'for' loop initial declarations are only allowed in C99 or C11 mode
   for (int i = 0; i < ia->datasize; ++i)
   ^
conftest.c:140:3: note: use option -std=c99, -std=gnu99, -std=c11 or -std=gnu11 to compile your code
configure:14398: $? = 1
configure: failed program was:
| /* confdefs.h */
| #define PACKAGE_NAME "HarfBuzz"
| #define PACKAGE_TARNAME "harfbuzz"
| #define PACKAGE_VERSION "2.1.3"
| #define PACKAGE_STRING "HarfBuzz 2.1.3"
| #define PACKAGE_BUGREPORT "https://github.com/harfbuzz/harfbuzz/issues/new"
| #define PACKAGE_URL "http://harfbuzz.org/"
| #define STDC_HEADERS 1
| #define HAVE_SYS_TYPES_H 1
| #define HAVE_SYS_STAT_H 1
| #define HAVE_STDLIB_H 1
| #define HAVE_STRING_H 1
| #define HAVE_MEMORY_H 1
| #define HAVE_STRINGS_H 1
| #define HAVE_INTTYPES_H 1
| #define HAVE_STDINT_H 1
| #define HAVE_UNISTD_H 1
| #define __EXTENSIONS__ 1
| #define _ALL_SOURCE 1
| #define _GNU_SOURCE 1
| #define _POSIX_PTHREAD_SEMANTICS 1
| #define _TANDEM_SOURCE 1
| #define HAVE_DLFCN_H 1
| #define LT_OBJDIR ".libs/"
| /* end confdefs.h.  */
| #include <stdarg.h>
| #include <stdbool.h>
| #include <stdlib.h>
| #include <wchar.h>
| #include <stdio.h>
| 
| // Check varargs macros.  These examples are taken from C99 6.10.3.5.
| #define debug(...) fprintf (stderr, __VA_ARGS__)
| #define showlist(...) puts (#__VA_ARGS__)
| #define report(test,...) ((test) ? puts (#test) : printf (__VA_ARGS__))
| static void
| test_varargs_macros (void)
| {
|   int x = 1234;
|   int y = 5678;
|   debug ("Flag");
|   debug ("X = %d\n", x);
|   showlist (The first, second, and third items.);
|   report (x>y, "x is %d but y is %d", x, y);
| }
| 
| // Check long long types.
| #define BIG64 18446744073709551615ull
| #define BIG32 4294967295ul
| #define BIG_OK (BIG64 / BIG32 == 4294967297ull && BIG64 % BIG32 == 0)
| #if !BIG_OK
|   your preprocessor is broken;
| #endif
| #if BIG_OK
| #else
|   your preprocessor is broken;
| #endif
| static long long int bignum = -9223372036854775807LL;
| static unsigned long long int ubignum = BIG64;
| 
| struct incomplete_array
| {
|   int datasize;
|   double data[];
| };
| 
| struct named_init {
|   int number;
|   const wchar_t *name;
|   double average;
| };
| 
| typedef const char *ccp;
| 
| static inline int
| test_restrict (ccp restrict text)
| {
|   // See if C++-style comments work.
|   // Iterate through items via the restricted pointer.
|   // Also check for declarations in for loops.
|   for (unsigned int i = 0; *(text+i) != '\0'; ++i)
|     continue;
|   return 0;
| }
| 
| // Check varargs and va_copy.
| static void
| test_varargs (const char *format, ...)
| {
|   va_list args;
|   va_start (args, format);
|   va_list args_copy;
|   va_copy (args_copy, args);
| 
|   const char *str;
|   int number;
|   float fnumber;
| 
|   while (*format)
|     {
|       switch (*format++)
| 	{
| 	case 's': // string
| 	  str = va_arg (args_copy, const char *);
| 	  break;
| 	case 'd': // int
| 	  number = va_arg (args_copy, int);
| 	  break;
| 	case 'f': // float
| 	  fnumber = va_arg (args_copy, double);
| 	  break;
| 	default:
| 	  break;
| 	}
|     }
|   va_end (args_copy);
|   va_end (args);
| }
| 
| int
| main ()
| {
| 
|   // Check bool.
|   _Bool success = false;
| 
|   // Check restrict.
|   if (test_restrict ("String literal") == 0)
|     success = true;
|   char *restrict newvar = "Another string";
| 
|   // Check varargs.
|   test_varargs ("s, d' f .", "string", 65, 34.234);
|   test_varargs_macros ();
| 
|   // Check flexible array members.
|   struct incomplete_array *ia =
|     malloc (sizeof (struct incomplete_array) + (sizeof (double) * 10));
|   ia->datasize = 10;
|   for (int i = 0; i < ia->datasize; ++i)
|     ia->data[i] = i * 1.234;
| 
|   // Check named initializers.
|   struct named_init ni = {
|     .number = 34,
|     .name = L"Test wide string",
|     .average = 543.34343,
|   };
| 
|   ni.number = 58;
| 
|   int dynamic_array[ni.number];
|   dynamic_array[ni.number - 1] = 543;
| 
|   // work around unused variable warnings
|   return (!success || bignum == 0LL || ubignum == 0uLL || newvar[0] == 'x'
| 	  || dynamic_array[ni.number - 1] != 543);
| 
|   ;
|   return 0;
| }
configure:14398: aarch64-linux-android-gcc -std=gnu99 -c -D__ANDROID_API__=21 --sysroot=/home/jianglei/android-ndk-r17/NDK/arm64/sysroot  conftest.c >&5
configure:14398: $? = 0
configure:14418: result: -std=gnu99
configure:14539: checking for C++ compiler version
configure:14548: aarch64-linux-android-clang++ --version >&5
Android (4691093 based on r316199) clang version 6.0.2 (https://android.googlesource.com/toolchain/clang 183abd29fc496f55536e7d904e0abae47888fc7f) (https://android.googlesource.com/toolchain/llvm 34361f192e41ed6e4e8f9aca80a4ea7e9856f327) (based on LLVM 6.0.2svn)
Target: aarch64-none-linux-android
Thread model: posix
InstalledDir: /home/jianglei/android-ndk-r17/NDK/arm64/bin
configure:14559: $? = 0
configure:14548: aarch64-linux-android-clang++ -v >&5
Android (4691093 based on r316199) clang version 6.0.2 (https://android.googlesource.com/toolchain/clang 183abd29fc496f55536e7d904e0abae47888fc7f) (https://android.googlesource.com/toolchain/llvm 34361f192e41ed6e4e8f9aca80a4ea7e9856f327) (based on LLVM 6.0.2svn)
Target: aarch64-none-linux-android
Thread model: posix
InstalledDir: /home/jianglei/android-ndk-r17/NDK/arm64/bin
Found candidate GCC installation: /home/jianglei/android-ndk-r17/NDK/arm64/bin/../lib/gcc/aarch64-linux-android/4.9.x
Selected GCC installation: /home/jianglei/android-ndk-r17/NDK/arm64/bin/../lib/gcc/aarch64-linux-android/4.9.x
Candidate multilib: .;@m64
Selected multilib: .;@m64
clang60++: warning: argument unused during compilation: '-D __ANDROID_API__=26' [-Wunused-command-line-argument]
configure:14559: $? = 0
configure:14548: aarch64-linux-android-clang++ -V >&5
clang60++: error: argument to '-V' is missing (expected 1 value)
clang60++: error: no input files
configure:14559: $? = 1
configure:14548: aarch64-linux-android-clang++ -qversion >&5
clang60++: error: unknown argument: '-qversion'
clang60++: error: no input files
configure:14559: $? = 1
configure:14563: checking whether we are using the GNU C++ compiler
configure:14582: aarch64-linux-android-clang++ -c   conftest.cpp >&5
configure:14582: $? = 0
configure:14591: result: yes
configure:14600: checking whether aarch64-linux-android-clang++ accepts -g
configure:14620: aarch64-linux-android-clang++ -c -g  conftest.cpp >&5
configure:14620: $? = 0
configure:14661: result: yes
configure:14686: checking dependency style of aarch64-linux-android-clang++
configure:14797: result: gcc3
configure:14830: checking how to run the C++ preprocessor
configure:14857: aarch64-linux-android-clang++ -E  conftest.cpp
configure:14857: $? = 0
configure:14871: aarch64-linux-android-clang++ -E  conftest.cpp
conftest.cpp:26:10: fatal error: 'ac_nonexistent.h' file not found
#include <ac_nonexistent.h>
         ^~~~~~~~~~~~~~~~~~
1 error generated.
configure:14871: $? = 1
configure: failed program was:
| /* confdefs.h */
| #define PACKAGE_NAME "HarfBuzz"
| #define PACKAGE_TARNAME "harfbuzz"
| #define PACKAGE_VERSION "2.1.3"
| #define PACKAGE_STRING "HarfBuzz 2.1.3"
| #define PACKAGE_BUGREPORT "https://github.com/harfbuzz/harfbuzz/issues/new"
| #define PACKAGE_URL "http://harfbuzz.org/"
| #define STDC_HEADERS 1
| #define HAVE_SYS_TYPES_H 1
| #define HAVE_SYS_STAT_H 1
| #define HAVE_STDLIB_H 1
| #define HAVE_STRING_H 1
| #define HAVE_MEMORY_H 1
| #define HAVE_STRINGS_H 1
| #define HAVE_INTTYPES_H 1
| #define HAVE_STDINT_H 1
| #define HAVE_UNISTD_H 1
| #define __EXTENSIONS__ 1
| #define _ALL_SOURCE 1
| #define _GNU_SOURCE 1
| #define _POSIX_PTHREAD_SEMANTICS 1
| #define _TANDEM_SOURCE 1
| #define HAVE_DLFCN_H 1
| #define LT_OBJDIR ".libs/"
| /* end confdefs.h.  */
| #include <ac_nonexistent.h>
configure:14896: result: aarch64-linux-android-clang++ -E
configure:14916: aarch64-linux-android-clang++ -E  conftest.cpp
configure:14916: $? = 0
configure:14930: aarch64-linux-android-clang++ -E  conftest.cpp
conftest.cpp:26:10: fatal error: 'ac_nonexistent.h' file not found
#include <ac_nonexistent.h>
         ^~~~~~~~~~~~~~~~~~
1 error generated.
configure:14930: $? = 1
configure: failed program was:
| /* confdefs.h */
| #define PACKAGE_NAME "HarfBuzz"
| #define PACKAGE_TARNAME "harfbuzz"
| #define PACKAGE_VERSION "2.1.3"
| #define PACKAGE_STRING "HarfBuzz 2.1.3"
| #define PACKAGE_BUGREPORT "https://github.com/harfbuzz/harfbuzz/issues/new"
| #define PACKAGE_URL "http://harfbuzz.org/"
| #define STDC_HEADERS 1
| #define HAVE_SYS_TYPES_H 1
| #define HAVE_SYS_STAT_H 1
| #define HAVE_STDLIB_H 1
| #define HAVE_STRING_H 1
| #define HAVE_MEMORY_H 1
| #define HAVE_STRINGS_H 1
| #define HAVE_INTTYPES_H 1
| #define HAVE_STDINT_H 1
| #define HAVE_UNISTD_H 1
| #define __EXTENSIONS__ 1
| #define _ALL_SOURCE 1
| #define _GNU_SOURCE 1
| #define _POSIX_PTHREAD_SEMANTICS 1
| #define _TANDEM_SOURCE 1
| #define HAVE_DLFCN_H 1
| #define LT_OBJDIR ".libs/"
| /* end confdefs.h.  */
| #include <ac_nonexistent.h>
configure:15092: checking for ld used by aarch64-linux-android-clang++
configure:15159: result: aarch64-linux-android-ld
configure:15166: checking if the linker (aarch64-linux-android-ld) is GNU ld
configure:15181: result: yes
configure:15236: checking whether the aarch64-linux-android-clang++ linker (aarch64-linux-android-ld) supports shared libraries
configure:16309: result: yes
configure:16345: aarch64-linux-android-clang++ -c -g -O2  conftest.cpp >&5
configure:16348: $? = 0
configure:16829: checking for aarch64-linux-android-clang++ option to produce PIC
configure:16836: result: -fPIC -DPIC
configure:16844: checking if aarch64-linux-android-clang++ PIC flag -fPIC -DPIC works
configure:16862: aarch64-linux-android-clang++ -c -g -O2  -fPIC -DPIC -DPIC conftest.cpp >&5
configure:16866: $? = 0
configure:16879: result: yes
configure:16902: checking if aarch64-linux-android-clang++ static flag -static works
configure:16930: result: yes
configure:16942: checking if aarch64-linux-android-clang++ supports -c -o file.o
configure:16963: aarch64-linux-android-clang++ -c -g -O2  -o out/conftest2.o conftest.cpp >&5
configure:16967: $? = 0
configure:16989: result: yes
configure:16994: checking if aarch64-linux-android-clang++ supports -c -o file.o
configure:17041: result: yes
configure:17071: checking whether the aarch64-linux-android-clang++ linker (aarch64-linux-android-ld) supports shared libraries
configure:17114: result: yes
configure:17255: checking dynamic linker characteristics
configure:18012: result: GNU/Linux ld.so
configure:18077: checking how to hardcode library paths into programs
configure:18102: result: immediate
configure:18149: checking for special C compiler options needed for large files
configure:18194: result: no
configure:18200: checking for _FILE_OFFSET_BITS value needed for large files
configure:18225: aarch64-linux-android-gcc -std=gnu99 -c -D__ANDROID_API__=21 --sysroot=/home/jianglei/android-ndk-r17/NDK/arm64/sysroot  conftest.c >&5
configure:18225: $? = 0
configure:18257: result: no
configure:18353: checking for aarch64-linux-pkg-config
configure:18386: result: no
configure:18396: checking for pkg-config
configure:18414: found /usr/bin/pkg-config
configure:18426: result: /usr/bin/pkg-config
configure:18451: checking pkg-config is at least version 0.20
configure:18454: result: yes
configure:18515: checking for gtk-doc
configure:18518: $PKG_CONFIG --exists --print-errors "$gtk_doc_requires"
Package gtk-doc was not found in the pkg-config search path.
Perhaps you should add the directory containing `gtk-doc.pc'
to the PKG_CONFIG_PATH environment variable
No package 'gtk-doc' found
configure:18521: $? = 1
configure:18527: result: no
configure:18533: WARNING:
  You will not be able to create source packages with 'make dist'
  because gtk-doc >= 1.15 is not found.
configure:18541: checking for gtkdoc-check
configure:18557: found /usr/bin/gtkdoc-check
configure:18568: result: gtkdoc-check.test
configure:18578: checking for gtkdoc-check
configure:18596: found /usr/bin/gtkdoc-check
configure:18608: result: /usr/bin/gtkdoc-check
configure:18620: checking for gtkdoc-rebase
configure:18638: found /usr/bin/gtkdoc-rebase
configure:18650: result: /usr/bin/gtkdoc-rebase
configure:18664: checking for gtkdoc-mkpdf
configure:18682: found /usr/bin/gtkdoc-mkpdf
configure:18694: result: /usr/bin/gtkdoc-mkpdf
configure:18722: checking whether to build gtk-doc documentation
configure:18724: result: no
configure:18737: checking for GTKDOC_DEPS
configure:18744: $PKG_CONFIG --exists --print-errors "glib-2.0 >= 2.10.0 gobject-2.0  >= 2.10.0"
configure:18747: $? = 0
configure:18761: $PKG_CONFIG --exists --print-errors "glib-2.0 >= 2.10.0 gobject-2.0  >= 2.10.0"
configure:18764: $? = 0
configure:18802: result: yes
configure:18890: checking for atexit
configure:18890: aarch64-linux-android-gcc -std=gnu99 -o conftest -D__ANDROID_API__=21 --sysroot=/home/jianglei/android-ndk-r17/NDK/arm64/sysroot   conftest.c  >&5
configure:18890: $? = 0
configure:18890: result: yes
configure:18890: checking for mprotect
configure:18890: aarch64-linux-android-gcc -std=gnu99 -o conftest -D__ANDROID_API__=21 --sysroot=/home/jianglei/android-ndk-r17/NDK/arm64/sysroot   conftest.c  >&5
configure:18890: $? = 0
configure:18890: result: yes
configure:18890: checking for sysconf
configure:18890: aarch64-linux-android-gcc -std=gnu99 -o conftest -D__ANDROID_API__=21 --sysroot=/home/jianglei/android-ndk-r17/NDK/arm64/sysroot   conftest.c  >&5
configure:18890: $? = 0
configure:18890: result: yes
configure:18890: checking for getpagesize
configure:18890: aarch64-linux-android-gcc -std=gnu99 -o conftest -D__ANDROID_API__=21 --sysroot=/home/jianglei/android-ndk-r17/NDK/arm64/sysroot   conftest.c  >&5
configure:18890: $? = 0
configure:18890: result: yes
configure:18890: checking for mmap
configure:18890: aarch64-linux-android-gcc -std=gnu99 -o conftest -D__ANDROID_API__=21 --sysroot=/home/jianglei/android-ndk-r17/NDK/arm64/sysroot   conftest.c  >&5
configure:18890: $? = 0
configure:18890: result: yes
configure:18890: checking for isatty
configure:18890: aarch64-linux-android-gcc -std=gnu99 -o conftest -D__ANDROID_API__=21 --sysroot=/home/jianglei/android-ndk-r17/NDK/arm64/sysroot   conftest.c  >&5
configure:18890: $? = 0
configure:18890: result: yes
configure:18890: checking for newlocale
configure:18890: aarch64-linux-android-gcc -std=gnu99 -o conftest -D__ANDROID_API__=21 --sysroot=/home/jianglei/android-ndk-r17/NDK/arm64/sysroot   conftest.c  >&5
configure:18890: $? = 0
configure:18890: result: yes
configure:18890: checking for strtod_l
configure:18890: aarch64-linux-android-gcc -std=gnu99 -o conftest -D__ANDROID_API__=21 --sysroot=/home/jianglei/android-ndk-r17/NDK/arm64/sysroot   conftest.c  >&5
configure:18890: $? = 0
configure:18890: result: yes
configure:18890: checking for posix_memalign
configure:18890: aarch64-linux-android-gcc -std=gnu99 -o conftest -D__ANDROID_API__=21 --sysroot=/home/jianglei/android-ndk-r17/NDK/arm64/sysroot   conftest.c  >&5
conftest.c:57:6: warning: conflicting types for built-in function 'posix_memalign'
 char posix_memalign ();
      ^
configure:18890: $? = 0
configure:18890: result: yes
configure:18904: checking for round
configure:18904: aarch64-linux-android-gcc -std=gnu99 -o conftest -D__ANDROID_API__=21 --sysroot=/home/jianglei/android-ndk-r17/NDK/arm64/sysroot   conftest.c  -lm >&5
conftest.c:58:6: warning: conflicting types for built-in function 'round'
 char round ();
      ^
configure:18904: $? = 0
configure:18904: result: yes
configure:18931: checking for unistd.h
configure:18931: result: yes
configure:18931: checking sys/mman.h usability
configure:18931: aarch64-linux-android-gcc -std=gnu99 -c -D__ANDROID_API__=21 --sysroot=/home/jianglei/android-ndk-r17/NDK/arm64/sysroot  conftest.c >&5
configure:18931: $? = 0
configure:18931: result: yes
configure:18931: checking sys/mman.h presence
configure:18931: aarch64-linux-android-gcc -E  conftest.c
configure:18931: $? = 0
configure:18931: result: yes
configure:18931: checking for sys/mman.h
configure:18931: result: yes
configure:18931: checking xlocale.h usability
configure:18931: aarch64-linux-android-gcc -std=gnu99 -c -D__ANDROID_API__=21 --sysroot=/home/jianglei/android-ndk-r17/NDK/arm64/sysroot  conftest.c >&5
configure:18931: $? = 0
configure:18931: result: yes
configure:18931: checking xlocale.h presence
configure:18931: aarch64-linux-android-gcc -E  conftest.c
configure:18931: $? = 0
configure:18931: result: yes
configure:18931: checking for xlocale.h
configure:18931: result: yes
configure:18931: checking stdbool.h usability
configure:18931: aarch64-linux-android-gcc -std=gnu99 -c -D__ANDROID_API__=21 --sysroot=/home/jianglei/android-ndk-r17/NDK/arm64/sysroot  conftest.c >&5
configure:18931: $? = 0
configure:18931: result: yes
configure:18931: checking stdbool.h presence
configure:18931: aarch64-linux-android-gcc -E  conftest.c
configure:18931: $? = 0
configure:18931: result: yes
configure:18931: checking for stdbool.h
configure:18931: result: yes
configure:18946: checking alignment of struct{char;}
configure:18951: aarch64-linux-android-gcc -std=gnu99 -c -D__ANDROID_API__=21 --sysroot=/home/jianglei/android-ndk-r17/NDK/arm64/sysroot  conftest.c >&5
conftest.c:76:37: warning: declaration does not declare anything
 typedef struct { char x; struct{char;} y; } ac__type_alignof_;
                                     ^
configure:18951: $? = 0
configure:18951: aarch64-linux-android-gcc -std=gnu99 -c -D__ANDROID_API__=21 --sysroot=/home/jianglei/android-ndk-r17/NDK/arm64/sysroot  conftest.c >&5
conftest.c:76:37: warning: declaration does not declare anything
 typedef struct { char x; struct{char;} y; } ac__type_alignof_;
                                     ^
conftest.c: In function 'main':
conftest.c:80:12: error: size of array 'test_array' is negative
 static int test_array [1 - 2 * !(((long int) offsetof (ac__type_alignof_, y)) <= 0)];
            ^
configure:18951: $? = 1
configure: failed program was:
| /* confdefs.h */
| #define PACKAGE_NAME "HarfBuzz"
| #define PACKAGE_TARNAME "harfbuzz"
| #define PACKAGE_VERSION "2.1.3"
| #define PACKAGE_STRING "HarfBuzz 2.1.3"
| #define PACKAGE_BUGREPORT "https://github.com/harfbuzz/harfbuzz/issues/new"
| #define PACKAGE_URL "http://harfbuzz.org/"
| #define STDC_HEADERS 1
| #define HAVE_SYS_TYPES_H 1
| #define HAVE_SYS_STAT_H 1
| #define HAVE_STDLIB_H 1
| #define HAVE_STRING_H 1
| #define HAVE_MEMORY_H 1
| #define HAVE_STRINGS_H 1
| #define HAVE_INTTYPES_H 1
| #define HAVE_STDINT_H 1
| #define HAVE_UNISTD_H 1
| #define __EXTENSIONS__ 1
| #define _ALL_SOURCE 1
| #define _GNU_SOURCE 1
| #define _POSIX_PTHREAD_SEMANTICS 1
| #define _TANDEM_SOURCE 1
| #define HAVE_DLFCN_H 1
| #define LT_OBJDIR ".libs/"
| #define HAVE_ATEXIT 1
| #define HAVE_MPROTECT 1
| #define HAVE_SYSCONF 1
| #define HAVE_GETPAGESIZE 1
| #define HAVE_MMAP 1
| #define HAVE_ISATTY 1
| #define HAVE_NEWLOCALE 1
| #define HAVE_STRTOD_L 1
| #define HAVE_POSIX_MEMALIGN 1
| #define HAVE_ROUND 1
| #define HAVE_UNISTD_H 1
| #define HAVE_SYS_MMAN_H 1
| #define HAVE_XLOCALE_H 1
| #define HAVE_STDBOOL_H 1
| /* end confdefs.h.  */
| #include <stdio.h>
| #ifdef HAVE_SYS_TYPES_H
| # include <sys/types.h>
| #endif
| #ifdef HAVE_SYS_STAT_H
| # include <sys/stat.h>
| #endif
| #ifdef STDC_HEADERS
| # include <stdlib.h>
| # include <stddef.h>
| #else
| # ifdef HAVE_STDLIB_H
| #  include <stdlib.h>
| # endif
| #endif
| #ifdef HAVE_STRING_H
| # if !defined STDC_HEADERS && defined HAVE_MEMORY_H
| #  include <memory.h>
| # endif
| # include <string.h>
| #endif
| #ifdef HAVE_STRINGS_H
| # include <strings.h>
| #endif
| #ifdef HAVE_INTTYPES_H
| # include <inttypes.h>
| #endif
| #ifdef HAVE_STDINT_H
| # include <stdint.h>
| #endif
| #ifdef HAVE_UNISTD_H
| # include <unistd.h>
| #endif
| #ifndef offsetof
| # define offsetof(type, member) ((char *) &((type *) 0)->member - (char *) 0)
| #endif
| typedef struct { char x; struct{char;} y; } ac__type_alignof_;
| int
| main ()
| {
| static int test_array [1 - 2 * !(((long int) offsetof (ac__type_alignof_, y)) <= 0)];
| test_array [0] = 0;
| return test_array [0];
| 
|   ;
|   return 0;
| }
configure:18951: aarch64-linux-android-gcc -std=gnu99 -c -D__ANDROID_API__=21 --sysroot=/home/jianglei/android-ndk-r17/NDK/arm64/sysroot  conftest.c >&5
conftest.c:76:37: warning: declaration does not declare anything
 typedef struct { char x; struct{char;} y; } ac__type_alignof_;
                                     ^
configure:18951: $? = 0
configure:18969: result: 1
configure:18982: checking whether the linker accepts -Bsymbolic-functions
configure:19001: aarch64-linux-android-gcc -std=gnu99 -o conftest -D__ANDROID_API__=21 --sysroot=/home/jianglei/android-ndk-r17/NDK/arm64/sysroot    -Bsymbolic-functions conftest.c  >&5
configure:19001: $? = 0
configure:19010: result: yes
configure:19059: checking for native Win32
configure:19066: result: no
configure:19262: checking whether aarch64-linux-android-gcc -std=gnu99 is Clang
configure:19287: result: no
configure:19410: checking whether pthreads work with -pthread
configure:19504: aarch64-linux-android-gcc -std=gnu99 -o conftest -D__ANDROID_API__=21 --sysroot=/home/jianglei/android-ndk-r17/NDK/arm64/sysroot -pthread   -Bsymbolic-functions conftest.c   >&5
configure:19504: $? = 0
configure:19513: result: yes
configure:19532: checking for joinable pthread attribute
configure:19550: aarch64-linux-android-gcc -std=gnu99 -o conftest -D__ANDROID_API__=21 --sysroot=/home/jianglei/android-ndk-r17/NDK/arm64/sysroot -pthread   -Bsymbolic-functions conftest.c   >&5
configure:19550: $? = 0
configure:19558: result: PTHREAD_CREATE_JOINABLE
configure:19572: checking whether more special flags are required for pthreads
configure:19585: result: no
configure:19593: checking for PTHREAD_PRIO_INHERIT
configure:19609: aarch64-linux-android-gcc -std=gnu99 -o conftest -D__ANDROID_API__=21 --sysroot=/home/jianglei/android-ndk-r17/NDK/arm64/sysroot -pthread   -Bsymbolic-functions conftest.c   >&5
configure:19609: $? = 0
configure:19618: result: yes
configure:19764: checking for GLIB
configure:19771: $PKG_CONFIG --exists --print-errors "$GLIB_DEPS"
configure:19774: $? = 0
configure:19788: $PKG_CONFIG --exists --print-errors "$GLIB_DEPS"
configure:19791: $? = 0
configure:19829: result: yes
configure:20082: checking for CAIRO
configure:20089: $PKG_CONFIG --exists --print-errors "cairo >= 1.8.0"
Package cairo was not found in the pkg-config search path.
Perhaps you should add the directory containing `cairo.pc'
to the PKG_CONFIG_PATH environment variable
No package 'cairo' found
configure:20092: $? = 1
configure:20106: $PKG_CONFIG --exists --print-errors "cairo >= 1.8.0"
Package cairo was not found in the pkg-config search path.
Perhaps you should add the directory containing `cairo.pc'
to the PKG_CONFIG_PATH environment variable
No package 'cairo' found
configure:20109: $? = 1
configure:20123: result: no
No package 'cairo' found
configure:20270: checking for FONTCONFIG
configure:20277: $PKG_CONFIG --exists --print-errors "fontconfig"
configure:20280: $? = 0
configure:20294: $PKG_CONFIG --exists --print-errors "fontconfig"
configure:20297: $? = 0
configure:20335: result: yes
configure:20746: checking for FREETYPE
configure:20753: $PKG_CONFIG --exists --print-errors "$FREETYPE_DEPS"
configure:20756: $? = 0
configure:20770: $PKG_CONFIG --exists --print-errors "$FREETYPE_DEPS"
configure:20773: $? = 0
configure:20811: result: yes
configure:20828: checking for FT_Get_Var_Blend_Coordinates
configure:20828: aarch64-linux-android-gcc -std=gnu99 -o conftest -D__ANDROID_API__=21 --sysroot=/home/jianglei/android-ndk-r17/NDK/arm64/sysroot   -Bsymbolic-functions conftest.c  -L/home/jianglei/svg/build/usr/local/lib -lfreetype >&5
/home/jianglei/android-ndk-r17/NDK/arm64/bin/../lib/gcc/aarch64-linux-android/4.9.x/../../../../aarch64-linux-android/bin/ld: warning: libpng16.so, needed by /home/jianglei/svg/build/usr/local/lib/libfreetype.so, not found (try using -rpath or -rpath-link)
/home/jianglei/svg/build/usr/local/lib/libfreetype.so: undefined reference to `png_create_info_struct@PNG16_0'
/home/jianglei/svg/build/usr/local/lib/libfreetype.so: undefined reference to `png_set_filler@PNG16_0'
/home/jianglei/svg/build/usr/local/lib/libfreetype.so: undefined reference to `png_get_IHDR@PNG16_0'
/home/jianglei/svg/build/usr/local/lib/libfreetype.so: undefined reference to `png_read_update_info@PNG16_0'
/home/jianglei/svg/build/usr/local/lib/libfreetype.so: undefined reference to `png_set_longjmp_fn@PNG16_0'
/home/jianglei/svg/build/usr/local/lib/libfreetype.so: undefined reference to `png_set_strip_16@PNG16_0'
/home/jianglei/svg/build/usr/local/lib/libfreetype.so: undefined reference to `png_get_valid@PNG16_0'
/home/jianglei/svg/build/usr/local/lib/libfreetype.so: undefined reference to `png_set_tRNS_to_alpha@PNG16_0'
/home/jianglei/svg/build/usr/local/lib/libfreetype.so: undefined reference to `png_read_end@PNG16_0'
/home/jianglei/svg/build/usr/local/lib/libfreetype.so: undefined reference to `png_set_read_fn@PNG16_0'
/home/jianglei/svg/build/usr/local/lib/libfreetype.so: undefined reference to `png_destroy_read_struct@PNG16_0'
/home/jianglei/svg/build/usr/local/lib/libfreetype.so: undefined reference to `png_set_read_user_transform_fn@PNG16_0'
/home/jianglei/svg/build/usr/local/lib/libfreetype.so: undefined reference to `png_create_read_struct@PNG16_0'
/home/jianglei/svg/build/usr/local/lib/libfreetype.so: undefined reference to `png_set_expand_gray_1_2_4_to_8@PNG16_0'
/home/jianglei/svg/build/usr/local/lib/libfreetype.so: undefined reference to `png_set_gray_to_rgb@PNG16_0'
/home/jianglei/svg/build/usr/local/lib/libfreetype.so: undefined reference to `png_read_image@PNG16_0'
/home/jianglei/svg/build/usr/local/lib/libfreetype.so: undefined reference to `png_set_interlace_handling@PNG16_0'
/home/jianglei/svg/build/usr/local/lib/libfreetype.so: undefined reference to `png_read_info@PNG16_0'
/home/jianglei/svg/build/usr/local/lib/libfreetype.so: undefined reference to `png_error@PNG16_0'
/home/jianglei/svg/build/usr/local/lib/libfreetype.so: undefined reference to `png_set_packing@PNG16_0'
/home/jianglei/svg/build/usr/local/lib/libfreetype.so: undefined reference to `png_get_io_ptr@PNG16_0'
/home/jianglei/svg/build/usr/local/lib/libfreetype.so: undefined reference to `png_get_error_ptr@PNG16_0'
/home/jianglei/svg/build/usr/local/lib/libfreetype.so: undefined reference to `png_set_palette_to_rgb@PNG16_0'
collect2: error: ld returned 1 exit status
configure:20828: $? = 1
configure: failed program was:
| /* confdefs.h */
| #define PACKAGE_NAME "HarfBuzz"
| #define PACKAGE_TARNAME "harfbuzz"
| #define PACKAGE_VERSION "2.1.3"
| #define PACKAGE_STRING "HarfBuzz 2.1.3"
| #define PACKAGE_BUGREPORT "https://github.com/harfbuzz/harfbuzz/issues/new"
| #define PACKAGE_URL "http://harfbuzz.org/"
| #define STDC_HEADERS 1
| #define HAVE_SYS_TYPES_H 1
| #define HAVE_SYS_STAT_H 1
| #define HAVE_STDLIB_H 1
| #define HAVE_STRING_H 1
| #define HAVE_MEMORY_H 1
| #define HAVE_STRINGS_H 1
| #define HAVE_INTTYPES_H 1
| #define HAVE_STDINT_H 1
| #define HAVE_UNISTD_H 1
| #define __EXTENSIONS__ 1
| #define _ALL_SOURCE 1
| #define _GNU_SOURCE 1
| #define _POSIX_PTHREAD_SEMANTICS 1
| #define _TANDEM_SOURCE 1
| #define HAVE_DLFCN_H 1
| #define LT_OBJDIR ".libs/"
| #define HAVE_ATEXIT 1
| #define HAVE_MPROTECT 1
| #define HAVE_SYSCONF 1
| #define HAVE_GETPAGESIZE 1
| #define HAVE_MMAP 1
| #define HAVE_ISATTY 1
| #define HAVE_NEWLOCALE 1
| #define HAVE_STRTOD_L 1
| #define HAVE_POSIX_MEMALIGN 1
| #define HAVE_ROUND 1
| #define HAVE_UNISTD_H 1
| #define HAVE_SYS_MMAN_H 1
| #define HAVE_XLOCALE_H 1
| #define HAVE_STDBOOL_H 1
| #define ALIGNOF_STRUCT_CHAR__ 1
| #define HAVE_PTHREAD_PRIO_INHERIT 1
| #define HAVE_PTHREAD 1
| #define HAVE_FALLBACK 1
| #define HAVE_GLIB 1
| #define HAVE_FONTCONFIG 1
| #define HAVE_UCDN 1
| #define HAVE_FREETYPE 1
| /* end confdefs.h.  */
| /* Define FT_Get_Var_Blend_Coordinates to an innocuous variant, in case <limits.h> declares FT_Get_Var_Blend_Coordinates.
|    For example, HP-UX 11i <limits.h> declares gettimeofday.  */
| #define FT_Get_Var_Blend_Coordinates innocuous_FT_Get_Var_Blend_Coordinates
| 
| /* System header to define __stub macros and hopefully few prototypes,
|     which can conflict with char FT_Get_Var_Blend_Coordinates (); below.
|     Prefer <limits.h> to <assert.h> if __STDC__ is defined, since
|     <limits.h> exists even on freestanding compilers.  */
| 
| #ifdef __STDC__
| # include <limits.h>
| #else
| # include <assert.h>
| #endif
| 
| #undef FT_Get_Var_Blend_Coordinates
| 
| /* Override any GCC internal prototype to avoid an error.
|    Use char because int might match the return type of a GCC
|    builtin and then its argument prototype would still apply.  */
| #ifdef __cplusplus
| extern "C"
| #endif
| char FT_Get_Var_Blend_Coordinates ();
| /* The GNU C library defines this for functions which it implements
|     to always fail with ENOSYS.  Some functions are actually named
|     something starting with __ and the normal name is an alias.  */
| #if defined __stub_FT_Get_Var_Blend_Coordinates || defined __stub___FT_Get_Var_Blend_Coordinates
| choke me
| #endif
| 
| int
| main ()
| {
| return FT_Get_Var_Blend_Coordinates ();
|   ;
|   return 0;
| }
configure:20828: result: no
configure:20828: checking for FT_Set_Var_Blend_Coordinates
configure:20828: aarch64-linux-android-gcc -std=gnu99 -o conftest -D__ANDROID_API__=21 --sysroot=/home/jianglei/android-ndk-r17/NDK/arm64/sysroot   -Bsymbolic-functions conftest.c  -L/home/jianglei/svg/build/usr/local/lib -lfreetype >&5
/home/jianglei/android-ndk-r17/NDK/arm64/bin/../lib/gcc/aarch64-linux-android/4.9.x/../../../../aarch64-linux-android/bin/ld: warning: libpng16.so, needed by /home/jianglei/svg/build/usr/local/lib/libfreetype.so, not found (try using -rpath or -rpath-link)
/home/jianglei/svg/build/usr/local/lib/libfreetype.so: undefined reference to `png_create_info_struct@PNG16_0'
/home/jianglei/svg/build/usr/local/lib/libfreetype.so: undefined reference to `png_set_filler@PNG16_0'
/home/jianglei/svg/build/usr/local/lib/libfreetype.so: undefined reference to `png_get_IHDR@PNG16_0'
/home/jianglei/svg/build/usr/local/lib/libfreetype.so: undefined reference to `png_read_update_info@PNG16_0'
/home/jianglei/svg/build/usr/local/lib/libfreetype.so: undefined reference to `png_set_longjmp_fn@PNG16_0'
/home/jianglei/svg/build/usr/local/lib/libfreetype.so: undefined reference to `png_set_strip_16@PNG16_0'
/home/jianglei/svg/build/usr/local/lib/libfreetype.so: undefined reference to `png_get_valid@PNG16_0'
/home/jianglei/svg/build/usr/local/lib/libfreetype.so: undefined reference to `png_set_tRNS_to_alpha@PNG16_0'
/home/jianglei/svg/build/usr/local/lib/libfreetype.so: undefined reference to `png_read_end@PNG16_0'
/home/jianglei/svg/build/usr/local/lib/libfreetype.so: undefined reference to `png_set_read_fn@PNG16_0'
/home/jianglei/svg/build/usr/local/lib/libfreetype.so: undefined reference to `png_destroy_read_struct@PNG16_0'
/home/jianglei/svg/build/usr/local/lib/libfreetype.so: undefined reference to `png_set_read_user_transform_fn@PNG16_0'
/home/jianglei/svg/build/usr/local/lib/libfreetype.so: undefined reference to `png_create_read_struct@PNG16_0'
/home/jianglei/svg/build/usr/local/lib/libfreetype.so: undefined reference to `png_set_expand_gray_1_2_4_to_8@PNG16_0'
/home/jianglei/svg/build/usr/local/lib/libfreetype.so: undefined reference to `png_set_gray_to_rgb@PNG16_0'
/home/jianglei/svg/build/usr/local/lib/libfreetype.so: undefined reference to `png_read_image@PNG16_0'
/home/jianglei/svg/build/usr/local/lib/libfreetype.so: undefined reference to `png_set_interlace_handling@PNG16_0'
/home/jianglei/svg/build/usr/local/lib/libfreetype.so: undefined reference to `png_read_info@PNG16_0'
/home/jianglei/svg/build/usr/local/lib/libfreetype.so: undefined reference to `png_error@PNG16_0'
/home/jianglei/svg/build/usr/local/lib/libfreetype.so: undefined reference to `png_set_packing@PNG16_0'
/home/jianglei/svg/build/usr/local/lib/libfreetype.so: undefined reference to `png_get_io_ptr@PNG16_0'
/home/jianglei/svg/build/usr/local/lib/libfreetype.so: undefined reference to `png_get_error_ptr@PNG16_0'
/home/jianglei/svg/build/usr/local/lib/libfreetype.so: undefined reference to `png_set_palette_to_rgb@PNG16_0'
collect2: error: ld returned 1 exit status
configure:20828: $? = 1
configure: failed program was:
| /* confdefs.h */
| #define PACKAGE_NAME "HarfBuzz"
| #define PACKAGE_TARNAME "harfbuzz"
| #define PACKAGE_VERSION "2.1.3"
| #define PACKAGE_STRING "HarfBuzz 2.1.3"
| #define PACKAGE_BUGREPORT "https://github.com/harfbuzz/harfbuzz/issues/new"
| #define PACKAGE_URL "http://harfbuzz.org/"
| #define STDC_HEADERS 1
| #define HAVE_SYS_TYPES_H 1
| #define HAVE_SYS_STAT_H 1
| #define HAVE_STDLIB_H 1
| #define HAVE_STRING_H 1
| #define HAVE_MEMORY_H 1
| #define HAVE_STRINGS_H 1
| #define HAVE_INTTYPES_H 1
| #define HAVE_STDINT_H 1
| #define HAVE_UNISTD_H 1
| #define __EXTENSIONS__ 1
| #define _ALL_SOURCE 1
| #define _GNU_SOURCE 1
| #define _POSIX_PTHREAD_SEMANTICS 1
| #define _TANDEM_SOURCE 1
| #define HAVE_DLFCN_H 1
| #define LT_OBJDIR ".libs/"
| #define HAVE_ATEXIT 1
| #define HAVE_MPROTECT 1
| #define HAVE_SYSCONF 1
| #define HAVE_GETPAGESIZE 1
| #define HAVE_MMAP 1
| #define HAVE_ISATTY 1
| #define HAVE_NEWLOCALE 1
| #define HAVE_STRTOD_L 1
| #define HAVE_POSIX_MEMALIGN 1
| #define HAVE_ROUND 1
| #define HAVE_UNISTD_H 1
| #define HAVE_SYS_MMAN_H 1
| #define HAVE_XLOCALE_H 1
| #define HAVE_STDBOOL_H 1
| #define ALIGNOF_STRUCT_CHAR__ 1
| #define HAVE_PTHREAD_PRIO_INHERIT 1
| #define HAVE_PTHREAD 1
| #define HAVE_FALLBACK 1
| #define HAVE_GLIB 1
| #define HAVE_FONTCONFIG 1
| #define HAVE_UCDN 1
| #define HAVE_FREETYPE 1
| /* end confdefs.h.  */
| /* Define FT_Set_Var_Blend_Coordinates to an innocuous variant, in case <limits.h> declares FT_Set_Var_Blend_Coordinates.
|    For example, HP-UX 11i <limits.h> declares gettimeofday.  */
| #define FT_Set_Var_Blend_Coordinates innocuous_FT_Set_Var_Blend_Coordinates
| 
| /* System header to define __stub macros and hopefully few prototypes,
|     which can conflict with char FT_Set_Var_Blend_Coordinates (); below.
|     Prefer <limits.h> to <assert.h> if __STDC__ is defined, since
|     <limits.h> exists even on freestanding compilers.  */
| 
| #ifdef __STDC__
| # include <limits.h>
| #else
| # include <assert.h>
| #endif
| 
| #undef FT_Set_Var_Blend_Coordinates
| 
| /* Override any GCC internal prototype to avoid an error.
|    Use char because int might match the return type of a GCC
|    builtin and then its argument prototype would still apply.  */
| #ifdef __cplusplus
| extern "C"
| #endif
| char FT_Set_Var_Blend_Coordinates ();
| /* The GNU C library defines this for functions which it implements
|     to always fail with ENOSYS.  Some functions are actually named
|     something starting with __ and the normal name is an alias.  */
| #if defined __stub_FT_Set_Var_Blend_Coordinates || defined __stub___FT_Set_Var_Blend_Coordinates
| choke me
| #endif
| 
| int
| main ()
| {
| return FT_Set_Var_Blend_Coordinates ();
|   ;
|   return 0;
| }
configure:20828: result: no
configure:20828: checking for FT_Done_MM_Var
configure:20828: aarch64-linux-android-gcc -std=gnu99 -o conftest -D__ANDROID_API__=21 --sysroot=/home/jianglei/android-ndk-r17/NDK/arm64/sysroot   -Bsymbolic-functions conftest.c  -L/home/jianglei/svg/build/usr/local/lib -lfreetype >&5
/home/jianglei/android-ndk-r17/NDK/arm64/bin/../lib/gcc/aarch64-linux-android/4.9.x/../../../../aarch64-linux-android/bin/ld: warning: libpng16.so, needed by /home/jianglei/svg/build/usr/local/lib/libfreetype.so, not found (try using -rpath or -rpath-link)
/home/jianglei/svg/build/usr/local/lib/libfreetype.so: undefined reference to `png_create_info_struct@PNG16_0'
/home/jianglei/svg/build/usr/local/lib/libfreetype.so: undefined reference to `png_set_filler@PNG16_0'
/home/jianglei/svg/build/usr/local/lib/libfreetype.so: undefined reference to `png_get_IHDR@PNG16_0'
/home/jianglei/svg/build/usr/local/lib/libfreetype.so: undefined reference to `png_read_update_info@PNG16_0'
/home/jianglei/svg/build/usr/local/lib/libfreetype.so: undefined reference to `png_set_longjmp_fn@PNG16_0'
/home/jianglei/svg/build/usr/local/lib/libfreetype.so: undefined reference to `png_set_strip_16@PNG16_0'
/home/jianglei/svg/build/usr/local/lib/libfreetype.so: undefined reference to `png_get_valid@PNG16_0'
/home/jianglei/svg/build/usr/local/lib/libfreetype.so: undefined reference to `png_set_tRNS_to_alpha@PNG16_0'
/home/jianglei/svg/build/usr/local/lib/libfreetype.so: undefined reference to `png_read_end@PNG16_0'
/home/jianglei/svg/build/usr/local/lib/libfreetype.so: undefined reference to `png_set_read_fn@PNG16_0'
/home/jianglei/svg/build/usr/local/lib/libfreetype.so: undefined reference to `png_destroy_read_struct@PNG16_0'
/home/jianglei/svg/build/usr/local/lib/libfreetype.so: undefined reference to `png_set_read_user_transform_fn@PNG16_0'
/home/jianglei/svg/build/usr/local/lib/libfreetype.so: undefined reference to `png_create_read_struct@PNG16_0'
/home/jianglei/svg/build/usr/local/lib/libfreetype.so: undefined reference to `png_set_expand_gray_1_2_4_to_8@PNG16_0'
/home/jianglei/svg/build/usr/local/lib/libfreetype.so: undefined reference to `png_set_gray_to_rgb@PNG16_0'
/home/jianglei/svg/build/usr/local/lib/libfreetype.so: undefined reference to `png_read_image@PNG16_0'
/home/jianglei/svg/build/usr/local/lib/libfreetype.so: undefined reference to `png_set_interlace_handling@PNG16_0'
/home/jianglei/svg/build/usr/local/lib/libfreetype.so: undefined reference to `png_read_info@PNG16_0'
/home/jianglei/svg/build/usr/local/lib/libfreetype.so: undefined reference to `png_error@PNG16_0'
/home/jianglei/svg/build/usr/local/lib/libfreetype.so: undefined reference to `png_set_packing@PNG16_0'
/home/jianglei/svg/build/usr/local/lib/libfreetype.so: undefined reference to `png_get_io_ptr@PNG16_0'
/home/jianglei/svg/build/usr/local/lib/libfreetype.so: undefined reference to `png_get_error_ptr@PNG16_0'
/home/jianglei/svg/build/usr/local/lib/libfreetype.so: undefined reference to `png_set_palette_to_rgb@PNG16_0'
collect2: error: ld returned 1 exit status
configure:20828: $? = 1
configure: failed program was:
| /* confdefs.h */
| #define PACKAGE_NAME "HarfBuzz"
| #define PACKAGE_TARNAME "harfbuzz"
| #define PACKAGE_VERSION "2.1.3"
| #define PACKAGE_STRING "HarfBuzz 2.1.3"
| #define PACKAGE_BUGREPORT "https://github.com/harfbuzz/harfbuzz/issues/new"
| #define PACKAGE_URL "http://harfbuzz.org/"
| #define STDC_HEADERS 1
| #define HAVE_SYS_TYPES_H 1
| #define HAVE_SYS_STAT_H 1
| #define HAVE_STDLIB_H 1
| #define HAVE_STRING_H 1
| #define HAVE_MEMORY_H 1
| #define HAVE_STRINGS_H 1
| #define HAVE_INTTYPES_H 1
| #define HAVE_STDINT_H 1
| #define HAVE_UNISTD_H 1
| #define __EXTENSIONS__ 1
| #define _ALL_SOURCE 1
| #define _GNU_SOURCE 1
| #define _POSIX_PTHREAD_SEMANTICS 1
| #define _TANDEM_SOURCE 1
| #define HAVE_DLFCN_H 1
| #define LT_OBJDIR ".libs/"
| #define HAVE_ATEXIT 1
| #define HAVE_MPROTECT 1
| #define HAVE_SYSCONF 1
| #define HAVE_GETPAGESIZE 1
| #define HAVE_MMAP 1
| #define HAVE_ISATTY 1
| #define HAVE_NEWLOCALE 1
| #define HAVE_STRTOD_L 1
| #define HAVE_POSIX_MEMALIGN 1
| #define HAVE_ROUND 1
| #define HAVE_UNISTD_H 1
| #define HAVE_SYS_MMAN_H 1
| #define HAVE_XLOCALE_H 1
| #define HAVE_STDBOOL_H 1
| #define ALIGNOF_STRUCT_CHAR__ 1
| #define HAVE_PTHREAD_PRIO_INHERIT 1
| #define HAVE_PTHREAD 1
| #define HAVE_FALLBACK 1
| #define HAVE_GLIB 1
| #define HAVE_FONTCONFIG 1
| #define HAVE_UCDN 1
| #define HAVE_FREETYPE 1
| /* end confdefs.h.  */
| /* Define FT_Done_MM_Var to an innocuous variant, in case <limits.h> declares FT_Done_MM_Var.
|    For example, HP-UX 11i <limits.h> declares gettimeofday.  */
| #define FT_Done_MM_Var innocuous_FT_Done_MM_Var
| 
| /* System header to define __stub macros and hopefully few prototypes,
|     which can conflict with char FT_Done_MM_Var (); below.
|     Prefer <limits.h> to <assert.h> if __STDC__ is defined, since
|     <limits.h> exists even on freestanding compilers.  */
| 
| #ifdef __STDC__
| # include <limits.h>
| #else
| # include <assert.h>
| #endif
| 
| #undef FT_Done_MM_Var
| 
| /* Override any GCC internal prototype to avoid an error.
|    Use char because int might match the return type of a GCC
|    builtin and then its argument prototype would still apply.  */
| #ifdef __cplusplus
| extern "C"
| #endif
| char FT_Done_MM_Var ();
| /* The GNU C library defines this for functions which it implements
|     to always fail with ENOSYS.  Some functions are actually named
|     something starting with __ and the normal name is an alias.  */
| #if defined __stub_FT_Done_MM_Var || defined __stub___FT_Done_MM_Var
| choke me
| #endif
| 
| int
| main ()
| {
| return FT_Done_MM_Var ();
|   ;
|   return 0;
| }
configure:20828: result: no
configure:21013: checking for Intel atomic primitives
configure:21036: aarch64-linux-android-gcc -std=gnu99 -o conftest -D__ANDROID_API__=21 --sysroot=/home/jianglei/android-ndk-r17/NDK/arm64/sysroot   -Bsymbolic-functions conftest.c  >&5
configure:21036: $? = 0
configure:21044: result: true
configure:21053: checking for Solaris atomic operations
configure:21078: aarch64-linux-android-gcc -std=gnu99 -o conftest -D__ANDROID_API__=21 --sysroot=/home/jianglei/android-ndk-r17/NDK/arm64/sysroot   -Bsymbolic-functions conftest.c  >&5
conftest.c:50:22: fatal error: atomic.h: No such file or directory
   #include <atomic.h>
                      ^
compilation terminated.
configure:21078: $? = 1
configure: failed program was:
| /* confdefs.h */
| #define PACKAGE_NAME "HarfBuzz"
| #define PACKAGE_TARNAME "harfbuzz"
| #define PACKAGE_VERSION "2.1.3"
| #define PACKAGE_STRING "HarfBuzz 2.1.3"
| #define PACKAGE_BUGREPORT "https://github.com/harfbuzz/harfbuzz/issues/new"
| #define PACKAGE_URL "http://harfbuzz.org/"
| #define STDC_HEADERS 1
| #define HAVE_SYS_TYPES_H 1
| #define HAVE_SYS_STAT_H 1
| #define HAVE_STDLIB_H 1
| #define HAVE_STRING_H 1
| #define HAVE_MEMORY_H 1
| #define HAVE_STRINGS_H 1
| #define HAVE_INTTYPES_H 1
| #define HAVE_STDINT_H 1
| #define HAVE_UNISTD_H 1
| #define __EXTENSIONS__ 1
| #define _ALL_SOURCE 1
| #define _GNU_SOURCE 1
| #define _POSIX_PTHREAD_SEMANTICS 1
| #define _TANDEM_SOURCE 1
| #define HAVE_DLFCN_H 1
| #define LT_OBJDIR ".libs/"
| #define HAVE_ATEXIT 1
| #define HAVE_MPROTECT 1
| #define HAVE_SYSCONF 1
| #define HAVE_GETPAGESIZE 1
| #define HAVE_MMAP 1
| #define HAVE_ISATTY 1
| #define HAVE_NEWLOCALE 1
| #define HAVE_STRTOD_L 1
| #define HAVE_POSIX_MEMALIGN 1
| #define HAVE_ROUND 1
| #define HAVE_UNISTD_H 1
| #define HAVE_SYS_MMAN_H 1
| #define HAVE_XLOCALE_H 1
| #define HAVE_STDBOOL_H 1
| #define ALIGNOF_STRUCT_CHAR__ 1
| #define HAVE_PTHREAD_PRIO_INHERIT 1
| #define HAVE_PTHREAD 1
| #define HAVE_FALLBACK 1
| #define HAVE_GLIB 1
| #define HAVE_FONTCONFIG 1
| #define HAVE_UCDN 1
| #define HAVE_FREETYPE 1
| #define HAVE_INTEL_ATOMIC_PRIMITIVES 1
| /* end confdefs.h.  */
| 
| 		#include <atomic.h>
| 		/* This requires Solaris Studio 12.2 or newer: */
| 		#include <mbarrier.h>
| 		void memory_barrier (void) { __machine_rw_barrier (); }
| 		int atomic_add (volatile unsigned *i) { return atomic_add_int_nv (i, 1); }
| 		void *atomic_ptr_cmpxchg (volatile void **target, void *cmp, void *newval) { return atomic_cas_ptr (target, cmp, newval); }
| 
| int
| main ()
| {
| 
|   ;
|   return 0;
| }
configure:21086: result: false
configure:21280: checking that generated files are newer than configure
configure:21286: result: done
configure:21425: creating ./config.status

## ---------------------- ##
## Running config.status. ##
## ---------------------- ##

This file was extended by HarfBuzz config.status 2.1.3, which was
generated by GNU Autoconf 2.69.  Invocation command line was

  CONFIG_FILES    = 
  CONFIG_HEADERS  = 
  CONFIG_LINKS    = 
  CONFIG_COMMANDS = 
  $ ./config.status 

on jianglei

config.status:1411: creating Makefile
config.status:1411: creating src/Makefile
config.status:1411: creating src/harfbuzz-config.cmake
config.status:1411: creating src/hb-ucdn/Makefile
config.status:1411: creating util/Makefile
config.status:1411: creating test/Makefile
config.status:1411: creating test/api/Makefile
config.status:1411: creating test/fuzzing/Makefile
config.status:1411: creating test/shaping/Makefile
config.status:1411: creating test/shaping/data/Makefile
config.status:1411: creating test/shaping/data/in-house/Makefile
config.status:1411: creating test/shaping/data/text-rendering-tests/Makefile
config.status:1411: creating test/subset/Makefile
config.status:1411: creating test/subset/data/Makefile
config.status:1411: creating docs/Makefile
config.status:1411: creating docs/version.xml
config.status:1411: creating config.h
config.status:1592: config.h is unchanged
config.status:1640: executing depfiles commands
config.status:1640: executing libtool commands
configure:23877:

Build configuration:

Unicode callbacks (you want at least one):
	Builtin (UCDN):		true
	Glib:			true
	ICU:			false

Font callbacks (the more the merrier):
	FreeType:		true

Tools used for command-line utilities:
	Cairo:			false
	Fontconfig:		true

Additional shapers (the more the merrier):
	Graphite2:		false

Platform shapers (not normally needed):
	CoreText:		false
	DirectWrite:		false
	Uniscribe:		false

Other features:
	Documentation:		no
	GObject bindings:	false
	Introspection:		false


## ---------------- ##
## Cache variables. ##
## ---------------- ##

ac_cv_alignof_struct_char__=1
ac_cv_build=x86_64-pc-linux-gnu
ac_cv_c_compiler_gnu=yes
ac_cv_cxx_compiler_gnu=yes
ac_cv_env_CAIRO_CFLAGS_set=
ac_cv_env_CAIRO_CFLAGS_value=
ac_cv_env_CAIRO_FT_CFLAGS_set=
ac_cv_env_CAIRO_FT_CFLAGS_value=
ac_cv_env_CAIRO_FT_LIBS_set=
ac_cv_env_CAIRO_FT_LIBS_value=
ac_cv_env_CAIRO_LIBS_set=
ac_cv_env_CAIRO_LIBS_value=
ac_cv_env_CCC_set=
ac_cv_env_CCC_value=
ac_cv_env_CC_set=set
ac_cv_env_CC_value=aarch64-linux-android-gcc
ac_cv_env_CFLAGS_set=set
ac_cv_env_CFLAGS_value='-D__ANDROID_API__=21 --sysroot=/home/jianglei/android-ndk-r17/NDK/arm64/sysroot'
ac_cv_env_CPPFLAGS_set=
ac_cv_env_CPPFLAGS_value=
ac_cv_env_CPP_set=
ac_cv_env_CPP_value=
ac_cv_env_CXXCPP_set=
ac_cv_env_CXXCPP_value=
ac_cv_env_CXXFLAGS_set=
ac_cv_env_CXXFLAGS_value=
ac_cv_env_CXX_set=set
ac_cv_env_CXX_value=aarch64-linux-android-clang++
ac_cv_env_FONTCONFIG_CFLAGS_set=
ac_cv_env_FONTCONFIG_CFLAGS_value=
ac_cv_env_FONTCONFIG_LIBS_set=
ac_cv_env_FONTCONFIG_LIBS_value=
ac_cv_env_FREETYPE_CFLAGS_set=
ac_cv_env_FREETYPE_CFLAGS_value=
ac_cv_env_FREETYPE_LIBS_set=
ac_cv_env_FREETYPE_LIBS_value=
ac_cv_env_GLIB_CFLAGS_set=
ac_cv_env_GLIB_CFLAGS_value=
ac_cv_env_GLIB_LIBS_set=
ac_cv_env_GLIB_LIBS_value=
ac_cv_env_GOBJECT_CFLAGS_set=
ac_cv_env_GOBJECT_CFLAGS_value=
ac_cv_env_GOBJECT_LIBS_set=
ac_cv_env_GOBJECT_LIBS_value=
ac_cv_env_GRAPHITE2_CFLAGS_set=
ac_cv_env_GRAPHITE2_CFLAGS_value=
ac_cv_env_GRAPHITE2_LIBS_set=
ac_cv_env_GRAPHITE2_LIBS_value=
ac_cv_env_GTKDOC_DEPS_CFLAGS_set=
ac_cv_env_GTKDOC_DEPS_CFLAGS_value=
ac_cv_env_GTKDOC_DEPS_LIBS_set=
ac_cv_env_GTKDOC_DEPS_LIBS_value=
ac_cv_env_ICU_CFLAGS_set=
ac_cv_env_ICU_CFLAGS_value=
ac_cv_env_ICU_LIBS_set=
ac_cv_env_ICU_LIBS_value=
ac_cv_env_LDFLAGS_set=
ac_cv_env_LDFLAGS_value=
ac_cv_env_LIBS_set=
ac_cv_env_LIBS_value=
ac_cv_env_LT_SYS_LIBRARY_PATH_set=
ac_cv_env_LT_SYS_LIBRARY_PATH_value=
ac_cv_env_PKG_CONFIG_LIBDIR_set=set
ac_cv_env_PKG_CONFIG_LIBDIR_value=/home/jianglei/svg/build/usr/local/lib/pkgconfig
ac_cv_env_PKG_CONFIG_PATH_set=
ac_cv_env_PKG_CONFIG_PATH_value=
ac_cv_env_PKG_CONFIG_set=
ac_cv_env_PKG_CONFIG_value=
ac_cv_env_build_alias_set=
ac_cv_env_build_alias_value=
ac_cv_env_host_alias_set=set
ac_cv_env_host_alias_value=aarch64-linux
ac_cv_env_target_alias_set=
ac_cv_env_target_alias_value=
ac_cv_func_FT_Done_MM_Var=no
ac_cv_func_FT_Get_Var_Blend_Coordinates=no
ac_cv_func_FT_Set_Var_Blend_Coordinates=no
ac_cv_func_atexit=yes
ac_cv_func_getpagesize=yes
ac_cv_func_isatty=yes
ac_cv_func_mmap=yes
ac_cv_func_mprotect=yes
ac_cv_func_newlocale=yes
ac_cv_func_posix_memalign=yes
ac_cv_func_round=yes
ac_cv_func_strtod_l=yes
ac_cv_func_sysconf=yes
ac_cv_header_dlfcn_h=yes
ac_cv_header_inttypes_h=yes
ac_cv_header_memory_h=yes
ac_cv_header_minix_config_h=no
ac_cv_header_stdbool_h=yes
ac_cv_header_stdc=yes
ac_cv_header_stdint_h=yes
ac_cv_header_stdlib_h=yes
ac_cv_header_string_h=yes
ac_cv_header_strings_h=yes
ac_cv_header_sys_mman_h=yes
ac_cv_header_sys_stat_h=yes
ac_cv_header_sys_types_h=yes
ac_cv_header_unistd_h=yes
ac_cv_header_xlocale_h=yes
ac_cv_host=aarch64-unknown-linux-gnu
ac_cv_objext=o
ac_cv_path_EGREP='/bin/grep -E'
ac_cv_path_FGREP='/bin/grep -F'
ac_cv_path_GREP=/bin/grep
ac_cv_path_GTKDOC_CHECK_PATH=/usr/bin/gtkdoc-check
ac_cv_path_GTKDOC_MKPDF=/usr/bin/gtkdoc-mkpdf
ac_cv_path_GTKDOC_REBASE=/usr/bin/gtkdoc-rebase
ac_cv_path_SED=/bin/sed
ac_cv_path_ac_pt_PKG_CONFIG=/usr/bin/pkg-config
ac_cv_path_install='/usr/bin/install -c'
ac_cv_path_lt_DD=/bin/dd
ac_cv_path_mkdir=/bin/mkdir
ac_cv_prog_AR=aarch64-linux-android-ar
ac_cv_prog_AWK=mawk
ac_cv_prog_CC=aarch64-linux-android-gcc
ac_cv_prog_CPP='aarch64-linux-android-gcc -E'
ac_cv_prog_CXXCPP='aarch64-linux-android-clang++ -E'
ac_cv_prog_GTKDOC_CHECK=gtkdoc-check.test
ac_cv_prog_OBJDUMP=aarch64-linux-android-objdump
ac_cv_prog_RANLIB=aarch64-linux-android-ranlib
ac_cv_prog_STRIP=aarch64-linux-android-strip
ac_cv_prog_ac_ct_MANIFEST_TOOL=mt
ac_cv_prog_cc_c89=
ac_cv_prog_cc_c99=-std=gnu99
ac_cv_prog_cc_g=yes
ac_cv_prog_cxx_g=yes
ac_cv_prog_make_make_set=yes
ac_cv_safe_to_define___extensions__=yes
ac_cv_sys_file_offset_bits=no
ac_cv_sys_largefile_CC=no
am_cv_CC_dependencies_compiler_type=gcc3
am_cv_CXX_dependencies_compiler_type=gcc3
am_cv_ar_interface=ar
am_cv_make_support_nested_variables=yes
am_cv_prog_cc_c_o=yes
am_cv_prog_tar_ustar=gnutar
ax_cv_PTHREAD_CLANG=no
ax_cv_PTHREAD_JOINABLE_ATTR=PTHREAD_CREATE_JOINABLE
ax_cv_PTHREAD_PRIO_INHERIT=yes
ax_cv_PTHREAD_SPECIAL_FLAGS=no
ax_cv_check_ldflags___Bsymbolic_functions=yes
hb_cv_have_intel_atomic_primitives=true
hb_cv_have_solaris_atomic_ops=false
lt_cv_ar_at_file=@
lt_cv_archive_cmds_need_lc=no
lt_cv_deplibs_check_method=pass_all
lt_cv_file_magic_cmd='$MAGIC_CMD'
lt_cv_file_magic_test_file=
lt_cv_ld_reload_flag=-r
lt_cv_nm_interface='BSD nm'
lt_cv_objdir=.libs
lt_cv_path_LD=aarch64-linux-android-ld
lt_cv_path_LDCXX=aarch64-linux-android-ld
lt_cv_path_NM=aarch64-linux-android-nm
lt_cv_path_mainfest_tool=no
lt_cv_prog_compiler_c_o=yes
lt_cv_prog_compiler_c_o_CXX=yes
lt_cv_prog_compiler_pic='-fPIC -DPIC'
lt_cv_prog_compiler_pic_CXX='-fPIC -DPIC'
lt_cv_prog_compiler_pic_works=yes
lt_cv_prog_compiler_pic_works_CXX=yes
lt_cv_prog_compiler_rtti_exceptions=no
lt_cv_prog_compiler_static_works=yes
lt_cv_prog_compiler_static_works_CXX=yes
lt_cv_prog_gnu_ld=yes
lt_cv_prog_gnu_ldcxx=yes
lt_cv_sharedlib_from_linklib_cmd='printf %s\n'
lt_cv_shlibpath_overrides_runpath=no
lt_cv_sys_global_symbol_pipe='sed -n -e '\''s/^.*[	 ]\([ABCDGIRSTW][ABCDGIRSTW]*\)[	 ][	 ]*\([_A-Za-z][_A-Za-z0-9]*\)$/\1 \2 \2/p'\'' | sed '\''/ __gnu_lto/d'\'''
lt_cv_sys_global_symbol_to_c_name_address='sed -n -e '\''s/^: \(.*\) .*$/  {"\1", (void *) 0},/p'\'' -e '\''s/^[ABCDGIRSTW][ABCDGIRSTW]* .* \(.*\)$/  {"\1", (void *) \&\1},/p'\'''
lt_cv_sys_global_symbol_to_c_name_address_lib_prefix='sed -n -e '\''s/^: \(.*\) .*$/  {"\1", (void *) 0},/p'\'' -e '\''s/^[ABCDGIRSTW][ABCDGIRSTW]* .* \(lib.*\)$/  {"\1", (void *) \&\1},/p'\'' -e '\''s/^[ABCDGIRSTW][ABCDGIRSTW]* .* \(.*\)$/  {"lib\1", (void *) \&\1},/p'\'''
lt_cv_sys_global_symbol_to_cdecl='sed -n -e '\''s/^T .* \(.*\)$/extern int \1();/p'\'' -e '\''s/^[ABCDGIRSTW][ABCDGIRSTW]* .* \(.*\)$/extern char \1;/p'\'''
lt_cv_sys_global_symbol_to_import=
lt_cv_sys_max_cmd_len=1572864
lt_cv_to_host_file_cmd=func_convert_file_noop
lt_cv_to_tool_file_cmd=func_convert_file_noop
lt_cv_truncate_bin='/bin/dd bs=4096 count=1'
pkg_cv_FONTCONFIG_CFLAGS='-I/home/jianglei/svg/build/usr/local/include -I/home/jianglei/svg/build/usr/local/include/freetype2 -I/home/jianglei/svg/build/usr/local/include/libpng16 -I/home/jianglei/svg/build/usr/local/include -I/home/jianglei/svg/build/usr/local/include/freetype2 -I/home/jianglei/svg/build/usr/local/include/libpng16 -I/home/jianglei/svg/build/usr/local/include'
pkg_cv_FONTCONFIG_LIBS='-L/home/jianglei/svg/build/usr/local/lib -lfontconfig -lfreetype'
pkg_cv_FREETYPE_CFLAGS='-I/home/jianglei/svg/build/usr/local/include/freetype2 -I/home/jianglei/svg/build/usr/local/include/libpng16 -I/home/jianglei/svg/build/usr/local/include'
pkg_cv_FREETYPE_LIBS='-L/home/jianglei/svg/build/usr/local/lib -lfreetype'
pkg_cv_GLIB_CFLAGS='-I/home/jianglei/svg/build/usr/local/include/glib-2.0 -I/home/jianglei/svg/build/usr/local/lib/glib-2.0/include -I/home/jianglei/svg/build/usr/local/include'
pkg_cv_GLIB_LIBS='-L/home/jianglei/svg/build/usr/local/lib -lglib-2.0 -lintl -liconv'
pkg_cv_GTKDOC_DEPS_CFLAGS='-I/home/jianglei/svg/build/usr/local/include/glib-2.0 -I/home/jianglei/svg/build/usr/local/lib/glib-2.0/include -I/home/jianglei/svg/build/usr/local/include'
pkg_cv_GTKDOC_DEPS_LIBS='-L/home/jianglei/svg/build/usr/local/lib -lgobject-2.0 -lglib-2.0 -lintl -liconv'

## ----------------- ##
## Output variables. ##
## ----------------- ##














	@echo "Need to reconfigure with --enable-code-coverage"
	@echo "Need to reconfigure with --enable-code-coverage"
 $(CODE_COVERAGE_IGNORE_PATTERN);
 $(CODE_COVERAGE_OUTPUT_FILE);
#
#
#    $(PACKAGE_NAME)-$(PACKAGE_VERSION)-coverage)
#    $(PACKAGE_NAME)-$(PACKAGE_VERSION)-coverage.info)
#    (Default: $(top_builddir))
#    (Default: empty)
#    Multiple directories may be specified, separated by whitespace.
#    by lcov for code coverage. (Default:
#    collecting lcov instance. (Default: $CODE_COVERAGE_LCOV_OPTIONS_GCOVPATH)
#    genhtml instance. (Default: based on $CODE_COVERAGE_BRANCH_COVERAGE)
#    instance. (Default: $CODE_COVERAGE_GENHTML_OPTIONS_DEFAULT)
#    instance. (Default: $CODE_COVERAGE_LCOV_OPTIONS_DEFAULT)
#    instance. (Default: $CODE_COVERAGE_LCOV_RMOPTS_DEFAULT)
#    instances. (Default: $CODE_COVERAGE_LCOV_SHOPTS_DEFAULT)
#    instances. (Default: based on $CODE_COVERAGE_BRANCH_COVERAGE)
#    lcov instance. (Default: empty)
#    reports to be created. (Default:
#    set to 0 to disable it and leave empty to stay with the default.
#  - CODE_COVERAGE_BRANCH_COVERAGE: Set to 1 to enforce branch coverage,
#  - CODE_COVERAGE_DIRECTORY: Top-level directory for code coverage reporting.
#  - CODE_COVERAGE_GENHTML_OPTIONS: Extra options to pass to the genhtml
#  - CODE_COVERAGE_GENHTML_OPTIONS_DEFAULT: Extra options to pass to the
#  - CODE_COVERAGE_IGNORE_PATTERN: Extra glob pattern of files to ignore
#  - CODE_COVERAGE_LCOV_OPTIONS: Extra options to pass to the collecting lcov
#  - CODE_COVERAGE_LCOV_OPTIONS_DEFAULT: Extra options to pass to the
#  - CODE_COVERAGE_LCOV_OPTIONS_GCOVPATH: --gcov-tool pathtogcov
#  - CODE_COVERAGE_LCOV_RMOPTS: Extra options to pass to the filtering lcov
#  - CODE_COVERAGE_LCOV_RMOPTS_DEFAULT: Extra options to pass to the filtering
#  - CODE_COVERAGE_LCOV_SHOPTS: Extra options to shared between both lcov
#  - CODE_COVERAGE_LCOV_SHOPTS_DEFAULT: Extra options shared between both lcov
#  - CODE_COVERAGE_OUTPUT_DIRECTORY: Directory for generated code coverage
#  - CODE_COVERAGE_OUTPUT_FILE: Filename and path for the .info file generated
# $(PACKAGE_VERSION). In order to add the current git hash to the title,
# Capture code coverage data
# Code coverage
# Hook rule executed before code-coverage-capture, overridable by the user
# Optional variables
# Optional:
# The generated report will be titled using the $(PACKAGE_NAME) and
# Use recursive makes in order to ignore errors during check
# sanitizes the test-name: replaces with underscores: dashes and dots
# use the git-version-gen script, available online.
$(if $(CODE_COVERAGE_BRANCH_COVERAGE),\
'
--rc genhtml_branch_coverage=$(CODE_COVERAGE_BRANCH_COVERAGE))
--rc lcov_branch_coverage=$(CODE_COVERAGE_BRANCH_COVERAGE))
.PHONY: check-code-coverage code-coverage-capture code-coverage-capture-hook code-coverage-clean
ACLOCAL='${SHELL} /home/jianglei/svg/harfbuzz-2.1.3/missing aclocal-1.15'
AMDEPBACKSLASH='\'
AMDEP_FALSE='#'
AMDEP_TRUE=''
AMTAR='$${TAR-tar}'
AM_BACKSLASH='\'
AM_DEFAULT_V='$(AM_DEFAULT_VERBOSITY)'
AM_DEFAULT_VERBOSITY='0'
AM_DISTCHECK_CONFIGURE_FLAGS += --disable-code-coverage
AM_DISTCHECK_CONFIGURE_FLAGS ?=
AM_V='$(V)'
AR='aarch64-linux-android-ar'
AUTOCONF='${SHELL} /home/jianglei/svg/harfbuzz-2.1.3/missing autoconf'
AUTOHEADER='${SHELL} /home/jianglei/svg/harfbuzz-2.1.3/missing autoheader'
AUTOMAKE='${SHELL} /home/jianglei/svg/harfbuzz-2.1.3/missing automake-1.15'
AWK='mawk'
CAIRO_CFLAGS=''
CAIRO_FT_CFLAGS=''
CAIRO_FT_LIBS=''
CAIRO_LIBS=''
CC='aarch64-linux-android-gcc -std=gnu99'
CCDEPMODE='depmode=gcc3'
CFLAGS='-D__ANDROID_API__=21 --sysroot=/home/jianglei/android-ndk-r17/NDK/arm64/sysroot'
CODE_COVERAGE_BRANCH_COVERAGE ?=
CODE_COVERAGE_CFLAGS=''
CODE_COVERAGE_CPPFLAGS=''
CODE_COVERAGE_CXXFLAGS=''
CODE_COVERAGE_DIRECTORY ?= $(top_builddir)
CODE_COVERAGE_ENABLED='no'
CODE_COVERAGE_ENABLED_FALSE=''
CODE_COVERAGE_ENABLED_TRUE='#'
CODE_COVERAGE_GENHTML_OPTIONS ?= $(CODE_COVERAGE_GENHTML_OPTIONS_DEFAULT)
CODE_COVERAGE_GENHTML_OPTIONS_DEFAULT ?=\
CODE_COVERAGE_IGNORE_PATTERN ?=
CODE_COVERAGE_LCOV_OPTIONS ?= $(CODE_COVERAGE_LCOV_OPTIONS_DEFAULT)
CODE_COVERAGE_LCOV_OPTIONS_DEFAULT ?= $(CODE_COVERAGE_LCOV_OPTIONS_GCOVPATH)
CODE_COVERAGE_LCOV_OPTIONS_GCOVPATH ?= --gcov-tool "$(GCOV)"
CODE_COVERAGE_LCOV_RMOPTS ?= $(CODE_COVERAGE_LCOV_RMOPTS_DEFAULT)
CODE_COVERAGE_LCOV_RMOPTS_DEFAULT ?=
CODE_COVERAGE_LCOV_SHOPTS ?= $(CODE_COVERAGE_LCOV_SHOPTS_DEFAULT)
CODE_COVERAGE_LCOV_SHOPTS_DEFAULT ?= $(if $(CODE_COVERAGE_BRANCH_COVERAGE),\
CODE_COVERAGE_LDFLAGS=''
CODE_COVERAGE_LIBS=''
CODE_COVERAGE_OUTPUT_DIRECTORY ?= $(PACKAGE_NAME)-$(PACKAGE_VERSION)-coverage
CODE_COVERAGE_OUTPUT_FILE ?= $(PACKAGE_NAME)-$(PACKAGE_VERSION)-coverage.info
CODE_COVERAGE_RULES='
CORETEXT_CFLAGS=''
CORETEXT_LIBS=''
CPP='aarch64-linux-android-gcc -E'
CPPFLAGS=''
CXX='aarch64-linux-android-clang++'
CXXCPP='aarch64-linux-android-clang++ -E'
CXXDEPMODE='depmode=gcc3'
CXXFLAGS='-fno-rtti -g -O2 -fno-exceptions -fno-threadsafe-statics -Wcast-align -fvisibility-inlines-hidden'
CYGPATH_W='echo'
DEFS='-DHAVE_CONFIG_H'
DEPDIR='.deps'
DIRECTWRITE_CXXFLAGS=''
DIRECTWRITE_LIBS=''
DLLTOOL='false'
DSYMUTIL=''
DUMPBIN=''
ECHO_C=''
ECHO_N='-n'
ECHO_T=''
EGREP='/bin/grep -E'
ENABLE_GTK_DOC_FALSE=''
ENABLE_GTK_DOC_TRUE='#'
EXEEXT=''
FGREP='/bin/grep -F'
FONTCONFIG_CFLAGS='-I/home/jianglei/svg/build/usr/local/include -I/home/jianglei/svg/build/usr/local/include/freetype2 -I/home/jianglei/svg/build/usr/local/include/libpng16 -I/home/jianglei/svg/build/usr/local/include -I/home/jianglei/svg/build/usr/local/include/freetype2 -I/home/jianglei/svg/build/usr/local/include/libpng16 -I/home/jianglei/svg/build/usr/local/include'
FONTCONFIG_LIBS='-L/home/jianglei/svg/build/usr/local/lib -lfontconfig -lfreetype'
FREETYPE_CFLAGS='-I/home/jianglei/svg/build/usr/local/include/freetype2 -I/home/jianglei/svg/build/usr/local/include/libpng16 -I/home/jianglei/svg/build/usr/local/include'
FREETYPE_DEPS='freetype2 >= 12.0.6'
FREETYPE_LIBS='-L/home/jianglei/svg/build/usr/local/lib -lfreetype'
GCOV=''
GENHTML=''
GIT='${SHELL} /home/jianglei/svg/harfbuzz-2.1.3/missing git'
GITIGNOREFILES += $(CODE_COVERAGE_OUTPUT_FILE) $(CODE_COVERAGE_OUTPUT_DIRECTORY)
GITIGNOREFILES ?=
GLIB_CFLAGS='-I/home/jianglei/svg/build/usr/local/include/glib-2.0 -I/home/jianglei/svg/build/usr/local/lib/glib-2.0/include -I/home/jianglei/svg/build/usr/local/include'
GLIB_DEPS='glib-2.0 >= 2.19.1'
GLIB_LIBS='-L/home/jianglei/svg/build/usr/local/lib -lglib-2.0 -lintl -liconv'
GLIB_MKENUMS=''
GOBJECT_CFLAGS=''
GOBJECT_LIBS=''
GRAPHITE2_CFLAGS=''
GRAPHITE2_DEPS='graphite2 >= 1.2.0'
GRAPHITE2_LIBS=''
GREP='/bin/grep'
GTKDOC_CHECK='gtkdoc-check.test'
GTKDOC_CHECK_PATH='/usr/bin/gtkdoc-check'
GTKDOC_DEPS_CFLAGS='-I/home/jianglei/svg/build/usr/local/include/glib-2.0 -I/home/jianglei/svg/build/usr/local/lib/glib-2.0/include -I/home/jianglei/svg/build/usr/local/include'
GTKDOC_DEPS_LIBS='-L/home/jianglei/svg/build/usr/local/lib -lgobject-2.0 -lglib-2.0 -lintl -liconv'
GTKDOC_MKPDF='/usr/bin/gtkdoc-mkpdf'
GTKDOC_REBASE='/usr/bin/gtkdoc-rebase'
GTK_DOC_BUILD_HTML_FALSE='#'
GTK_DOC_BUILD_HTML_TRUE=''
GTK_DOC_BUILD_PDF_FALSE=''
GTK_DOC_BUILD_PDF_TRUE='#'
GTK_DOC_USE_LIBTOOL_FALSE='#'
GTK_DOC_USE_LIBTOOL_TRUE=''
GTK_DOC_USE_REBASE_FALSE='#'
GTK_DOC_USE_REBASE_TRUE=''
HAVE_CAIRO_FALSE=''
HAVE_CAIRO_FT_FALSE=''
HAVE_CAIRO_FT_TRUE='#'
HAVE_CAIRO_TRUE='#'
HAVE_CORETEXT_FALSE=''
HAVE_CORETEXT_TRUE='#'
HAVE_DIRECTWRITE_FALSE=''
HAVE_DIRECTWRITE_TRUE='#'
HAVE_FALLBACK_FALSE='#'
HAVE_FALLBACK_TRUE=''
HAVE_FONTCONFIG_FALSE='#'
HAVE_FONTCONFIG_TRUE=''
HAVE_FREETYPE_FALSE='#'
HAVE_FREETYPE_TRUE=''
HAVE_GCC_FALSE='#'
HAVE_GCC_TRUE=''
HAVE_GLIB_FALSE='#'
HAVE_GLIB_TRUE=''
HAVE_GOBJECT_FALSE=''
HAVE_GOBJECT_TRUE='#'
HAVE_GRAPHITE2_FALSE=''
HAVE_GRAPHITE2_TRUE='#'
HAVE_GTK_DOC_FALSE=''
HAVE_GTK_DOC_TRUE='#'
HAVE_ICU_BUILTIN_FALSE=''
HAVE_ICU_BUILTIN_TRUE='#'
HAVE_ICU_FALSE=''
HAVE_ICU_TRUE='#'
HAVE_INTROSPECTION_FALSE=''
HAVE_INTROSPECTION_TRUE='#'
HAVE_PTHREAD_FALSE='#'
HAVE_PTHREAD_TRUE=''
HAVE_UCDN_FALSE='#'
HAVE_UCDN_TRUE=''
HAVE_UNISCRIBE_FALSE=''
HAVE_UNISCRIBE_TRUE='#'
HB_LIBTOOL_VERSION_INFO='20103:0:20103'
HB_VERSION='2.1.3'
HB_VERSION_MAJOR='2'
HB_VERSION_MICRO='3'
HB_VERSION_MINOR='1'
HTML_DIR='${datadir}/gtk-doc/html'
ICU_CFLAGS=''
ICU_CONFIG=''
ICU_LIBS=''
INSTALL_DATA='${INSTALL} -m 644'
INSTALL_PROGRAM='${INSTALL}'
INSTALL_SCRIPT='${INSTALL}'
INSTALL_STRIP_PROGRAM='$(install_sh) -c -s'
INTROSPECTION_CFLAGS=''
INTROSPECTION_COMPILER=''
INTROSPECTION_GENERATE=''
INTROSPECTION_GIRDIR=''
INTROSPECTION_LIBS=''
INTROSPECTION_MAKEFILE=''
INTROSPECTION_SCANNER=''
INTROSPECTION_TYPELIBDIR=''
LCOV=''
LD='aarch64-linux-android-ld'
LDFLAGS=' -Bsymbolic-functions'
LIBOBJS=''
LIBS=''
LIBTOOL='$(SHELL) $(top_builddir)/libtool'
LIPO=''
LN_S='ln -s'
LTLIBOBJS=''
LT_SYS_LIBRARY_PATH=''
MAKEINFO='${SHELL} /home/jianglei/svg/harfbuzz-2.1.3/missing makeinfo'
MANIFEST_TOOL=':'
MKDIR_P='/bin/mkdir -p'
NM='aarch64-linux-android-nm'
NMEDIT=''
OBJDUMP='aarch64-linux-android-objdump'
OBJEXT='o'
OS_WIN32_FALSE=''
OS_WIN32_TRUE='#'
OTOOL64=''
OTOOL=''
PACKAGE='harfbuzz'
PACKAGE_BUGREPORT='https://github.com/harfbuzz/harfbuzz/issues/new'
PACKAGE_NAME='HarfBuzz'
PACKAGE_STRING='HarfBuzz 2.1.3'
PACKAGE_TARNAME='harfbuzz'
PACKAGE_URL='http://harfbuzz.org/'
PACKAGE_VERSION='2.1.3'
PATH_SEPARATOR=':'
PKG_CONFIG='/usr/bin/pkg-config'
PKG_CONFIG_LIBDIR='/home/jianglei/svg/build/usr/local/lib/pkgconfig'
PKG_CONFIG_PATH=''
PTHREAD_CC='aarch64-linux-android-gcc -std=gnu99'
PTHREAD_CFLAGS='-pthread'
PTHREAD_LIBS=''
RAGEL='${SHELL} /home/jianglei/svg/harfbuzz-2.1.3/missing ragel'
RANLIB='aarch64-linux-android-ranlib'
SED='/bin/sed'
SET_MAKE=''
SHELL='/bin/bash'
STRIP='aarch64-linux-android-strip'
UNISCRIBE_CFLAGS=''
UNISCRIBE_LIBS=''
VERSION='2.1.3'
WITH_LIBSTDCXX_FALSE=''
WITH_LIBSTDCXX_TRUE='#'
ac_ct_AR=''
ac_ct_CC=''
ac_ct_CXX=''
ac_ct_DUMPBIN=''
am__EXEEXT_FALSE=''
am__EXEEXT_TRUE='#'
am__fastdepCC_FALSE='#'
am__fastdepCC_TRUE=''
am__fastdepCXX_FALSE='#'
am__fastdepCXX_TRUE=''
am__include='include'
am__isrc=''
am__leading_dot='.'
am__nodep='_no'
am__quote=''
am__tar='tar --format=ustar -chf - "$$tardir"'
am__untar='tar -xf -'
ax_pthread_config=''
bindir='${exec_prefix}/bin'
build='x86_64-pc-linux-gnu'
build_alias=''
build_cpu='x86_64'
build_os='linux-gnu'
build_vendor='pc'
check-code-coverage:
code-coverage-capture-hook:
code-coverage-capture: code-coverage-capture-hook
code_coverage_quiet = $(code_coverage_quiet_$(V))
code_coverage_quiet_ = $(code_coverage_quiet_$(AM_DEFAULT_VERBOSITY))
code_coverage_quiet_0 = --quiet
code_coverage_sanitize = $(subst -,_,$(subst .,_,$(1)))
code_coverage_v_genhtml = $(code_coverage_v_genhtml_$(V))
code_coverage_v_genhtml_ = $(code_coverage_v_genhtml_$(AM_DEFAULT_VERBOSITY))
code_coverage_v_genhtml_0 = @echo "  GEN   " $(CODE_COVERAGE_OUTPUT_DIRECTORY);
code_coverage_v_lcov_cap = $(code_coverage_v_lcov_cap_$(V))
code_coverage_v_lcov_cap_ = $(code_coverage_v_lcov_cap_$(AM_DEFAULT_VERBOSITY))
code_coverage_v_lcov_cap_0 = @echo "  LCOV   --capture"\
code_coverage_v_lcov_ign = $(code_coverage_v_lcov_ign_$(V))
code_coverage_v_lcov_ign_ = $(code_coverage_v_lcov_ign_$(AM_DEFAULT_VERBOSITY))
code_coverage_v_lcov_ign_0 = @echo "  LCOV   --remove /tmp/*"\
datadir='${datarootdir}'
datarootdir='${prefix}/share'
docdir='${datarootdir}/doc/${PACKAGE_TARNAME}'
dvidir='${docdir}'
exec_prefix='${prefix}'
have_gobject='false'
host='aarch64-unknown-linux-gnu'
host_alias='aarch64-linux'
host_cpu='aarch64'
host_os='linux-gnu'
host_vendor='unknown'
htmldir='${docdir}'
includedir='${prefix}/include'
infodir='${datarootdir}/info'
install_sh='${SHELL} /home/jianglei/svg/harfbuzz-2.1.3/install-sh'
libdir='${exec_prefix}/lib'
libexecdir='${exec_prefix}/libexec'
localedir='${datarootdir}/locale'
localstatedir='${prefix}/var'
mandir='${datarootdir}/man'
mkdir_p='$(MKDIR_P)'
oldincludedir='/usr/include'
pdfdir='${docdir}'
prefix='/home/jianglei/svg/build/usr/local'
program_transform_name='s,x,x,'
psdir='${docdir}'
runstatedir='${localstatedir}/run'
sbindir='${exec_prefix}/sbin'
sharedstatedir='${prefix}/com'
sysconfdir='${prefix}/etc'
target_alias=''

## ----------- ##
## confdefs.h. ##
## ----------- ##

/* confdefs.h */
#define PACKAGE_NAME "HarfBuzz"
#define PACKAGE_TARNAME "harfbuzz"
#define PACKAGE_VERSION "2.1.3"
#define PACKAGE_STRING "HarfBuzz 2.1.3"
#define PACKAGE_BUGREPORT "https://github.com/harfbuzz/harfbuzz/issues/new"
#define PACKAGE_URL "http://harfbuzz.org/"
#define STDC_HEADERS 1
#define HAVE_SYS_TYPES_H 1
#define HAVE_SYS_STAT_H 1
#define HAVE_STDLIB_H 1
#define HAVE_STRING_H 1
#define HAVE_MEMORY_H 1
#define HAVE_STRINGS_H 1
#define HAVE_INTTYPES_H 1
#define HAVE_STDINT_H 1
#define HAVE_UNISTD_H 1
#define __EXTENSIONS__ 1
#define _ALL_SOURCE 1
#define _GNU_SOURCE 1
#define _POSIX_PTHREAD_SEMANTICS 1
#define _TANDEM_SOURCE 1
#define HAVE_DLFCN_H 1
#define LT_OBJDIR ".libs/"
#define HAVE_ATEXIT 1
#define HAVE_MPROTECT 1
#define HAVE_SYSCONF 1
#define HAVE_GETPAGESIZE 1
#define HAVE_MMAP 1
#define HAVE_ISATTY 1
#define HAVE_NEWLOCALE 1
#define HAVE_STRTOD_L 1
#define HAVE_POSIX_MEMALIGN 1
#define HAVE_ROUND 1
#define HAVE_UNISTD_H 1
#define HAVE_SYS_MMAN_H 1
#define HAVE_XLOCALE_H 1
#define HAVE_STDBOOL_H 1
#define ALIGNOF_STRUCT_CHAR__ 1
#define HAVE_PTHREAD_PRIO_INHERIT 1
#define HAVE_PTHREAD 1
#define HAVE_FALLBACK 1
#define HAVE_GLIB 1
#define HAVE_FONTCONFIG 1
#define HAVE_UCDN 1
#define HAVE_FREETYPE 1
#define HAVE_INTEL_ATOMIC_PRIMITIVES 1

configure: exit 0
