This file contains any messages produced by compilers while
running configure, to aid debugging if configure makes a mistake.

It was created by expat configure 2.2.9, which was
generated by GNU Autoconf 2.69.  Invocation command line was

  $ ./configure --host=aarch64-linux CFLAGS=-D__ANDROID_API__=21 --sysroot=/home/jianglei/android-ndk-r17/NDK/arm64/sysroot --prefix=/home/jianglei/svg/build/usr/local --without-xmlwf

## --------- ##
## Platform. ##
## --------- ##

hostname = jianglei
uname -m = x86_64
uname -r = 4.15.0-20-generic
uname -s = Linux
uname -v = #21-Ubuntu SMP Tue Apr 24 06:16:15 UTC 2018

/usr/bin/uname -p = unknown
/bin/uname -X     = unknown

/bin/arch              = unknown
/usr/bin/arch -k       = unknown
/usr/convex/getsysinfo = unknown
/usr/bin/hostinfo      = unknown
/bin/machine           = unknown
/usr/bin/oslevel       = unknown
/bin/universe          = unknown

PATH: /home/jianglei/.cargo/bin
PATH: /usr/local/sbin
PATH: /usr/local/bin
PATH: /usr/sbin
PATH: /usr/bin
PATH: /sbin
PATH: /bin
PATH: /usr/games
PATH: /usr/local/games
PATH: /snap/bin
PATH: /home/jianglei/android-ndk-r17/NDK/arm64/bin


## ----------- ##
## Core tests. ##
## ----------- ##

configure:2492: checking build system type
configure:2506: result: x86_64-pc-linux-gnu
configure:2526: checking host system type
configure:2539: result: aarch64-unknown-linux-gnu
configure:2575: checking for a BSD-compatible install
configure:2643: result: /usr/bin/install -c
configure:2654: checking whether build environment is sane
configure:2709: result: yes
configure:2768: checking for aarch64-linux-strip
configure:2795: result: aarch64-linux-android-strip
configure:2860: checking for a thread-safe mkdir -p
configure:2899: result: /bin/mkdir -p
configure:2906: checking for gawk
configure:2936: result: no
configure:2906: checking for mawk
configure:2922: found /usr/bin/mawk
configure:2933: result: mawk
configure:2944: checking whether make sets $(MAKE)
configure:2966: result: yes
configure:2995: checking whether make supports nested variables
configure:3012: result: yes
configure:3169: : CPPFLAGS="$CPPFLAGS"
configure:3172: $? = 0
configure:3184: checking whether make supports the include directive
configure:3199: make -f confmf.GNU && cat confinc.out
this is the am__doit target
configure:3202: $? = 0
configure:3221: result: yes (GNU style)
configure:3251: checking for aarch64-linux-gcc
configure:3278: result: aarch64-linux-android-gcc
configure:3547: checking for C compiler version
configure:3556: aarch64-linux-android-gcc --version >&5
aarch64-linux-android-gcc (GCC) 4.9.x 20150123 (prerelease)
Copyright (C) 2014 Free Software Foundation, Inc.
This is free software; see the source for copying conditions.  There is NO
warranty; not even for MERCHANTABILITY or FITNESS FOR A PARTICULAR PURPOSE.

configure:3567: $? = 0
configure:3556: aarch64-linux-android-gcc -v >&5
Using built-in specs.
COLLECT_GCC=aarch64-linux-android-gcc
COLLECT_LTO_WRAPPER=/home/jianglei/android-ndk-r17/NDK/arm64/bin/../libexec/gcc/aarch64-linux-android/4.9.x/lto-wrapper
Target: aarch64-linux-android
Configured with: /buildbot/src/android/gcc/toolchain/build/../gcc/gcc-4.9/configure --prefix=/tmp/d2087558cf57fc8b596d8eebe6b67058 --target=aarch64-linux-android --host=x86_64-linux-gnu --build=x86_64-linux-gnu --with-gnu-as --with-gnu-ld --enable-languages=c,c++ --with-gmp=/buildbot/tmp/build/toolchain/temp-install --with-mpfr=/buildbot/tmp/build/toolchain/temp-install --with-mpc=/buildbot/tmp/build/toolchain/temp-install --with-cloog=/buildbot/tmp/build/toolchain/temp-install --with-isl=/buildbot/tmp/build/toolchain/temp-install --with-ppl=/buildbot/tmp/build/toolchain/temp-install --disable-ppl-version-check --disable-cloog-version-check --disable-isl-version-check --enable-cloog-backend=isl --with-host-libstdcxx='-static-libgcc -Wl,-Bstatic,-lstdc++,-Bdynamic -lm' --disable-libssp --enable-threads --disable-nls --disable-libmudflap --disable-libgomp --disable-libstdc__-v3 --disable-sjlj-exceptions --disable-shared --disable-tls --disable-libitm --enable-bionic-libs --enable-libatomic-ifuncs=no --enable-initfini-array --disable-nls --prefix=/tmp/d2087558cf57fc8b596d8eebe6b67058 --with-sysroot=/tmp/d2087558cf57fc8b596d8eebe6b67058/sysroot --with-binutils-version=2.27 --with-mpfr-version=3.1.1 --with-mpc-version=1.0.1 --with-gmp-version=5.0.5 --with-gcc-version=4.9 --with-gdb-version=none --with-gxx-include-dir=/tmp/d2087558cf57fc8b596d8eebe6b67058/include/c++/4.9.x --with-bugurl=http://source.android.com/source/report-bugs.html --enable-languages=c,c++ --disable-bootstrap --enable-plugins --enable-libgomp --enable-gnu-indirect-function --disable-libsanitizer --enable-gold --enable-ld=default --enable-threads --enable-eh-frame-hdr-for-static --enable-fix-cortex-a53-835769 --enable-graphite=yes --with-isl-version=0.11.1 --with-cloog-version=0.18.0 --program-transform-name='s&^&aarch64-linux-android-&' --enable-gold
Thread model: posix
gcc version 4.9.x 20150123 (prerelease) (GCC) 
configure:3567: $? = 0
configure:3556: aarch64-linux-android-gcc -V >&5
aarch64-linux-android-gcc: error: unrecognized command line option '-V'
aarch64-linux-android-gcc: fatal error: no input files
compilation terminated.
configure:3567: $? = 1
configure:3556: aarch64-linux-android-gcc -qversion >&5
aarch64-linux-android-gcc: error: unrecognized command line option '-qversion'
aarch64-linux-android-gcc: fatal error: no input files
compilation terminated.
configure:3567: $? = 1
configure:3587: checking whether the C compiler works
configure:3609: aarch64-linux-android-gcc -D__ANDROID_API__=21 --sysroot=/home/jianglei/android-ndk-r17/NDK/arm64/sysroot -DHAVE_EXPAT_CONFIG_H  conftest.c  >&5
configure:3613: $? = 0
configure:3661: result: yes
configure:3664: checking for C compiler default output file name
configure:3666: result: a.out
configure:3672: checking for suffix of executables
configure:3679: aarch64-linux-android-gcc -o conftest -D__ANDROID_API__=21 --sysroot=/home/jianglei/android-ndk-r17/NDK/arm64/sysroot -DHAVE_EXPAT_CONFIG_H  conftest.c  >&5
configure:3683: $? = 0
configure:3705: result: 
configure:3727: checking whether we are cross compiling
configure:3735: aarch64-linux-android-gcc -o conftest -D__ANDROID_API__=21 --sysroot=/home/jianglei/android-ndk-r17/NDK/arm64/sysroot -DHAVE_EXPAT_CONFIG_H  conftest.c  >&5
configure:3739: $? = 0
configure:3746: ./conftest
./configure: line 3748: ./conftest: cannot execute binary file: Exec format error
configure:3750: $? = 126
configure:3765: result: yes
configure:3770: checking for suffix of object files
configure:3792: aarch64-linux-android-gcc -c -D__ANDROID_API__=21 --sysroot=/home/jianglei/android-ndk-r17/NDK/arm64/sysroot -DHAVE_EXPAT_CONFIG_H conftest.c >&5
configure:3796: $? = 0
configure:3817: result: o
configure:3821: checking whether we are using the GNU C compiler
configure:3840: aarch64-linux-android-gcc -c -D__ANDROID_API__=21 --sysroot=/home/jianglei/android-ndk-r17/NDK/arm64/sysroot -DHAVE_EXPAT_CONFIG_H conftest.c >&5
configure:3840: $? = 0
configure:3849: result: yes
configure:3858: checking whether aarch64-linux-android-gcc accepts -g
configure:3878: aarch64-linux-android-gcc -c -g -DHAVE_EXPAT_CONFIG_H conftest.c >&5
configure:3878: $? = 0
configure:3919: result: yes
configure:3936: checking for aarch64-linux-android-gcc option to accept ISO C89
configure:3999: aarch64-linux-android-gcc  -c -D__ANDROID_API__=21 --sysroot=/home/jianglei/android-ndk-r17/NDK/arm64/sysroot -DHAVE_EXPAT_CONFIG_H conftest.c >&5
configure:3999: $? = 0
configure:4012: result: none needed
configure:4037: checking whether aarch64-linux-android-gcc understands -c and -o together
configure:4059: aarch64-linux-android-gcc -c conftest.c -o conftest2.o
configure:4062: $? = 0
configure:4059: aarch64-linux-android-gcc -c conftest.c -o conftest2.o
configure:4062: $? = 0
configure:4074: result: yes
configure:4093: checking dependency style of aarch64-linux-android-gcc
configure:4204: result: gcc3
configure:4225: checking for aarch64-linux-ar
configure:4252: result: aarch64-linux-android-ar
configure:4322: checking the archiver (aarch64-linux-android-ar) interface
configure:4338: aarch64-linux-android-gcc -c -D__ANDROID_API__=21 --sysroot=/home/jianglei/android-ndk-r17/NDK/arm64/sysroot -DHAVE_EXPAT_CONFIG_H conftest.c >&5
configure:4338: $? = 0
configure:4340: aarch64-linux-android-ar cru libconftest.a conftest.o >&5
configure:4343: $? = 0
configure:4371: result: ar
configure:4392: checking whether ln -s works
configure:4396: result: yes
configure:4403: checking whether make sets $(MAKE)
configure:4425: result: yes
configure:4482: checking how to print strings
configure:4509: result: printf
configure:4530: checking for a sed that does not truncate output
configure:4594: result: /bin/sed
configure:4612: checking for grep that handles long lines and -e
configure:4670: result: /bin/grep
configure:4675: checking for egrep
configure:4737: result: /bin/grep -E
configure:4742: checking for fgrep
configure:4804: result: /bin/grep -F
configure:4839: checking for ld used by aarch64-linux-android-gcc
configure:4906: result: aarch64-linux-android-ld
configure:4913: checking if the linker (aarch64-linux-android-ld) is GNU ld
configure:4928: result: yes
configure:4940: checking for BSD- or MS-compatible name lister (nm)
configure:4994: result: aarch64-linux-android-nm
configure:5124: checking the name lister (aarch64-linux-android-nm) interface
configure:5131: aarch64-linux-android-gcc -c -D__ANDROID_API__=21 --sysroot=/home/jianglei/android-ndk-r17/NDK/arm64/sysroot -DHAVE_EXPAT_CONFIG_H conftest.c >&5
configure:5134: aarch64-linux-android-nm "conftest.o"
configure:5137: output
0000000000000000 B some_variable
configure:5144: result: BSD nm
configure:5148: checking the maximum length of command line arguments
configure:5284: result: 1572864
configure:5332: checking how to convert x86_64-pc-linux-gnu file names to aarch64-unknown-linux-gnu format
configure:5372: result: func_convert_file_noop
configure:5379: checking how to convert x86_64-pc-linux-gnu file names to toolchain format
configure:5399: result: func_convert_file_noop
configure:5406: checking for aarch64-linux-android-ld option to reload object files
configure:5413: result: -r
configure:5447: checking for aarch64-linux-objdump
configure:5474: result: aarch64-linux-android-objdump
configure:5543: checking how to recognize dependent libraries
configure:5743: result: pass_all
configure:5788: checking for aarch64-linux-dlltool
configure:5818: result: no
configure:5828: checking for dlltool
configure:5858: result: no
configure:5885: checking how to associate runtime and link libraries
configure:5912: result: printf %s\n
configure:5928: checking for aarch64-linux-ar
configure:5955: result: aarch64-linux-android-ar
configure:6036: checking for archiver @FILE support
configure:6053: aarch64-linux-android-gcc -c -D__ANDROID_API__=21 --sysroot=/home/jianglei/android-ndk-r17/NDK/arm64/sysroot -DHAVE_EXPAT_CONFIG_H conftest.c >&5
configure:6053: $? = 0
configure:6056: aarch64-linux-android-ar cru libconftest.a @conftest.lst >&5
configure:6059: $? = 0
configure:6064: aarch64-linux-android-ar cru libconftest.a @conftest.lst >&5
aarch64-linux-android-ar: conftest.o: No such file or directory
configure:6067: $? = 1
configure:6079: result: @
configure:6097: checking for aarch64-linux-strip
configure:6124: result: aarch64-linux-android-strip
configure:6196: checking for aarch64-linux-ranlib
configure:6223: result: aarch64-linux-android-ranlib
configure:6365: checking command to parse aarch64-linux-android-nm output from aarch64-linux-android-gcc object
configure:6518: aarch64-linux-android-gcc -c -D__ANDROID_API__=21 --sysroot=/home/jianglei/android-ndk-r17/NDK/arm64/sysroot -DHAVE_EXPAT_CONFIG_H conftest.c >&5
configure:6521: $? = 0
configure:6525: aarch64-linux-android-nm conftest.o \| sed -n -e 's/^.*[ ]\([ABCDGIRSTW][ABCDGIRSTW]*\)[ ][ ]*\([_A-Za-z][_A-Za-z0-9]*\)$/\1 \2 \2/p' | sed '/ __gnu_lto/d' \> conftest.nm
configure:6528: $? = 0
configure:6594: aarch64-linux-android-gcc -o conftest -D__ANDROID_API__=21 --sysroot=/home/jianglei/android-ndk-r17/NDK/arm64/sysroot -DHAVE_EXPAT_CONFIG_H  conftest.c conftstm.o >&5
configure:6597: $? = 0
configure:6635: result: ok
configure:6682: checking for sysroot
configure:6712: result: no
configure:6719: checking for a working dd
configure:6757: result: /bin/dd
configure:6761: checking how to truncate binary pipes
configure:6776: result: /bin/dd bs=4096 count=1
configure:7065: checking for aarch64-linux-mt
configure:7095: result: no
configure:7105: checking for mt
configure:7121: found /bin/mt
configure:7132: result: mt
configure:7144: WARNING: using cross tools not prefixed with host triplet
configure:7155: checking if mt is a manifest tool
configure:7161: mt '-?'
configure:7169: result: no
configure:7846: checking how to run the C preprocessor
configure:7877: aarch64-linux-android-gcc -E -DHAVE_EXPAT_CONFIG_H conftest.c
configure:7877: $? = 0
configure:7891: aarch64-linux-android-gcc -E -DHAVE_EXPAT_CONFIG_H conftest.c
conftest.c:11:28: fatal error: ac_nonexistent.h: No such file or directory
 #include <ac_nonexistent.h>
                            ^
compilation terminated.
configure:7891: $? = 1
configure: failed program was:
| /* confdefs.h */
| #define PACKAGE_NAME "expat"
| #define PACKAGE_TARNAME "expat"
| #define PACKAGE_VERSION "2.2.9"
| #define PACKAGE_STRING "expat 2.2.9"
| #define PACKAGE_BUGREPORT "expat-bugs@libexpat.org"
| #define PACKAGE_URL ""
| #define PACKAGE "expat"
| #define VERSION "2.2.9"
| /* end confdefs.h.  */
| #include <ac_nonexistent.h>
configure:7916: result: aarch64-linux-android-gcc -E
configure:7936: aarch64-linux-android-gcc -E -DHAVE_EXPAT_CONFIG_H conftest.c
configure:7936: $? = 0
configure:7950: aarch64-linux-android-gcc -E -DHAVE_EXPAT_CONFIG_H conftest.c
conftest.c:11:28: fatal error: ac_nonexistent.h: No such file or directory
 #include <ac_nonexistent.h>
                            ^
compilation terminated.
configure:7950: $? = 1
configure: failed program was:
| /* confdefs.h */
| #define PACKAGE_NAME "expat"
| #define PACKAGE_TARNAME "expat"
| #define PACKAGE_VERSION "2.2.9"
| #define PACKAGE_STRING "expat 2.2.9"
| #define PACKAGE_BUGREPORT "expat-bugs@libexpat.org"
| #define PACKAGE_URL ""
| #define PACKAGE "expat"
| #define VERSION "2.2.9"
| /* end confdefs.h.  */
| #include <ac_nonexistent.h>
configure:7979: checking for ANSI C header files
configure:7999: aarch64-linux-android-gcc -c -D__ANDROID_API__=21 --sysroot=/home/jianglei/android-ndk-r17/NDK/arm64/sysroot -DHAVE_EXPAT_CONFIG_H conftest.c >&5
configure:7999: $? = 0
configure:8083: result: yes
configure:8096: checking for sys/types.h
configure:8096: aarch64-linux-android-gcc -c -D__ANDROID_API__=21 --sysroot=/home/jianglei/android-ndk-r17/NDK/arm64/sysroot -DHAVE_EXPAT_CONFIG_H conftest.c >&5
configure:8096: $? = 0
configure:8096: result: yes
configure:8096: checking for sys/stat.h
configure:8096: aarch64-linux-android-gcc -c -D__ANDROID_API__=21 --sysroot=/home/jianglei/android-ndk-r17/NDK/arm64/sysroot -DHAVE_EXPAT_CONFIG_H conftest.c >&5
configure:8096: $? = 0
configure:8096: result: yes
configure:8096: checking for stdlib.h
configure:8096: aarch64-linux-android-gcc -c -D__ANDROID_API__=21 --sysroot=/home/jianglei/android-ndk-r17/NDK/arm64/sysroot -DHAVE_EXPAT_CONFIG_H conftest.c >&5
configure:8096: $? = 0
configure:8096: result: yes
configure:8096: checking for string.h
configure:8096: aarch64-linux-android-gcc -c -D__ANDROID_API__=21 --sysroot=/home/jianglei/android-ndk-r17/NDK/arm64/sysroot -DHAVE_EXPAT_CONFIG_H conftest.c >&5
configure:8096: $? = 0
configure:8096: result: yes
configure:8096: checking for memory.h
configure:8096: aarch64-linux-android-gcc -c -D__ANDROID_API__=21 --sysroot=/home/jianglei/android-ndk-r17/NDK/arm64/sysroot -DHAVE_EXPAT_CONFIG_H conftest.c >&5
configure:8096: $? = 0
configure:8096: result: yes
configure:8096: checking for strings.h
configure:8096: aarch64-linux-android-gcc -c -D__ANDROID_API__=21 --sysroot=/home/jianglei/android-ndk-r17/NDK/arm64/sysroot -DHAVE_EXPAT_CONFIG_H conftest.c >&5
configure:8096: $? = 0
configure:8096: result: yes
configure:8096: checking for inttypes.h
configure:8096: aarch64-linux-android-gcc -c -D__ANDROID_API__=21 --sysroot=/home/jianglei/android-ndk-r17/NDK/arm64/sysroot -DHAVE_EXPAT_CONFIG_H conftest.c >&5
configure:8096: $? = 0
configure:8096: result: yes
configure:8096: checking for stdint.h
configure:8096: aarch64-linux-android-gcc -c -D__ANDROID_API__=21 --sysroot=/home/jianglei/android-ndk-r17/NDK/arm64/sysroot -DHAVE_EXPAT_CONFIG_H conftest.c >&5
configure:8096: $? = 0
configure:8096: result: yes
configure:8096: checking for unistd.h
configure:8096: aarch64-linux-android-gcc -c -D__ANDROID_API__=21 --sysroot=/home/jianglei/android-ndk-r17/NDK/arm64/sysroot -DHAVE_EXPAT_CONFIG_H conftest.c >&5
configure:8096: $? = 0
configure:8096: result: yes
configure:8110: checking for dlfcn.h
configure:8110: aarch64-linux-android-gcc -c -D__ANDROID_API__=21 --sysroot=/home/jianglei/android-ndk-r17/NDK/arm64/sysroot -DHAVE_EXPAT_CONFIG_H conftest.c >&5
configure:8110: $? = 0
configure:8110: result: yes
configure:8664: checking for objdir
configure:8679: result: .libs
configure:8943: checking if aarch64-linux-android-gcc supports -fno-rtti -fno-exceptions
configure:8961: aarch64-linux-android-gcc -c -D__ANDROID_API__=21 --sysroot=/home/jianglei/android-ndk-r17/NDK/arm64/sysroot -DHAVE_EXPAT_CONFIG_H -fno-rtti -fno-exceptions conftest.c >&5
cc1: warning: command line option '-fno-rtti' is valid for C++/ObjC++ but not for C
configure:8965: $? = 0
configure:8978: result: no
configure:9336: checking for aarch64-linux-android-gcc option to produce PIC
configure:9343: result: -fPIC -DPIC
configure:9351: checking if aarch64-linux-android-gcc PIC flag -fPIC -DPIC works
configure:9369: aarch64-linux-android-gcc -c -D__ANDROID_API__=21 --sysroot=/home/jianglei/android-ndk-r17/NDK/arm64/sysroot -DHAVE_EXPAT_CONFIG_H -fPIC -DPIC -DPIC conftest.c >&5
configure:9373: $? = 0
configure:9386: result: yes
configure:9415: checking if aarch64-linux-android-gcc static flag -static works
configure:9443: result: yes
configure:9458: checking if aarch64-linux-android-gcc supports -c -o file.o
configure:9479: aarch64-linux-android-gcc -c -D__ANDROID_API__=21 --sysroot=/home/jianglei/android-ndk-r17/NDK/arm64/sysroot -DHAVE_EXPAT_CONFIG_H -o out/conftest2.o conftest.c >&5
configure:9483: $? = 0
configure:9505: result: yes
configure:9513: checking if aarch64-linux-android-gcc supports -c -o file.o
configure:9560: result: yes
configure:9593: checking whether the aarch64-linux-android-gcc linker (aarch64-linux-android-ld) supports shared libraries
configure:10852: result: yes
configure:10889: checking whether -lc should be explicitly linked in
configure:10897: aarch64-linux-android-gcc -c -D__ANDROID_API__=21 --sysroot=/home/jianglei/android-ndk-r17/NDK/arm64/sysroot -DHAVE_EXPAT_CONFIG_H conftest.c >&5
configure:10900: $? = 0
configure:10915: aarch64-linux-android-gcc -shared  -fPIC -DPIC conftest.o  -v -Wl,-soname -Wl,conftest -o conftest 2\>\&1 \| /bin/grep  -lc  \>/dev/null 2\>\&1
configure:10918: $? = 0
configure:10932: result: no
configure:11092: checking dynamic linker characteristics
configure:11686: aarch64-linux-android-gcc -o conftest -D__ANDROID_API__=21 --sysroot=/home/jianglei/android-ndk-r17/NDK/arm64/sysroot -DHAVE_EXPAT_CONFIG_H  -Wl,-rpath -Wl,/foo conftest.c  >&5
configure:11686: $? = 0
configure:11923: result: GNU/Linux ld.so
configure:12045: checking how to hardcode library paths into programs
configure:12070: result: immediate
configure:12618: checking whether stripping libraries is possible
configure:12623: result: yes
configure:12658: checking if libtool supports shared libraries
configure:12660: result: yes
configure:12663: checking whether to build shared libraries
configure:12688: result: yes
configure:12691: checking whether to build static libraries
configure:12695: result: yes
configure:12743: checking for aarch64-linux-android-gcc option to accept ISO C99
configure:12892: aarch64-linux-android-gcc  -c -D__ANDROID_API__=21 --sysroot=/home/jianglei/android-ndk-r17/NDK/arm64/sysroot -DHAVE_EXPAT_CONFIG_H conftest.c >&5
conftest.c:73:29: error: expected ';', ',' or ')' before 'text'
 test_restrict (ccp restrict text)
                             ^
conftest.c: In function 'main':
conftest.c:127:18: error: expected '=', ',', ';', 'asm' or '__attribute__' before 'newvar'
   char *restrict newvar = "Another string";
                  ^
conftest.c:127:18: error: 'newvar' undeclared (first use in this function)
conftest.c:127:18: note: each undeclared identifier is reported only once for each function it appears in
conftest.c:137:3: error: 'for' loop initial declarations are only allowed in C99 or C11 mode
   for (int i = 0; i < ia->datasize; ++i)
   ^
conftest.c:137:3: note: use option -std=c99, -std=gnu99, -std=c11 or -std=gnu11 to compile your code
configure:12892: $? = 1
configure: failed program was:
| /* confdefs.h */
| #define PACKAGE_NAME "expat"
| #define PACKAGE_TARNAME "expat"
| #define PACKAGE_VERSION "2.2.9"
| #define PACKAGE_STRING "expat 2.2.9"
| #define PACKAGE_BUGREPORT "expat-bugs@libexpat.org"
| #define PACKAGE_URL ""
| #define PACKAGE "expat"
| #define VERSION "2.2.9"
| #define STDC_HEADERS 1
| #define HAVE_SYS_TYPES_H 1
| #define HAVE_SYS_STAT_H 1
| #define HAVE_STDLIB_H 1
| #define HAVE_STRING_H 1
| #define HAVE_MEMORY_H 1
| #define HAVE_STRINGS_H 1
| #define HAVE_INTTYPES_H 1
| #define HAVE_STDINT_H 1
| #define HAVE_UNISTD_H 1
| #define HAVE_DLFCN_H 1
| #define LT_OBJDIR ".libs/"
| /* end confdefs.h.  */
| #include <stdarg.h>
| #include <stdbool.h>
| #include <stdlib.h>
| #include <wchar.h>
| #include <stdio.h>
| 
| // Check varargs macros.  These examples are taken from C99 6.10.3.5.
| #define debug(...) fprintf (stderr, __VA_ARGS__)
| #define showlist(...) puts (#__VA_ARGS__)
| #define report(test,...) ((test) ? puts (#test) : printf (__VA_ARGS__))
| static void
| test_varargs_macros (void)
| {
|   int x = 1234;
|   int y = 5678;
|   debug ("Flag");
|   debug ("X = %d\n", x);
|   showlist (The first, second, and third items.);
|   report (x>y, "x is %d but y is %d", x, y);
| }
| 
| // Check long long types.
| #define BIG64 18446744073709551615ull
| #define BIG32 4294967295ul
| #define BIG_OK (BIG64 / BIG32 == 4294967297ull && BIG64 % BIG32 == 0)
| #if !BIG_OK
|   your preprocessor is broken;
| #endif
| #if BIG_OK
| #else
|   your preprocessor is broken;
| #endif
| static long long int bignum = -9223372036854775807LL;
| static unsigned long long int ubignum = BIG64;
| 
| struct incomplete_array
| {
|   int datasize;
|   double data[];
| };
| 
| struct named_init {
|   int number;
|   const wchar_t *name;
|   double average;
| };
| 
| typedef const char *ccp;
| 
| static inline int
| test_restrict (ccp restrict text)
| {
|   // See if C++-style comments work.
|   // Iterate through items via the restricted pointer.
|   // Also check for declarations in for loops.
|   for (unsigned int i = 0; *(text+i) != '\0'; ++i)
|     continue;
|   return 0;
| }
| 
| // Check varargs and va_copy.
| static void
| test_varargs (const char *format, ...)
| {
|   va_list args;
|   va_start (args, format);
|   va_list args_copy;
|   va_copy (args_copy, args);
| 
|   const char *str;
|   int number;
|   float fnumber;
| 
|   while (*format)
|     {
|       switch (*format++)
| 	{
| 	case 's': // string
| 	  str = va_arg (args_copy, const char *);
| 	  break;
| 	case 'd': // int
| 	  number = va_arg (args_copy, int);
| 	  break;
| 	case 'f': // float
| 	  fnumber = va_arg (args_copy, double);
| 	  break;
| 	default:
| 	  break;
| 	}
|     }
|   va_end (args_copy);
|   va_end (args);
| }
| 
| int
| main ()
| {
| 
|   // Check bool.
|   _Bool success = false;
| 
|   // Check restrict.
|   if (test_restrict ("String literal") == 0)
|     success = true;
|   char *restrict newvar = "Another string";
| 
|   // Check varargs.
|   test_varargs ("s, d' f .", "string", 65, 34.234);
|   test_varargs_macros ();
| 
|   // Check flexible array members.
|   struct incomplete_array *ia =
|     malloc (sizeof (struct incomplete_array) + (sizeof (double) * 10));
|   ia->datasize = 10;
|   for (int i = 0; i < ia->datasize; ++i)
|     ia->data[i] = i * 1.234;
| 
|   // Check named initializers.
|   struct named_init ni = {
|     .number = 34,
|     .name = L"Test wide string",
|     .average = 543.34343,
|   };
| 
|   ni.number = 58;
| 
|   int dynamic_array[ni.number];
|   dynamic_array[ni.number - 1] = 543;
| 
|   // work around unused variable warnings
|   return (!success || bignum == 0LL || ubignum == 0uLL || newvar[0] == 'x'
| 	  || dynamic_array[ni.number - 1] != 543);
| 
|   ;
|   return 0;
| }
configure:12892: aarch64-linux-android-gcc -std=gnu99 -c -D__ANDROID_API__=21 --sysroot=/home/jianglei/android-ndk-r17/NDK/arm64/sysroot -DHAVE_EXPAT_CONFIG_H conftest.c >&5
configure:12892: $? = 0
configure:12912: result: -std=gnu99
configure:12927: checking whether C compiler accepts -Wall
configure:12946: aarch64-linux-android-gcc -std=gnu99 -c -D__ANDROID_API__=21 --sysroot=/home/jianglei/android-ndk-r17/NDK/arm64/sysroot  -Wall -DHAVE_EXPAT_CONFIG_H conftest.c >&5
configure:12946: $? = 0
configure:12955: result: yes
configure:12971: : CFLAGS="$CFLAGS"
configure:12974: $? = 0
configure:12927: checking whether C compiler accepts -Wextra
configure:12946: aarch64-linux-android-gcc -std=gnu99 -c -D__ANDROID_API__=21 --sysroot=/home/jianglei/android-ndk-r17/NDK/arm64/sysroot -Wall  -Wextra -DHAVE_EXPAT_CONFIG_H conftest.c >&5
configure:12946: $? = 0
configure:12955: result: yes
configure:12971: : CFLAGS="$CFLAGS"
configure:12974: $? = 0
configure:13002: checking whether C compiler accepts -fexceptions
configure:13021: aarch64-linux-android-gcc -std=gnu99 -c -D__ANDROID_API__=21 --sysroot=/home/jianglei/android-ndk-r17/NDK/arm64/sysroot -Wall -Wextra  -fexceptions -DHAVE_EXPAT_CONFIG_H conftest.c >&5
configure:13021: $? = 0
configure:13030: result: yes
configure:13046: : CFLAGS="$CFLAGS"
configure:13049: $? = 0
configure:13077: checking whether C compiler accepts -fno-strict-aliasing
configure:13096: aarch64-linux-android-gcc -std=gnu99 -c -D__ANDROID_API__=21 --sysroot=/home/jianglei/android-ndk-r17/NDK/arm64/sysroot -Wall -Wextra -fexceptions  -fno-strict-aliasing -DHAVE_EXPAT_CONFIG_H conftest.c >&5
configure:13096: $? = 0
configure:13105: result: yes
configure:13121: : CFLAGS="$CFLAGS"
configure:13124: $? = 0
configure:13077: checking whether C compiler accepts -Wmissing-prototypes
configure:13096: aarch64-linux-android-gcc -std=gnu99 -c -D__ANDROID_API__=21 --sysroot=/home/jianglei/android-ndk-r17/NDK/arm64/sysroot -Wall -Wextra -fexceptions -fno-strict-aliasing  -Wmissing-prototypes -DHAVE_EXPAT_CONFIG_H conftest.c >&5
configure:13096: $? = 0
configure:13105: result: yes
configure:13121: : CFLAGS="$CFLAGS"
configure:13124: $? = 0
configure:13077: checking whether C compiler accepts -Wstrict-prototypes
configure:13096: aarch64-linux-android-gcc -std=gnu99 -c -D__ANDROID_API__=21 --sysroot=/home/jianglei/android-ndk-r17/NDK/arm64/sysroot -Wall -Wextra -fexceptions -fno-strict-aliasing -Wmissing-prototypes  -Wstrict-prototypes -DHAVE_EXPAT_CONFIG_H conftest.c >&5
conftest.c:25:1: warning: function declaration isn't a prototype [-Wstrict-prototypes]
 main ()
 ^
configure:13096: $? = 0
configure:13105: result: yes
configure:13121: : CFLAGS="$CFLAGS"
configure:13124: $? = 0
configure:13152: checking whether C compiler accepts -pedantic
configure:13171: aarch64-linux-android-gcc -std=gnu99 -c -D__ANDROID_API__=21 --sysroot=/home/jianglei/android-ndk-r17/NDK/arm64/sysroot -Wall -Wextra -fexceptions -fno-strict-aliasing -Wmissing-prototypes -Wstrict-prototypes  -pedantic -DHAVE_EXPAT_CONFIG_H conftest.c >&5
conftest.c:25:1: warning: function declaration isn't a prototype [-Wstrict-prototypes]
 main ()
 ^
configure:13171: $? = 0
configure:13180: result: yes
configure:13196: : CFLAGS="$CFLAGS"
configure:13199: $? = 0
configure:13152: checking whether C compiler accepts -Wduplicated-cond
configure:13171: aarch64-linux-android-gcc -std=gnu99 -c -D__ANDROID_API__=21 --sysroot=/home/jianglei/android-ndk-r17/NDK/arm64/sysroot -Wall -Wextra -fexceptions -fno-strict-aliasing -Wmissing-prototypes -Wstrict-prototypes -pedantic  -Wduplicated-cond -DHAVE_EXPAT_CONFIG_H conftest.c >&5
aarch64-linux-android-gcc: error: unrecognized command line option '-Wduplicated-cond'
configure:13171: $? = 1
configure: failed program was:
| /* confdefs.h */
| #define PACKAGE_NAME "expat"
| #define PACKAGE_TARNAME "expat"
| #define PACKAGE_VERSION "2.2.9"
| #define PACKAGE_STRING "expat 2.2.9"
| #define PACKAGE_BUGREPORT "expat-bugs@libexpat.org"
| #define PACKAGE_URL ""
| #define PACKAGE "expat"
| #define VERSION "2.2.9"
| #define STDC_HEADERS 1
| #define HAVE_SYS_TYPES_H 1
| #define HAVE_SYS_STAT_H 1
| #define HAVE_STDLIB_H 1
| #define HAVE_STRING_H 1
| #define HAVE_MEMORY_H 1
| #define HAVE_STRINGS_H 1
| #define HAVE_INTTYPES_H 1
| #define HAVE_STDINT_H 1
| #define HAVE_UNISTD_H 1
| #define HAVE_DLFCN_H 1
| #define LT_OBJDIR ".libs/"
| /* end confdefs.h.  */
| 
| int
| main ()
| {
| 
|   ;
|   return 0;
| }
configure:13180: result: no
configure:13152: checking whether C compiler accepts -Wduplicated-branches
configure:13171: aarch64-linux-android-gcc -std=gnu99 -c -D__ANDROID_API__=21 --sysroot=/home/jianglei/android-ndk-r17/NDK/arm64/sysroot -Wall -Wextra -fexceptions -fno-strict-aliasing -Wmissing-prototypes -Wstrict-prototypes -pedantic  -Wduplicated-branches -DHAVE_EXPAT_CONFIG_H conftest.c >&5
aarch64-linux-android-gcc: error: unrecognized command line option '-Wduplicated-branches'
configure:13171: $? = 1
configure: failed program was:
| /* confdefs.h */
| #define PACKAGE_NAME "expat"
| #define PACKAGE_TARNAME "expat"
| #define PACKAGE_VERSION "2.2.9"
| #define PACKAGE_STRING "expat 2.2.9"
| #define PACKAGE_BUGREPORT "expat-bugs@libexpat.org"
| #define PACKAGE_URL ""
| #define PACKAGE "expat"
| #define VERSION "2.2.9"
| #define STDC_HEADERS 1
| #define HAVE_SYS_TYPES_H 1
| #define HAVE_SYS_STAT_H 1
| #define HAVE_STDLIB_H 1
| #define HAVE_STRING_H 1
| #define HAVE_MEMORY_H 1
| #define HAVE_STRINGS_H 1
| #define HAVE_INTTYPES_H 1
| #define HAVE_STDINT_H 1
| #define HAVE_UNISTD_H 1
| #define HAVE_DLFCN_H 1
| #define LT_OBJDIR ".libs/"
| /* end confdefs.h.  */
| 
| int
| main ()
| {
| 
|   ;
|   return 0;
| }
configure:13180: result: no
configure:13152: checking whether C compiler accepts -Wlogical-op
configure:13171: aarch64-linux-android-gcc -std=gnu99 -c -D__ANDROID_API__=21 --sysroot=/home/jianglei/android-ndk-r17/NDK/arm64/sysroot -Wall -Wextra -fexceptions -fno-strict-aliasing -Wmissing-prototypes -Wstrict-prototypes -pedantic  -Wlogical-op -DHAVE_EXPAT_CONFIG_H conftest.c >&5
conftest.c:25:1: warning: function declaration isn't a prototype [-Wstrict-prototypes]
 main ()
 ^
configure:13171: $? = 0
configure:13180: result: yes
configure:13196: : CFLAGS="$CFLAGS"
configure:13199: $? = 0
configure:13227: checking whether C compiler accepts -Wrestrict
configure:13246: aarch64-linux-android-gcc -std=gnu99 -c -D__ANDROID_API__=21 --sysroot=/home/jianglei/android-ndk-r17/NDK/arm64/sysroot -Wall -Wextra -fexceptions -fno-strict-aliasing -Wmissing-prototypes -Wstrict-prototypes -pedantic -Wlogical-op  -Wrestrict -DHAVE_EXPAT_CONFIG_H conftest.c >&5
aarch64-linux-android-gcc: error: unrecognized command line option '-Wrestrict'
configure:13246: $? = 1
configure: failed program was:
| /* confdefs.h */
| #define PACKAGE_NAME "expat"
| #define PACKAGE_TARNAME "expat"
| #define PACKAGE_VERSION "2.2.9"
| #define PACKAGE_STRING "expat 2.2.9"
| #define PACKAGE_BUGREPORT "expat-bugs@libexpat.org"
| #define PACKAGE_URL ""
| #define PACKAGE "expat"
| #define VERSION "2.2.9"
| #define STDC_HEADERS 1
| #define HAVE_SYS_TYPES_H 1
| #define HAVE_SYS_STAT_H 1
| #define HAVE_STDLIB_H 1
| #define HAVE_STRING_H 1
| #define HAVE_MEMORY_H 1
| #define HAVE_STRINGS_H 1
| #define HAVE_INTTYPES_H 1
| #define HAVE_STDINT_H 1
| #define HAVE_UNISTD_H 1
| #define HAVE_DLFCN_H 1
| #define LT_OBJDIR ".libs/"
| /* end confdefs.h.  */
| 
| int
| main ()
| {
| 
|   ;
|   return 0;
| }
configure:13255: result: no
configure:13227: checking whether C compiler accepts -Wnull-dereference
configure:13246: aarch64-linux-android-gcc -std=gnu99 -c -D__ANDROID_API__=21 --sysroot=/home/jianglei/android-ndk-r17/NDK/arm64/sysroot -Wall -Wextra -fexceptions -fno-strict-aliasing -Wmissing-prototypes -Wstrict-prototypes -pedantic -Wlogical-op  -Wnull-dereference -DHAVE_EXPAT_CONFIG_H conftest.c >&5
aarch64-linux-android-gcc: error: unrecognized command line option '-Wnull-dereference'
configure:13246: $? = 1
configure: failed program was:
| /* confdefs.h */
| #define PACKAGE_NAME "expat"
| #define PACKAGE_TARNAME "expat"
| #define PACKAGE_VERSION "2.2.9"
| #define PACKAGE_STRING "expat 2.2.9"
| #define PACKAGE_BUGREPORT "expat-bugs@libexpat.org"
| #define PACKAGE_URL ""
| #define PACKAGE "expat"
| #define VERSION "2.2.9"
| #define STDC_HEADERS 1
| #define HAVE_SYS_TYPES_H 1
| #define HAVE_SYS_STAT_H 1
| #define HAVE_STDLIB_H 1
| #define HAVE_STRING_H 1
| #define HAVE_MEMORY_H 1
| #define HAVE_STRINGS_H 1
| #define HAVE_INTTYPES_H 1
| #define HAVE_STDINT_H 1
| #define HAVE_UNISTD_H 1
| #define HAVE_DLFCN_H 1
| #define LT_OBJDIR ".libs/"
| /* end confdefs.h.  */
| 
| int
| main ()
| {
| 
|   ;
|   return 0;
| }
configure:13255: result: no
configure:13227: checking whether C compiler accepts -Wjump-misses-init
configure:13246: aarch64-linux-android-gcc -std=gnu99 -c -D__ANDROID_API__=21 --sysroot=/home/jianglei/android-ndk-r17/NDK/arm64/sysroot -Wall -Wextra -fexceptions -fno-strict-aliasing -Wmissing-prototypes -Wstrict-prototypes -pedantic -Wlogical-op  -Wjump-misses-init -DHAVE_EXPAT_CONFIG_H conftest.c >&5
conftest.c:25:1: warning: function declaration isn't a prototype [-Wstrict-prototypes]
 main ()
 ^
configure:13246: $? = 0
configure:13255: result: yes
configure:13271: : CFLAGS="$CFLAGS"
configure:13274: $? = 0
configure:13227: checking whether C compiler accepts -Wdouble-promotion
configure:13246: aarch64-linux-android-gcc -std=gnu99 -c -D__ANDROID_API__=21 --sysroot=/home/jianglei/android-ndk-r17/NDK/arm64/sysroot -Wall -Wextra -fexceptions -fno-strict-aliasing -Wmissing-prototypes -Wstrict-prototypes -pedantic -Wlogical-op -Wjump-misses-init  -Wdouble-promotion -DHAVE_EXPAT_CONFIG_H conftest.c >&5
conftest.c:25:1: warning: function declaration isn't a prototype [-Wstrict-prototypes]
 main ()
 ^
configure:13246: $? = 0
configure:13255: result: yes
configure:13271: : CFLAGS="$CFLAGS"
configure:13274: $? = 0
configure:13302: checking whether C compiler accepts -Wshadow
configure:13321: aarch64-linux-android-gcc -std=gnu99 -c -D__ANDROID_API__=21 --sysroot=/home/jianglei/android-ndk-r17/NDK/arm64/sysroot -Wall -Wextra -fexceptions -fno-strict-aliasing -Wmissing-prototypes -Wstrict-prototypes -pedantic -Wlogical-op -Wjump-misses-init -Wdouble-promotion  -Wshadow -DHAVE_EXPAT_CONFIG_H conftest.c >&5
conftest.c:25:1: warning: function declaration isn't a prototype [-Wstrict-prototypes]
 main ()
 ^
configure:13321: $? = 0
configure:13330: result: yes
configure:13346: : CFLAGS="$CFLAGS"
configure:13349: $? = 0
configure:13302: checking whether C compiler accepts -Wformat=2
configure:13321: aarch64-linux-android-gcc -std=gnu99 -c -D__ANDROID_API__=21 --sysroot=/home/jianglei/android-ndk-r17/NDK/arm64/sysroot -Wall -Wextra -fexceptions -fno-strict-aliasing -Wmissing-prototypes -Wstrict-prototypes -pedantic -Wlogical-op -Wjump-misses-init -Wdouble-promotion -Wshadow  -Wformat=2 -DHAVE_EXPAT_CONFIG_H conftest.c >&5
conftest.c:25:1: warning: function declaration isn't a prototype [-Wstrict-prototypes]
 main ()
 ^
configure:13321: $? = 0
configure:13330: result: yes
configure:13346: : CFLAGS="$CFLAGS"
configure:13349: $? = 0
configure:13302: checking whether C compiler accepts -Wmisleading-indentation
configure:13321: aarch64-linux-android-gcc -std=gnu99 -c -D__ANDROID_API__=21 --sysroot=/home/jianglei/android-ndk-r17/NDK/arm64/sysroot -Wall -Wextra -fexceptions -fno-strict-aliasing -Wmissing-prototypes -Wstrict-prototypes -pedantic -Wlogical-op -Wjump-misses-init -Wdouble-promotion -Wshadow -Wformat=2  -Wmisleading-indentation -DHAVE_EXPAT_CONFIG_H conftest.c >&5
aarch64-linux-android-gcc: error: unrecognized command line option '-Wmisleading-indentation'
configure:13321: $? = 1
configure: failed program was:
| /* confdefs.h */
| #define PACKAGE_NAME "expat"
| #define PACKAGE_TARNAME "expat"
| #define PACKAGE_VERSION "2.2.9"
| #define PACKAGE_STRING "expat 2.2.9"
| #define PACKAGE_BUGREPORT "expat-bugs@libexpat.org"
| #define PACKAGE_URL ""
| #define PACKAGE "expat"
| #define VERSION "2.2.9"
| #define STDC_HEADERS 1
| #define HAVE_SYS_TYPES_H 1
| #define HAVE_SYS_STAT_H 1
| #define HAVE_STDLIB_H 1
| #define HAVE_STRING_H 1
| #define HAVE_MEMORY_H 1
| #define HAVE_STRINGS_H 1
| #define HAVE_INTTYPES_H 1
| #define HAVE_STDINT_H 1
| #define HAVE_UNISTD_H 1
| #define HAVE_DLFCN_H 1
| #define LT_OBJDIR ".libs/"
| /* end confdefs.h.  */
| 
| int
| main ()
| {
| 
|   ;
|   return 0;
| }
configure:13330: result: no
configure:13491: checking for C++ compiler version
configure:13500: aarch64-linux-android-clang++ --version >&5
Android (4691093 based on r316199) clang version 6.0.2 (https://android.googlesource.com/toolchain/clang 183abd29fc496f55536e7d904e0abae47888fc7f) (https://android.googlesource.com/toolchain/llvm 34361f192e41ed6e4e8f9aca80a4ea7e9856f327) (based on LLVM 6.0.2svn)
Target: aarch64-none-linux-android
Thread model: posix
InstalledDir: /home/jianglei/android-ndk-r17/NDK/arm64/bin
configure:13511: $? = 0
configure:13500: aarch64-linux-android-clang++ -v >&5
Android (4691093 based on r316199) clang version 6.0.2 (https://android.googlesource.com/toolchain/clang 183abd29fc496f55536e7d904e0abae47888fc7f) (https://android.googlesource.com/toolchain/llvm 34361f192e41ed6e4e8f9aca80a4ea7e9856f327) (based on LLVM 6.0.2svn)
Target: aarch64-none-linux-android
Thread model: posix
InstalledDir: /home/jianglei/android-ndk-r17/NDK/arm64/bin
Found candidate GCC installation: /home/jianglei/android-ndk-r17/NDK/arm64/bin/../lib/gcc/aarch64-linux-android/4.9.x
Selected GCC installation: /home/jianglei/android-ndk-r17/NDK/arm64/bin/../lib/gcc/aarch64-linux-android/4.9.x
Candidate multilib: .;@m64
Selected multilib: .;@m64
clang60++: warning: argument unused during compilation: '-D __ANDROID_API__=26' [-Wunused-command-line-argument]
configure:13511: $? = 0
configure:13500: aarch64-linux-android-clang++ -V >&5
clang60++: error: argument to '-V' is missing (expected 1 value)
clang60++: error: no input files
configure:13511: $? = 1
configure:13500: aarch64-linux-android-clang++ -qversion >&5
clang60++: error: unknown argument: '-qversion'
clang60++: error: no input files
configure:13511: $? = 1
configure:13515: checking whether we are using the GNU C++ compiler
configure:13534: aarch64-linux-android-clang++ -c  -DHAVE_EXPAT_CONFIG_H conftest.cpp >&5
configure:13534: $? = 0
configure:13543: result: yes
configure:13552: checking whether aarch64-linux-android-clang++ accepts -g
configure:13572: aarch64-linux-android-clang++ -c -g -DHAVE_EXPAT_CONFIG_H conftest.cpp >&5
configure:13572: $? = 0
configure:13613: result: yes
configure:13638: checking dependency style of aarch64-linux-android-clang++
configure:13749: result: gcc3
configure:13782: checking how to run the C++ preprocessor
configure:13809: aarch64-linux-android-clang++ -E -DHAVE_EXPAT_CONFIG_H conftest.cpp
configure:13809: $? = 0
configure:13823: aarch64-linux-android-clang++ -E -DHAVE_EXPAT_CONFIG_H conftest.cpp
conftest.cpp:23:10: fatal error: 'ac_nonexistent.h' file not found
#include <ac_nonexistent.h>
         ^~~~~~~~~~~~~~~~~~
1 error generated.
configure:13823: $? = 1
configure: failed program was:
| /* confdefs.h */
| #define PACKAGE_NAME "expat"
| #define PACKAGE_TARNAME "expat"
| #define PACKAGE_VERSION "2.2.9"
| #define PACKAGE_STRING "expat 2.2.9"
| #define PACKAGE_BUGREPORT "expat-bugs@libexpat.org"
| #define PACKAGE_URL ""
| #define PACKAGE "expat"
| #define VERSION "2.2.9"
| #define STDC_HEADERS 1
| #define HAVE_SYS_TYPES_H 1
| #define HAVE_SYS_STAT_H 1
| #define HAVE_STDLIB_H 1
| #define HAVE_STRING_H 1
| #define HAVE_MEMORY_H 1
| #define HAVE_STRINGS_H 1
| #define HAVE_INTTYPES_H 1
| #define HAVE_STDINT_H 1
| #define HAVE_UNISTD_H 1
| #define HAVE_DLFCN_H 1
| #define LT_OBJDIR ".libs/"
| /* end confdefs.h.  */
| #include <ac_nonexistent.h>
configure:13848: result: aarch64-linux-android-clang++ -E
configure:13868: aarch64-linux-android-clang++ -E -DHAVE_EXPAT_CONFIG_H conftest.cpp
configure:13868: $? = 0
configure:13882: aarch64-linux-android-clang++ -E -DHAVE_EXPAT_CONFIG_H conftest.cpp
conftest.cpp:23:10: fatal error: 'ac_nonexistent.h' file not found
#include <ac_nonexistent.h>
         ^~~~~~~~~~~~~~~~~~
1 error generated.
configure:13882: $? = 1
configure: failed program was:
| /* confdefs.h */
| #define PACKAGE_NAME "expat"
| #define PACKAGE_TARNAME "expat"
| #define PACKAGE_VERSION "2.2.9"
| #define PACKAGE_STRING "expat 2.2.9"
| #define PACKAGE_BUGREPORT "expat-bugs@libexpat.org"
| #define PACKAGE_URL ""
| #define PACKAGE "expat"
| #define VERSION "2.2.9"
| #define STDC_HEADERS 1
| #define HAVE_SYS_TYPES_H 1
| #define HAVE_SYS_STAT_H 1
| #define HAVE_STDLIB_H 1
| #define HAVE_STRING_H 1
| #define HAVE_MEMORY_H 1
| #define HAVE_STRINGS_H 1
| #define HAVE_INTTYPES_H 1
| #define HAVE_STDINT_H 1
| #define HAVE_UNISTD_H 1
| #define HAVE_DLFCN_H 1
| #define LT_OBJDIR ".libs/"
| /* end confdefs.h.  */
| #include <ac_nonexistent.h>
configure:14044: checking for ld used by aarch64-linux-android-clang++
configure:14111: result: aarch64-linux-android-ld
configure:14118: checking if the linker (aarch64-linux-android-ld) is GNU ld
configure:14133: result: yes
configure:14188: checking whether the aarch64-linux-android-clang++ linker (aarch64-linux-android-ld) supports shared libraries
configure:15261: result: yes
configure:15297: aarch64-linux-android-clang++ -c -g -O2 -DHAVE_EXPAT_CONFIG_H conftest.cpp >&5
configure:15300: $? = 0
configure:15781: checking for aarch64-linux-android-clang++ option to produce PIC
configure:15788: result: -fPIC -DPIC
configure:15796: checking if aarch64-linux-android-clang++ PIC flag -fPIC -DPIC works
configure:15814: aarch64-linux-android-clang++ -c -g -O2 -DHAVE_EXPAT_CONFIG_H -fPIC -DPIC -DPIC conftest.cpp >&5
configure:15818: $? = 0
configure:15831: result: yes
configure:15854: checking if aarch64-linux-android-clang++ static flag -static works
configure:15882: result: yes
configure:15894: checking if aarch64-linux-android-clang++ supports -c -o file.o
configure:15915: aarch64-linux-android-clang++ -c -g -O2 -DHAVE_EXPAT_CONFIG_H -o out/conftest2.o conftest.cpp >&5
configure:15919: $? = 0
configure:15941: result: yes
configure:15946: checking if aarch64-linux-android-clang++ supports -c -o file.o
configure:15993: result: yes
configure:16023: checking whether the aarch64-linux-android-clang++ linker (aarch64-linux-android-ld) supports shared libraries
configure:16063: result: yes
configure:16204: checking dynamic linker characteristics
configure:16962: result: GNU/Linux ld.so
configure:17027: checking how to hardcode library paths into programs
configure:17052: result: immediate
configure:17099: checking whether C++ compiler accepts -Wall
configure:17118: aarch64-linux-android-clang++ -c -g -O2  -Wall -DHAVE_EXPAT_CONFIG_H conftest.cpp >&5
configure:17118: $? = 0
configure:17127: result: yes
configure:17143: : CXXFLAGS="$CXXFLAGS"
configure:17146: $? = 0
configure:17099: checking whether C++ compiler accepts -Wextra
configure:17118: aarch64-linux-android-clang++ -c -g -O2 -Wall  -Wextra -DHAVE_EXPAT_CONFIG_H conftest.cpp >&5
configure:17118: $? = 0
configure:17127: result: yes
configure:17143: : CXXFLAGS="$CXXFLAGS"
configure:17146: $? = 0
configure:17174: checking whether C++ compiler accepts -fexceptions
configure:17193: aarch64-linux-android-clang++ -c -g -O2 -Wall -Wextra  -fexceptions -DHAVE_EXPAT_CONFIG_H conftest.cpp >&5
configure:17193: $? = 0
configure:17202: result: yes
configure:17218: : CXXFLAGS="$CXXFLAGS"
configure:17221: $? = 0
configure:17249: checking whether C++ compiler accepts -fno-strict-aliasing
configure:17268: aarch64-linux-android-clang++ -c -g -O2 -Wall -Wextra -fexceptions  -fno-strict-aliasing -DHAVE_EXPAT_CONFIG_H conftest.cpp >&5
configure:17268: $? = 0
configure:17277: result: yes
configure:17293: : CXXFLAGS="$CXXFLAGS"
configure:17296: $? = 0
configure:17333: checking whether the linker accepts -fno-strict-aliasing
configure:17352: aarch64-linux-android-gcc -std=gnu99 -o conftest -D__ANDROID_API__=21 --sysroot=/home/jianglei/android-ndk-r17/NDK/arm64/sysroot -Wall -Wextra -fexceptions -fno-strict-aliasing -Wmissing-prototypes -Wstrict-prototypes -pedantic -Wlogical-op -Wjump-misses-init -Wdouble-promotion -Wshadow -Wformat=2 -DHAVE_EXPAT_CONFIG_H   -fno-strict-aliasing conftest.c  >&5
conftest.c:25:1: warning: function declaration isn't a prototype [-Wstrict-prototypes]
 main ()
 ^
configure:17352: $? = 0
configure:17362: result: yes
configure:17378: : LDFLAGS="$LDFLAGS"
configure:17381: $? = 0
configure:17417: checking whether compiler supports visibility
configure:17432: aarch64-linux-android-gcc -std=gnu99 -c -D__ANDROID_API__=21 --sysroot=/home/jianglei/android-ndk-r17/NDK/arm64/sysroot -Wall -Wextra -fexceptions -fno-strict-aliasing -Wmissing-prototypes -Wstrict-prototypes -pedantic -Wlogical-op -Wjump-misses-init -Wdouble-promotion -Wshadow -Wformat=2 -fvisibility=hidden -Wall -Werror -Wno-unknown-warning-option -DHAVE_EXPAT_CONFIG_H conftest.c >&5
configure:17432: $? = 0
configure:17438: result: yes
configure:17455: : CFLAGS="$CFLAGS"
configure:17458: $? = 0
configure:17487: : CFLAGS="$CFLAGS"
configure:17490: $? = 0
configure:17508: checking for ANSI C header files
configure:17612: result: yes
configure:17622: checking whether byte ordering is bigendian
configure:17637: aarch64-linux-android-gcc -std=gnu99 -c -D__ANDROID_API__=21 --sysroot=/home/jianglei/android-ndk-r17/NDK/arm64/sysroot -Wall -Wextra -fexceptions -fno-strict-aliasing -Wmissing-prototypes -Wstrict-prototypes -pedantic -Wlogical-op -Wjump-misses-init -Wdouble-promotion -Wshadow -Wformat=2 -fvisibility=hidden -DXML_ENABLE_VISIBILITY=1 -DHAVE_EXPAT_CONFIG_H conftest.c >&5
conftest.c:25:9: error: unknown type name 'not'
         not a universal capable compiler
         ^
conftest.c:25:15: error: expected '=', ',', ';', 'asm' or '__attribute__' before 'universal'
         not a universal capable compiler
               ^
conftest.c:25:15: error: unknown type name 'universal'
configure:17637: $? = 1
configure: failed program was:
| /* confdefs.h */
| #define PACKAGE_NAME "expat"
| #define PACKAGE_TARNAME "expat"
| #define PACKAGE_VERSION "2.2.9"
| #define PACKAGE_STRING "expat 2.2.9"
| #define PACKAGE_BUGREPORT "expat-bugs@libexpat.org"
| #define PACKAGE_URL ""
| #define PACKAGE "expat"
| #define VERSION "2.2.9"
| #define STDC_HEADERS 1
| #define HAVE_SYS_TYPES_H 1
| #define HAVE_SYS_STAT_H 1
| #define HAVE_STDLIB_H 1
| #define HAVE_STRING_H 1
| #define HAVE_MEMORY_H 1
| #define HAVE_STRINGS_H 1
| #define HAVE_INTTYPES_H 1
| #define HAVE_STDINT_H 1
| #define HAVE_UNISTD_H 1
| #define HAVE_DLFCN_H 1
| #define LT_OBJDIR ".libs/"
| #define STDC_HEADERS 1
| /* end confdefs.h.  */
| #ifndef __APPLE_CC__
| 	       not a universal capable compiler
| 	     #endif
| 	     typedef int dummy;
| 
configure:17682: aarch64-linux-android-gcc -std=gnu99 -c -D__ANDROID_API__=21 --sysroot=/home/jianglei/android-ndk-r17/NDK/arm64/sysroot -Wall -Wextra -fexceptions -fno-strict-aliasing -Wmissing-prototypes -Wstrict-prototypes -pedantic -Wlogical-op -Wjump-misses-init -Wdouble-promotion -Wshadow -Wformat=2 -fvisibility=hidden -DXML_ENABLE_VISIBILITY=1 -DHAVE_EXPAT_CONFIG_H conftest.c >&5
conftest.c:28:1: warning: function declaration isn't a prototype [-Wstrict-prototypes]
 main ()
 ^
conftest.c: In function 'main':
conftest.c:31:8: error: unknown type name 'bogus'
        bogus endian macros
        ^
conftest.c:31:21: error: expected '=', ',', ';', 'asm' or '__attribute__' before 'macros'
        bogus endian macros
                     ^
configure:17682: $? = 1
configure: failed program was:
| /* confdefs.h */
| #define PACKAGE_NAME "expat"
| #define PACKAGE_TARNAME "expat"
| #define PACKAGE_VERSION "2.2.9"
| #define PACKAGE_STRING "expat 2.2.9"
| #define PACKAGE_BUGREPORT "expat-bugs@libexpat.org"
| #define PACKAGE_URL ""
| #define PACKAGE "expat"
| #define VERSION "2.2.9"
| #define STDC_HEADERS 1
| #define HAVE_SYS_TYPES_H 1
| #define HAVE_SYS_STAT_H 1
| #define HAVE_STDLIB_H 1
| #define HAVE_STRING_H 1
| #define HAVE_MEMORY_H 1
| #define HAVE_STRINGS_H 1
| #define HAVE_INTTYPES_H 1
| #define HAVE_STDINT_H 1
| #define HAVE_UNISTD_H 1
| #define HAVE_DLFCN_H 1
| #define LT_OBJDIR ".libs/"
| #define STDC_HEADERS 1
| /* end confdefs.h.  */
| #include <sys/types.h>
| 	     #include <sys/param.h>
| 
| int
| main ()
| {
| #if ! (defined BYTE_ORDER && defined BIG_ENDIAN 		     && defined LITTLE_ENDIAN && BYTE_ORDER && BIG_ENDIAN 		     && LITTLE_ENDIAN)
| 	      bogus endian macros
| 	     #endif
| 
|   ;
|   return 0;
| }
configure:17726: aarch64-linux-android-gcc -std=gnu99 -c -D__ANDROID_API__=21 --sysroot=/home/jianglei/android-ndk-r17/NDK/arm64/sysroot -Wall -Wextra -fexceptions -fno-strict-aliasing -Wmissing-prototypes -Wstrict-prototypes -pedantic -Wlogical-op -Wjump-misses-init -Wdouble-promotion -Wshadow -Wformat=2 -fvisibility=hidden -DXML_ENABLE_VISIBILITY=1 -DHAVE_EXPAT_CONFIG_H conftest.c >&5
conftest.c:27:1: warning: function declaration isn't a prototype [-Wstrict-prototypes]
 main ()
 ^
conftest.c: In function 'main':
conftest.c:30:8: error: unknown type name 'bogus'
        bogus endian macros
        ^
conftest.c:30:21: error: expected '=', ',', ';', 'asm' or '__attribute__' before 'macros'
        bogus endian macros
                     ^
configure:17726: $? = 1
configure: failed program was:
| /* confdefs.h */
| #define PACKAGE_NAME "expat"
| #define PACKAGE_TARNAME "expat"
| #define PACKAGE_VERSION "2.2.9"
| #define PACKAGE_STRING "expat 2.2.9"
| #define PACKAGE_BUGREPORT "expat-bugs@libexpat.org"
| #define PACKAGE_URL ""
| #define PACKAGE "expat"
| #define VERSION "2.2.9"
| #define STDC_HEADERS 1
| #define HAVE_SYS_TYPES_H 1
| #define HAVE_SYS_STAT_H 1
| #define HAVE_STDLIB_H 1
| #define HAVE_STRING_H 1
| #define HAVE_MEMORY_H 1
| #define HAVE_STRINGS_H 1
| #define HAVE_INTTYPES_H 1
| #define HAVE_STDINT_H 1
| #define HAVE_UNISTD_H 1
| #define HAVE_DLFCN_H 1
| #define LT_OBJDIR ".libs/"
| #define STDC_HEADERS 1
| /* end confdefs.h.  */
| #include <limits.h>
| 
| int
| main ()
| {
| #if ! (defined _LITTLE_ENDIAN || defined _BIG_ENDIAN)
| 	      bogus endian macros
| 	     #endif
| 
|   ;
|   return 0;
| }
configure:17782: aarch64-linux-android-gcc -std=gnu99 -c -D__ANDROID_API__=21 --sysroot=/home/jianglei/android-ndk-r17/NDK/arm64/sysroot -Wall -Wextra -fexceptions -fno-strict-aliasing -Wmissing-prototypes -Wstrict-prototypes -pedantic -Wlogical-op -Wjump-misses-init -Wdouble-promotion -Wshadow -Wformat=2 -fvisibility=hidden -DXML_ENABLE_VISIBILITY=1 -DHAVE_EXPAT_CONFIG_H conftest.c >&5
conftest.c:28:7: warning: no previous prototype for 'use_ascii' [-Wmissing-prototypes]
   int use_ascii (int i) {
       ^
conftest.c:32:5: warning: overflow in implicit constant conversion [-Woverflow]
     { 0x89D3, 0xE3E3, 0x8593, 0x95C5, 0x89C4, 0x9581, 0 };
     ^
conftest.c:32:5: warning: overflow in implicit constant conversion [-Woverflow]
conftest.c:32:5: warning: overflow in implicit constant conversion [-Woverflow]
conftest.c:32:5: warning: overflow in implicit constant conversion [-Woverflow]
conftest.c:32:5: warning: overflow in implicit constant conversion [-Woverflow]
conftest.c:32:5: warning: overflow in implicit constant conversion [-Woverflow]
conftest.c:34:5: warning: overflow in implicit constant conversion [-Woverflow]
     { 0xC2C9, 0xC785, 0x95C4, 0x8981, 0x95E2, 0xA8E2, 0 };
     ^
conftest.c:34:5: warning: overflow in implicit constant conversion [-Woverflow]
conftest.c:34:5: warning: overflow in implicit constant conversion [-Woverflow]
conftest.c:34:5: warning: overflow in implicit constant conversion [-Woverflow]
conftest.c:34:5: warning: overflow in implicit constant conversion [-Woverflow]
conftest.c:34:5: warning: overflow in implicit constant conversion [-Woverflow]
conftest.c:35:7: warning: no previous prototype for 'use_ebcdic' [-Wmissing-prototypes]
   int use_ebcdic (int i) {
       ^
conftest.c:41:1: warning: function declaration isn't a prototype [-Wstrict-prototypes]
 main ()
 ^
configure:17782: $? = 0
configure:17828: result: no
configure:17853: checking for an ANSI C-conforming const
configure:17919: aarch64-linux-android-gcc -std=gnu99 -c -D__ANDROID_API__=21 --sysroot=/home/jianglei/android-ndk-r17/NDK/arm64/sysroot -Wall -Wextra -fexceptions -fno-strict-aliasing -Wmissing-prototypes -Wstrict-prototypes -pedantic -Wlogical-op -Wjump-misses-init -Wdouble-promotion -Wshadow -Wformat=2 -fvisibility=hidden -DXML_ENABLE_VISIBILITY=1 -DHAVE_EXPAT_CONFIG_H conftest.c >&5
conftest.c:27:1: warning: function declaration isn't a prototype [-Wstrict-prototypes]
 main ()
 ^
configure:17919: $? = 0
configure:17926: result: yes
configure:17934: checking for size_t
configure:17934: aarch64-linux-android-gcc -std=gnu99 -c -D__ANDROID_API__=21 --sysroot=/home/jianglei/android-ndk-r17/NDK/arm64/sysroot -Wall -Wextra -fexceptions -fno-strict-aliasing -Wmissing-prototypes -Wstrict-prototypes -pedantic -Wlogical-op -Wjump-misses-init -Wdouble-promotion -Wshadow -Wformat=2 -fvisibility=hidden -DXML_ENABLE_VISIBILITY=1 -DHAVE_EXPAT_CONFIG_H conftest.c >&5
conftest.c:59:1: warning: function declaration isn't a prototype [-Wstrict-prototypes]
 main ()
 ^
configure:17934: $? = 0
configure:17934: aarch64-linux-android-gcc -std=gnu99 -c -D__ANDROID_API__=21 --sysroot=/home/jianglei/android-ndk-r17/NDK/arm64/sysroot -Wall -Wextra -fexceptions -fno-strict-aliasing -Wmissing-prototypes -Wstrict-prototypes -pedantic -Wlogical-op -Wjump-misses-init -Wdouble-promotion -Wshadow -Wformat=2 -fvisibility=hidden -DXML_ENABLE_VISIBILITY=1 -DHAVE_EXPAT_CONFIG_H conftest.c >&5
conftest.c:59:1: warning: function declaration isn't a prototype [-Wstrict-prototypes]
 main ()
 ^
conftest.c: In function 'main':
conftest.c:61:21: error: expected expression before ')' token
 if (sizeof ((size_t)))
                     ^
configure:17934: $? = 1
configure: failed program was:
| /* confdefs.h */
| #define PACKAGE_NAME "expat"
| #define PACKAGE_TARNAME "expat"
| #define PACKAGE_VERSION "2.2.9"
| #define PACKAGE_STRING "expat 2.2.9"
| #define PACKAGE_BUGREPORT "expat-bugs@libexpat.org"
| #define PACKAGE_URL ""
| #define PACKAGE "expat"
| #define VERSION "2.2.9"
| #define STDC_HEADERS 1
| #define HAVE_SYS_TYPES_H 1
| #define HAVE_SYS_STAT_H 1
| #define HAVE_STDLIB_H 1
| #define HAVE_STRING_H 1
| #define HAVE_MEMORY_H 1
| #define HAVE_STRINGS_H 1
| #define HAVE_INTTYPES_H 1
| #define HAVE_STDINT_H 1
| #define HAVE_UNISTD_H 1
| #define HAVE_DLFCN_H 1
| #define LT_OBJDIR ".libs/"
| #define STDC_HEADERS 1
| #define BYTEORDER 1234
| /* end confdefs.h.  */
| #include <stdio.h>
| #ifdef HAVE_SYS_TYPES_H
| # include <sys/types.h>
| #endif
| #ifdef HAVE_SYS_STAT_H
| # include <sys/stat.h>
| #endif
| #ifdef STDC_HEADERS
| # include <stdlib.h>
| # include <stddef.h>
| #else
| # ifdef HAVE_STDLIB_H
| #  include <stdlib.h>
| # endif
| #endif
| #ifdef HAVE_STRING_H
| # if !defined STDC_HEADERS && defined HAVE_MEMORY_H
| #  include <memory.h>
| # endif
| # include <string.h>
| #endif
| #ifdef HAVE_STRINGS_H
| # include <strings.h>
| #endif
| #ifdef HAVE_INTTYPES_H
| # include <inttypes.h>
| #endif
| #ifdef HAVE_STDINT_H
| # include <stdint.h>
| #endif
| #ifdef HAVE_UNISTD_H
| # include <unistd.h>
| #endif
| int
| main ()
| {
| if (sizeof ((size_t)))
| 	    return 0;
|   ;
|   return 0;
| }
configure:17934: result: yes
configure:18085: checking for arc4random_buf (BSD or libbsd)
configure:18100: aarch64-linux-android-gcc -std=gnu99 -o conftest -D__ANDROID_API__=21 --sysroot=/home/jianglei/android-ndk-r17/NDK/arm64/sysroot -Wall -Wextra -fexceptions -fno-strict-aliasing -Wmissing-prototypes -Wstrict-prototypes -pedantic -Wlogical-op -Wjump-misses-init -Wdouble-promotion -Wshadow -Wformat=2 -fvisibility=hidden -DXML_ENABLE_VISIBILITY=1 -DHAVE_EXPAT_CONFIG_H  -fno-strict-aliasing conftest.c  >&5
conftest.c:30:9: warning: function declaration isn't a prototype [-Wstrict-prototypes]
     int main() {
         ^
configure:18100: $? = 0
configure:18104: result: yes
configure:18152: checking for getrandom (Linux 3.17+, glibc 2.25+)
configure:18164: aarch64-linux-android-gcc -std=gnu99 -o conftest -D__ANDROID_API__=21 --sysroot=/home/jianglei/android-ndk-r17/NDK/arm64/sysroot -Wall -Wextra -fexceptions -fno-strict-aliasing -Wmissing-prototypes -Wstrict-prototypes -pedantic -Wlogical-op -Wjump-misses-init -Wdouble-promotion -Wshadow -Wformat=2 -fvisibility=hidden -DXML_ENABLE_VISIBILITY=1 -DHAVE_EXPAT_CONFIG_H  -fno-strict-aliasing conftest.c  >&5
conftest.c:29:12: warning: function declaration isn't a prototype [-Wstrict-prototypes]
        int main() {
            ^
conftest.c: In function 'main':
conftest.c:30:10: warning: implicit declaration of function 'getrandom' [-Wimplicit-function-declaration]
          return getrandom(NULL, 0U, 0U);
          ^
/tmp/ccv49GkX.o: In function `main':
conftest.c:(.text+0x14): undefined reference to `getrandom'
collect2: error: ld returned 1 exit status
configure:18164: $? = 1
configure: failed program was:
| /* confdefs.h */
| #define PACKAGE_NAME "expat"
| #define PACKAGE_TARNAME "expat"
| #define PACKAGE_VERSION "2.2.9"
| #define PACKAGE_STRING "expat 2.2.9"
| #define PACKAGE_BUGREPORT "expat-bugs@libexpat.org"
| #define PACKAGE_URL ""
| #define PACKAGE "expat"
| #define VERSION "2.2.9"
| #define STDC_HEADERS 1
| #define HAVE_SYS_TYPES_H 1
| #define HAVE_SYS_STAT_H 1
| #define HAVE_STDLIB_H 1
| #define HAVE_STRING_H 1
| #define HAVE_MEMORY_H 1
| #define HAVE_STRINGS_H 1
| #define HAVE_INTTYPES_H 1
| #define HAVE_STDINT_H 1
| #define HAVE_UNISTD_H 1
| #define HAVE_DLFCN_H 1
| #define LT_OBJDIR ".libs/"
| #define STDC_HEADERS 1
| #define BYTEORDER 1234
| #define HAVE_ARC4RANDOM_BUF 1
| /* end confdefs.h.  */
| 
|        #include <stdlib.h>  /* for NULL */
|        #include <sys/random.h>
|        int main() {
|          return getrandom(NULL, 0U, 0U);
|        }
| 
configure:18171: result: no
configure:18191: checking for syscall SYS_getrandom (Linux 3.17+)
configure:18205: aarch64-linux-android-gcc -std=gnu99 -o conftest -D__ANDROID_API__=21 --sysroot=/home/jianglei/android-ndk-r17/NDK/arm64/sysroot -Wall -Wextra -fexceptions -fno-strict-aliasing -Wmissing-prototypes -Wstrict-prototypes -pedantic -Wlogical-op -Wjump-misses-init -Wdouble-promotion -Wshadow -Wformat=2 -fvisibility=hidden -DXML_ENABLE_VISIBILITY=1 -DHAVE_EXPAT_CONFIG_H  -fno-strict-aliasing conftest.c  >&5
conftest.c:30:12: warning: function declaration isn't a prototype [-Wstrict-prototypes]
        int main() {
            ^
configure:18205: $? = 0
configure:18209: result: yes
configure:18225: checking fcntl.h usability
configure:18225: aarch64-linux-android-gcc -std=gnu99 -c -D__ANDROID_API__=21 --sysroot=/home/jianglei/android-ndk-r17/NDK/arm64/sysroot -Wall -Wextra -fexceptions -fno-strict-aliasing -Wmissing-prototypes -Wstrict-prototypes -pedantic -Wlogical-op -Wjump-misses-init -Wdouble-promotion -Wshadow -Wformat=2 -fvisibility=hidden -DXML_ENABLE_VISIBILITY=1 -DHAVE_EXPAT_CONFIG_H conftest.c >&5
configure:18225: $? = 0
configure:18225: result: yes
configure:18225: checking fcntl.h presence
configure:18225: aarch64-linux-android-gcc -E -DHAVE_EXPAT_CONFIG_H conftest.c
configure:18225: $? = 0
configure:18225: result: yes
configure:18225: checking for fcntl.h
configure:18225: result: yes
configure:18225: checking for unistd.h
configure:18225: result: yes
configure:18235: checking for off_t
configure:18235: aarch64-linux-android-gcc -std=gnu99 -c -D__ANDROID_API__=21 --sysroot=/home/jianglei/android-ndk-r17/NDK/arm64/sysroot -Wall -Wextra -fexceptions -fno-strict-aliasing -Wmissing-prototypes -Wstrict-prototypes -pedantic -Wlogical-op -Wjump-misses-init -Wdouble-promotion -Wshadow -Wformat=2 -fvisibility=hidden -DXML_ENABLE_VISIBILITY=1 -DHAVE_EXPAT_CONFIG_H conftest.c >&5
conftest.c:63:1: warning: function declaration isn't a prototype [-Wstrict-prototypes]
 main ()
 ^
configure:18235: $? = 0
configure:18235: aarch64-linux-android-gcc -std=gnu99 -c -D__ANDROID_API__=21 --sysroot=/home/jianglei/android-ndk-r17/NDK/arm64/sysroot -Wall -Wextra -fexceptions -fno-strict-aliasing -Wmissing-prototypes -Wstrict-prototypes -pedantic -Wlogical-op -Wjump-misses-init -Wdouble-promotion -Wshadow -Wformat=2 -fvisibility=hidden -DXML_ENABLE_VISIBILITY=1 -DHAVE_EXPAT_CONFIG_H conftest.c >&5
conftest.c:63:1: warning: function declaration isn't a prototype [-Wstrict-prototypes]
 main ()
 ^
conftest.c: In function 'main':
conftest.c:65:20: error: expected expression before ')' token
 if (sizeof ((off_t)))
                    ^
configure:18235: $? = 1
configure: failed program was:
| /* confdefs.h */
| #define PACKAGE_NAME "expat"
| #define PACKAGE_TARNAME "expat"
| #define PACKAGE_VERSION "2.2.9"
| #define PACKAGE_STRING "expat 2.2.9"
| #define PACKAGE_BUGREPORT "expat-bugs@libexpat.org"
| #define PACKAGE_URL ""
| #define PACKAGE "expat"
| #define VERSION "2.2.9"
| #define STDC_HEADERS 1
| #define HAVE_SYS_TYPES_H 1
| #define HAVE_SYS_STAT_H 1
| #define HAVE_STDLIB_H 1
| #define HAVE_STRING_H 1
| #define HAVE_MEMORY_H 1
| #define HAVE_STRINGS_H 1
| #define HAVE_INTTYPES_H 1
| #define HAVE_STDINT_H 1
| #define HAVE_UNISTD_H 1
| #define HAVE_DLFCN_H 1
| #define LT_OBJDIR ".libs/"
| #define STDC_HEADERS 1
| #define BYTEORDER 1234
| #define HAVE_ARC4RANDOM_BUF 1
| #define HAVE_SYSCALL_GETRANDOM 1
| #define HAVE_FCNTL_H 1
| #define HAVE_UNISTD_H 1
| /* end confdefs.h.  */
| #include <stdio.h>
| #ifdef HAVE_SYS_TYPES_H
| # include <sys/types.h>
| #endif
| #ifdef HAVE_SYS_STAT_H
| # include <sys/stat.h>
| #endif
| #ifdef STDC_HEADERS
| # include <stdlib.h>
| # include <stddef.h>
| #else
| # ifdef HAVE_STDLIB_H
| #  include <stdlib.h>
| # endif
| #endif
| #ifdef HAVE_STRING_H
| # if !defined STDC_HEADERS && defined HAVE_MEMORY_H
| #  include <memory.h>
| # endif
| # include <string.h>
| #endif
| #ifdef HAVE_STRINGS_H
| # include <strings.h>
| #endif
| #ifdef HAVE_INTTYPES_H
| # include <inttypes.h>
| #endif
| #ifdef HAVE_STDINT_H
| # include <stdint.h>
| #endif
| #ifdef HAVE_UNISTD_H
| # include <unistd.h>
| #endif
| int
| main ()
| {
| if (sizeof ((off_t)))
| 	    return 0;
|   ;
|   return 0;
| }
configure:18235: result: yes
configure:18252: checking for stdlib.h
configure:18252: result: yes
configure:18252: checking for unistd.h
configure:18252: result: yes
configure:18252: checking for sys/param.h
configure:18252: aarch64-linux-android-gcc -std=gnu99 -c -D__ANDROID_API__=21 --sysroot=/home/jianglei/android-ndk-r17/NDK/arm64/sysroot -Wall -Wextra -fexceptions -fno-strict-aliasing -Wmissing-prototypes -Wstrict-prototypes -pedantic -Wlogical-op -Wjump-misses-init -Wdouble-promotion -Wshadow -Wformat=2 -fvisibility=hidden -DXML_ENABLE_VISIBILITY=1 -DHAVE_EXPAT_CONFIG_H conftest.c >&5
configure:18252: $? = 0
configure:18252: result: yes
configure:18272: checking for getpagesize
configure:18272: aarch64-linux-android-gcc -std=gnu99 -o conftest -D__ANDROID_API__=21 --sysroot=/home/jianglei/android-ndk-r17/NDK/arm64/sysroot -Wall -Wextra -fexceptions -fno-strict-aliasing -Wmissing-prototypes -Wstrict-prototypes -pedantic -Wlogical-op -Wjump-misses-init -Wdouble-promotion -Wshadow -Wformat=2 -fvisibility=hidden -DXML_ENABLE_VISIBILITY=1 -DHAVE_EXPAT_CONFIG_H  -fno-strict-aliasing conftest.c  >&5
conftest.c:55:1: warning: function declaration isn't a prototype [-Wstrict-prototypes]
 char getpagesize ();
 ^
conftest.c:64:1: warning: function declaration isn't a prototype [-Wstrict-prototypes]
 main ()
 ^
configure:18272: $? = 0
configure:18272: result: yes
configure:18281: checking for working mmap
configure:18438: result: no
configure:18511: checking for docbook2x-man
configure:18541: result: no
configure:18511: checking for db2x_docbook2man
configure:18541: result: no
configure:18511: checking for docbook2man
configure:18541: result: no
configure:18511: checking for docbook-to-man
configure:18527: found /usr/bin/docbook-to-man
configure:18538: result: docbook-to-man
configure:18686: checking that generated files are newer than configure
configure:18692: result: done
configure:18744: creating ./config.status

## ---------------------- ##
## Running config.status. ##
## ---------------------- ##

This file was extended by expat config.status 2.2.9, which was
generated by GNU Autoconf 2.69.  Invocation command line was

  CONFIG_FILES    = 
  CONFIG_HEADERS  = 
  CONFIG_LINKS    = 
  CONFIG_COMMANDS = 
  $ ./config.status 

on jianglei

config.status:1188: creating Makefile
config.status:1188: creating expat.pc
config.status:1188: creating doc/Makefile
config.status:1188: creating examples/Makefile
config.status:1188: creating lib/Makefile
config.status:1188: creating tests/Makefile
config.status:1188: creating tests/benchmark/Makefile
config.status:1188: creating xmlwf/Makefile
config.status:1188: creating run.sh
config.status:1188: creating expat_config.h
config.status:1369: expat_config.h is unchanged
config.status:1417: executing depfiles commands
config.status:1494: cd examples       && sed -e '/# am--include-marker/d' Makefile         | make -f - am--depfiles
make: Nothing to be done for 'am--depfiles'.
config.status:1499: $? = 0
config.status:1494: cd lib       && sed -e '/# am--include-marker/d' Makefile         | make -f - am--depfiles
make: Nothing to be done for 'am--depfiles'.
config.status:1499: $? = 0
config.status:1494: cd tests       && sed -e '/# am--include-marker/d' Makefile         | make -f - am--depfiles
make: Nothing to be done for 'am--depfiles'.
config.status:1499: $? = 0
config.status:1494: cd tests/benchmark       && sed -e '/# am--include-marker/d' Makefile         | make -f - am--depfiles
make: Nothing to be done for 'am--depfiles'.
config.status:1499: $? = 0
config.status:1494: cd xmlwf       && sed -e '/# am--include-marker/d' Makefile         | make -f - am--depfiles
make: Nothing to be done for 'am--depfiles'.
config.status:1499: $? = 0
config.status:1417: executing libtool commands

## ---------------- ##
## Cache variables. ##
## ---------------- ##

ac_cv_build=x86_64-pc-linux-gnu
ac_cv_c_bigendian=no
ac_cv_c_compiler_gnu=yes
ac_cv_c_const=yes
ac_cv_cxx_compiler_gnu=yes
ac_cv_env_CCC_set=
ac_cv_env_CCC_value=
ac_cv_env_CC_set=set
ac_cv_env_CC_value=aarch64-linux-android-gcc
ac_cv_env_CFLAGS_set=set
ac_cv_env_CFLAGS_value='-D__ANDROID_API__=21 --sysroot=/home/jianglei/android-ndk-r17/NDK/arm64/sysroot'
ac_cv_env_CPPFLAGS_set=
ac_cv_env_CPPFLAGS_value=
ac_cv_env_CPP_set=
ac_cv_env_CPP_value=
ac_cv_env_CXXCPP_set=
ac_cv_env_CXXCPP_value=
ac_cv_env_CXXFLAGS_set=
ac_cv_env_CXXFLAGS_value=
ac_cv_env_CXX_set=set
ac_cv_env_CXX_value=aarch64-linux-android-clang++
ac_cv_env_DOCBOOK_TO_MAN_set=
ac_cv_env_DOCBOOK_TO_MAN_value=
ac_cv_env_LDFLAGS_set=
ac_cv_env_LDFLAGS_value=
ac_cv_env_LIBS_set=
ac_cv_env_LIBS_value=
ac_cv_env_LT_SYS_LIBRARY_PATH_set=
ac_cv_env_LT_SYS_LIBRARY_PATH_value=
ac_cv_env_build_alias_set=
ac_cv_env_build_alias_value=
ac_cv_env_host_alias_set=set
ac_cv_env_host_alias_value=aarch64-linux
ac_cv_env_target_alias_set=
ac_cv_env_target_alias_value=
ac_cv_func_getpagesize=yes
ac_cv_func_mmap_fixed_mapped=no
ac_cv_header_dlfcn_h=yes
ac_cv_header_fcntl_h=yes
ac_cv_header_inttypes_h=yes
ac_cv_header_memory_h=yes
ac_cv_header_stdc=yes
ac_cv_header_stdint_h=yes
ac_cv_header_stdlib_h=yes
ac_cv_header_string_h=yes
ac_cv_header_strings_h=yes
ac_cv_header_sys_param_h=yes
ac_cv_header_sys_stat_h=yes
ac_cv_header_sys_types_h=yes
ac_cv_header_unistd_h=yes
ac_cv_host=aarch64-unknown-linux-gnu
ac_cv_objext=o
ac_cv_path_EGREP='/bin/grep -E'
ac_cv_path_FGREP='/bin/grep -F'
ac_cv_path_GREP=/bin/grep
ac_cv_path_SED=/bin/sed
ac_cv_path_install='/usr/bin/install -c'
ac_cv_path_lt_DD=/bin/dd
ac_cv_path_mkdir=/bin/mkdir
ac_cv_prog_AR=aarch64-linux-android-ar
ac_cv_prog_AWK=mawk
ac_cv_prog_CC=aarch64-linux-android-gcc
ac_cv_prog_CPP='aarch64-linux-android-gcc -E'
ac_cv_prog_CXXCPP='aarch64-linux-android-clang++ -E'
ac_cv_prog_DOCBOOK_TO_MAN=docbook-to-man
ac_cv_prog_OBJDUMP=aarch64-linux-android-objdump
ac_cv_prog_RANLIB=aarch64-linux-android-ranlib
ac_cv_prog_STRIP=aarch64-linux-android-strip
ac_cv_prog_ac_ct_MANIFEST_TOOL=mt
ac_cv_prog_cc_c89=
ac_cv_prog_cc_c99=-std=gnu99
ac_cv_prog_cc_g=yes
ac_cv_prog_cxx_g=yes
ac_cv_prog_make_make_set=yes
ac_cv_type_off_t=yes
ac_cv_type_size_t=yes
am_cv_CC_dependencies_compiler_type=gcc3
am_cv_CXX_dependencies_compiler_type=gcc3
am_cv_ar_interface=ar
am_cv_make_support_nested_variables=yes
am_cv_prog_cc_c_o=yes
ax_cv_check_cflags___Wall=yes
ax_cv_check_cflags___Wdouble_promotion=yes
ax_cv_check_cflags___Wduplicated_branches=no
ax_cv_check_cflags___Wduplicated_cond=no
ax_cv_check_cflags___Wextra=yes
ax_cv_check_cflags___Wformat_2=yes
ax_cv_check_cflags___Wjump_misses_init=yes
ax_cv_check_cflags___Wlogical_op=yes
ax_cv_check_cflags___Wmisleading_indentation=no
ax_cv_check_cflags___Wmissing_prototypes=yes
ax_cv_check_cflags___Wnull_dereference=no
ax_cv_check_cflags___Wrestrict=no
ax_cv_check_cflags___Wshadow=yes
ax_cv_check_cflags___Wstrict_prototypes=yes
ax_cv_check_cflags___fexceptions=yes
ax_cv_check_cflags___fno_strict_aliasing=yes
ax_cv_check_cflags___pedantic=yes
ax_cv_check_cxxflags___Wall=yes
ax_cv_check_cxxflags___Wextra=yes
ax_cv_check_cxxflags___fexceptions=yes
ax_cv_check_cxxflags___fno_strict_aliasing=yes
ax_cv_check_ldflags___fno_strict_aliasing=yes
expatcfg_cv_compiler_supports_visibility=yes
lt_cv_ar_at_file=@
lt_cv_archive_cmds_need_lc=no
lt_cv_deplibs_check_method=pass_all
lt_cv_file_magic_cmd='$MAGIC_CMD'
lt_cv_file_magic_test_file=
lt_cv_ld_reload_flag=-r
lt_cv_nm_interface='BSD nm'
lt_cv_objdir=.libs
lt_cv_path_LD=aarch64-linux-android-ld
lt_cv_path_LDCXX=aarch64-linux-android-ld
lt_cv_path_NM=aarch64-linux-android-nm
lt_cv_path_mainfest_tool=no
lt_cv_prog_compiler_c_o=yes
lt_cv_prog_compiler_c_o_CXX=yes
lt_cv_prog_compiler_pic='-fPIC -DPIC'
lt_cv_prog_compiler_pic_CXX='-fPIC -DPIC'
lt_cv_prog_compiler_pic_works=yes
lt_cv_prog_compiler_pic_works_CXX=yes
lt_cv_prog_compiler_rtti_exceptions=no
lt_cv_prog_compiler_static_works=yes
lt_cv_prog_compiler_static_works_CXX=yes
lt_cv_prog_gnu_ld=yes
lt_cv_prog_gnu_ldcxx=yes
lt_cv_sharedlib_from_linklib_cmd='printf %s\n'
lt_cv_shlibpath_overrides_runpath=no
lt_cv_sys_global_symbol_pipe='sed -n -e '\''s/^.*[	 ]\([ABCDGIRSTW][ABCDGIRSTW]*\)[	 ][	 ]*\([_A-Za-z][_A-Za-z0-9]*\)$/\1 \2 \2/p'\'' | sed '\''/ __gnu_lto/d'\'''
lt_cv_sys_global_symbol_to_c_name_address='sed -n -e '\''s/^: \(.*\) .*$/  {"\1", (void *) 0},/p'\'' -e '\''s/^[ABCDGIRSTW][ABCDGIRSTW]* .* \(.*\)$/  {"\1", (void *) \&\1},/p'\'''
lt_cv_sys_global_symbol_to_c_name_address_lib_prefix='sed -n -e '\''s/^: \(.*\) .*$/  {"\1", (void *) 0},/p'\'' -e '\''s/^[ABCDGIRSTW][ABCDGIRSTW]* .* \(lib.*\)$/  {"\1", (void *) \&\1},/p'\'' -e '\''s/^[ABCDGIRSTW][ABCDGIRSTW]* .* \(.*\)$/  {"lib\1", (void *) \&\1},/p'\'''
lt_cv_sys_global_symbol_to_cdecl='sed -n -e '\''s/^T .* \(.*\)$/extern int \1();/p'\'' -e '\''s/^[ABCDGIRSTW][ABCDGIRSTW]* .* \(.*\)$/extern char \1;/p'\'''
lt_cv_sys_global_symbol_to_import=
lt_cv_sys_max_cmd_len=1572864
lt_cv_to_host_file_cmd=func_convert_file_noop
lt_cv_to_tool_file_cmd=func_convert_file_noop
lt_cv_truncate_bin='/bin/dd bs=4096 count=1'

## ----------------- ##
## Output variables. ##
## ----------------- ##

ACLOCAL='${SHELL} /home/jianglei/svg/expat-2.2.9/conftools/missing aclocal-1.16'
AMDEPBACKSLASH='\'
AMDEP_FALSE='#'
AMDEP_TRUE=''
AMTAR='$${TAR-tar}'
AM_BACKSLASH='\'
AM_DEFAULT_V='$(AM_DEFAULT_VERBOSITY)'
AM_DEFAULT_VERBOSITY='1'
AM_V='$(V)'
AR='aarch64-linux-android-ar'
AS='aarch64-linux-android-as'
AUTOCONF='${SHELL} /home/jianglei/svg/expat-2.2.9/conftools/missing autoconf'
AUTOHEADER='${SHELL} /home/jianglei/svg/expat-2.2.9/conftools/missing autoheader'
AUTOMAKE='${SHELL} /home/jianglei/svg/expat-2.2.9/conftools/missing automake-1.16'
AWK='mawk'
CC='aarch64-linux-android-gcc -std=gnu99'
CCDEPMODE='depmode=gcc3'
CFLAGS='-D__ANDROID_API__=21 --sysroot=/home/jianglei/android-ndk-r17/NDK/arm64/sysroot -Wall -Wextra -fexceptions -fno-strict-aliasing -Wmissing-prototypes -Wstrict-prototypes -pedantic -Wlogical-op -Wjump-misses-init -Wdouble-promotion -Wshadow -Wformat=2 -fvisibility=hidden -DXML_ENABLE_VISIBILITY=1'
CPP='aarch64-linux-android-gcc -E'
CPPFLAGS='-DHAVE_EXPAT_CONFIG_H'
CXX='aarch64-linux-android-clang++'
CXXCPP='aarch64-linux-android-clang++ -E'
CXXDEPMODE='depmode=gcc3'
CXXFLAGS='-g -O2 -Wall -Wextra -fexceptions -fno-strict-aliasing'
CYGPATH_W='echo'
DEFS='-DHAVE_CONFIG_H'
DEPDIR='.deps'
DLLTOOL='false'
DOCBOOK_TO_MAN='docbook-to-man'
DSYMUTIL=''
DUMPBIN=''
ECHO_C=''
ECHO_N='-n'
ECHO_T=''
EGREP='/bin/grep -E'
EXEEXT=''
FGREP='/bin/grep -F'
FILEMAP='readfilemap'
GREP='/bin/grep'
INSTALL_DATA='${INSTALL} -m 644'
INSTALL_PROGRAM='${INSTALL}'
INSTALL_SCRIPT='${INSTALL}'
INSTALL_STRIP_PROGRAM='$(install_sh) -c -s'
LD='aarch64-linux-android-ld'
LDFLAGS=' -fno-strict-aliasing'
LIBAGE='6'
LIBCURRENT='7'
LIBOBJS=''
LIBREVISION='11'
LIBS=''
LIBTOOL='$(SHELL) $(top_builddir)/libtool'
LIPO=''
LN_S='ln -s'
LTLIBOBJS=''
LT_SYS_LIBRARY_PATH=''
MAKEINFO='${SHELL} /home/jianglei/svg/expat-2.2.9/conftools/missing makeinfo'
MANIFEST_TOOL=':'
MINGW_FALSE=''
MINGW_TRUE='#'
MKDIR_P='/bin/mkdir -p'
NM='aarch64-linux-android-nm'
NMEDIT=''
OBJDUMP='aarch64-linux-android-objdump'
OBJEXT='o'
OTOOL64=''
OTOOL=''
PACKAGE='expat'
PACKAGE_BUGREPORT='expat-bugs@libexpat.org'
PACKAGE_NAME='expat'
PACKAGE_STRING='expat 2.2.9'
PACKAGE_TARNAME='expat'
PACKAGE_URL=''
PACKAGE_VERSION='2.2.9'
PATH_SEPARATOR=':'
RANLIB='aarch64-linux-android-ranlib'
SED='/bin/sed'
SET_MAKE=''
SHELL='/bin/bash'
STRIP='aarch64-linux-android-strip'
UNICODE_FALSE=''
UNICODE_TRUE='#'
VERSION='2.2.9'
WITH_DOCBOOK_FALSE='#'
WITH_DOCBOOK_TRUE=''
WITH_EXAMPLES_FALSE='#'
WITH_EXAMPLES_TRUE=''
WITH_TESTS_FALSE='#'
WITH_TESTS_TRUE=''
WITH_XMLWF_FALSE=''
WITH_XMLWF_TRUE='#'
ac_ct_AR=''
ac_ct_CC=''
ac_ct_CXX=''
ac_ct_DUMPBIN=''
am__EXEEXT_FALSE=''
am__EXEEXT_TRUE='#'
am__fastdepCC_FALSE='#'
am__fastdepCC_TRUE=''
am__fastdepCXX_FALSE='#'
am__fastdepCXX_TRUE=''
am__include='include'
am__isrc=''
am__leading_dot='.'
am__nodep='_no'
am__quote=''
am__tar='$${TAR-tar} chof - "$$tardir"'
am__untar='$${TAR-tar} xf -'
bindir='${exec_prefix}/bin'
build='x86_64-pc-linux-gnu'
build_alias=''
build_cpu='x86_64'
build_os='linux-gnu'
build_vendor='pc'
datadir='${datarootdir}'
datarootdir='${prefix}/share'
docdir='${datarootdir}/doc/${PACKAGE_TARNAME}'
dvidir='${docdir}'
exec_prefix='${prefix}'
host='aarch64-unknown-linux-gnu'
host_alias='aarch64-linux'
host_cpu='aarch64'
host_os='linux-gnu'
host_vendor='unknown'
htmldir='${docdir}'
includedir='${prefix}/include'
infodir='${datarootdir}/info'
install_sh='${SHELL} /home/jianglei/svg/expat-2.2.9/conftools/install-sh'
libdir='${exec_prefix}/lib'
libexecdir='${exec_prefix}/libexec'
localedir='${datarootdir}/locale'
localstatedir='${prefix}/var'
mandir='${datarootdir}/man'
mkdir_p='$(MKDIR_P)'
oldincludedir='/usr/include'
pdfdir='${docdir}'
prefix='/home/jianglei/svg/build/usr/local'
program_transform_name='s,x,x,'
psdir='${docdir}'
sbindir='${exec_prefix}/sbin'
sharedstatedir='${prefix}/com'
sysconfdir='${prefix}/etc'
target_alias=''

## ----------- ##
## confdefs.h. ##
## ----------- ##

/* confdefs.h */
#define PACKAGE_NAME "expat"
#define PACKAGE_TARNAME "expat"
#define PACKAGE_VERSION "2.2.9"
#define PACKAGE_STRING "expat 2.2.9"
#define PACKAGE_BUGREPORT "expat-bugs@libexpat.org"
#define PACKAGE_URL ""
#define PACKAGE "expat"
#define VERSION "2.2.9"
#define STDC_HEADERS 1
#define HAVE_SYS_TYPES_H 1
#define HAVE_SYS_STAT_H 1
#define HAVE_STDLIB_H 1
#define HAVE_STRING_H 1
#define HAVE_MEMORY_H 1
#define HAVE_STRINGS_H 1
#define HAVE_INTTYPES_H 1
#define HAVE_STDINT_H 1
#define HAVE_UNISTD_H 1
#define HAVE_DLFCN_H 1
#define LT_OBJDIR ".libs/"
#define STDC_HEADERS 1
#define BYTEORDER 1234
#define HAVE_ARC4RANDOM_BUF 1
#define HAVE_SYSCALL_GETRANDOM 1
#define HAVE_FCNTL_H 1
#define HAVE_UNISTD_H 1
#define HAVE_STDLIB_H 1
#define HAVE_UNISTD_H 1
#define HAVE_SYS_PARAM_H 1
#define HAVE_GETPAGESIZE 1
#define XML_NS 1
#define XML_DTD 1
#define XML_DEV_URANDOM 1
#define XML_CONTEXT_BYTES 1024

configure: exit 0
