This file contains any messages produced by compilers while
running configure, to aid debugging if configure makes a mistake.

It was created by gdk-pixbuf configure 2.35.5, which was
generated by GNU Autoconf 2.69.  Invocation command line was

  $ ./configure --host=aarch64-linux CFLAGS=-D__ANDROID_API__=21 --sysroot=/home/jianglei/android-ndk-r17/NDK/arm64/sysroot --prefix=/home/jianglei/svg/build/usr/local --without-libtiff --without-libjpeg

## --------- ##
## Platform. ##
## --------- ##

hostname = jianglei
uname -m = x86_64
uname -r = 4.15.0-20-generic
uname -s = Linux
uname -v = #21-Ubuntu SMP Tue Apr 24 06:16:15 UTC 2018

/usr/bin/uname -p = unknown
/bin/uname -X     = unknown

/bin/arch              = unknown
/usr/bin/arch -k       = unknown
/usr/convex/getsysinfo = unknown
/usr/bin/hostinfo      = unknown
/bin/machine           = unknown
/usr/bin/oslevel       = unknown
/bin/universe          = unknown

PATH: /home/jianglei/.cargo/bin
PATH: /usr/local/sbin
PATH: /usr/local/bin
PATH: /usr/sbin
PATH: /usr/bin
PATH: /sbin
PATH: /bin
PATH: /usr/games
PATH: /usr/local/games
PATH: /snap/bin
PATH: /home/jianglei/android-ndk-r17/NDK/arm64/bin


## ----------- ##
## Core tests. ##
## ----------- ##

configure:2555: checking for a BSD-compatible install
configure:2623: result: /usr/bin/install -c
configure:2634: checking whether build environment is sane
configure:2689: result: yes
configure:2748: checking for aarch64-linux-strip
configure:2775: result: aarch64-linux-android-strip
configure:2840: checking for a thread-safe mkdir -p
configure:2879: result: /bin/mkdir -p
configure:2886: checking for gawk
configure:2916: result: no
configure:2886: checking for mawk
configure:2902: found /usr/bin/mawk
configure:2913: result: mawk
configure:2924: checking whether make sets $(MAKE)
configure:2946: result: yes
configure:2975: checking whether make supports nested variables
configure:2992: result: yes
configure:3072: checking whether UID '1000' is supported by ustar format
configure:3075: result: yes
configure:3082: checking whether GID '1000' is supported by ustar format
configure:3085: result: yes
configure:3093: checking how to create a ustar tar archive
configure:3104: tar --version
tar (GNU tar) 1.29
Copyright (C) 2015 Free Software Foundation, Inc.
License GPLv3+: GNU GPL version 3 or later <http://gnu.org/licenses/gpl.html>.
This is free software: you are free to change and redistribute it.
There is NO WARRANTY, to the extent permitted by law.

Written by John Gilmore and Jay Fenlason.
configure:3107: $? = 0
configure:3147: tardir=conftest.dir && eval tar --format=ustar -chf - "$tardir" >conftest.tar
configure:3150: $? = 0
configure:3154: tar -xf - <conftest.tar
configure:3157: $? = 0
configure:3159: cat conftest.dir/file
GrepMe
configure:3162: $? = 0
configure:3175: result: gnutar
configure:3226: checking whether to enable maintainer-specific portions of Makefiles
configure:3235: result: yes
configure:3263: checking whether make supports nested variables
configure:3280: result: yes
configure:3339: checking for aarch64-linux-gcc
configure:3366: result: aarch64-linux-android-gcc
configure:3635: checking for C compiler version
configure:3644: aarch64-linux-android-gcc --version >&5
aarch64-linux-android-gcc (GCC) 4.9.x 20150123 (prerelease)
Copyright (C) 2014 Free Software Foundation, Inc.
This is free software; see the source for copying conditions.  There is NO
warranty; not even for MERCHANTABILITY or FITNESS FOR A PARTICULAR PURPOSE.

configure:3655: $? = 0
configure:3644: aarch64-linux-android-gcc -v >&5
Using built-in specs.
COLLECT_GCC=aarch64-linux-android-gcc
COLLECT_LTO_WRAPPER=/home/jianglei/android-ndk-r17/NDK/arm64/bin/../libexec/gcc/aarch64-linux-android/4.9.x/lto-wrapper
Target: aarch64-linux-android
Configured with: /buildbot/src/android/gcc/toolchain/build/../gcc/gcc-4.9/configure --prefix=/tmp/d2087558cf57fc8b596d8eebe6b67058 --target=aarch64-linux-android --host=x86_64-linux-gnu --build=x86_64-linux-gnu --with-gnu-as --with-gnu-ld --enable-languages=c,c++ --with-gmp=/buildbot/tmp/build/toolchain/temp-install --with-mpfr=/buildbot/tmp/build/toolchain/temp-install --with-mpc=/buildbot/tmp/build/toolchain/temp-install --with-cloog=/buildbot/tmp/build/toolchain/temp-install --with-isl=/buildbot/tmp/build/toolchain/temp-install --with-ppl=/buildbot/tmp/build/toolchain/temp-install --disable-ppl-version-check --disable-cloog-version-check --disable-isl-version-check --enable-cloog-backend=isl --with-host-libstdcxx='-static-libgcc -Wl,-Bstatic,-lstdc++,-Bdynamic -lm' --disable-libssp --enable-threads --disable-nls --disable-libmudflap --disable-libgomp --disable-libstdc__-v3 --disable-sjlj-exceptions --disable-shared --disable-tls --disable-libitm --enable-bionic-libs --enable-libatomic-ifuncs=no --enable-initfini-array --disable-nls --prefix=/tmp/d2087558cf57fc8b596d8eebe6b67058 --with-sysroot=/tmp/d2087558cf57fc8b596d8eebe6b67058/sysroot --with-binutils-version=2.27 --with-mpfr-version=3.1.1 --with-mpc-version=1.0.1 --with-gmp-version=5.0.5 --with-gcc-version=4.9 --with-gdb-version=none --with-gxx-include-dir=/tmp/d2087558cf57fc8b596d8eebe6b67058/include/c++/4.9.x --with-bugurl=http://source.android.com/source/report-bugs.html --enable-languages=c,c++ --disable-bootstrap --enable-plugins --enable-libgomp --enable-gnu-indirect-function --disable-libsanitizer --enable-gold --enable-ld=default --enable-threads --enable-eh-frame-hdr-for-static --enable-fix-cortex-a53-835769 --enable-graphite=yes --with-isl-version=0.11.1 --with-cloog-version=0.18.0 --program-transform-name='s&^&aarch64-linux-android-&' --enable-gold
Thread model: posix
gcc version 4.9.x 20150123 (prerelease) (GCC) 
configure:3655: $? = 0
configure:3644: aarch64-linux-android-gcc -V >&5
aarch64-linux-android-gcc: error: unrecognized command line option '-V'
aarch64-linux-android-gcc: fatal error: no input files
compilation terminated.
configure:3655: $? = 1
configure:3644: aarch64-linux-android-gcc -qversion >&5
aarch64-linux-android-gcc: error: unrecognized command line option '-qversion'
aarch64-linux-android-gcc: fatal error: no input files
compilation terminated.
configure:3655: $? = 1
configure:3675: checking whether the C compiler works
configure:3697: aarch64-linux-android-gcc -D__ANDROID_API__=21 --sysroot=/home/jianglei/android-ndk-r17/NDK/arm64/sysroot   conftest.c  >&5
configure:3701: $? = 0
configure:3749: result: yes
configure:3752: checking for C compiler default output file name
configure:3754: result: a.out
configure:3760: checking for suffix of executables
configure:3767: aarch64-linux-android-gcc -o conftest -D__ANDROID_API__=21 --sysroot=/home/jianglei/android-ndk-r17/NDK/arm64/sysroot   conftest.c  >&5
configure:3771: $? = 0
configure:3793: result: 
configure:3815: checking whether we are cross compiling
configure:3823: aarch64-linux-android-gcc -o conftest -D__ANDROID_API__=21 --sysroot=/home/jianglei/android-ndk-r17/NDK/arm64/sysroot   conftest.c  >&5
configure:3827: $? = 0
configure:3834: ./conftest
./configure: line 3836: ./conftest: cannot execute binary file: Exec format error
configure:3838: $? = 126
configure:3853: result: yes
configure:3858: checking for suffix of object files
configure:3880: aarch64-linux-android-gcc -c -D__ANDROID_API__=21 --sysroot=/home/jianglei/android-ndk-r17/NDK/arm64/sysroot  conftest.c >&5
configure:3884: $? = 0
configure:3905: result: o
configure:3909: checking whether we are using the GNU C compiler
configure:3928: aarch64-linux-android-gcc -c -D__ANDROID_API__=21 --sysroot=/home/jianglei/android-ndk-r17/NDK/arm64/sysroot  conftest.c >&5
configure:3928: $? = 0
configure:3937: result: yes
configure:3946: checking whether aarch64-linux-android-gcc accepts -g
configure:3966: aarch64-linux-android-gcc -c -g  conftest.c >&5
configure:3966: $? = 0
configure:4007: result: yes
configure:4024: checking for aarch64-linux-android-gcc option to accept ISO C89
configure:4087: aarch64-linux-android-gcc  -c -D__ANDROID_API__=21 --sysroot=/home/jianglei/android-ndk-r17/NDK/arm64/sysroot  conftest.c >&5
configure:4087: $? = 0
configure:4100: result: none needed
configure:4125: checking whether aarch64-linux-android-gcc understands -c and -o together
configure:4147: aarch64-linux-android-gcc -c conftest.c -o conftest2.o
configure:4150: $? = 0
configure:4147: aarch64-linux-android-gcc -c conftest.c -o conftest2.o
configure:4150: $? = 0
configure:4162: result: yes
configure:4190: checking for style of include used by make
configure:4218: result: GNU
configure:4244: checking dependency style of aarch64-linux-android-gcc
configure:4355: result: gcc3
configure:4371: checking whether aarch64-linux-android-gcc and cc understand -c and -o together
configure:4402: aarch64-linux-android-gcc -c conftest.c -o conftest2.o >&5
configure:4406: $? = 0
configure:4412: aarch64-linux-android-gcc -c conftest.c -o conftest2.o >&5
configure:4416: $? = 0
configure:4427: cc -c conftest.c >&5
configure:4431: $? = 0
configure:4439: cc -c conftest.c -o conftest2.o >&5
configure:4443: $? = 0
configure:4449: cc -c conftest.c -o conftest2.o >&5
configure:4453: $? = 0
configure:4471: result: yes
configure:4485: checking for aarch64-linux-android-gcc option to accept ISO C99
configure:4634: aarch64-linux-android-gcc  -c -D__ANDROID_API__=21 --sysroot=/home/jianglei/android-ndk-r17/NDK/arm64/sysroot  conftest.c >&5
conftest.c:59:29: error: expected ';', ',' or ')' before 'text'
 test_restrict (ccp restrict text)
                             ^
conftest.c: In function 'main':
conftest.c:113:18: error: expected '=', ',', ';', 'asm' or '__attribute__' before 'newvar'
   char *restrict newvar = "Another string";
                  ^
conftest.c:113:18: error: 'newvar' undeclared (first use in this function)
conftest.c:113:18: note: each undeclared identifier is reported only once for each function it appears in
conftest.c:123:3: error: 'for' loop initial declarations are only allowed in C99 or C11 mode
   for (int i = 0; i < ia->datasize; ++i)
   ^
conftest.c:123:3: note: use option -std=c99, -std=gnu99, -std=c11 or -std=gnu11 to compile your code
configure:4634: $? = 1
configure: failed program was:
| /* confdefs.h */
| #define PACKAGE_NAME "gdk-pixbuf"
| #define PACKAGE_TARNAME "gdk-pixbuf"
| #define PACKAGE_VERSION "2.35.5"
| #define PACKAGE_STRING "gdk-pixbuf 2.35.5"
| #define PACKAGE_BUGREPORT "http://bugzilla.gnome.org/enter_bug.cgi?product=gdk-pixbuf"
| #define PACKAGE_URL ""
| /* end confdefs.h.  */
| #include <stdarg.h>
| #include <stdbool.h>
| #include <stdlib.h>
| #include <wchar.h>
| #include <stdio.h>
| 
| // Check varargs macros.  These examples are taken from C99 6.10.3.5.
| #define debug(...) fprintf (stderr, __VA_ARGS__)
| #define showlist(...) puts (#__VA_ARGS__)
| #define report(test,...) ((test) ? puts (#test) : printf (__VA_ARGS__))
| static void
| test_varargs_macros (void)
| {
|   int x = 1234;
|   int y = 5678;
|   debug ("Flag");
|   debug ("X = %d\n", x);
|   showlist (The first, second, and third items.);
|   report (x>y, "x is %d but y is %d", x, y);
| }
| 
| // Check long long types.
| #define BIG64 18446744073709551615ull
| #define BIG32 4294967295ul
| #define BIG_OK (BIG64 / BIG32 == 4294967297ull && BIG64 % BIG32 == 0)
| #if !BIG_OK
|   your preprocessor is broken;
| #endif
| #if BIG_OK
| #else
|   your preprocessor is broken;
| #endif
| static long long int bignum = -9223372036854775807LL;
| static unsigned long long int ubignum = BIG64;
| 
| struct incomplete_array
| {
|   int datasize;
|   double data[];
| };
| 
| struct named_init {
|   int number;
|   const wchar_t *name;
|   double average;
| };
| 
| typedef const char *ccp;
| 
| static inline int
| test_restrict (ccp restrict text)
| {
|   // See if C++-style comments work.
|   // Iterate through items via the restricted pointer.
|   // Also check for declarations in for loops.
|   for (unsigned int i = 0; *(text+i) != '\0'; ++i)
|     continue;
|   return 0;
| }
| 
| // Check varargs and va_copy.
| static void
| test_varargs (const char *format, ...)
| {
|   va_list args;
|   va_start (args, format);
|   va_list args_copy;
|   va_copy (args_copy, args);
| 
|   const char *str;
|   int number;
|   float fnumber;
| 
|   while (*format)
|     {
|       switch (*format++)
| 	{
| 	case 's': // string
| 	  str = va_arg (args_copy, const char *);
| 	  break;
| 	case 'd': // int
| 	  number = va_arg (args_copy, int);
| 	  break;
| 	case 'f': // float
| 	  fnumber = va_arg (args_copy, double);
| 	  break;
| 	default:
| 	  break;
| 	}
|     }
|   va_end (args_copy);
|   va_end (args);
| }
| 
| int
| main ()
| {
| 
|   // Check bool.
|   _Bool success = false;
| 
|   // Check restrict.
|   if (test_restrict ("String literal") == 0)
|     success = true;
|   char *restrict newvar = "Another string";
| 
|   // Check varargs.
|   test_varargs ("s, d' f .", "string", 65, 34.234);
|   test_varargs_macros ();
| 
|   // Check flexible array members.
|   struct incomplete_array *ia =
|     malloc (sizeof (struct incomplete_array) + (sizeof (double) * 10));
|   ia->datasize = 10;
|   for (int i = 0; i < ia->datasize; ++i)
|     ia->data[i] = i * 1.234;
| 
|   // Check named initializers.
|   struct named_init ni = {
|     .number = 34,
|     .name = L"Test wide string",
|     .average = 543.34343,
|   };
| 
|   ni.number = 58;
| 
|   int dynamic_array[ni.number];
|   dynamic_array[ni.number - 1] = 543;
| 
|   // work around unused variable warnings
|   return (!success || bignum == 0LL || ubignum == 0uLL || newvar[0] == 'x'
| 	  || dynamic_array[ni.number - 1] != 543);
| 
|   ;
|   return 0;
| }
configure:4634: aarch64-linux-android-gcc -std=gnu99 -c -D__ANDROID_API__=21 --sysroot=/home/jianglei/android-ndk-r17/NDK/arm64/sysroot  conftest.c >&5
configure:4634: $? = 0
configure:4654: result: -std=gnu99
configure:4755: checking for aarch64-linux-android-gcc -std=gnu99 option to accept ISO Standard C
configure:4769: result: -std=gnu99
configure:4774: checking whether make sets $(MAKE)
configure:4796: result: yes
configure:4809: checking for gawk
configure:4836: result: mawk
configure:4858: checking for aarch64-linux-pkg-config
configure:4891: result: no
configure:4901: checking for pkg-config
configure:4919: found /usr/bin/pkg-config
configure:4931: result: /usr/bin/pkg-config
configure:4943: WARNING: using cross tools not prefixed with host triplet
configure:4956: checking pkg-config is at least version 0.9.0
configure:4959: result: yes
configure:4972: checking build system type
configure:4986: result: x86_64-unknown-linux-gnu
configure:5006: checking host system type
configure:5019: result: aarch64-unknown-linux-gnu
configure:5049: checking for native Win32
configure:5069: result: no
configure:5136: checking how to print strings
configure:5163: result: printf
configure:5184: checking for a sed that does not truncate output
configure:5248: result: /bin/sed
configure:5266: checking for grep that handles long lines and -e
configure:5324: result: /bin/grep
configure:5329: checking for egrep
configure:5391: result: /bin/grep -E
configure:5396: checking for fgrep
configure:5458: result: /bin/grep -F
configure:5493: checking for ld used by aarch64-linux-android-gcc -std=gnu99
configure:5560: result: aarch64-linux-android-ld
configure:5567: checking if the linker (aarch64-linux-android-ld) is GNU ld
configure:5582: result: yes
configure:5594: checking for BSD- or MS-compatible name lister (nm)
configure:5648: result: aarch64-linux-android-nm
configure:5778: checking the name lister (aarch64-linux-android-nm) interface
configure:5785: aarch64-linux-android-gcc -std=gnu99 -c -D__ANDROID_API__=21 --sysroot=/home/jianglei/android-ndk-r17/NDK/arm64/sysroot  conftest.c >&5
configure:5788: aarch64-linux-android-nm "conftest.o"
configure:5791: output
0000000000000000 B some_variable
configure:5798: result: BSD nm
configure:5801: checking whether ln -s works
configure:5805: result: yes
configure:5813: checking the maximum length of command line arguments
configure:5944: result: 1572864
configure:5992: checking how to convert x86_64-unknown-linux-gnu file names to aarch64-unknown-linux-gnu format
configure:6032: result: func_convert_file_noop
configure:6039: checking how to convert x86_64-unknown-linux-gnu file names to toolchain format
configure:6059: result: func_convert_file_noop
configure:6066: checking for aarch64-linux-android-ld option to reload object files
configure:6073: result: -r
configure:6107: checking for aarch64-linux-objdump
configure:6134: result: aarch64-linux-android-objdump
configure:6203: checking how to recognize dependent libraries
configure:6403: result: pass_all
configure:6448: checking for aarch64-linux-dlltool
configure:6478: result: no
configure:6488: checking for dlltool
configure:6518: result: no
configure:6545: checking how to associate runtime and link libraries
configure:6572: result: printf %s\n
configure:6589: checking for aarch64-linux-ar
configure:6616: result: aarch64-linux-android-ar
configure:6697: checking for archiver @FILE support
configure:6714: aarch64-linux-android-gcc -std=gnu99 -c -D__ANDROID_API__=21 --sysroot=/home/jianglei/android-ndk-r17/NDK/arm64/sysroot  conftest.c >&5
configure:6714: $? = 0
configure:6717: aarch64-linux-android-ar cru libconftest.a @conftest.lst >&5
configure:6720: $? = 0
configure:6725: aarch64-linux-android-ar cru libconftest.a @conftest.lst >&5
aarch64-linux-android-ar: conftest.o: No such file or directory
configure:6728: $? = 1
configure:6740: result: @
configure:6758: checking for aarch64-linux-strip
configure:6785: result: aarch64-linux-android-strip
configure:6857: checking for aarch64-linux-ranlib
configure:6884: result: aarch64-linux-android-ranlib
configure:7026: checking command to parse aarch64-linux-android-nm output from aarch64-linux-android-gcc -std=gnu99 object
configure:7179: aarch64-linux-android-gcc -std=gnu99 -c -D__ANDROID_API__=21 --sysroot=/home/jianglei/android-ndk-r17/NDK/arm64/sysroot  conftest.c >&5
configure:7182: $? = 0
configure:7186: aarch64-linux-android-nm conftest.o \| sed -n -e 's/^.*[ ]\([ABCDGIRSTW][ABCDGIRSTW]*\)[ ][ ]*\([_A-Za-z][_A-Za-z0-9]*\)$/\1 \2 \2/p' | sed '/ __gnu_lto/d' \> conftest.nm
configure:7189: $? = 0
configure:7255: aarch64-linux-android-gcc -std=gnu99 -o conftest -D__ANDROID_API__=21 --sysroot=/home/jianglei/android-ndk-r17/NDK/arm64/sysroot   conftest.c conftstm.o >&5
configure:7258: $? = 0
configure:7296: result: ok
configure:7343: checking for sysroot
configure:7373: result: no
configure:7380: checking for a working dd
configure:7418: result: /bin/dd
configure:7422: checking how to truncate binary pipes
configure:7437: result: /bin/dd bs=4096 count=1
configure:7726: checking for aarch64-linux-mt
configure:7756: result: no
configure:7766: checking for mt
configure:7782: found /bin/mt
configure:7793: result: mt
configure:7816: checking if mt is a manifest tool
configure:7822: mt '-?'
configure:7830: result: no
configure:8507: checking how to run the C preprocessor
configure:8538: aarch64-linux-android-gcc -std=gnu99 -E  conftest.c
configure:8538: $? = 0
configure:8552: aarch64-linux-android-gcc -std=gnu99 -E  conftest.c
conftest.c:10:28: fatal error: ac_nonexistent.h: No such file or directory
 #include <ac_nonexistent.h>
                            ^
compilation terminated.
configure:8552: $? = 1
configure: failed program was:
| /* confdefs.h */
| #define PACKAGE_NAME "gdk-pixbuf"
| #define PACKAGE_TARNAME "gdk-pixbuf"
| #define PACKAGE_VERSION "2.35.5"
| #define PACKAGE_STRING "gdk-pixbuf 2.35.5"
| #define PACKAGE_BUGREPORT "http://bugzilla.gnome.org/enter_bug.cgi?product=gdk-pixbuf"
| #define PACKAGE_URL ""
| #define OS_LINUX 1
| /* end confdefs.h.  */
| #include <ac_nonexistent.h>
configure:8577: result: aarch64-linux-android-gcc -std=gnu99 -E
configure:8597: aarch64-linux-android-gcc -std=gnu99 -E  conftest.c
configure:8597: $? = 0
configure:8611: aarch64-linux-android-gcc -std=gnu99 -E  conftest.c
conftest.c:10:28: fatal error: ac_nonexistent.h: No such file or directory
 #include <ac_nonexistent.h>
                            ^
compilation terminated.
configure:8611: $? = 1
configure: failed program was:
| /* confdefs.h */
| #define PACKAGE_NAME "gdk-pixbuf"
| #define PACKAGE_TARNAME "gdk-pixbuf"
| #define PACKAGE_VERSION "2.35.5"
| #define PACKAGE_STRING "gdk-pixbuf 2.35.5"
| #define PACKAGE_BUGREPORT "http://bugzilla.gnome.org/enter_bug.cgi?product=gdk-pixbuf"
| #define PACKAGE_URL ""
| #define OS_LINUX 1
| /* end confdefs.h.  */
| #include <ac_nonexistent.h>
configure:8640: checking for ANSI C header files
configure:8660: aarch64-linux-android-gcc -std=gnu99 -c -D__ANDROID_API__=21 --sysroot=/home/jianglei/android-ndk-r17/NDK/arm64/sysroot  conftest.c >&5
configure:8660: $? = 0
configure:8744: result: yes
configure:8757: checking for sys/types.h
configure:8757: aarch64-linux-android-gcc -std=gnu99 -c -D__ANDROID_API__=21 --sysroot=/home/jianglei/android-ndk-r17/NDK/arm64/sysroot  conftest.c >&5
configure:8757: $? = 0
configure:8757: result: yes
configure:8757: checking for sys/stat.h
configure:8757: aarch64-linux-android-gcc -std=gnu99 -c -D__ANDROID_API__=21 --sysroot=/home/jianglei/android-ndk-r17/NDK/arm64/sysroot  conftest.c >&5
configure:8757: $? = 0
configure:8757: result: yes
configure:8757: checking for stdlib.h
configure:8757: aarch64-linux-android-gcc -std=gnu99 -c -D__ANDROID_API__=21 --sysroot=/home/jianglei/android-ndk-r17/NDK/arm64/sysroot  conftest.c >&5
configure:8757: $? = 0
configure:8757: result: yes
configure:8757: checking for string.h
configure:8757: aarch64-linux-android-gcc -std=gnu99 -c -D__ANDROID_API__=21 --sysroot=/home/jianglei/android-ndk-r17/NDK/arm64/sysroot  conftest.c >&5
configure:8757: $? = 0
configure:8757: result: yes
configure:8757: checking for memory.h
configure:8757: aarch64-linux-android-gcc -std=gnu99 -c -D__ANDROID_API__=21 --sysroot=/home/jianglei/android-ndk-r17/NDK/arm64/sysroot  conftest.c >&5
configure:8757: $? = 0
configure:8757: result: yes
configure:8757: checking for strings.h
configure:8757: aarch64-linux-android-gcc -std=gnu99 -c -D__ANDROID_API__=21 --sysroot=/home/jianglei/android-ndk-r17/NDK/arm64/sysroot  conftest.c >&5
configure:8757: $? = 0
configure:8757: result: yes
configure:8757: checking for inttypes.h
configure:8757: aarch64-linux-android-gcc -std=gnu99 -c -D__ANDROID_API__=21 --sysroot=/home/jianglei/android-ndk-r17/NDK/arm64/sysroot  conftest.c >&5
configure:8757: $? = 0
configure:8757: result: yes
configure:8757: checking for stdint.h
configure:8757: aarch64-linux-android-gcc -std=gnu99 -c -D__ANDROID_API__=21 --sysroot=/home/jianglei/android-ndk-r17/NDK/arm64/sysroot  conftest.c >&5
configure:8757: $? = 0
configure:8757: result: yes
configure:8757: checking for unistd.h
configure:8757: aarch64-linux-android-gcc -std=gnu99 -c -D__ANDROID_API__=21 --sysroot=/home/jianglei/android-ndk-r17/NDK/arm64/sysroot  conftest.c >&5
configure:8757: $? = 0
configure:8757: result: yes
configure:8771: checking for dlfcn.h
configure:8771: aarch64-linux-android-gcc -std=gnu99 -c -D__ANDROID_API__=21 --sysroot=/home/jianglei/android-ndk-r17/NDK/arm64/sysroot  conftest.c >&5
configure:8771: $? = 0
configure:8771: result: yes
configure:9324: checking for objdir
configure:9339: result: .libs
configure:9603: checking if aarch64-linux-android-gcc -std=gnu99 supports -fno-rtti -fno-exceptions
configure:9621: aarch64-linux-android-gcc -std=gnu99 -c -D__ANDROID_API__=21 --sysroot=/home/jianglei/android-ndk-r17/NDK/arm64/sysroot  -fno-rtti -fno-exceptions conftest.c >&5
cc1: warning: command line option '-fno-rtti' is valid for C++/ObjC++ but not for C
configure:9625: $? = 0
configure:9638: result: no
configure:9996: checking for aarch64-linux-android-gcc -std=gnu99 option to produce PIC
configure:10003: result: -fPIC -DPIC
configure:10011: checking if aarch64-linux-android-gcc -std=gnu99 PIC flag -fPIC -DPIC works
configure:10029: aarch64-linux-android-gcc -std=gnu99 -c -D__ANDROID_API__=21 --sysroot=/home/jianglei/android-ndk-r17/NDK/arm64/sysroot  -fPIC -DPIC -DPIC conftest.c >&5
configure:10033: $? = 0
configure:10046: result: yes
configure:10075: checking if aarch64-linux-android-gcc -std=gnu99 static flag -static works
configure:10103: result: yes
configure:10118: checking if aarch64-linux-android-gcc -std=gnu99 supports -c -o file.o
configure:10139: aarch64-linux-android-gcc -std=gnu99 -c -D__ANDROID_API__=21 --sysroot=/home/jianglei/android-ndk-r17/NDK/arm64/sysroot  -o out/conftest2.o conftest.c >&5
configure:10143: $? = 0
configure:10165: result: yes
configure:10173: checking if aarch64-linux-android-gcc -std=gnu99 supports -c -o file.o
configure:10220: result: yes
configure:10253: checking whether the aarch64-linux-android-gcc -std=gnu99 linker (aarch64-linux-android-ld) supports shared libraries
configure:11512: result: yes
configure:11549: checking whether -lc should be explicitly linked in
configure:11557: aarch64-linux-android-gcc -std=gnu99 -c -D__ANDROID_API__=21 --sysroot=/home/jianglei/android-ndk-r17/NDK/arm64/sysroot  conftest.c >&5
configure:11560: $? = 0
configure:11575: aarch64-linux-android-gcc -std=gnu99 -shared  -fPIC -DPIC conftest.o  -v -Wl,-soname -Wl,conftest -o conftest 2\>\&1 \| /bin/grep  -lc  \>/dev/null 2\>\&1
configure:11578: $? = 0
configure:11592: result: no
configure:11752: checking dynamic linker characteristics
configure:12333: aarch64-linux-android-gcc -std=gnu99 -o conftest -D__ANDROID_API__=21 --sysroot=/home/jianglei/android-ndk-r17/NDK/arm64/sysroot   -Wl,-rpath -Wl,/foo conftest.c  >&5
configure:12333: $? = 0
configure:12573: result: GNU/Linux ld.so
configure:12695: checking how to hardcode library paths into programs
configure:12720: result: immediate
configure:13268: checking whether stripping libraries is possible
configure:13273: result: yes
configure:13308: checking if libtool supports shared libraries
configure:13310: result: yes
configure:13313: checking whether to build shared libraries
configure:13338: result: yes
configure:13341: checking whether to build static libraries
configure:13345: result: no
configure:13384: creating ./config.lt

## ------------------ ##
## Running config.lt. ##
## ------------------ ##
config.lt:628: creating libtool
configure:14684: checking for special C compiler options needed for large files
configure:14729: result: no
configure:14735: checking for _FILE_OFFSET_BITS value needed for large files
configure:14760: aarch64-linux-android-gcc -std=gnu99 -c -D__ANDROID_API__=21 --sysroot=/home/jianglei/android-ndk-r17/NDK/arm64/sysroot  conftest.c >&5
configure:14760: $? = 0
configure:14792: result: no
configure:14887: checking dependency style of aarch64-linux-android-gcc -std=gnu99
configure:14996: result: gcc3
configure:15016: checking for aarch64-linux-nm
configure:15043: result: aarch64-linux-android-nm
configure:15112: checking for some Win32 platform
configure:15121: result: no
configure:15334: checking whether build environment is sane
configure:15389: result: yes
configure:15470: checking for BASE_DEPENDENCIES
configure:15477: $PKG_CONFIG --exists --print-errors "glib-2.0 >= 2.37.6"
configure:15480: $? = 0
configure:15494: $PKG_CONFIG --exists --print-errors "glib-2.0 >= 2.37.6"
configure:15497: $? = 0
configure:15555: result: yes
configure:15579: checking Whether to write dependencies into .pc files
configure:15596: result: no
configure:15615: checking for perl5
configure:15648: result: no
configure:15615: checking for perl
configure:15633: found /usr/bin/perl
configure:15645: result: /usr/bin/perl
configure:15666: checking for sigsetjmp
configure:15682: aarch64-linux-android-gcc -std=gnu99 -o conftest -D__ANDROID_API__=21 --sysroot=/home/jianglei/android-ndk-r17/NDK/arm64/sysroot -Wall  -DG_DISABLE_SINGLE_INCLUDES  conftest.c  >&5
configure:15682: $? = 0
configure:15689: result: yes
configure:15700: checking whether NLS is requested
configure:15709: result: yes
configure:15749: checking for msgfmt
configure: trying /usr/bin/msgfmt...
0 translated messages.
configure:15781: result: /usr/bin/msgfmt
configure:15790: checking for gmsgfmt
configure:15821: result: /usr/bin/msgfmt
configure:15871: checking for xgettext
configure: trying /usr/bin/xgettext...
/usr/bin/xgettext: warning: file '/dev/null' extension '' is unknown; will try C
configure:15903: result: /usr/bin/xgettext
configure:15948: checking for msgmerge
configure: trying /usr/bin/msgmerge...
configure:15979: result: /usr/bin/msgmerge
configure:16037: checking for ld used by aarch64-linux-android-gcc -std=gnu99
configure:16104: result: aarch64-linux-android-ld
configure:16111: checking if the linker (aarch64-linux-android-ld) is GNU ld
configure:16126: result: yes
configure:16133: checking for shared library run path origin
configure:16146: result: done
configure:16718: checking for CFPreferencesCopyAppValue
configure:16736: aarch64-linux-android-gcc -std=gnu99 -o conftest -D__ANDROID_API__=21 --sysroot=/home/jianglei/android-ndk-r17/NDK/arm64/sysroot -Wall  -DG_DISABLE_SINGLE_INCLUDES  conftest.c  -Wl,-framework -Wl,CoreFoundation >&5
conftest.c:23:42: fatal error: CoreFoundation/CFPreferences.h: No such file or directory
 #include <CoreFoundation/CFPreferences.h>
                                          ^
compilation terminated.
configure:16736: $? = 1
configure: failed program was:
| /* confdefs.h */
| #define PACKAGE_NAME "gdk-pixbuf"
| #define PACKAGE_TARNAME "gdk-pixbuf"
| #define PACKAGE_VERSION "2.35.5"
| #define PACKAGE_STRING "gdk-pixbuf 2.35.5"
| #define PACKAGE_BUGREPORT "http://bugzilla.gnome.org/enter_bug.cgi?product=gdk-pixbuf"
| #define PACKAGE_URL ""
| #define OS_LINUX 1
| #define STDC_HEADERS 1
| #define HAVE_SYS_TYPES_H 1
| #define HAVE_SYS_STAT_H 1
| #define HAVE_STDLIB_H 1
| #define HAVE_STRING_H 1
| #define HAVE_MEMORY_H 1
| #define HAVE_STRINGS_H 1
| #define HAVE_INTTYPES_H 1
| #define HAVE_STDINT_H 1
| #define HAVE_UNISTD_H 1
| #define HAVE_DLFCN_H 1
| #define LT_OBJDIR ".libs/"
| #define HAVE_SIGSETJMP 1
| /* end confdefs.h.  */
| #include <CoreFoundation/CFPreferences.h>
| int
| main ()
| {
| CFPreferencesCopyAppValue(NULL, NULL)
|   ;
|   return 0;
| }
configure:16745: result: no
configure:16752: checking for CFLocaleCopyCurrent
configure:16770: aarch64-linux-android-gcc -std=gnu99 -o conftest -D__ANDROID_API__=21 --sysroot=/home/jianglei/android-ndk-r17/NDK/arm64/sysroot -Wall  -DG_DISABLE_SINGLE_INCLUDES  conftest.c  -Wl,-framework -Wl,CoreFoundation >&5
conftest.c:23:37: fatal error: CoreFoundation/CFLocale.h: No such file or directory
 #include <CoreFoundation/CFLocale.h>
                                     ^
compilation terminated.
configure:16770: $? = 1
configure: failed program was:
| /* confdefs.h */
| #define PACKAGE_NAME "gdk-pixbuf"
| #define PACKAGE_TARNAME "gdk-pixbuf"
| #define PACKAGE_VERSION "2.35.5"
| #define PACKAGE_STRING "gdk-pixbuf 2.35.5"
| #define PACKAGE_BUGREPORT "http://bugzilla.gnome.org/enter_bug.cgi?product=gdk-pixbuf"
| #define PACKAGE_URL ""
| #define OS_LINUX 1
| #define STDC_HEADERS 1
| #define HAVE_SYS_TYPES_H 1
| #define HAVE_SYS_STAT_H 1
| #define HAVE_STDLIB_H 1
| #define HAVE_STRING_H 1
| #define HAVE_MEMORY_H 1
| #define HAVE_STRINGS_H 1
| #define HAVE_INTTYPES_H 1
| #define HAVE_STDINT_H 1
| #define HAVE_UNISTD_H 1
| #define HAVE_DLFCN_H 1
| #define LT_OBJDIR ".libs/"
| #define HAVE_SIGSETJMP 1
| /* end confdefs.h.  */
| #include <CoreFoundation/CFLocale.h>
| int
| main ()
| {
| CFLocaleCopyCurrent();
|   ;
|   return 0;
| }
configure:16779: result: no
configure:16828: checking for GNU gettext in libc
configure:16852: aarch64-linux-android-gcc -std=gnu99 -o conftest -D__ANDROID_API__=21 --sysroot=/home/jianglei/android-ndk-r17/NDK/arm64/sysroot -Wall  -DG_DISABLE_SINGLE_INCLUDES  conftest.c  >&5
/tmp/ccZFZ3CX.o: In function `main':
conftest.c:(.text+0x1c): undefined reference to `libintl_bindtextdomain'
conftest.c:(.text+0x28): undefined reference to `libintl_gettext'
conftest.c:(.text+0x34): undefined reference to `_nl_msg_cat_cntr'
conftest.c:(.text+0x38): undefined reference to `_nl_msg_cat_cntr'
conftest.c:(.text+0x44): undefined reference to `_nl_domain_bindings'
conftest.c:(.text+0x48): undefined reference to `_nl_domain_bindings'
collect2: error: ld returned 1 exit status
configure:16852: $? = 1
configure: failed program was:
| /* confdefs.h */
| #define PACKAGE_NAME "gdk-pixbuf"
| #define PACKAGE_TARNAME "gdk-pixbuf"
| #define PACKAGE_VERSION "2.35.5"
| #define PACKAGE_STRING "gdk-pixbuf 2.35.5"
| #define PACKAGE_BUGREPORT "http://bugzilla.gnome.org/enter_bug.cgi?product=gdk-pixbuf"
| #define PACKAGE_URL ""
| #define OS_LINUX 1
| #define STDC_HEADERS 1
| #define HAVE_SYS_TYPES_H 1
| #define HAVE_SYS_STAT_H 1
| #define HAVE_STDLIB_H 1
| #define HAVE_STRING_H 1
| #define HAVE_MEMORY_H 1
| #define HAVE_STRINGS_H 1
| #define HAVE_INTTYPES_H 1
| #define HAVE_STDINT_H 1
| #define HAVE_UNISTD_H 1
| #define HAVE_DLFCN_H 1
| #define LT_OBJDIR ".libs/"
| #define HAVE_SIGSETJMP 1
| /* end confdefs.h.  */
| 
| #include <libintl.h>
| 
| extern int _nl_msg_cat_cntr;
| extern int *_nl_domain_bindings;
| 
| int
| main ()
| {
| 
| bindtextdomain ("", "");
| return * gettext ("") + _nl_msg_cat_cntr + *_nl_domain_bindings
| 
|   ;
|   return 0;
| }
configure:16861: result: no
configure:16895: checking for iconv
configure:16919: aarch64-linux-android-gcc -std=gnu99 -o conftest -D__ANDROID_API__=21 --sysroot=/home/jianglei/android-ndk-r17/NDK/arm64/sysroot -Wall  -DG_DISABLE_SINGLE_INCLUDES  conftest.c  >&5
/tmp/ccRqb8a1.o: In function `main':
conftest.c:(.text+0x1c): undefined reference to `libiconv_open'
conftest.c:(.text+0x38): undefined reference to `libiconv'
conftest.c:(.text+0x40): undefined reference to `libiconv_close'
collect2: error: ld returned 1 exit status
configure:16919: $? = 1
configure: failed program was:
| /* confdefs.h */
| #define PACKAGE_NAME "gdk-pixbuf"
| #define PACKAGE_TARNAME "gdk-pixbuf"
| #define PACKAGE_VERSION "2.35.5"
| #define PACKAGE_STRING "gdk-pixbuf 2.35.5"
| #define PACKAGE_BUGREPORT "http://bugzilla.gnome.org/enter_bug.cgi?product=gdk-pixbuf"
| #define PACKAGE_URL ""
| #define OS_LINUX 1
| #define STDC_HEADERS 1
| #define HAVE_SYS_TYPES_H 1
| #define HAVE_SYS_STAT_H 1
| #define HAVE_STDLIB_H 1
| #define HAVE_STRING_H 1
| #define HAVE_MEMORY_H 1
| #define HAVE_STRINGS_H 1
| #define HAVE_INTTYPES_H 1
| #define HAVE_STDINT_H 1
| #define HAVE_UNISTD_H 1
| #define HAVE_DLFCN_H 1
| #define LT_OBJDIR ".libs/"
| #define HAVE_SIGSETJMP 1
| /* end confdefs.h.  */
| 
| #include <stdlib.h>
| #include <iconv.h>
| 
| int
| main ()
| {
| iconv_t cd = iconv_open("","");
|            iconv(cd,NULL,NULL,NULL,NULL);
|            iconv_close(cd);
|   ;
|   return 0;
| }
configure:16943: aarch64-linux-android-gcc -std=gnu99 -o conftest -D__ANDROID_API__=21 --sysroot=/home/jianglei/android-ndk-r17/NDK/arm64/sysroot -Wall  -DG_DISABLE_SINGLE_INCLUDES  conftest.c  /home/jianglei/svg/build/usr/local/lib/libiconv.so -Wl,-rpath -Wl,/home/jianglei/svg/build/usr/local/lib >&5
configure:16943: $? = 0
configure:16953: result: yes
configure:16956: checking for working iconv
configure:17088: result: guessing yes
configure:17103: checking how to link with libiconv
configure:17105: result: /home/jianglei/svg/build/usr/local/lib/libiconv.so -Wl,-rpath -Wl,/home/jianglei/svg/build/usr/local/lib
configure:17577: checking for GNU gettext in libintl
configure:17609: aarch64-linux-android-gcc -std=gnu99 -o conftest -D__ANDROID_API__=21 --sysroot=/home/jianglei/android-ndk-r17/NDK/arm64/sysroot -Wall  -DG_DISABLE_SINGLE_INCLUDES   conftest.c  -lintl >&5
/home/jianglei/android-ndk-r17/NDK/arm64/sysroot/usr/lib/libintl.a(dcigettext.o): In function `_nl_find_msg':
dcigettext.c:(.text+0x17c4): undefined reference to `libiconv_open'
dcigettext.c:(.text+0x17e0): undefined reference to `libiconv_open'
dcigettext.c:(.text+0x19bc): undefined reference to `libiconv'
/home/jianglei/android-ndk-r17/NDK/arm64/sysroot/usr/lib/libintl.a(relocatable.o): In function `libintl_set_relocation_prefix':
relocatable.c:(.text+0x15c): undefined reference to `libiconv_set_relocation_prefix'
collect2: error: ld returned 1 exit status
configure:17609: $? = 1
configure: failed program was:
| /* confdefs.h */
| #define PACKAGE_NAME "gdk-pixbuf"
| #define PACKAGE_TARNAME "gdk-pixbuf"
| #define PACKAGE_VERSION "2.35.5"
| #define PACKAGE_STRING "gdk-pixbuf 2.35.5"
| #define PACKAGE_BUGREPORT "http://bugzilla.gnome.org/enter_bug.cgi?product=gdk-pixbuf"
| #define PACKAGE_URL ""
| #define OS_LINUX 1
| #define STDC_HEADERS 1
| #define HAVE_SYS_TYPES_H 1
| #define HAVE_SYS_STAT_H 1
| #define HAVE_STDLIB_H 1
| #define HAVE_STRING_H 1
| #define HAVE_MEMORY_H 1
| #define HAVE_STRINGS_H 1
| #define HAVE_INTTYPES_H 1
| #define HAVE_STDINT_H 1
| #define HAVE_UNISTD_H 1
| #define HAVE_DLFCN_H 1
| #define LT_OBJDIR ".libs/"
| #define HAVE_SIGSETJMP 1
| #define HAVE_ICONV 1
| /* end confdefs.h.  */
| 
| #include <libintl.h>
| 
| extern int _nl_msg_cat_cntr;
| extern
| #ifdef __cplusplus
| "C"
| #endif
| const char *_nl_expand_alias (const char *);
| 
| int
| main ()
| {
| 
| bindtextdomain ("", "");
| return * gettext ("") + _nl_msg_cat_cntr + *_nl_expand_alias ("")
| 
|   ;
|   return 0;
| }
configure:17641: aarch64-linux-android-gcc -std=gnu99 -o conftest -D__ANDROID_API__=21 --sysroot=/home/jianglei/android-ndk-r17/NDK/arm64/sysroot -Wall  -DG_DISABLE_SINGLE_INCLUDES   conftest.c  -lintl /home/jianglei/svg/build/usr/local/lib/libiconv.so -Wl,-rpath -Wl,/home/jianglei/svg/build/usr/local/lib >&5
configure:17641: $? = 0
configure:17654: result: yes
configure:17689: checking whether to use NLS
configure:17691: result: yes
configure:17694: checking where the gettext function comes from
configure:17705: result: external libintl
configure:17713: checking how to link with libintl
configure:17715: result: -lintl /home/jianglei/svg/build/usr/local/lib/libiconv.so -Wl,-rpath -Wl,/home/jianglei/svg/build/usr/local/lib
configure:17771: checking for extra flags to get ANSI library prototypes
configure:17777: result: none needed
configure:17822: checking for the BeOS
configure:17831: result: no
configure:17840: checking for HP-UX
configure:17849: result: no
configure:17854: checking for extra flags for POSIX compliance
configure:17867: aarch64-linux-android-gcc -std=gnu99 -c -D__ANDROID_API__=21 --sysroot=/home/jianglei/android-ndk-r17/NDK/arm64/sysroot -Wall  -DG_DISABLE_SINGLE_INCLUDES conftest.c >&5
conftest.c: In function 'main':
conftest.c:32:6: warning: unused variable 'dir' [-Wunused-variable]
 DIR *dir;
      ^
configure:17867: $? = 0
configure:17868: result: none needed
configure:17945: checking for aarch64-linux-pkg-config
configure:17975: result: /usr/bin/pkg-config
configure:18043: checking pkg-config is at least version 0.16
configure:18046: result: yes
configure:18063: checking for GLIB - version >= 2.37.6
configure:18189: result: yes (version 2.52.1)
configure:18264: checking for bind_textdomain_codeset
configure:18264: aarch64-linux-android-gcc -std=gnu99 -o conftest -D__ANDROID_API__=21 --sysroot=/home/jianglei/android-ndk-r17/NDK/arm64/sysroot -Wall  -DG_DISABLE_SINGLE_INCLUDES  conftest.c  -L/home/jianglei/svg/build/usr/local/lib -lgobject-2.0 -lgmodule-2.0 -pthread -lgthread-2.0 -pthread -lglib-2.0 -lintl -liconv >&5
/home/jianglei/android-ndk-r17/NDK/arm64/bin/../lib/gcc/aarch64-linux-android/4.9.x/../../../../aarch64-linux-android/bin/ld: warning: libffi.so, needed by /home/jianglei/svg/build/usr/local/lib/libgobject-2.0.so, not found (try using -rpath or -rpath-link)
/home/jianglei/android-ndk-r17/NDK/arm64/bin/../lib/gcc/aarch64-linux-android/4.9.x/../../../../aarch64-linux-android/bin/ld: warning: libpcre.so, needed by /home/jianglei/svg/build/usr/local/lib/libglib-2.0.so, not found (try using -rpath or -rpath-link)
/home/jianglei/svg/build/usr/local/lib/libglib-2.0.so: undefined reference to `pcre_get_stringnumber'
/home/jianglei/svg/build/usr/local/lib/libgobject-2.0.so: undefined reference to `ffi_type_float'
/home/jianglei/svg/build/usr/local/lib/libglib-2.0.so: undefined reference to `pcre_fullinfo'
/home/jianglei/svg/build/usr/local/lib/libgobject-2.0.so: undefined reference to `ffi_type_pointer'
/home/jianglei/svg/build/usr/local/lib/libglib-2.0.so: undefined reference to `pcre_exec'
/home/jianglei/svg/build/usr/local/lib/libglib-2.0.so: undefined reference to `pcre_config'
/home/jianglei/svg/build/usr/local/lib/libglib-2.0.so: undefined reference to `pcre_get_stringtable_entries'
/home/jianglei/svg/build/usr/local/lib/libgobject-2.0.so: undefined reference to `ffi_call'
/home/jianglei/svg/build/usr/local/lib/libglib-2.0.so: undefined reference to `pcre_dfa_exec'
/home/jianglei/svg/build/usr/local/lib/libglib-2.0.so: undefined reference to `pcre_free'
/home/jianglei/svg/build/usr/local/lib/libgobject-2.0.so: undefined reference to `ffi_type_sint32'
/home/jianglei/svg/build/usr/local/lib/libgobject-2.0.so: undefined reference to `ffi_type_uint64'
/home/jianglei/svg/build/usr/local/lib/libglib-2.0.so: undefined reference to `pcre_compile2'
/home/jianglei/svg/build/usr/local/lib/libgobject-2.0.so: undefined reference to `ffi_type_sint64'
/home/jianglei/svg/build/usr/local/lib/libgobject-2.0.so: undefined reference to `ffi_prep_cif'
/home/jianglei/svg/build/usr/local/lib/libgobject-2.0.so: undefined reference to `ffi_type_double'
/home/jianglei/svg/build/usr/local/lib/libgobject-2.0.so: undefined reference to `ffi_type_void'
/home/jianglei/svg/build/usr/local/lib/libglib-2.0.so: undefined reference to `pcre_study'
/home/jianglei/svg/build/usr/local/lib/libgobject-2.0.so: undefined reference to `ffi_type_uint32'
collect2: error: ld returned 1 exit status
configure:18264: $? = 1
configure: failed program was:
| /* confdefs.h */
| #define PACKAGE_NAME "gdk-pixbuf"
| #define PACKAGE_TARNAME "gdk-pixbuf"
| #define PACKAGE_VERSION "2.35.5"
| #define PACKAGE_STRING "gdk-pixbuf 2.35.5"
| #define PACKAGE_BUGREPORT "http://bugzilla.gnome.org/enter_bug.cgi?product=gdk-pixbuf"
| #define PACKAGE_URL ""
| #define OS_LINUX 1
| #define STDC_HEADERS 1
| #define HAVE_SYS_TYPES_H 1
| #define HAVE_SYS_STAT_H 1
| #define HAVE_STDLIB_H 1
| #define HAVE_STRING_H 1
| #define HAVE_MEMORY_H 1
| #define HAVE_STRINGS_H 1
| #define HAVE_INTTYPES_H 1
| #define HAVE_STDINT_H 1
| #define HAVE_UNISTD_H 1
| #define HAVE_DLFCN_H 1
| #define LT_OBJDIR ".libs/"
| #define HAVE_SIGSETJMP 1
| #define HAVE_ICONV 1
| #define ENABLE_NLS 1
| #define HAVE_GETTEXT 1
| #define HAVE_DCGETTEXT 1
| #define GETTEXT_PACKAGE "gdk-pixbuf"
| /* end confdefs.h.  */
| /* Define bind_textdomain_codeset to an innocuous variant, in case <limits.h> declares bind_textdomain_codeset.
|    For example, HP-UX 11i <limits.h> declares gettimeofday.  */
| #define bind_textdomain_codeset innocuous_bind_textdomain_codeset
| 
| /* System header to define __stub macros and hopefully few prototypes,
|     which can conflict with char bind_textdomain_codeset (); below.
|     Prefer <limits.h> to <assert.h> if __STDC__ is defined, since
|     <limits.h> exists even on freestanding compilers.  */
| 
| #ifdef __STDC__
| # include <limits.h>
| #else
| # include <assert.h>
| #endif
| 
| #undef bind_textdomain_codeset
| 
| /* Override any GCC internal prototype to avoid an error.
|    Use char because int might match the return type of a GCC
|    builtin and then its argument prototype would still apply.  */
| #ifdef __cplusplus
| extern "C"
| #endif
| char bind_textdomain_codeset ();
| /* The GNU C library defines this for functions which it implements
|     to always fail with ENOSYS.  Some functions are actually named
|     something starting with __ and the normal name is an alias.  */
| #if defined __stub_bind_textdomain_codeset || defined __stub___bind_textdomain_codeset
| choke me
| #endif
| 
| int
| main ()
| {
| return bind_textdomain_codeset ();
|   ;
|   return 0;
| }
configure:18264: result: no
configure:18278: checking for unistd.h
configure:18278: result: yes
configure:18278: checking sys/resource.h usability
configure:18278: aarch64-linux-android-gcc -std=gnu99 -c -D__ANDROID_API__=21 --sysroot=/home/jianglei/android-ndk-r17/NDK/arm64/sysroot -Wall  -DG_DISABLE_SINGLE_INCLUDES conftest.c >&5
configure:18278: $? = 0
configure:18278: result: yes
configure:18278: checking sys/resource.h presence
configure:18278: aarch64-linux-android-gcc -std=gnu99 -E  -DG_DISABLE_SINGLE_INCLUDES conftest.c
configure:18278: $? = 0
configure:18278: result: yes
configure:18278: checking for sys/resource.h
configure:18278: result: yes
configure:18290: checking for setrlimit
configure:18290: aarch64-linux-android-gcc -std=gnu99 -o conftest -D__ANDROID_API__=21 --sysroot=/home/jianglei/android-ndk-r17/NDK/arm64/sysroot -Wall  -DG_DISABLE_SINGLE_INCLUDES  conftest.c  >&5
configure:18290: $? = 0
configure:18290: result: yes
configure:18305: checking for ANSI C header files
configure:18409: result: yes
configure:18419: checking for an ANSI C-conforming const
configure:18485: aarch64-linux-android-gcc -std=gnu99 -c -D__ANDROID_API__=21 --sysroot=/home/jianglei/android-ndk-r17/NDK/arm64/sysroot -Wall  -DG_DISABLE_SINGLE_INCLUDES conftest.c >&5
configure:18485: $? = 0
configure:18492: result: yes
configure:18518: checking whether to build gmodulized gdk-pixbuf
configure:18533: result: yes
configure:18535: checking whether dynamic modules work
configure:18562: result: no
configure:18898: checking for libpng16
configure:18901: result: yes
configure:19074: checking pixbuf loaders to build
configure:19118: result: 
configure:19277: checking if gio can sniff png
configure:19331: result: 
configure:19402: checking sys/systeminfo.h usability
configure:19402: aarch64-linux-android-gcc -std=gnu99 -c -D__ANDROID_API__=21 --sysroot=/home/jianglei/android-ndk-r17/NDK/arm64/sysroot -Wall  -DG_DISABLE_SINGLE_INCLUDES conftest.c >&5
conftest.c:65:28: fatal error: sys/systeminfo.h: No such file or directory
 #include <sys/systeminfo.h>
                            ^
compilation terminated.
configure:19402: $? = 1
configure: failed program was:
| /* confdefs.h */
| #define PACKAGE_NAME "gdk-pixbuf"
| #define PACKAGE_TARNAME "gdk-pixbuf"
| #define PACKAGE_VERSION "2.35.5"
| #define PACKAGE_STRING "gdk-pixbuf 2.35.5"
| #define PACKAGE_BUGREPORT "http://bugzilla.gnome.org/enter_bug.cgi?product=gdk-pixbuf"
| #define PACKAGE_URL ""
| #define OS_LINUX 1
| #define STDC_HEADERS 1
| #define HAVE_SYS_TYPES_H 1
| #define HAVE_SYS_STAT_H 1
| #define HAVE_STDLIB_H 1
| #define HAVE_STRING_H 1
| #define HAVE_MEMORY_H 1
| #define HAVE_STRINGS_H 1
| #define HAVE_INTTYPES_H 1
| #define HAVE_STDINT_H 1
| #define HAVE_UNISTD_H 1
| #define HAVE_DLFCN_H 1
| #define LT_OBJDIR ".libs/"
| #define HAVE_SIGSETJMP 1
| #define HAVE_ICONV 1
| #define ENABLE_NLS 1
| #define HAVE_GETTEXT 1
| #define HAVE_DCGETTEXT 1
| #define GETTEXT_PACKAGE "gdk-pixbuf"
| #define HAVE_UNISTD_H 1
| #define HAVE_SYS_RESOURCE_H 1
| #define HAVE_SETRLIMIT 1
| #define STDC_HEADERS 1
| /* end confdefs.h.  */
| #include <stdio.h>
| #ifdef HAVE_SYS_TYPES_H
| # include <sys/types.h>
| #endif
| #ifdef HAVE_SYS_STAT_H
| # include <sys/stat.h>
| #endif
| #ifdef STDC_HEADERS
| # include <stdlib.h>
| # include <stddef.h>
| #else
| # ifdef HAVE_STDLIB_H
| #  include <stdlib.h>
| # endif
| #endif
| #ifdef HAVE_STRING_H
| # if !defined STDC_HEADERS && defined HAVE_MEMORY_H
| #  include <memory.h>
| # endif
| # include <string.h>
| #endif
| #ifdef HAVE_STRINGS_H
| # include <strings.h>
| #endif
| #ifdef HAVE_INTTYPES_H
| # include <inttypes.h>
| #endif
| #ifdef HAVE_STDINT_H
| # include <stdint.h>
| #endif
| #ifdef HAVE_UNISTD_H
| # include <unistd.h>
| #endif
| #include <sys/systeminfo.h>
configure:19402: result: no
configure:19402: checking sys/systeminfo.h presence
configure:19402: aarch64-linux-android-gcc -std=gnu99 -E  -DG_DISABLE_SINGLE_INCLUDES conftest.c
conftest.c:32:28: fatal error: sys/systeminfo.h: No such file or directory
 #include <sys/systeminfo.h>
                            ^
compilation terminated.
configure:19402: $? = 1
configure: failed program was:
| /* confdefs.h */
| #define PACKAGE_NAME "gdk-pixbuf"
| #define PACKAGE_TARNAME "gdk-pixbuf"
| #define PACKAGE_VERSION "2.35.5"
| #define PACKAGE_STRING "gdk-pixbuf 2.35.5"
| #define PACKAGE_BUGREPORT "http://bugzilla.gnome.org/enter_bug.cgi?product=gdk-pixbuf"
| #define PACKAGE_URL ""
| #define OS_LINUX 1
| #define STDC_HEADERS 1
| #define HAVE_SYS_TYPES_H 1
| #define HAVE_SYS_STAT_H 1
| #define HAVE_STDLIB_H 1
| #define HAVE_STRING_H 1
| #define HAVE_MEMORY_H 1
| #define HAVE_STRINGS_H 1
| #define HAVE_INTTYPES_H 1
| #define HAVE_STDINT_H 1
| #define HAVE_UNISTD_H 1
| #define HAVE_DLFCN_H 1
| #define LT_OBJDIR ".libs/"
| #define HAVE_SIGSETJMP 1
| #define HAVE_ICONV 1
| #define ENABLE_NLS 1
| #define HAVE_GETTEXT 1
| #define HAVE_DCGETTEXT 1
| #define GETTEXT_PACKAGE "gdk-pixbuf"
| #define HAVE_UNISTD_H 1
| #define HAVE_SYS_RESOURCE_H 1
| #define HAVE_SETRLIMIT 1
| #define STDC_HEADERS 1
| /* end confdefs.h.  */
| #include <sys/systeminfo.h>
configure:19402: result: no
configure:19402: checking for sys/systeminfo.h
configure:19402: result: no
configure:19410: checking sys/sysinfo.h usability
configure:19410: aarch64-linux-android-gcc -std=gnu99 -c -D__ANDROID_API__=21 --sysroot=/home/jianglei/android-ndk-r17/NDK/arm64/sysroot -Wall  -DG_DISABLE_SINGLE_INCLUDES conftest.c >&5
configure:19410: $? = 0
configure:19410: result: yes
configure:19410: checking sys/sysinfo.h presence
configure:19410: aarch64-linux-android-gcc -std=gnu99 -E  -DG_DISABLE_SINGLE_INCLUDES conftest.c
configure:19410: $? = 0
configure:19410: result: yes
configure:19410: checking for sys/sysinfo.h
configure:19410: result: yes
configure:19419: checking for mediaLib 2.3
configure:19424: checking for mlib_ImageSetStruct in -lmlib
configure:19449: aarch64-linux-android-gcc -std=gnu99 -o conftest -D__ANDROID_API__=21 --sysroot=/home/jianglei/android-ndk-r17/NDK/arm64/sysroot -Wall  -DG_DISABLE_SINGLE_INCLUDES  conftest.c -lmlib   >&5
/home/jianglei/android-ndk-r17/NDK/arm64/bin/../lib/gcc/aarch64-linux-android/4.9.x/../../../../aarch64-linux-android/bin/ld: cannot find -lmlib
collect2: error: ld returned 1 exit status
configure:19449: $? = 1
configure: failed program was:
| /* confdefs.h */
| #define PACKAGE_NAME "gdk-pixbuf"
| #define PACKAGE_TARNAME "gdk-pixbuf"
| #define PACKAGE_VERSION "2.35.5"
| #define PACKAGE_STRING "gdk-pixbuf 2.35.5"
| #define PACKAGE_BUGREPORT "http://bugzilla.gnome.org/enter_bug.cgi?product=gdk-pixbuf"
| #define PACKAGE_URL ""
| #define OS_LINUX 1
| #define STDC_HEADERS 1
| #define HAVE_SYS_TYPES_H 1
| #define HAVE_SYS_STAT_H 1
| #define HAVE_STDLIB_H 1
| #define HAVE_STRING_H 1
| #define HAVE_MEMORY_H 1
| #define HAVE_STRINGS_H 1
| #define HAVE_INTTYPES_H 1
| #define HAVE_STDINT_H 1
| #define HAVE_UNISTD_H 1
| #define HAVE_DLFCN_H 1
| #define LT_OBJDIR ".libs/"
| #define HAVE_SIGSETJMP 1
| #define HAVE_ICONV 1
| #define ENABLE_NLS 1
| #define HAVE_GETTEXT 1
| #define HAVE_DCGETTEXT 1
| #define GETTEXT_PACKAGE "gdk-pixbuf"
| #define HAVE_UNISTD_H 1
| #define HAVE_SYS_RESOURCE_H 1
| #define HAVE_SETRLIMIT 1
| #define STDC_HEADERS 1
| #define HAVE_SYS_SYSINFO_H 1
| /* end confdefs.h.  */
| 
| /* Override any GCC internal prototype to avoid an error.
|    Use char because int might match the return type of a GCC
|    builtin and then its argument prototype would still apply.  */
| #ifdef __cplusplus
| extern "C"
| #endif
| char mlib_ImageSetStruct ();
| int
| main ()
| {
| return mlib_ImageSetStruct ();
|   ;
|   return 0;
| }
configure:19458: result: no
configure:19547: checking for x86 platform
configure:19556: result: no
configure:19781: checking for gobject-introspection
configure:19812: $PKG_CONFIG --exists --print-errors "gobject-introspection-1.0 >= 0.9.3"
Package gobject-introspection-1.0 was not found in the pkg-config search path.
Perhaps you should add the directory containing `gobject-introspection-1.0.pc'
to the PKG_CONFIG_PATH environment variable
No package 'gobject-introspection-1.0' found
configure:19815: $? = 1
configure:19826: result: no
configure:19872: checking for gtk-doc
configure:19875: $PKG_CONFIG --exists --print-errors "$gtk_doc_requires"
Package gtk-doc was not found in the pkg-config search path.
Perhaps you should add the directory containing `gtk-doc.pc'
to the PKG_CONFIG_PATH environment variable
No package 'gtk-doc' found
configure:19878: $? = 1
configure:19884: result: no
configure:19890: WARNING:
  You will not be able to create source packages with 'make dist'
  because gtk-doc >= 1.20 is not found.
configure:19898: checking for gtkdoc-check
configure:19914: found /usr/bin/gtkdoc-check
configure:19925: result: gtkdoc-check.test
configure:19935: checking for gtkdoc-check
configure:19953: found /usr/bin/gtkdoc-check
configure:19965: result: /usr/bin/gtkdoc-check
configure:19977: checking for gtkdoc-rebase
configure:19995: found /usr/bin/gtkdoc-rebase
configure:20007: result: /usr/bin/gtkdoc-rebase
configure:20021: checking for gtkdoc-mkpdf
configure:20039: found /usr/bin/gtkdoc-mkpdf
configure:20051: result: /usr/bin/gtkdoc-mkpdf
configure:20079: checking whether to build gtk-doc documentation
configure:20081: result: no
configure:20094: checking for GTKDOC_DEPS
configure:20101: $PKG_CONFIG --exists --print-errors "glib-2.0 >= 2.10.0 gobject-2.0  >= 2.10.0"
configure:20104: $? = 0
configure:20118: $PKG_CONFIG --exists --print-errors "glib-2.0 >= 2.10.0 gobject-2.0  >= 2.10.0"
configure:20121: $? = 0
configure:20159: result: yes
configure:20241: checking for db2html
configure:20269: result: false
configure:20364: checking for -fvisibility=hidden compiler flag
configure:20377: aarch64-linux-android-gcc -std=gnu99 -c -fvisibility=hidden  -DG_DISABLE_SINGLE_INCLUDES conftest.c >&5
configure:20377: $? = 0
configure:20378: result: yes
configure:20412: checking for -Bsymbolic-functions linker flag
configure:20426: aarch64-linux-android-gcc -std=gnu99 -o conftest -D__ANDROID_API__=21 --sysroot=/home/jianglei/android-ndk-r17/NDK/arm64/sysroot -Wall  -DG_DISABLE_SINGLE_INCLUDES -Wl,-Bsymbolic-functions conftest.c  >&5
conftest.c: In function 'main':
conftest.c:38:5: warning: 'main' is normally a non-static function [-Wmain]
 int main (void) { return 0; }
     ^
configure:20426: $? = 0
configure:20427: result: yes
configure:20490: checking whether to build with gcov testing
configure:20500: result: no
configure:20666: checking whether to build with application bundle relocation support
configure:20676: result: no
configure:20801: checking that generated files are newer than configure
configure:20807: result: done
configure:20853: checking that generated files are newer than configure
configure:20859: result: done
configure:21026: creating ./config.status

## ---------------------- ##
## Running config.status. ##
## ---------------------- ##

This file was extended by gdk-pixbuf config.status 2.35.5, which was
generated by GNU Autoconf 2.69.  Invocation command line was

  CONFIG_FILES    = 
  CONFIG_HEADERS  = 
  CONFIG_LINKS    = 
  CONFIG_COMMANDS = 
  $ ./config.status 

on jianglei

config.status:1315: creating Makefile
config.status:1315: creating gdk-pixbuf-2.0.pc
config.status:1315: creating gdk-pixbuf-2.0-uninstalled.pc
config.status:1315: creating gdk-pixbuf/Makefile
config.status:1315: creating gdk-pixbuf/gdk_pixbuf.rc
config.status:1315: creating gdk-pixbuf/gdk-pixbuf-features.h
config.status:1315: creating gdk-pixbuf/pixops/Makefile
config.status:1315: creating build/Makefile
config.status:1315: creating build/win32/Makefile
config.status:1315: creating build/win32/vs9/Makefile
config.status:1315: creating build/win32/vs9/gdk-pixbuf-version-paths.vsprops
config.status:1315: creating build/win32/vs10/Makefile
config.status:1315: creating build/win32/vs10/gdk-pixbuf-version-paths.props
config.status:1315: creating build/win32/vs11/Makefile
config.status:1315: creating build/win32/vs12/Makefile
config.status:1315: creating build/win32/vs14/Makefile
config.status:1315: creating docs/Makefile
config.status:1315: creating docs/reference/Makefile
config.status:1315: creating docs/reference/gdk-pixbuf/Makefile
config.status:1315: creating docs/reference/gdk-pixbuf/version.xml
config.status:1315: creating po/Makefile.in
config.status:1315: creating tests/Makefile
config.status:1315: creating contrib/Makefile
config.status:1315: creating contrib/gdk-pixbuf-xlib/Makefile
config.status:1315: creating contrib/gdk-pixbuf-xlib/gdk-pixbuf-xlib-2.0.pc
config.status:1315: creating config.h.win32
config.status:1315: creating config.h
config.status:1496: config.h is unchanged
config.status:1544: executing depfiles commands
config.status:1544: executing libtool commands
config.status:1544: executing po-directories commands

## ---------------- ##
## Cache variables. ##
## ---------------- ##

ac_cv_build=x86_64-unknown-linux-gnu
ac_cv_c_compiler_gnu=yes
ac_cv_c_const=yes
ac_cv_env_BASE_DEPENDENCIES_CFLAGS_set=
ac_cv_env_BASE_DEPENDENCIES_CFLAGS_value=
ac_cv_env_BASE_DEPENDENCIES_LIBS_set=
ac_cv_env_BASE_DEPENDENCIES_LIBS_value=
ac_cv_env_CCASFLAGS_set=
ac_cv_env_CCASFLAGS_value=
ac_cv_env_CCAS_set=
ac_cv_env_CCAS_value=
ac_cv_env_CC_set=set
ac_cv_env_CC_value=aarch64-linux-android-gcc
ac_cv_env_CFLAGS_set=set
ac_cv_env_CFLAGS_value='-D__ANDROID_API__=21 --sysroot=/home/jianglei/android-ndk-r17/NDK/arm64/sysroot'
ac_cv_env_CPPFLAGS_set=
ac_cv_env_CPPFLAGS_value=
ac_cv_env_CPP_set=
ac_cv_env_CPP_value=
ac_cv_env_GDK_PIXBUF_XLIB_DEP_CFLAGS_set=
ac_cv_env_GDK_PIXBUF_XLIB_DEP_CFLAGS_value=
ac_cv_env_GDK_PIXBUF_XLIB_DEP_LIBS_set=
ac_cv_env_GDK_PIXBUF_XLIB_DEP_LIBS_value=
ac_cv_env_GTKDOC_DEPS_CFLAGS_set=
ac_cv_env_GTKDOC_DEPS_CFLAGS_value=
ac_cv_env_GTKDOC_DEPS_LIBS_set=
ac_cv_env_GTKDOC_DEPS_LIBS_value=
ac_cv_env_LDFLAGS_set=
ac_cv_env_LDFLAGS_value=
ac_cv_env_LIBS_set=
ac_cv_env_LIBS_value=
ac_cv_env_LT_SYS_LIBRARY_PATH_set=
ac_cv_env_LT_SYS_LIBRARY_PATH_value=
ac_cv_env_PKG_CONFIG_LIBDIR_set=set
ac_cv_env_PKG_CONFIG_LIBDIR_value=/home/jianglei/svg/build/usr/local/lib/pkgconfig
ac_cv_env_PKG_CONFIG_PATH_set=
ac_cv_env_PKG_CONFIG_PATH_value=
ac_cv_env_PKG_CONFIG_set=
ac_cv_env_PKG_CONFIG_value=
ac_cv_env_build_alias_set=
ac_cv_env_build_alias_value=
ac_cv_env_host_alias_set=set
ac_cv_env_host_alias_value=aarch64-linux
ac_cv_env_target_alias_set=
ac_cv_env_target_alias_value=
ac_cv_func_bind_textdomain_codeset=no
ac_cv_func_setrlimit=yes
ac_cv_header_dlfcn_h=yes
ac_cv_header_inttypes_h=yes
ac_cv_header_memory_h=yes
ac_cv_header_stdc=yes
ac_cv_header_stdint_h=yes
ac_cv_header_stdlib_h=yes
ac_cv_header_string_h=yes
ac_cv_header_strings_h=yes
ac_cv_header_sys_resource_h=yes
ac_cv_header_sys_stat_h=yes
ac_cv_header_sys_sysinfo_h=yes
ac_cv_header_sys_systeminfo_h=no
ac_cv_header_sys_types_h=yes
ac_cv_header_unistd_h=yes
ac_cv_host=aarch64-unknown-linux-gnu
ac_cv_lib_mlib_mlib_ImageSetStruct=no
ac_cv_objext=o
ac_cv_path_EGREP='/bin/grep -E'
ac_cv_path_FGREP='/bin/grep -F'
ac_cv_path_GMSGFMT=/usr/bin/msgfmt
ac_cv_path_GREP=/bin/grep
ac_cv_path_GTKDOC_CHECK_PATH=/usr/bin/gtkdoc-check
ac_cv_path_GTKDOC_MKPDF=/usr/bin/gtkdoc-mkpdf
ac_cv_path_GTKDOC_REBASE=/usr/bin/gtkdoc-rebase
ac_cv_path_MSGFMT=/usr/bin/msgfmt
ac_cv_path_MSGMERGE=/usr/bin/msgmerge
ac_cv_path_PERL=/usr/bin/perl
ac_cv_path_PKG_CONFIG=/usr/bin/pkg-config
ac_cv_path_SED=/bin/sed
ac_cv_path_XGETTEXT=/usr/bin/xgettext
ac_cv_path_ac_pt_PKG_CONFIG=/usr/bin/pkg-config
ac_cv_path_install='/usr/bin/install -c'
ac_cv_path_lt_DD=/bin/dd
ac_cv_path_mkdir=/bin/mkdir
ac_cv_prog_AR=aarch64-linux-android-ar
ac_cv_prog_AWK=mawk
ac_cv_prog_CC=aarch64-linux-android-gcc
ac_cv_prog_CPP='aarch64-linux-android-gcc -std=gnu99 -E'
ac_cv_prog_DB2HTML=false
ac_cv_prog_GTKDOC_CHECK=gtkdoc-check.test
ac_cv_prog_NM=aarch64-linux-android-nm
ac_cv_prog_OBJDUMP=aarch64-linux-android-objdump
ac_cv_prog_RANLIB=aarch64-linux-android-ranlib
ac_cv_prog_STRIP=aarch64-linux-android-strip
ac_cv_prog_ac_ct_MANIFEST_TOOL=mt
ac_cv_prog_cc_aarch64_linux_android_gcc_c_o=yes
ac_cv_prog_cc_c89=
ac_cv_prog_cc_c99=-std=gnu99
ac_cv_prog_cc_g=yes
ac_cv_prog_cc_stdc=-std=gnu99
ac_cv_prog_make_make_set=yes
ac_cv_sys_file_offset_bits=no
ac_cv_sys_largefile_CC=no
acl_cv_hardcode_direct=no
acl_cv_hardcode_libdir_flag_spec='${wl}-rpath ${wl}$libdir'
acl_cv_hardcode_libdir_separator=
acl_cv_hardcode_minus_L=no
acl_cv_libext=a
acl_cv_libname_spec='lib$name'
acl_cv_library_names_spec='$libname$shrext'
acl_cv_path_LD=aarch64-linux-android-ld
acl_cv_prog_gnu_ld=yes
acl_cv_rpath=done
acl_cv_shlibext=so
acl_cv_wl=-Wl,
am_cv_CCAS_dependencies_compiler_type=gcc3
am_cv_CC_dependencies_compiler_type=gcc3
am_cv_func_iconv=yes
am_cv_func_iconv_works='guessing yes'
am_cv_lib_iconv=yes
am_cv_make_support_nested_variables=yes
am_cv_prog_cc_c_o=yes
am_cv_prog_tar_ustar=gnutar
gt_cv_func_CFLocaleCopyCurrent=no
gt_cv_func_CFPreferencesCopyAppValue=no
gt_cv_func_gnugettext1_libc=no
gt_cv_func_gnugettext1_libintl=yes
lt_cv_ar_at_file=@
lt_cv_archive_cmds_need_lc=no
lt_cv_deplibs_check_method=pass_all
lt_cv_file_magic_cmd='$MAGIC_CMD'
lt_cv_file_magic_test_file=
lt_cv_ld_reload_flag=-r
lt_cv_nm_interface='BSD nm'
lt_cv_objdir=.libs
lt_cv_path_LD=aarch64-linux-android-ld
lt_cv_path_NM=aarch64-linux-android-nm
lt_cv_path_mainfest_tool=no
lt_cv_prog_compiler_c_o=yes
lt_cv_prog_compiler_pic='-fPIC -DPIC'
lt_cv_prog_compiler_pic_works=yes
lt_cv_prog_compiler_rtti_exceptions=no
lt_cv_prog_compiler_static_works=yes
lt_cv_prog_gnu_ld=yes
lt_cv_sharedlib_from_linklib_cmd='printf %s\n'
lt_cv_shlibpath_overrides_runpath=no
lt_cv_sys_global_symbol_pipe='sed -n -e '\''s/^.*[	 ]\([ABCDGIRSTW][ABCDGIRSTW]*\)[	 ][	 ]*\([_A-Za-z][_A-Za-z0-9]*\)$/\1 \2 \2/p'\'' | sed '\''/ __gnu_lto/d'\'''
lt_cv_sys_global_symbol_to_c_name_address='sed -n -e '\''s/^: \(.*\) .*$/  {"\1", (void *) 0},/p'\'' -e '\''s/^[ABCDGIRSTW][ABCDGIRSTW]* .* \(.*\)$/  {"\1", (void *) \&\1},/p'\'''
lt_cv_sys_global_symbol_to_c_name_address_lib_prefix='sed -n -e '\''s/^: \(.*\) .*$/  {"\1", (void *) 0},/p'\'' -e '\''s/^[ABCDGIRSTW][ABCDGIRSTW]* .* \(lib.*\)$/  {"\1", (void *) \&\1},/p'\'' -e '\''s/^[ABCDGIRSTW][ABCDGIRSTW]* .* \(.*\)$/  {"lib\1", (void *) \&\1},/p'\'''
lt_cv_sys_global_symbol_to_cdecl='sed -n -e '\''s/^T .* \(.*\)$/extern int \1();/p'\'' -e '\''s/^[ABCDGIRSTW][ABCDGIRSTW]* .* \(.*\)$/extern char \1;/p'\'''
lt_cv_sys_global_symbol_to_import=
lt_cv_sys_max_cmd_len=1572864
lt_cv_to_host_file_cmd=func_convert_file_noop
lt_cv_to_tool_file_cmd=func_convert_file_noop
lt_cv_truncate_bin='/bin/dd bs=4096 count=1'
pkg_cv_BASE_DEPENDENCIES_CFLAGS='-I/home/jianglei/svg/build/usr/local/include/glib-2.0 -I/home/jianglei/svg/build/usr/local/lib/glib-2.0/include -I/home/jianglei/svg/build/usr/local/include'
pkg_cv_BASE_DEPENDENCIES_LIBS='-L/home/jianglei/svg/build/usr/local/lib -lglib-2.0 -lintl -liconv'
pkg_cv_GTKDOC_DEPS_CFLAGS='-I/home/jianglei/svg/build/usr/local/include/glib-2.0 -I/home/jianglei/svg/build/usr/local/lib/glib-2.0/include -I/home/jianglei/svg/build/usr/local/include'
pkg_cv_GTKDOC_DEPS_LIBS='-L/home/jianglei/svg/build/usr/local/lib -lgobject-2.0 -lglib-2.0 -lintl -liconv'

## ----------------- ##
## Output variables. ##
## ----------------- ##

ACLOCAL='${SHELL} /home/jianglei/svg/gdk-pixbuf-2.35.5/missing aclocal-1.15'
AMDEPBACKSLASH='\'
AMDEP_FALSE='#'
AMDEP_TRUE=''
AMTAR='$${TAR-tar}'
AM_BACKSLASH='\'
AM_DEFAULT_V='$(AM_DEFAULT_VERBOSITY)'
AM_DEFAULT_VERBOSITY='0'
AM_V='$(V)'
AR='aarch64-linux-android-ar'
AS='aarch64-linux-android-as'
AUTOCONF='${SHELL} /home/jianglei/svg/gdk-pixbuf-2.35.5/missing autoconf'
AUTOHEADER='${SHELL} /home/jianglei/svg/gdk-pixbuf-2.35.5/missing autoheader'
AUTOMAKE='${SHELL} /home/jianglei/svg/gdk-pixbuf-2.35.5/missing automake-1.15'
AWK='mawk'
BASE_DEPENDENCIES_CFLAGS='-I/home/jianglei/svg/build/usr/local/include/glib-2.0 -I/home/jianglei/svg/build/usr/local/lib/glib-2.0/include -I/home/jianglei/svg/build/usr/local/include'
BASE_DEPENDENCIES_LIBS='-L/home/jianglei/svg/build/usr/local/lib -lglib-2.0 -lintl -liconv'
BUILD_DYNAMIC_MODULES_FALSE=''
BUILD_DYNAMIC_MODULES_TRUE='#'
BUILD_GDIPLUS_LOADERS_FALSE=''
BUILD_GDIPLUS_LOADERS_TRUE='#'
CC='aarch64-linux-android-gcc -std=gnu99'
CCAS='aarch64-linux-android-gcc -std=gnu99'
CCASDEPMODE='depmode=gcc3'
CCASFLAGS='-D__ANDROID_API__=21 --sysroot=/home/jianglei/android-ndk-r17/NDK/arm64/sysroot'
CCDEPMODE='depmode=gcc3'
CFLAGS='-D__ANDROID_API__=21 --sysroot=/home/jianglei/android-ndk-r17/NDK/arm64/sysroot -Wall'
CPP='aarch64-linux-android-gcc -std=gnu99 -E'
CPPFLAGS=' -DG_DISABLE_SINGLE_INCLUDES'
CROSS_COMPILING_FALSE='#'
CROSS_COMPILING_TRUE=''
CYGPATH_W='echo'
DB2HTML='false'
DEFS='-DHAVE_CONFIG_H'
DEPDIR='.deps'
DISABLE_EXPLICIT_DEPS_FALSE='#'
DISABLE_EXPLICIT_DEPS_TRUE=''
DLLTOOL='false'
DSYMUTIL=''
DUMPBIN=''
ECHO_C=''
ECHO_N='-n'
ECHO_T=''
EGREP='/bin/grep -E'
ENABLE_ALWAYS_BUILD_TESTS_FALSE=''
ENABLE_ALWAYS_BUILD_TESTS_TRUE='#'
ENABLE_GTK_DOC_FALSE=''
ENABLE_GTK_DOC_TRUE='#'
ENABLE_INSTALLED_TESTS_FALSE=''
ENABLE_INSTALLED_TESTS_TRUE='#'
ENABLE_MAN_FALSE=''
ENABLE_MAN_TRUE='#'
EXEEXT=''
EXE_MANIFEST_ARCHITECTURE='X86'
FGREP='/bin/grep -F'
GCOV=''
GDK_PIXBUF_API_VERSION='2.0'
GDK_PIXBUF_BINARY_VERSION='2.10.0'
GDK_PIXBUF_DEP_CFLAGS='-pthread -I/home/jianglei/svg/build/usr/local/include/glib-2.0 -I/home/jianglei/svg/build/usr/local/lib/glib-2.0/include -I/home/jianglei/svg/build/usr/local/include -I/home/jianglei/svg/build/usr/local/include/libpng16 -I/home/jianglei/svg/build/usr/local/include '
GDK_PIXBUF_DEP_LIBS='-L/home/jianglei/svg/build/usr/local/lib -lgmodule-2.0 -pthread -lgio-2.0 -lgobject-2.0 -lglib-2.0 -lintl -liconv -lpng16 -lz-1-2-11 -L/home/jianglei/svg/build/usr/local/lib -lpng16 -lz-1-2-11 -lm'
GDK_PIXBUF_EXTRA_CFLAGS=''
GDK_PIXBUF_EXTRA_LIBS='  -L/home/jianglei/svg/build/usr/local/lib -lpng16 -lz-1-2-11  -lm '
GDK_PIXBUF_HIDDEN_VISIBILITY_CFLAGS='-fvisibility=hidden'
GDK_PIXBUF_LINK_FLAGS='-Wl,-Bsymbolic-functions'
GDK_PIXBUF_MAJOR='2'
GDK_PIXBUF_MICRO='5'
GDK_PIXBUF_MINOR='35'
GDK_PIXBUF_PACKAGES='gmodule-no-export-2.0 gobject-2.0 gio-2.0'
GDK_PIXBUF_VERSION='2.35.5'
GDK_PIXBUF_XLIB_DEP_CFLAGS=''
GDK_PIXBUF_XLIB_DEP_LIBS=''
GENHTML=''
GETTEXT_MACRO_VERSION='0.19'
GETTEXT_PACKAGE='gdk-pixbuf'
GLIB_CFLAGS='-pthread -I/home/jianglei/svg/build/usr/local/include/glib-2.0 -I/home/jianglei/svg/build/usr/local/lib/glib-2.0/include -I/home/jianglei/svg/build/usr/local/include'
GLIB_COMPILE_RESOURCES='glib-compile-resources'
GLIB_GENMARSHAL='glib-genmarshal'
GLIB_LIBS='-L/home/jianglei/svg/build/usr/local/lib -lgobject-2.0 -lgmodule-2.0 -pthread -lgthread-2.0 -pthread -lglib-2.0 -lintl -liconv'
GLIB_MKENUMS='glib-mkenums'
GMSGFMT='/usr/bin/msgfmt'
GMSGFMT_015='/usr/bin/msgfmt'
GOBJECT_QUERY='gobject-query'
GREP='/bin/grep'
GTKDOC_CHECK='gtkdoc-check.test'
GTKDOC_CHECK_PATH='/usr/bin/gtkdoc-check'
GTKDOC_DEPS_CFLAGS='-I/home/jianglei/svg/build/usr/local/include/glib-2.0 -I/home/jianglei/svg/build/usr/local/lib/glib-2.0/include -I/home/jianglei/svg/build/usr/local/include'
GTKDOC_DEPS_LIBS='-L/home/jianglei/svg/build/usr/local/lib -lgobject-2.0 -lglib-2.0 -lintl -liconv'
GTKDOC_MKPDF='/usr/bin/gtkdoc-mkpdf'
GTKDOC_REBASE='/usr/bin/gtkdoc-rebase'
GTK_DOC_BUILD_HTML_FALSE='#'
GTK_DOC_BUILD_HTML_TRUE=''
GTK_DOC_BUILD_PDF_FALSE=''
GTK_DOC_BUILD_PDF_TRUE='#'
GTK_DOC_USE_LIBTOOL_FALSE='#'
GTK_DOC_USE_LIBTOOL_TRUE=''
GTK_DOC_USE_REBASE_FALSE='#'
GTK_DOC_USE_REBASE_TRUE=''
HAVE_DOCBOOK_FALSE=''
HAVE_DOCBOOK_TRUE='#'
HAVE_GTK_DOC_FALSE=''
HAVE_GTK_DOC_TRUE='#'
HAVE_INTROSPECTION_FALSE=''
HAVE_INTROSPECTION_TRUE='#'
HAVE_JASPER_FALSE=''
HAVE_JASPER_TRUE='#'
HAVE_JPEG_FALSE=''
HAVE_JPEG_TRUE='#'
HAVE_PNG_FALSE='#'
HAVE_PNG_TRUE=''
HAVE_TIFF_FALSE=''
HAVE_TIFF_TRUE='#'
HTML_DIR='${datadir}/gtk-doc/html'
INCLUDED_LOADER_DEFINE=''
INCLUDED_LOADER_OBJ=''
INCLUDE_ANI_FALSE=''
INCLUDE_ANI_TRUE='#'
INCLUDE_BMP_FALSE=''
INCLUDE_BMP_TRUE='#'
INCLUDE_GDIPLUS_FALSE=''
INCLUDE_GDIPLUS_TRUE='#'
INCLUDE_GIF_FALSE=''
INCLUDE_GIF_TRUE='#'
INCLUDE_ICNS_FALSE=''
INCLUDE_ICNS_TRUE='#'
INCLUDE_ICO_FALSE=''
INCLUDE_ICO_TRUE='#'
INCLUDE_JASPER_FALSE=''
INCLUDE_JASPER_TRUE='#'
INCLUDE_JPEG_FALSE=''
INCLUDE_JPEG_TRUE='#'
INCLUDE_PNG_FALSE=''
INCLUDE_PNG_TRUE='#'
INCLUDE_PNM_FALSE=''
INCLUDE_PNM_TRUE='#'
INCLUDE_QTIF_FALSE=''
INCLUDE_QTIF_TRUE='#'
INCLUDE_TGA_FALSE=''
INCLUDE_TGA_TRUE='#'
INCLUDE_TIFF_FALSE=''
INCLUDE_TIFF_TRUE='#'
INCLUDE_XBM_FALSE=''
INCLUDE_XBM_TRUE='#'
INCLUDE_XPM_FALSE=''
INCLUDE_XPM_TRUE='#'
INSTALL_DATA='${INSTALL} -m 644'
INSTALL_PROGRAM='${INSTALL}'
INSTALL_SCRIPT='${INSTALL}'
INSTALL_STRIP_PROGRAM='$(install_sh) -c -s'
INTLLIBS='-lintl /home/jianglei/svg/build/usr/local/lib/libiconv.so -Wl,-rpath -Wl,/home/jianglei/svg/build/usr/local/lib'
INTL_MACOSX_LIBS=''
INTROSPECTION_CFLAGS=''
INTROSPECTION_COMPILER=''
INTROSPECTION_GENERATE=''
INTROSPECTION_GIRDIR=''
INTROSPECTION_LIBS=''
INTROSPECTION_MAKEFILE=''
INTROSPECTION_SCANNER=''
INTROSPECTION_TYPELIBDIR=''
LCOV=''
LD='aarch64-linux-android-ld'
LDFLAGS=''
LIBICONV='/home/jianglei/svg/build/usr/local/lib/libiconv.so -Wl,-rpath -Wl,/home/jianglei/svg/build/usr/local/lib'
LIBINTL='-lintl /home/jianglei/svg/build/usr/local/lib/libiconv.so -Wl,-rpath -Wl,/home/jianglei/svg/build/usr/local/lib'
LIBJASPER=''
LIBJPEG=''
LIBOBJS=''
LIBPNG='-L/home/jianglei/svg/build/usr/local/lib -lpng16 -lz-1-2-11'
LIBS=''
LIBTIFF=''
LIBTOOL='$(SHELL) $(top_builddir)/libtool'
LIBTOOL_EXPORT_OPTIONS='-export-symbols-regex "^[^_].*"'
LIB_EXE_MACHINE_FLAG='X86'
LIPO=''
LN_S='ln -s'
LTLIBICONV='-L/home/jianglei/svg/build/usr/local/lib -liconv -R/home/jianglei/svg/build/usr/local/lib'
LTLIBINTL='-lintl -L/home/jianglei/svg/build/usr/local/lib -liconv -R/home/jianglei/svg/build/usr/local/lib'
LTLIBOBJS=''
LT_CURRENT_MINUS_AGE='0'
LT_SYS_LIBRARY_PATH=''
LT_VERSION_INFO='3500:5:3500'
MAINT=''
MAINTAINER_MODE_FALSE='#'
MAINTAINER_MODE_TRUE=''
MAKEINFO='${SHELL} /home/jianglei/svg/gdk-pixbuf-2.35.5/missing makeinfo'
MANIFEST_TOOL=':'
MATH_LIB='-lm'
MKDIR_P='/bin/mkdir -p'
MSGFMT='/usr/bin/msgfmt'
MSGFMT_015='/usr/bin/msgfmt'
MSGMERGE='/usr/bin/msgmerge'
MS_LIB_AVAILABLE_FALSE=''
MS_LIB_AVAILABLE_TRUE='#'
NM='aarch64-linux-android-nm'
NMEDIT=''
OBJDUMP='aarch64-linux-android-objdump'
OBJEXT='o'
OS_LINUX_FALSE='#'
OS_LINUX_TRUE=''
OS_UNIX_FALSE='#'
OS_UNIX_TRUE=''
OS_WIN32_FALSE=''
OS_WIN32_TRUE='#'
OTOOL64=''
OTOOL=''
PACKAGE='gdk-pixbuf'
PACKAGE_BUGREPORT='http://bugzilla.gnome.org/enter_bug.cgi?product=gdk-pixbuf'
PACKAGE_NAME='gdk-pixbuf'
PACKAGE_STRING='gdk-pixbuf 2.35.5'
PACKAGE_TARNAME='gdk-pixbuf'
PACKAGE_URL=''
PACKAGE_VERSION='2.35.5'
PATH_SEPARATOR=':'
PERL='/usr/bin/perl'
PKG_CONFIG='/usr/bin/pkg-config'
PKG_CONFIG_LIBDIR='/home/jianglei/svg/build/usr/local/lib/pkgconfig'
PKG_CONFIG_PATH=''
PLATFORM_WIN32_FALSE=''
PLATFORM_WIN32_TRUE='#'
PNG_DEP_CFLAGS_PACKAGES='libpng16'
POSUB='po'
RANLIB='aarch64-linux-android-ranlib'
REBUILD=''
SED='/bin/sed'
SET_MAKE=''
SHELL='/bin/bash'
STRIP='aarch64-linux-android-strip'
USE_MEDIALIB25_FALSE=''
USE_MEDIALIB25_TRUE='#'
USE_MEDIALIB_FALSE=''
USE_MEDIALIB_TRUE='#'
USE_MMX_FALSE=''
USE_MMX_TRUE='#'
USE_NLS='yes'
USE_X11_FALSE=''
USE_X11_TRUE='#'
VERSION='2.35.5'
WINDRES=''
WITH_COVERAGE_FALSE=''
WITH_COVERAGE_TRUE='#'
XGETTEXT='/usr/bin/xgettext'
XGETTEXT_015='/usr/bin/xgettext'
XGETTEXT_EXTRA_OPTIONS=''
XSLTPROC=''
ac_ct_AR=''
ac_ct_CC=''
ac_ct_DUMPBIN=''
ac_ct_NM=''
am__EXEEXT_FALSE=''
am__EXEEXT_TRUE='#'
am__fastdepCCAS_FALSE='#'
am__fastdepCCAS_TRUE=''
am__fastdepCC_FALSE='#'
am__fastdepCC_TRUE=''
am__include='include'
am__isrc=''
am__leading_dot='.'
am__nodep='_no'
am__quote=''
am__tar='tar --format=ustar -chf - "$$tardir"'
am__untar='tar -xf -'
bindir='${exec_prefix}/bin'
build='x86_64-unknown-linux-gnu'
build_alias=''
build_cpu='x86_64'
build_os='linux-gnu'
build_vendor='unknown'
datadir='${datarootdir}'
datarootdir='${prefix}/share'
docdir='${datarootdir}/doc/${PACKAGE_TARNAME}'
dvidir='${docdir}'
exec_prefix='${prefix}'
host='aarch64-unknown-linux-gnu'
host_alias='aarch64-linux'
host_cpu='aarch64'
host_os='linux-gnu'
host_vendor='unknown'
htmldir='${docdir}'
includedir='${prefix}/include'
infodir='${datarootdir}/info'
install_sh='${SHELL} /home/jianglei/svg/gdk-pixbuf-2.35.5/install-sh'
installed_test_metadir=''
installed_testdir=''
libdir='${exec_prefix}/lib'
libexecdir='${exec_prefix}/libexec'
localedir='${datarootdir}/locale'
localstatedir='${prefix}/var'
mandir='${datarootdir}/man'
mkdir_p='$(MKDIR_P)'
ms_librarian=''
oldincludedir='/usr/include'
pdfdir='${docdir}'
prefix='/home/jianglei/svg/build/usr/local'
program_transform_name='s,x,x,'
psdir='${docdir}'
sbindir='${exec_prefix}/sbin'
sharedstatedir='${prefix}/com'
sysconfdir='${prefix}/etc'
target_alias=''

## ----------- ##
## confdefs.h. ##
## ----------- ##

/* confdefs.h */
#define PACKAGE_NAME "gdk-pixbuf"
#define PACKAGE_TARNAME "gdk-pixbuf"
#define PACKAGE_VERSION "2.35.5"
#define PACKAGE_STRING "gdk-pixbuf 2.35.5"
#define PACKAGE_BUGREPORT "http://bugzilla.gnome.org/enter_bug.cgi?product=gdk-pixbuf"
#define PACKAGE_URL ""
#define OS_LINUX 1
#define STDC_HEADERS 1
#define HAVE_SYS_TYPES_H 1
#define HAVE_SYS_STAT_H 1
#define HAVE_STDLIB_H 1
#define HAVE_STRING_H 1
#define HAVE_MEMORY_H 1
#define HAVE_STRINGS_H 1
#define HAVE_INTTYPES_H 1
#define HAVE_STDINT_H 1
#define HAVE_UNISTD_H 1
#define HAVE_DLFCN_H 1
#define LT_OBJDIR ".libs/"
#define HAVE_SIGSETJMP 1
#define HAVE_ICONV 1
#define ENABLE_NLS 1
#define HAVE_GETTEXT 1
#define HAVE_DCGETTEXT 1
#define GETTEXT_PACKAGE "gdk-pixbuf"
#define HAVE_UNISTD_H 1
#define HAVE_SYS_RESOURCE_H 1
#define HAVE_SETRLIMIT 1
#define STDC_HEADERS 1
#define HAVE_SYS_SYSINFO_H 1
#define _GDK_PIXBUF_EXTERN __attribute__((visibility("default"))) extern

configure: exit 0
