This file contains any messages produced by compilers while
running configure, to aid debugging if configure makes a mistake.

It was created by pixman configure 0.38.4, which was
generated by GNU Autoconf 2.69.  Invocation command line was

  $ ./configure --host=aarch64-linux CFLAGS=-D__ANDROID_API__=21 --sysroot=/home/jianglei/android-ndk-r17/NDK/arm64/sysroot --prefix=/home/jianglei/svg/build/usr/local --enable-glesv2=yes

## --------- ##
## Platform. ##
## --------- ##

hostname = jianglei
uname -m = x86_64
uname -r = 4.15.0-20-generic
uname -s = Linux
uname -v = #21-Ubuntu SMP Tue Apr 24 06:16:15 UTC 2018

/usr/bin/uname -p = unknown
/bin/uname -X     = unknown

/bin/arch              = unknown
/usr/bin/arch -k       = unknown
/usr/convex/getsysinfo = unknown
/usr/bin/hostinfo      = unknown
/bin/machine           = unknown
/usr/bin/oslevel       = unknown
/bin/universe          = unknown

PATH: /home/jianglei/.cargo/bin
PATH: /usr/local/sbin
PATH: /usr/local/bin
PATH: /usr/sbin
PATH: /usr/bin
PATH: /sbin
PATH: /bin
PATH: /usr/games
PATH: /usr/local/games
PATH: /snap/bin
PATH: /home/jianglei/android-ndk-r17/NDK/arm64/bin


## ----------- ##
## Core tests. ##
## ----------- ##

configure:2601: checking for a BSD-compatible install
configure:2669: result: /usr/bin/install -c
configure:2680: checking whether build environment is sane
configure:2735: result: yes
configure:2794: checking for aarch64-linux-strip
configure:2821: result: aarch64-linux-android-strip
configure:2886: checking for a thread-safe mkdir -p
configure:2925: result: /bin/mkdir -p
configure:2932: checking for gawk
configure:2962: result: no
configure:2932: checking for mawk
configure:2948: found /usr/bin/mawk
configure:2959: result: mawk
configure:2970: checking whether make sets $(MAKE)
configure:2992: result: yes
configure:3021: checking whether make supports nested variables
configure:3038: result: yes
configure:3177: checking whether make supports nested variables
configure:3194: result: yes
configure:3213: checking build system type
configure:3227: result: x86_64-pc-linux-gnu
configure:3247: checking host system type
configure:3260: result: aarch64-unknown-linux-gnu
configure:3291: checking for aarch64-linux-gcc
configure:3318: result: aarch64-linux-android-gcc
configure:3587: checking for C compiler version
configure:3596: aarch64-linux-android-gcc --version >&5
aarch64-linux-android-gcc (GCC) 4.9.x 20150123 (prerelease)
Copyright (C) 2014 Free Software Foundation, Inc.
This is free software; see the source for copying conditions.  There is NO
warranty; not even for MERCHANTABILITY or FITNESS FOR A PARTICULAR PURPOSE.

configure:3607: $? = 0
configure:3596: aarch64-linux-android-gcc -v >&5
Using built-in specs.
COLLECT_GCC=aarch64-linux-android-gcc
COLLECT_LTO_WRAPPER=/home/jianglei/android-ndk-r17/NDK/arm64/bin/../libexec/gcc/aarch64-linux-android/4.9.x/lto-wrapper
Target: aarch64-linux-android
Configured with: /buildbot/src/android/gcc/toolchain/build/../gcc/gcc-4.9/configure --prefix=/tmp/d2087558cf57fc8b596d8eebe6b67058 --target=aarch64-linux-android --host=x86_64-linux-gnu --build=x86_64-linux-gnu --with-gnu-as --with-gnu-ld --enable-languages=c,c++ --with-gmp=/buildbot/tmp/build/toolchain/temp-install --with-mpfr=/buildbot/tmp/build/toolchain/temp-install --with-mpc=/buildbot/tmp/build/toolchain/temp-install --with-cloog=/buildbot/tmp/build/toolchain/temp-install --with-isl=/buildbot/tmp/build/toolchain/temp-install --with-ppl=/buildbot/tmp/build/toolchain/temp-install --disable-ppl-version-check --disable-cloog-version-check --disable-isl-version-check --enable-cloog-backend=isl --with-host-libstdcxx='-static-libgcc -Wl,-Bstatic,-lstdc++,-Bdynamic -lm' --disable-libssp --enable-threads --disable-nls --disable-libmudflap --disable-libgomp --disable-libstdc__-v3 --disable-sjlj-exceptions --disable-shared --disable-tls --disable-libitm --enable-bionic-libs --enable-libatomic-ifuncs=no --enable-initfini-array --disable-nls --prefix=/tmp/d2087558cf57fc8b596d8eebe6b67058 --with-sysroot=/tmp/d2087558cf57fc8b596d8eebe6b67058/sysroot --with-binutils-version=2.27 --with-mpfr-version=3.1.1 --with-mpc-version=1.0.1 --with-gmp-version=5.0.5 --with-gcc-version=4.9 --with-gdb-version=none --with-gxx-include-dir=/tmp/d2087558cf57fc8b596d8eebe6b67058/include/c++/4.9.x --with-bugurl=http://source.android.com/source/report-bugs.html --enable-languages=c,c++ --disable-bootstrap --enable-plugins --enable-libgomp --enable-gnu-indirect-function --disable-libsanitizer --enable-gold --enable-ld=default --enable-threads --enable-eh-frame-hdr-for-static --enable-fix-cortex-a53-835769 --enable-graphite=yes --with-isl-version=0.11.1 --with-cloog-version=0.18.0 --program-transform-name='s&^&aarch64-linux-android-&' --enable-gold
Thread model: posix
gcc version 4.9.x 20150123 (prerelease) (GCC) 
configure:3607: $? = 0
configure:3596: aarch64-linux-android-gcc -V >&5
aarch64-linux-android-gcc: error: unrecognized command line option '-V'
aarch64-linux-android-gcc: fatal error: no input files
compilation terminated.
configure:3607: $? = 1
configure:3596: aarch64-linux-android-gcc -qversion >&5
aarch64-linux-android-gcc: error: unrecognized command line option '-qversion'
aarch64-linux-android-gcc: fatal error: no input files
compilation terminated.
configure:3607: $? = 1
configure:3627: checking whether the C compiler works
configure:3649: aarch64-linux-android-gcc -D__ANDROID_API__=21 --sysroot=/home/jianglei/android-ndk-r17/NDK/arm64/sysroot   conftest.c  >&5
configure:3653: $? = 0
configure:3701: result: yes
configure:3704: checking for C compiler default output file name
configure:3706: result: a.out
configure:3712: checking for suffix of executables
configure:3719: aarch64-linux-android-gcc -o conftest -D__ANDROID_API__=21 --sysroot=/home/jianglei/android-ndk-r17/NDK/arm64/sysroot   conftest.c  >&5
configure:3723: $? = 0
configure:3745: result: 
configure:3767: checking whether we are cross compiling
configure:3775: aarch64-linux-android-gcc -o conftest -D__ANDROID_API__=21 --sysroot=/home/jianglei/android-ndk-r17/NDK/arm64/sysroot   conftest.c  >&5
configure:3779: $? = 0
configure:3786: ./conftest
./configure: line 3788: ./conftest: cannot execute binary file: Exec format error
configure:3790: $? = 126
configure:3805: result: yes
configure:3810: checking for suffix of object files
configure:3832: aarch64-linux-android-gcc -c -D__ANDROID_API__=21 --sysroot=/home/jianglei/android-ndk-r17/NDK/arm64/sysroot  conftest.c >&5
configure:3836: $? = 0
configure:3857: result: o
configure:3861: checking whether we are using the GNU C compiler
configure:3880: aarch64-linux-android-gcc -c -D__ANDROID_API__=21 --sysroot=/home/jianglei/android-ndk-r17/NDK/arm64/sysroot  conftest.c >&5
configure:3880: $? = 0
configure:3889: result: yes
configure:3898: checking whether aarch64-linux-android-gcc accepts -g
configure:3918: aarch64-linux-android-gcc -c -g  conftest.c >&5
configure:3918: $? = 0
configure:3959: result: yes
configure:3976: checking for aarch64-linux-android-gcc option to accept ISO C89
configure:4039: aarch64-linux-android-gcc  -c -D__ANDROID_API__=21 --sysroot=/home/jianglei/android-ndk-r17/NDK/arm64/sysroot  conftest.c >&5
configure:4039: $? = 0
configure:4052: result: none needed
configure:4077: checking whether aarch64-linux-android-gcc understands -c and -o together
configure:4099: aarch64-linux-android-gcc -c conftest.c -o conftest2.o
configure:4102: $? = 0
configure:4099: aarch64-linux-android-gcc -c conftest.c -o conftest2.o
configure:4102: $? = 0
configure:4114: result: yes
configure:4134: checking whether make supports the include directive
configure:4149: make -f confmf.GNU && cat confinc.out
this is the am__doit target
configure:4152: $? = 0
configure:4171: result: yes (GNU style)
configure:4196: checking dependency style of aarch64-linux-android-gcc
configure:4307: result: gcc3
configure:4331: checking dependency style of aarch64-linux-android-gcc
configure:4440: result: gcc3
configure:4501: checking how to print strings
configure:4528: result: printf
configure:4549: checking for a sed that does not truncate output
configure:4613: result: /bin/sed
configure:4631: checking for grep that handles long lines and -e
configure:4689: result: /bin/grep
configure:4694: checking for egrep
configure:4756: result: /bin/grep -E
configure:4761: checking for fgrep
configure:4823: result: /bin/grep -F
configure:4858: checking for ld used by aarch64-linux-android-gcc
configure:4925: result: aarch64-linux-android-ld
configure:4932: checking if the linker (aarch64-linux-android-ld) is GNU ld
configure:4947: result: yes
configure:4959: checking for BSD- or MS-compatible name lister (nm)
configure:5013: result: aarch64-linux-android-nm
configure:5143: checking the name lister (aarch64-linux-android-nm) interface
configure:5150: aarch64-linux-android-gcc -c -D__ANDROID_API__=21 --sysroot=/home/jianglei/android-ndk-r17/NDK/arm64/sysroot  conftest.c >&5
configure:5153: aarch64-linux-android-nm "conftest.o"
configure:5156: output
0000000000000000 B some_variable
configure:5163: result: BSD nm
configure:5166: checking whether ln -s works
configure:5170: result: yes
configure:5178: checking the maximum length of command line arguments
configure:5309: result: 1572864
configure:5357: checking how to convert x86_64-pc-linux-gnu file names to aarch64-unknown-linux-gnu format
configure:5397: result: func_convert_file_noop
configure:5404: checking how to convert x86_64-pc-linux-gnu file names to toolchain format
configure:5424: result: func_convert_file_noop
configure:5431: checking for aarch64-linux-android-ld option to reload object files
configure:5438: result: -r
configure:5472: checking for aarch64-linux-objdump
configure:5499: result: aarch64-linux-android-objdump
configure:5571: checking how to recognize dependent libraries
configure:5771: result: pass_all
configure:5816: checking for aarch64-linux-dlltool
configure:5846: result: no
configure:5856: checking for dlltool
configure:5886: result: no
configure:5916: checking how to associate runtime and link libraries
configure:5943: result: printf %s\n
configure:5960: checking for aarch64-linux-ar
configure:5987: result: aarch64-linux-android-ar
configure:6068: checking for archiver @FILE support
configure:6085: aarch64-linux-android-gcc -c -D__ANDROID_API__=21 --sysroot=/home/jianglei/android-ndk-r17/NDK/arm64/sysroot  conftest.c >&5
configure:6085: $? = 0
configure:6088: aarch64-linux-android-ar cru libconftest.a @conftest.lst >&5
configure:6091: $? = 0
configure:6096: aarch64-linux-android-ar cru libconftest.a @conftest.lst >&5
aarch64-linux-android-ar: conftest.o: No such file or directory
configure:6099: $? = 1
configure:6111: result: @
configure:6129: checking for aarch64-linux-strip
configure:6156: result: aarch64-linux-android-strip
configure:6228: checking for aarch64-linux-ranlib
configure:6255: result: aarch64-linux-android-ranlib
configure:6397: checking command to parse aarch64-linux-android-nm output from aarch64-linux-android-gcc object
configure:6550: aarch64-linux-android-gcc -c -D__ANDROID_API__=21 --sysroot=/home/jianglei/android-ndk-r17/NDK/arm64/sysroot  conftest.c >&5
configure:6553: $? = 0
configure:6557: aarch64-linux-android-nm conftest.o \| sed -n -e 's/^.*[ ]\([ABCDGIRSTW][ABCDGIRSTW]*\)[ ][ ]*\([_A-Za-z][_A-Za-z0-9]*\)$/\1 \2 \2/p' | sed '/ __gnu_lto/d' \> conftest.nm
configure:6560: $? = 0
configure:6626: aarch64-linux-android-gcc -o conftest -D__ANDROID_API__=21 --sysroot=/home/jianglei/android-ndk-r17/NDK/arm64/sysroot   conftest.c conftstm.o >&5
configure:6629: $? = 0
configure:6667: result: ok
configure:6714: checking for sysroot
configure:6744: result: no
configure:6751: checking for a working dd
configure:6789: result: /bin/dd
configure:6793: checking how to truncate binary pipes
configure:6808: result: /bin/dd bs=4096 count=1
configure:7097: checking for aarch64-linux-mt
configure:7127: result: no
configure:7137: checking for mt
configure:7153: found /bin/mt
configure:7164: result: mt
configure:7176: WARNING: using cross tools not prefixed with host triplet
configure:7187: checking if mt is a manifest tool
configure:7193: mt '-?'
configure:7201: result: no
configure:7878: checking how to run the C preprocessor
configure:7909: aarch64-linux-android-gcc -E  conftest.c
configure:7909: $? = 0
configure:7923: aarch64-linux-android-gcc -E  conftest.c
conftest.c:11:28: fatal error: ac_nonexistent.h: No such file or directory
 #include <ac_nonexistent.h>
                            ^
compilation terminated.
configure:7923: $? = 1
configure: failed program was:
| /* confdefs.h */
| #define PACKAGE_NAME "pixman"
| #define PACKAGE_TARNAME "pixman"
| #define PACKAGE_VERSION "0.38.4"
| #define PACKAGE_STRING "pixman 0.38.4"
| #define PACKAGE_BUGREPORT "pixman@lists.freedesktop.org"
| #define PACKAGE_URL ""
| #define PACKAGE "pixman"
| #define VERSION "0.38.4"
| /* end confdefs.h.  */
| #include <ac_nonexistent.h>
configure:7948: result: aarch64-linux-android-gcc -E
configure:7968: aarch64-linux-android-gcc -E  conftest.c
configure:7968: $? = 0
configure:7982: aarch64-linux-android-gcc -E  conftest.c
conftest.c:11:28: fatal error: ac_nonexistent.h: No such file or directory
 #include <ac_nonexistent.h>
                            ^
compilation terminated.
configure:7982: $? = 1
configure: failed program was:
| /* confdefs.h */
| #define PACKAGE_NAME "pixman"
| #define PACKAGE_TARNAME "pixman"
| #define PACKAGE_VERSION "0.38.4"
| #define PACKAGE_STRING "pixman 0.38.4"
| #define PACKAGE_BUGREPORT "pixman@lists.freedesktop.org"
| #define PACKAGE_URL ""
| #define PACKAGE "pixman"
| #define VERSION "0.38.4"
| /* end confdefs.h.  */
| #include <ac_nonexistent.h>
configure:8011: checking for ANSI C header files
configure:8031: aarch64-linux-android-gcc -c -D__ANDROID_API__=21 --sysroot=/home/jianglei/android-ndk-r17/NDK/arm64/sysroot  conftest.c >&5
configure:8031: $? = 0
configure:8115: result: yes
configure:8128: checking for sys/types.h
configure:8128: aarch64-linux-android-gcc -c -D__ANDROID_API__=21 --sysroot=/home/jianglei/android-ndk-r17/NDK/arm64/sysroot  conftest.c >&5
configure:8128: $? = 0
configure:8128: result: yes
configure:8128: checking for sys/stat.h
configure:8128: aarch64-linux-android-gcc -c -D__ANDROID_API__=21 --sysroot=/home/jianglei/android-ndk-r17/NDK/arm64/sysroot  conftest.c >&5
configure:8128: $? = 0
configure:8128: result: yes
configure:8128: checking for stdlib.h
configure:8128: aarch64-linux-android-gcc -c -D__ANDROID_API__=21 --sysroot=/home/jianglei/android-ndk-r17/NDK/arm64/sysroot  conftest.c >&5
configure:8128: $? = 0
configure:8128: result: yes
configure:8128: checking for string.h
configure:8128: aarch64-linux-android-gcc -c -D__ANDROID_API__=21 --sysroot=/home/jianglei/android-ndk-r17/NDK/arm64/sysroot  conftest.c >&5
configure:8128: $? = 0
configure:8128: result: yes
configure:8128: checking for memory.h
configure:8128: aarch64-linux-android-gcc -c -D__ANDROID_API__=21 --sysroot=/home/jianglei/android-ndk-r17/NDK/arm64/sysroot  conftest.c >&5
configure:8128: $? = 0
configure:8128: result: yes
configure:8128: checking for strings.h
configure:8128: aarch64-linux-android-gcc -c -D__ANDROID_API__=21 --sysroot=/home/jianglei/android-ndk-r17/NDK/arm64/sysroot  conftest.c >&5
configure:8128: $? = 0
configure:8128: result: yes
configure:8128: checking for inttypes.h
configure:8128: aarch64-linux-android-gcc -c -D__ANDROID_API__=21 --sysroot=/home/jianglei/android-ndk-r17/NDK/arm64/sysroot  conftest.c >&5
configure:8128: $? = 0
configure:8128: result: yes
configure:8128: checking for stdint.h
configure:8128: aarch64-linux-android-gcc -c -D__ANDROID_API__=21 --sysroot=/home/jianglei/android-ndk-r17/NDK/arm64/sysroot  conftest.c >&5
configure:8128: $? = 0
configure:8128: result: yes
configure:8128: checking for unistd.h
configure:8128: aarch64-linux-android-gcc -c -D__ANDROID_API__=21 --sysroot=/home/jianglei/android-ndk-r17/NDK/arm64/sysroot  conftest.c >&5
configure:8128: $? = 0
configure:8128: result: yes
configure:8142: checking for dlfcn.h
configure:8142: aarch64-linux-android-gcc -c -D__ANDROID_API__=21 --sysroot=/home/jianglei/android-ndk-r17/NDK/arm64/sysroot  conftest.c >&5
configure:8142: $? = 0
configure:8142: result: yes
configure:8398: checking for objdir
configure:8413: result: .libs
configure:8673: checking if aarch64-linux-android-gcc supports -fno-rtti -fno-exceptions
configure:8691: aarch64-linux-android-gcc -c -D__ANDROID_API__=21 --sysroot=/home/jianglei/android-ndk-r17/NDK/arm64/sysroot  -fno-rtti -fno-exceptions conftest.c >&5
cc1: warning: command line option '-fno-rtti' is valid for C++/ObjC++ but not for C
configure:8695: $? = 0
configure:8708: result: no
configure:9066: checking for aarch64-linux-android-gcc option to produce PIC
configure:9073: result: -fPIC -DPIC
configure:9081: checking if aarch64-linux-android-gcc PIC flag -fPIC -DPIC works
configure:9099: aarch64-linux-android-gcc -c -D__ANDROID_API__=21 --sysroot=/home/jianglei/android-ndk-r17/NDK/arm64/sysroot  -fPIC -DPIC -DPIC conftest.c >&5
configure:9103: $? = 0
configure:9116: result: yes
configure:9145: checking if aarch64-linux-android-gcc static flag -static works
configure:9173: result: yes
configure:9188: checking if aarch64-linux-android-gcc supports -c -o file.o
configure:9209: aarch64-linux-android-gcc -c -D__ANDROID_API__=21 --sysroot=/home/jianglei/android-ndk-r17/NDK/arm64/sysroot  -o out/conftest2.o conftest.c >&5
configure:9213: $? = 0
configure:9235: result: yes
configure:9243: checking if aarch64-linux-android-gcc supports -c -o file.o
configure:9290: result: yes
configure:9323: checking whether the aarch64-linux-android-gcc linker (aarch64-linux-android-ld) supports shared libraries
configure:10582: result: yes
configure:10619: checking whether -lc should be explicitly linked in
configure:10627: aarch64-linux-android-gcc -c -D__ANDROID_API__=21 --sysroot=/home/jianglei/android-ndk-r17/NDK/arm64/sysroot  conftest.c >&5
configure:10630: $? = 0
configure:10645: aarch64-linux-android-gcc -shared  -fPIC -DPIC conftest.o  -v -Wl,-soname -Wl,conftest -o conftest 2\>\&1 \| /bin/grep  -lc  \>/dev/null 2\>\&1
configure:10648: $? = 0
configure:10662: result: no
configure:10822: checking dynamic linker characteristics
configure:11416: aarch64-linux-android-gcc -o conftest -D__ANDROID_API__=21 --sysroot=/home/jianglei/android-ndk-r17/NDK/arm64/sysroot   -Wl,-rpath -Wl,/foo conftest.c  >&5
configure:11416: $? = 0
configure:11653: result: GNU/Linux ld.so
configure:11775: checking how to hardcode library paths into programs
configure:11800: result: immediate
configure:12348: checking whether stripping libraries is possible
configure:12353: result: yes
configure:12388: checking if libtool supports shared libraries
configure:12390: result: yes
configure:12393: checking whether to build shared libraries
configure:12418: result: yes
configure:12421: checking whether to build static libraries
configure:12425: result: yes
configure:12464: checking for getisax
configure:12464: aarch64-linux-android-gcc -o conftest -D__ANDROID_API__=21 --sysroot=/home/jianglei/android-ndk-r17/NDK/arm64/sysroot   conftest.c  >&5
/tmp/ccHfafUE.o: In function `main':
conftest.c:(.text+0x8): undefined reference to `getisax'
collect2: error: ld returned 1 exit status
configure:12464: $? = 1
configure: failed program was:
| /* confdefs.h */
| #define PACKAGE_NAME "pixman"
| #define PACKAGE_TARNAME "pixman"
| #define PACKAGE_VERSION "0.38.4"
| #define PACKAGE_STRING "pixman 0.38.4"
| #define PACKAGE_BUGREPORT "pixman@lists.freedesktop.org"
| #define PACKAGE_URL ""
| #define PACKAGE "pixman"
| #define VERSION "0.38.4"
| #define STDC_HEADERS 1
| #define HAVE_SYS_TYPES_H 1
| #define HAVE_SYS_STAT_H 1
| #define HAVE_STDLIB_H 1
| #define HAVE_STRING_H 1
| #define HAVE_MEMORY_H 1
| #define HAVE_STRINGS_H 1
| #define HAVE_INTTYPES_H 1
| #define HAVE_STDINT_H 1
| #define HAVE_UNISTD_H 1
| #define HAVE_DLFCN_H 1
| #define LT_OBJDIR ".libs/"
| /* end confdefs.h.  */
| /* Define getisax to an innocuous variant, in case <limits.h> declares getisax.
|    For example, HP-UX 11i <limits.h> declares gettimeofday.  */
| #define getisax innocuous_getisax
| 
| /* System header to define __stub macros and hopefully few prototypes,
|     which can conflict with char getisax (); below.
|     Prefer <limits.h> to <assert.h> if __STDC__ is defined, since
|     <limits.h> exists even on freestanding compilers.  */
| 
| #ifdef __STDC__
| # include <limits.h>
| #else
| # include <assert.h>
| #endif
| 
| #undef getisax
| 
| /* Override any GCC internal prototype to avoid an error.
|    Use char because int might match the return type of a GCC
|    builtin and then its argument prototype would still apply.  */
| #ifdef __cplusplus
| extern "C"
| #endif
| char getisax ();
| /* The GNU C library defines this for functions which it implements
|     to always fail with ENOSYS.  Some functions are actually named
|     something starting with __ and the normal name is an alias.  */
| #if defined __stub_getisax || defined __stub___getisax
| choke me
| #endif
| 
| int
| main ()
| {
| return getisax ();
|   ;
|   return 0;
| }
configure:12464: result: no
configure:12473: checking whether byte ordering is bigendian
configure:12488: aarch64-linux-android-gcc -c -D__ANDROID_API__=21 --sysroot=/home/jianglei/android-ndk-r17/NDK/arm64/sysroot  conftest.c >&5
conftest.c:24:9: error: unknown type name 'not'
         not a universal capable compiler
         ^
conftest.c:24:15: error: expected '=', ',', ';', 'asm' or '__attribute__' before 'universal'
         not a universal capable compiler
               ^
conftest.c:24:15: error: unknown type name 'universal'
configure:12488: $? = 1
configure: failed program was:
| /* confdefs.h */
| #define PACKAGE_NAME "pixman"
| #define PACKAGE_TARNAME "pixman"
| #define PACKAGE_VERSION "0.38.4"
| #define PACKAGE_STRING "pixman 0.38.4"
| #define PACKAGE_BUGREPORT "pixman@lists.freedesktop.org"
| #define PACKAGE_URL ""
| #define PACKAGE "pixman"
| #define VERSION "0.38.4"
| #define STDC_HEADERS 1
| #define HAVE_SYS_TYPES_H 1
| #define HAVE_SYS_STAT_H 1
| #define HAVE_STDLIB_H 1
| #define HAVE_STRING_H 1
| #define HAVE_MEMORY_H 1
| #define HAVE_STRINGS_H 1
| #define HAVE_INTTYPES_H 1
| #define HAVE_STDINT_H 1
| #define HAVE_UNISTD_H 1
| #define HAVE_DLFCN_H 1
| #define LT_OBJDIR ".libs/"
| /* end confdefs.h.  */
| #ifndef __APPLE_CC__
| 	       not a universal capable compiler
| 	     #endif
| 	     typedef int dummy;
| 
configure:12533: aarch64-linux-android-gcc -c -D__ANDROID_API__=21 --sysroot=/home/jianglei/android-ndk-r17/NDK/arm64/sysroot  conftest.c >&5
conftest.c: In function 'main':
conftest.c:30:8: error: unknown type name 'bogus'
        bogus endian macros
        ^
conftest.c:30:21: error: expected '=', ',', ';', 'asm' or '__attribute__' before 'macros'
        bogus endian macros
                     ^
configure:12533: $? = 1
configure: failed program was:
| /* confdefs.h */
| #define PACKAGE_NAME "pixman"
| #define PACKAGE_TARNAME "pixman"
| #define PACKAGE_VERSION "0.38.4"
| #define PACKAGE_STRING "pixman 0.38.4"
| #define PACKAGE_BUGREPORT "pixman@lists.freedesktop.org"
| #define PACKAGE_URL ""
| #define PACKAGE "pixman"
| #define VERSION "0.38.4"
| #define STDC_HEADERS 1
| #define HAVE_SYS_TYPES_H 1
| #define HAVE_SYS_STAT_H 1
| #define HAVE_STDLIB_H 1
| #define HAVE_STRING_H 1
| #define HAVE_MEMORY_H 1
| #define HAVE_STRINGS_H 1
| #define HAVE_INTTYPES_H 1
| #define HAVE_STDINT_H 1
| #define HAVE_UNISTD_H 1
| #define HAVE_DLFCN_H 1
| #define LT_OBJDIR ".libs/"
| /* end confdefs.h.  */
| #include <sys/types.h>
| 	     #include <sys/param.h>
| 
| int
| main ()
| {
| #if ! (defined BYTE_ORDER && defined BIG_ENDIAN 		     && defined LITTLE_ENDIAN && BYTE_ORDER && BIG_ENDIAN 		     && LITTLE_ENDIAN)
| 	      bogus endian macros
| 	     #endif
| 
|   ;
|   return 0;
| }
configure:12577: aarch64-linux-android-gcc -c -D__ANDROID_API__=21 --sysroot=/home/jianglei/android-ndk-r17/NDK/arm64/sysroot  conftest.c >&5
conftest.c: In function 'main':
conftest.c:29:8: error: unknown type name 'bogus'
        bogus endian macros
        ^
conftest.c:29:21: error: expected '=', ',', ';', 'asm' or '__attribute__' before 'macros'
        bogus endian macros
                     ^
configure:12577: $? = 1
configure: failed program was:
| /* confdefs.h */
| #define PACKAGE_NAME "pixman"
| #define PACKAGE_TARNAME "pixman"
| #define PACKAGE_VERSION "0.38.4"
| #define PACKAGE_STRING "pixman 0.38.4"
| #define PACKAGE_BUGREPORT "pixman@lists.freedesktop.org"
| #define PACKAGE_URL ""
| #define PACKAGE "pixman"
| #define VERSION "0.38.4"
| #define STDC_HEADERS 1
| #define HAVE_SYS_TYPES_H 1
| #define HAVE_SYS_STAT_H 1
| #define HAVE_STDLIB_H 1
| #define HAVE_STRING_H 1
| #define HAVE_MEMORY_H 1
| #define HAVE_STRINGS_H 1
| #define HAVE_INTTYPES_H 1
| #define HAVE_STDINT_H 1
| #define HAVE_UNISTD_H 1
| #define HAVE_DLFCN_H 1
| #define LT_OBJDIR ".libs/"
| /* end confdefs.h.  */
| #include <limits.h>
| 
| int
| main ()
| {
| #if ! (defined _LITTLE_ENDIAN || defined _BIG_ENDIAN)
| 	      bogus endian macros
| 	     #endif
| 
|   ;
|   return 0;
| }
configure:12633: aarch64-linux-android-gcc -c -D__ANDROID_API__=21 --sysroot=/home/jianglei/android-ndk-r17/NDK/arm64/sysroot  conftest.c >&5
configure:12633: $? = 0
configure:12679: result: no
configure:12697: checking for inline
configure:12713: aarch64-linux-android-gcc -c -D__ANDROID_API__=21 --sysroot=/home/jianglei/android-ndk-r17/NDK/arm64/sysroot  conftest.c >&5
configure:12713: $? = 0
configure:12721: result: inline
configure:12745: checking whether the compiler supports -Werror
configure:12761: aarch64-linux-android-gcc -o conftest -D__ANDROID_API__=21 --sysroot=/home/jianglei/android-ndk-r17/NDK/arm64/sysroot -Werror    conftest.c   >&5
configure:12761: $? = 0
configure:12784: result: yes
configure:12795: checking size of long
configure:12800: aarch64-linux-android-gcc -c -D__ANDROID_API__=21 --sysroot=/home/jianglei/android-ndk-r17/NDK/arm64/sysroot  conftest.c >&5
configure:12800: $? = 0
configure:12800: aarch64-linux-android-gcc -c -D__ANDROID_API__=21 --sysroot=/home/jianglei/android-ndk-r17/NDK/arm64/sysroot  conftest.c >&5
conftest.c: In function 'main':
conftest.c:59:12: error: size of array 'test_array' is negative
 static int test_array [1 - 2 * !(((long int) (sizeof (long))) <= 0)];
            ^
configure:12800: $? = 1
configure: failed program was:
| /* confdefs.h */
| #define PACKAGE_NAME "pixman"
| #define PACKAGE_TARNAME "pixman"
| #define PACKAGE_VERSION "0.38.4"
| #define PACKAGE_STRING "pixman 0.38.4"
| #define PACKAGE_BUGREPORT "pixman@lists.freedesktop.org"
| #define PACKAGE_URL ""
| #define PACKAGE "pixman"
| #define VERSION "0.38.4"
| #define STDC_HEADERS 1
| #define HAVE_SYS_TYPES_H 1
| #define HAVE_SYS_STAT_H 1
| #define HAVE_STDLIB_H 1
| #define HAVE_STRING_H 1
| #define HAVE_MEMORY_H 1
| #define HAVE_STRINGS_H 1
| #define HAVE_INTTYPES_H 1
| #define HAVE_STDINT_H 1
| #define HAVE_UNISTD_H 1
| #define HAVE_DLFCN_H 1
| #define LT_OBJDIR ".libs/"
| /* end confdefs.h.  */
| #include <stdio.h>
| #ifdef HAVE_SYS_TYPES_H
| # include <sys/types.h>
| #endif
| #ifdef HAVE_SYS_STAT_H
| # include <sys/stat.h>
| #endif
| #ifdef STDC_HEADERS
| # include <stdlib.h>
| # include <stddef.h>
| #else
| # ifdef HAVE_STDLIB_H
| #  include <stdlib.h>
| # endif
| #endif
| #ifdef HAVE_STRING_H
| # if !defined STDC_HEADERS && defined HAVE_MEMORY_H
| #  include <memory.h>
| # endif
| # include <string.h>
| #endif
| #ifdef HAVE_STRINGS_H
| # include <strings.h>
| #endif
| #ifdef HAVE_INTTYPES_H
| # include <inttypes.h>
| #endif
| #ifdef HAVE_STDINT_H
| # include <stdint.h>
| #endif
| #ifdef HAVE_UNISTD_H
| # include <unistd.h>
| #endif
| int
| main ()
| {
| static int test_array [1 - 2 * !(((long int) (sizeof (long))) <= 0)];
| test_array [0] = 0;
| return test_array [0];
| 
|   ;
|   return 0;
| }
configure:12800: aarch64-linux-android-gcc -c -D__ANDROID_API__=21 --sysroot=/home/jianglei/android-ndk-r17/NDK/arm64/sysroot  conftest.c >&5
conftest.c: In function 'main':
conftest.c:59:12: error: size of array 'test_array' is negative
 static int test_array [1 - 2 * !(((long int) (sizeof (long))) <= 1)];
            ^
configure:12800: $? = 1
configure: failed program was:
| /* confdefs.h */
| #define PACKAGE_NAME "pixman"
| #define PACKAGE_TARNAME "pixman"
| #define PACKAGE_VERSION "0.38.4"
| #define PACKAGE_STRING "pixman 0.38.4"
| #define PACKAGE_BUGREPORT "pixman@lists.freedesktop.org"
| #define PACKAGE_URL ""
| #define PACKAGE "pixman"
| #define VERSION "0.38.4"
| #define STDC_HEADERS 1
| #define HAVE_SYS_TYPES_H 1
| #define HAVE_SYS_STAT_H 1
| #define HAVE_STDLIB_H 1
| #define HAVE_STRING_H 1
| #define HAVE_MEMORY_H 1
| #define HAVE_STRINGS_H 1
| #define HAVE_INTTYPES_H 1
| #define HAVE_STDINT_H 1
| #define HAVE_UNISTD_H 1
| #define HAVE_DLFCN_H 1
| #define LT_OBJDIR ".libs/"
| /* end confdefs.h.  */
| #include <stdio.h>
| #ifdef HAVE_SYS_TYPES_H
| # include <sys/types.h>
| #endif
| #ifdef HAVE_SYS_STAT_H
| # include <sys/stat.h>
| #endif
| #ifdef STDC_HEADERS
| # include <stdlib.h>
| # include <stddef.h>
| #else
| # ifdef HAVE_STDLIB_H
| #  include <stdlib.h>
| # endif
| #endif
| #ifdef HAVE_STRING_H
| # if !defined STDC_HEADERS && defined HAVE_MEMORY_H
| #  include <memory.h>
| # endif
| # include <string.h>
| #endif
| #ifdef HAVE_STRINGS_H
| # include <strings.h>
| #endif
| #ifdef HAVE_INTTYPES_H
| # include <inttypes.h>
| #endif
| #ifdef HAVE_STDINT_H
| # include <stdint.h>
| #endif
| #ifdef HAVE_UNISTD_H
| # include <unistd.h>
| #endif
| int
| main ()
| {
| static int test_array [1 - 2 * !(((long int) (sizeof (long))) <= 1)];
| test_array [0] = 0;
| return test_array [0];
| 
|   ;
|   return 0;
| }
configure:12800: aarch64-linux-android-gcc -c -D__ANDROID_API__=21 --sysroot=/home/jianglei/android-ndk-r17/NDK/arm64/sysroot  conftest.c >&5
conftest.c: In function 'main':
conftest.c:59:12: error: size of array 'test_array' is negative
 static int test_array [1 - 2 * !(((long int) (sizeof (long))) <= 3)];
            ^
configure:12800: $? = 1
configure: failed program was:
| /* confdefs.h */
| #define PACKAGE_NAME "pixman"
| #define PACKAGE_TARNAME "pixman"
| #define PACKAGE_VERSION "0.38.4"
| #define PACKAGE_STRING "pixman 0.38.4"
| #define PACKAGE_BUGREPORT "pixman@lists.freedesktop.org"
| #define PACKAGE_URL ""
| #define PACKAGE "pixman"
| #define VERSION "0.38.4"
| #define STDC_HEADERS 1
| #define HAVE_SYS_TYPES_H 1
| #define HAVE_SYS_STAT_H 1
| #define HAVE_STDLIB_H 1
| #define HAVE_STRING_H 1
| #define HAVE_MEMORY_H 1
| #define HAVE_STRINGS_H 1
| #define HAVE_INTTYPES_H 1
| #define HAVE_STDINT_H 1
| #define HAVE_UNISTD_H 1
| #define HAVE_DLFCN_H 1
| #define LT_OBJDIR ".libs/"
| /* end confdefs.h.  */
| #include <stdio.h>
| #ifdef HAVE_SYS_TYPES_H
| # include <sys/types.h>
| #endif
| #ifdef HAVE_SYS_STAT_H
| # include <sys/stat.h>
| #endif
| #ifdef STDC_HEADERS
| # include <stdlib.h>
| # include <stddef.h>
| #else
| # ifdef HAVE_STDLIB_H
| #  include <stdlib.h>
| # endif
| #endif
| #ifdef HAVE_STRING_H
| # if !defined STDC_HEADERS && defined HAVE_MEMORY_H
| #  include <memory.h>
| # endif
| # include <string.h>
| #endif
| #ifdef HAVE_STRINGS_H
| # include <strings.h>
| #endif
| #ifdef HAVE_INTTYPES_H
| # include <inttypes.h>
| #endif
| #ifdef HAVE_STDINT_H
| # include <stdint.h>
| #endif
| #ifdef HAVE_UNISTD_H
| # include <unistd.h>
| #endif
| int
| main ()
| {
| static int test_array [1 - 2 * !(((long int) (sizeof (long))) <= 3)];
| test_array [0] = 0;
| return test_array [0];
| 
|   ;
|   return 0;
| }
configure:12800: aarch64-linux-android-gcc -c -D__ANDROID_API__=21 --sysroot=/home/jianglei/android-ndk-r17/NDK/arm64/sysroot  conftest.c >&5
conftest.c: In function 'main':
conftest.c:59:12: error: size of array 'test_array' is negative
 static int test_array [1 - 2 * !(((long int) (sizeof (long))) <= 7)];
            ^
configure:12800: $? = 1
configure: failed program was:
| /* confdefs.h */
| #define PACKAGE_NAME "pixman"
| #define PACKAGE_TARNAME "pixman"
| #define PACKAGE_VERSION "0.38.4"
| #define PACKAGE_STRING "pixman 0.38.4"
| #define PACKAGE_BUGREPORT "pixman@lists.freedesktop.org"
| #define PACKAGE_URL ""
| #define PACKAGE "pixman"
| #define VERSION "0.38.4"
| #define STDC_HEADERS 1
| #define HAVE_SYS_TYPES_H 1
| #define HAVE_SYS_STAT_H 1
| #define HAVE_STDLIB_H 1
| #define HAVE_STRING_H 1
| #define HAVE_MEMORY_H 1
| #define HAVE_STRINGS_H 1
| #define HAVE_INTTYPES_H 1
| #define HAVE_STDINT_H 1
| #define HAVE_UNISTD_H 1
| #define HAVE_DLFCN_H 1
| #define LT_OBJDIR ".libs/"
| /* end confdefs.h.  */
| #include <stdio.h>
| #ifdef HAVE_SYS_TYPES_H
| # include <sys/types.h>
| #endif
| #ifdef HAVE_SYS_STAT_H
| # include <sys/stat.h>
| #endif
| #ifdef STDC_HEADERS
| # include <stdlib.h>
| # include <stddef.h>
| #else
| # ifdef HAVE_STDLIB_H
| #  include <stdlib.h>
| # endif
| #endif
| #ifdef HAVE_STRING_H
| # if !defined STDC_HEADERS && defined HAVE_MEMORY_H
| #  include <memory.h>
| # endif
| # include <string.h>
| #endif
| #ifdef HAVE_STRINGS_H
| # include <strings.h>
| #endif
| #ifdef HAVE_INTTYPES_H
| # include <inttypes.h>
| #endif
| #ifdef HAVE_STDINT_H
| # include <stdint.h>
| #endif
| #ifdef HAVE_UNISTD_H
| # include <unistd.h>
| #endif
| int
| main ()
| {
| static int test_array [1 - 2 * !(((long int) (sizeof (long))) <= 7)];
| test_array [0] = 0;
| return test_array [0];
| 
|   ;
|   return 0;
| }
configure:12800: aarch64-linux-android-gcc -c -D__ANDROID_API__=21 --sysroot=/home/jianglei/android-ndk-r17/NDK/arm64/sysroot  conftest.c >&5
configure:12800: $? = 0
configure:12800: aarch64-linux-android-gcc -c -D__ANDROID_API__=21 --sysroot=/home/jianglei/android-ndk-r17/NDK/arm64/sysroot  conftest.c >&5
configure:12800: $? = 0
configure:12800: aarch64-linux-android-gcc -c -D__ANDROID_API__=21 --sysroot=/home/jianglei/android-ndk-r17/NDK/arm64/sysroot  conftest.c >&5
configure:12800: $? = 0
configure:12800: aarch64-linux-android-gcc -c -D__ANDROID_API__=21 --sysroot=/home/jianglei/android-ndk-r17/NDK/arm64/sysroot  conftest.c >&5
configure:12800: $? = 0
configure:12814: result: 8
configure:12826: checking whether __SUNPRO_C is declared
configure:12826: aarch64-linux-android-gcc -c -D__ANDROID_API__=21 --sysroot=/home/jianglei/android-ndk-r17/NDK/arm64/sysroot  conftest.c >&5
conftest.c: In function 'main':
conftest.c:64:10: error: '__SUNPRO_C' undeclared (first use in this function)
   (void) __SUNPRO_C;
          ^
conftest.c:64:10: note: each undeclared identifier is reported only once for each function it appears in
configure:12826: $? = 1
configure: failed program was:
| /* confdefs.h */
| #define PACKAGE_NAME "pixman"
| #define PACKAGE_TARNAME "pixman"
| #define PACKAGE_VERSION "0.38.4"
| #define PACKAGE_STRING "pixman 0.38.4"
| #define PACKAGE_BUGREPORT "pixman@lists.freedesktop.org"
| #define PACKAGE_URL ""
| #define PACKAGE "pixman"
| #define VERSION "0.38.4"
| #define STDC_HEADERS 1
| #define HAVE_SYS_TYPES_H 1
| #define HAVE_SYS_STAT_H 1
| #define HAVE_STDLIB_H 1
| #define HAVE_STRING_H 1
| #define HAVE_MEMORY_H 1
| #define HAVE_STRINGS_H 1
| #define HAVE_INTTYPES_H 1
| #define HAVE_STDINT_H 1
| #define HAVE_UNISTD_H 1
| #define HAVE_DLFCN_H 1
| #define LT_OBJDIR ".libs/"
| #define SIZEOF_LONG 8
| /* end confdefs.h.  */
| #include <stdio.h>
| #ifdef HAVE_SYS_TYPES_H
| # include <sys/types.h>
| #endif
| #ifdef HAVE_SYS_STAT_H
| # include <sys/stat.h>
| #endif
| #ifdef STDC_HEADERS
| # include <stdlib.h>
| # include <stddef.h>
| #else
| # ifdef HAVE_STDLIB_H
| #  include <stdlib.h>
| # endif
| #endif
| #ifdef HAVE_STRING_H
| # if !defined STDC_HEADERS && defined HAVE_MEMORY_H
| #  include <memory.h>
| # endif
| # include <string.h>
| #endif
| #ifdef HAVE_STRINGS_H
| # include <strings.h>
| #endif
| #ifdef HAVE_INTTYPES_H
| # include <inttypes.h>
| #endif
| #ifdef HAVE_STDINT_H
| # include <stdint.h>
| #endif
| #ifdef HAVE_UNISTD_H
| # include <unistd.h>
| #endif
| int
| main ()
| {
| #ifndef __SUNPRO_C
| #ifdef __cplusplus
|   (void) __SUNPRO_C;
| #else
|   (void) __SUNPRO_C;
| #endif
| #endif
| 
|   ;
|   return 0;
| }
configure:12826: result: no
configure:12833: checking whether __amd64 is declared
configure:12833: aarch64-linux-android-gcc -c -D__ANDROID_API__=21 --sysroot=/home/jianglei/android-ndk-r17/NDK/arm64/sysroot  conftest.c >&5
conftest.c: In function 'main':
conftest.c:64:10: error: '__amd64' undeclared (first use in this function)
   (void) __amd64;
          ^
conftest.c:64:10: note: each undeclared identifier is reported only once for each function it appears in
configure:12833: $? = 1
configure: failed program was:
| /* confdefs.h */
| #define PACKAGE_NAME "pixman"
| #define PACKAGE_TARNAME "pixman"
| #define PACKAGE_VERSION "0.38.4"
| #define PACKAGE_STRING "pixman 0.38.4"
| #define PACKAGE_BUGREPORT "pixman@lists.freedesktop.org"
| #define PACKAGE_URL ""
| #define PACKAGE "pixman"
| #define VERSION "0.38.4"
| #define STDC_HEADERS 1
| #define HAVE_SYS_TYPES_H 1
| #define HAVE_SYS_STAT_H 1
| #define HAVE_STDLIB_H 1
| #define HAVE_STRING_H 1
| #define HAVE_MEMORY_H 1
| #define HAVE_STRINGS_H 1
| #define HAVE_INTTYPES_H 1
| #define HAVE_STDINT_H 1
| #define HAVE_UNISTD_H 1
| #define HAVE_DLFCN_H 1
| #define LT_OBJDIR ".libs/"
| #define SIZEOF_LONG 8
| /* end confdefs.h.  */
| #include <stdio.h>
| #ifdef HAVE_SYS_TYPES_H
| # include <sys/types.h>
| #endif
| #ifdef HAVE_SYS_STAT_H
| # include <sys/stat.h>
| #endif
| #ifdef STDC_HEADERS
| # include <stdlib.h>
| # include <stddef.h>
| #else
| # ifdef HAVE_STDLIB_H
| #  include <stdlib.h>
| # endif
| #endif
| #ifdef HAVE_STRING_H
| # if !defined STDC_HEADERS && defined HAVE_MEMORY_H
| #  include <memory.h>
| # endif
| # include <string.h>
| #endif
| #ifdef HAVE_STRINGS_H
| # include <strings.h>
| #endif
| #ifdef HAVE_INTTYPES_H
| # include <inttypes.h>
| #endif
| #ifdef HAVE_STDINT_H
| # include <stdint.h>
| #endif
| #ifdef HAVE_UNISTD_H
| # include <unistd.h>
| #endif
| int
| main ()
| {
| #ifndef __amd64
| #ifdef __cplusplus
|   (void) __amd64;
| #else
|   (void) __amd64;
| #endif
| #endif
| 
|   ;
|   return 0;
| }
configure:12833: result: no
configure:12874: checking whether the compiler supports -Wall
configure:12892: aarch64-linux-android-gcc -o conftest -D__ANDROID_API__=21 --sysroot=/home/jianglei/android-ndk-r17/NDK/arm64/sysroot -Werror -Wall    conftest.c   >&5
configure:12892: $? = 0
configure:12918: result: yes
configure:12921: checking whether the compiler supports -Wdeclaration-after-statement
configure:12939: aarch64-linux-android-gcc -o conftest -D__ANDROID_API__=21 --sysroot=/home/jianglei/android-ndk-r17/NDK/arm64/sysroot -Wall -Werror -Wdeclaration-after-statement    conftest.c   >&5
configure:12939: $? = 0
configure:12965: result: yes
configure:12968: checking whether the compiler supports -Wno-unused-local-typedefs
configure:12986: aarch64-linux-android-gcc -o conftest -D__ANDROID_API__=21 --sysroot=/home/jianglei/android-ndk-r17/NDK/arm64/sysroot -Wall -Wdeclaration-after-statement -Werror -Wno-unused-local-typedefs    conftest.c   >&5
configure:12986: $? = 0
configure:13012: result: yes
configure:13015: checking whether the compiler supports -fno-strict-aliasing
configure:13033: aarch64-linux-android-gcc -o conftest -D__ANDROID_API__=21 --sysroot=/home/jianglei/android-ndk-r17/NDK/arm64/sysroot -Wall -Wdeclaration-after-statement -Wno-unused-local-typedefs -Werror -fno-strict-aliasing    conftest.c   >&5
configure:13033: $? = 0
configure:13059: result: yes
configure:13074: checking for aarch64-linux-android-gcc option to support OpenMP
configure:13089: aarch64-linux-android-gcc -o conftest -D__ANDROID_API__=21 --sysroot=/home/jianglei/android-ndk-r17/NDK/arm64/sysroot -Wall -Wdeclaration-after-statement -Wno-unused-local-typedefs -fno-strict-aliasing   conftest.c  >&5
conftest.c:26:2: error: unknown type name 'choke'
  choke me
  ^
In file included from conftest.c:28:0:
/home/jianglei/android-ndk-r17/NDK/arm64/lib/gcc/aarch64-linux-android/4.9.x/include/omp.h:34:1: error: expected '=', ',', ';', 'asm' or '__attribute__' before 'typedef'
 typedef struct
 ^
configure:13089: $? = 1
configure: failed program was:
| /* confdefs.h */
| #define PACKAGE_NAME "pixman"
| #define PACKAGE_TARNAME "pixman"
| #define PACKAGE_VERSION "0.38.4"
| #define PACKAGE_STRING "pixman 0.38.4"
| #define PACKAGE_BUGREPORT "pixman@lists.freedesktop.org"
| #define PACKAGE_URL ""
| #define PACKAGE "pixman"
| #define VERSION "0.38.4"
| #define STDC_HEADERS 1
| #define HAVE_SYS_TYPES_H 1
| #define HAVE_SYS_STAT_H 1
| #define HAVE_STDLIB_H 1
| #define HAVE_STRING_H 1
| #define HAVE_MEMORY_H 1
| #define HAVE_STRINGS_H 1
| #define HAVE_INTTYPES_H 1
| #define HAVE_STDINT_H 1
| #define HAVE_UNISTD_H 1
| #define HAVE_DLFCN_H 1
| #define LT_OBJDIR ".libs/"
| #define SIZEOF_LONG 8
| /* end confdefs.h.  */
| 
| #ifndef _OPENMP
|  choke me
| #endif
| #include <omp.h>
| int main () { return omp_get_num_threads (); }
| 
configure:13107: aarch64-linux-android-gcc -o conftest -D__ANDROID_API__=21 --sysroot=/home/jianglei/android-ndk-r17/NDK/arm64/sysroot -Wall -Wdeclaration-after-statement -Wno-unused-local-typedefs -fno-strict-aliasing -fopenmp   conftest.c  >&5
configure:13107: $? = 0
configure:13121: result: -fopenmp
configure:13187: aarch64-linux-android-gcc -o conftest -D__ANDROID_API__=21 --sysroot=/home/jianglei/android-ndk-r17/NDK/arm64/sysroot -Wall -Wdeclaration-after-statement -Wno-unused-local-typedefs -fno-strict-aliasing -fopenmp   -fopenmp conftest.c   >&5
configure:13187: $? = 0
configure:13219: checking whether the compiler supports -fvisibility=hidden
configure:13244: aarch64-linux-android-gcc -o conftest -D__ANDROID_API__=21 --sysroot=/home/jianglei/android-ndk-r17/NDK/arm64/sysroot -Wall -Wdeclaration-after-statement -Wno-unused-local-typedefs -fno-strict-aliasing -Werror -fvisibility=hidden    conftest.c   >&5
configure:13244: $? = 0
configure:13270: result: yes
configure:13274: checking whether the compiler supports -xldscope=hidden
configure:13296: aarch64-linux-android-gcc -o conftest -D__ANDROID_API__=21 --sysroot=/home/jianglei/android-ndk-r17/NDK/arm64/sysroot -Wall -Wdeclaration-after-statement -Wno-unused-local-typedefs -fno-strict-aliasing -fvisibility=hidden -Werror -xldscope=hidden    conftest.c   >&5
aarch64-linux-android-gcc: error: language ldscope=hidden not recognized
aarch64-linux-android-gcc: error: language ldscope=hidden not recognized
configure:13296: $? = 1
configure: failed program was:
| /* confdefs.h */
| #define PACKAGE_NAME "pixman"
| #define PACKAGE_TARNAME "pixman"
| #define PACKAGE_VERSION "0.38.4"
| #define PACKAGE_STRING "pixman 0.38.4"
| #define PACKAGE_BUGREPORT "pixman@lists.freedesktop.org"
| #define PACKAGE_URL ""
| #define PACKAGE "pixman"
| #define VERSION "0.38.4"
| #define STDC_HEADERS 1
| #define HAVE_SYS_TYPES_H 1
| #define HAVE_SYS_STAT_H 1
| #define HAVE_STDLIB_H 1
| #define HAVE_STRING_H 1
| #define HAVE_MEMORY_H 1
| #define HAVE_STRINGS_H 1
| #define HAVE_INTTYPES_H 1
| #define HAVE_STDINT_H 1
| #define HAVE_UNISTD_H 1
| #define HAVE_DLFCN_H 1
| #define LT_OBJDIR ".libs/"
| #define SIZEOF_LONG 8
| #define USE_OPENMP 1
| /* end confdefs.h.  */
| #if defined(__SUNPRO_C) && (__SUNPRO_C >= 0x550)
| #else
| #error Need Sun Studio 8 for visibility
| #endif
| 
| 		 int main(int c, char **v) { (void)c; (void)v; return 0; }
| 
configure:13322: result: no
configure:13332: checking whether to use Loongson MMI assembler
configure:13357: aarch64-linux-android-gcc -o conftest  -march=loongson2f -D__ANDROID_API__=21 --sysroot=/home/jianglei/android-ndk-r17/NDK/arm64/sysroot -Wall -Wdeclaration-after-statement -Wno-unused-local-typedefs -fno-strict-aliasing -fvisibility=hidden -I.   conftest.c  >&5
conftest.c:1:0: error: unknown value 'loongson2f' for -march
 /* confdefs.h */
 ^
configure:13357: $? = 1
configure: failed program was:
| /* confdefs.h */
| #define PACKAGE_NAME "pixman"
| #define PACKAGE_TARNAME "pixman"
| #define PACKAGE_VERSION "0.38.4"
| #define PACKAGE_STRING "pixman 0.38.4"
| #define PACKAGE_BUGREPORT "pixman@lists.freedesktop.org"
| #define PACKAGE_URL ""
| #define PACKAGE "pixman"
| #define VERSION "0.38.4"
| #define STDC_HEADERS 1
| #define HAVE_SYS_TYPES_H 1
| #define HAVE_SYS_STAT_H 1
| #define HAVE_STDLIB_H 1
| #define HAVE_STRING_H 1
| #define HAVE_MEMORY_H 1
| #define HAVE_STRINGS_H 1
| #define HAVE_INTTYPES_H 1
| #define HAVE_STDINT_H 1
| #define HAVE_UNISTD_H 1
| #define HAVE_DLFCN_H 1
| #define LT_OBJDIR ".libs/"
| #define SIZEOF_LONG 8
| #define USE_OPENMP 1
| /* end confdefs.h.  */
| 
| #ifndef __mips_loongson_vector_rev
| #error "Loongson Multimedia Instructions are only available on Loongson"
| #endif
| #if defined(__GNUC__) && (__GNUC__ < 4 || (__GNUC__ == 4 && __GNUC_MINOR__ < 4))
| #error "Need GCC >= 4.4 for Loongson MMI compilation"
| #endif
| #include "pixman/loongson-mmintrin.h"
| int main () {
|     union {
|         __m64 v;
|         char c[8];
|     } a = { .c = {1, 2, 3, 4, 5, 6, 7, 8} };
|     int b = 4;
|     __m64 c = _mm_srli_pi16 (a.v, b);
|     return 0;
| }
configure:13384: result: no
configure:13414: checking whether to use MMX intrinsics
configure:13456: aarch64-linux-android-gcc -c -mmmx -Winline -D__ANDROID_API__=21 --sysroot=/home/jianglei/android-ndk-r17/NDK/arm64/sysroot -Wall -Wdeclaration-after-statement -Wno-unused-local-typedefs -fno-strict-aliasing -fvisibility=hidden  conftest.c >&5
aarch64-linux-android-gcc: error: unrecognized command line option '-mmmx'
configure:13456: $? = 1
configure: failed program was:
| /* confdefs.h */
| #define PACKAGE_NAME "pixman"
| #define PACKAGE_TARNAME "pixman"
| #define PACKAGE_VERSION "0.38.4"
| #define PACKAGE_STRING "pixman 0.38.4"
| #define PACKAGE_BUGREPORT "pixman@lists.freedesktop.org"
| #define PACKAGE_URL ""
| #define PACKAGE "pixman"
| #define VERSION "0.38.4"
| #define STDC_HEADERS 1
| #define HAVE_SYS_TYPES_H 1
| #define HAVE_SYS_STAT_H 1
| #define HAVE_STDLIB_H 1
| #define HAVE_STRING_H 1
| #define HAVE_MEMORY_H 1
| #define HAVE_STRINGS_H 1
| #define HAVE_INTTYPES_H 1
| #define HAVE_STDINT_H 1
| #define HAVE_UNISTD_H 1
| #define HAVE_DLFCN_H 1
| #define LT_OBJDIR ".libs/"
| #define SIZEOF_LONG 8
| #define USE_OPENMP 1
| /* end confdefs.h.  */
| 
| #if defined(__GNUC__) && (__GNUC__ < 3 || (__GNUC__ == 3 && __GNUC_MINOR__ < 4))
| #error "Need GCC >= 3.4 for MMX intrinsics"
| #endif
| #include <mmintrin.h>
| #include <stdint.h>
| 
| /* Check support for block expressions */
| #define _mm_shuffle_pi16(A, N)						    ({										__m64 ret;																	/* Some versions of clang will choke on K */ 				asm ("pshufw %2, %1, %0\n\t"						     : "=y" (ret)							     : "y" (A), "K" ((const int8_t)N)					);																		ret;								    })
| 
| int main () {
|     __m64 v = _mm_cvtsi32_si64 (1);
|     __m64 w;
| 
|     w = _mm_shuffle_pi16(v, 5);
| 
|     /* Some versions of clang will choke on this */
|     asm ("pmulhuw %1, %0\n\t"
| 	: "+y" (w)
| 	: "y" (v)
|     );
| 
|     return _mm_cvtsi64_si32 (v);
| }
configure:13482: result: no
configure:13510: checking whether to use SSE2 intrinsics
configure:13533: aarch64-linux-android-gcc -c -msse2 -Winline -D__ANDROID_API__=21 --sysroot=/home/jianglei/android-ndk-r17/NDK/arm64/sysroot -Wall -Wdeclaration-after-statement -Wno-unused-local-typedefs -fno-strict-aliasing -fvisibility=hidden  conftest.c >&5
aarch64-linux-android-gcc: error: unrecognized command line option '-msse2'
configure:13533: $? = 1
configure: failed program was:
| /* confdefs.h */
| #define PACKAGE_NAME "pixman"
| #define PACKAGE_TARNAME "pixman"
| #define PACKAGE_VERSION "0.38.4"
| #define PACKAGE_STRING "pixman 0.38.4"
| #define PACKAGE_BUGREPORT "pixman@lists.freedesktop.org"
| #define PACKAGE_URL ""
| #define PACKAGE "pixman"
| #define VERSION "0.38.4"
| #define STDC_HEADERS 1
| #define HAVE_SYS_TYPES_H 1
| #define HAVE_SYS_STAT_H 1
| #define HAVE_STDLIB_H 1
| #define HAVE_STRING_H 1
| #define HAVE_MEMORY_H 1
| #define HAVE_STRINGS_H 1
| #define HAVE_INTTYPES_H 1
| #define HAVE_STDINT_H 1
| #define HAVE_UNISTD_H 1
| #define HAVE_DLFCN_H 1
| #define LT_OBJDIR ".libs/"
| #define SIZEOF_LONG 8
| #define USE_OPENMP 1
| /* end confdefs.h.  */
| 
| #if defined(__GNUC__) && (__GNUC__ < 4 || (__GNUC__ == 4 && __GNUC_MINOR__ < 2))
| #   if !defined(__amd64__) && !defined(__x86_64__)
| #      error "Need GCC >= 4.2 for SSE2 intrinsics on x86"
| #   endif
| #endif
| #include <mmintrin.h>
| #include <xmmintrin.h>
| #include <emmintrin.h>
| int param;
| int main () {
|     __m128i a = _mm_set1_epi32 (param), b = _mm_set1_epi32 (param + 1), c;
| 	c = _mm_xor_si128 (a, b);
|     return _mm_cvtsi128_si32(c);
| }
configure:13557: result: no
configure:13578: checking whether to use SSSE3 intrinsics
configure:13597: aarch64-linux-android-gcc -c -mssse3 -Winline -D__ANDROID_API__=21 --sysroot=/home/jianglei/android-ndk-r17/NDK/arm64/sysroot -Wall -Wdeclaration-after-statement -Wno-unused-local-typedefs -fno-strict-aliasing -fvisibility=hidden  conftest.c >&5
aarch64-linux-android-gcc: error: unrecognized command line option '-mssse3'
configure:13597: $? = 1
configure: failed program was:
| /* confdefs.h */
| #define PACKAGE_NAME "pixman"
| #define PACKAGE_TARNAME "pixman"
| #define PACKAGE_VERSION "0.38.4"
| #define PACKAGE_STRING "pixman 0.38.4"
| #define PACKAGE_BUGREPORT "pixman@lists.freedesktop.org"
| #define PACKAGE_URL ""
| #define PACKAGE "pixman"
| #define VERSION "0.38.4"
| #define STDC_HEADERS 1
| #define HAVE_SYS_TYPES_H 1
| #define HAVE_SYS_STAT_H 1
| #define HAVE_STDLIB_H 1
| #define HAVE_STRING_H 1
| #define HAVE_MEMORY_H 1
| #define HAVE_STRINGS_H 1
| #define HAVE_INTTYPES_H 1
| #define HAVE_STDINT_H 1
| #define HAVE_UNISTD_H 1
| #define HAVE_DLFCN_H 1
| #define LT_OBJDIR ".libs/"
| #define SIZEOF_LONG 8
| #define USE_OPENMP 1
| /* end confdefs.h.  */
| 
| #include <mmintrin.h>
| #include <xmmintrin.h>
| #include <emmintrin.h>
| #include <tmmintrin.h>
| int param;
| int main () {
|     __m128i a = _mm_set1_epi32 (param), b = _mm_set1_epi32 (param + 1), c;
|     c = _mm_maddubs_epi16 (a, b);
|     return _mm_cvtsi128_si32(c);
| }
configure:13621: result: no
configure:13688: checking whether to use VMX/Altivec intrinsics
configure:13705: aarch64-linux-android-gcc -c -maltivec -mabi=altivec -D__ANDROID_API__=21 --sysroot=/home/jianglei/android-ndk-r17/NDK/arm64/sysroot -Wall -Wdeclaration-after-statement -Wno-unused-local-typedefs -fno-strict-aliasing -fvisibility=hidden  conftest.c >&5
aarch64-linux-android-gcc: error: unrecognized argument in option '-mabi=altivec'
aarch64-linux-android-gcc: note: valid arguments to '-mabi=' are: ilp32 lp64
aarch64-linux-android-gcc: error: unrecognized command line option '-maltivec'
configure:13705: $? = 1
configure: failed program was:
| /* confdefs.h */
| #define PACKAGE_NAME "pixman"
| #define PACKAGE_TARNAME "pixman"
| #define PACKAGE_VERSION "0.38.4"
| #define PACKAGE_STRING "pixman 0.38.4"
| #define PACKAGE_BUGREPORT "pixman@lists.freedesktop.org"
| #define PACKAGE_URL ""
| #define PACKAGE "pixman"
| #define VERSION "0.38.4"
| #define STDC_HEADERS 1
| #define HAVE_SYS_TYPES_H 1
| #define HAVE_SYS_STAT_H 1
| #define HAVE_STDLIB_H 1
| #define HAVE_STRING_H 1
| #define HAVE_MEMORY_H 1
| #define HAVE_STRINGS_H 1
| #define HAVE_INTTYPES_H 1
| #define HAVE_STDINT_H 1
| #define HAVE_UNISTD_H 1
| #define HAVE_DLFCN_H 1
| #define LT_OBJDIR ".libs/"
| #define SIZEOF_LONG 8
| #define USE_OPENMP 1
| /* end confdefs.h.  */
| 
| #if defined(__GNUC__) && (__GNUC__ < 3 || (__GNUC__ == 3 && __GNUC_MINOR__ < 4))
| #error "Need GCC >= 3.4 for sane altivec support"
| #endif
| #include <altivec.h>
| int main () {
|     vector unsigned int v = vec_splat_u32 (1);
|     v = vec_sub (v, v);
|     return 0;
| }
configure:13731: result: no
configure:13749: checking whether to use ARM SIMD assembler
configure:13767: aarch64-linux-android-gcc -c -x assembler-with-cpp -D__ANDROID_API__=21 --sysroot=/home/jianglei/android-ndk-r17/NDK/arm64/sysroot -Wall -Wdeclaration-after-statement -Wno-unused-local-typedefs -fno-strict-aliasing -fvisibility=hidden  conftest.c >&5
conftest.c:32:2: error: #error EABI is required (to be sure that calling conventions are compatible)
 #error EABI is required (to be sure that calling conventions are compatible)
  ^
configure:13767: $? = 1
configure: failed program was:
| /* confdefs.h */
| #define PACKAGE_NAME "pixman"
| #define PACKAGE_TARNAME "pixman"
| #define PACKAGE_VERSION "0.38.4"
| #define PACKAGE_STRING "pixman 0.38.4"
| #define PACKAGE_BUGREPORT "pixman@lists.freedesktop.org"
| #define PACKAGE_URL ""
| #define PACKAGE "pixman"
| #define VERSION "0.38.4"
| #define STDC_HEADERS 1
| #define HAVE_SYS_TYPES_H 1
| #define HAVE_SYS_STAT_H 1
| #define HAVE_STDLIB_H 1
| #define HAVE_STRING_H 1
| #define HAVE_MEMORY_H 1
| #define HAVE_STRINGS_H 1
| #define HAVE_INTTYPES_H 1
| #define HAVE_STDINT_H 1
| #define HAVE_UNISTD_H 1
| #define HAVE_DLFCN_H 1
| #define LT_OBJDIR ".libs/"
| #define SIZEOF_LONG 8
| #define USE_OPENMP 1
| /* end confdefs.h.  */
| 
| .text
| .arch armv6
| .object_arch armv4
| .arm
| .altmacro
| #ifndef __ARM_EABI__
| #error EABI is required (to be sure that calling conventions are compatible)
| #endif
| pld [r0]
| uqadd8 r0, r0, r0
configure:13800: result: no
configure:13807: checking whether to use ARM NEON assembler
configure:13827: aarch64-linux-android-gcc -c -x assembler-with-cpp -D__ANDROID_API__=21 --sysroot=/home/jianglei/android-ndk-r17/NDK/arm64/sysroot -Wall -Wdeclaration-after-statement -Wno-unused-local-typedefs -fno-strict-aliasing -fvisibility=hidden  conftest.c >&5
conftest.c:34:2: error: #error EABI is required (to be sure that calling conventions are compatible)
 #error EABI is required (to be sure that calling conventions are compatible)
  ^
configure:13827: $? = 1
configure: failed program was:
| /* confdefs.h */
| #define PACKAGE_NAME "pixman"
| #define PACKAGE_TARNAME "pixman"
| #define PACKAGE_VERSION "0.38.4"
| #define PACKAGE_STRING "pixman 0.38.4"
| #define PACKAGE_BUGREPORT "pixman@lists.freedesktop.org"
| #define PACKAGE_URL ""
| #define PACKAGE "pixman"
| #define VERSION "0.38.4"
| #define STDC_HEADERS 1
| #define HAVE_SYS_TYPES_H 1
| #define HAVE_SYS_STAT_H 1
| #define HAVE_STDLIB_H 1
| #define HAVE_STRING_H 1
| #define HAVE_MEMORY_H 1
| #define HAVE_STRINGS_H 1
| #define HAVE_INTTYPES_H 1
| #define HAVE_STDINT_H 1
| #define HAVE_UNISTD_H 1
| #define HAVE_DLFCN_H 1
| #define LT_OBJDIR ".libs/"
| #define SIZEOF_LONG 8
| #define USE_OPENMP 1
| /* end confdefs.h.  */
| 
| .text
| .fpu neon
| .arch armv7a
| .object_arch armv4
| .eabi_attribute 10, 0
| .arm
| .altmacro
| #ifndef __ARM_EABI__
| #error EABI is required (to be sure that calling conventions are compatible)
| #endif
| pld [r0]
| vmovn.u16 d0, q0
configure:13860: result: no
configure:13891: checking whether to use ARM IWMMXT intrinsics
configure:13917: aarch64-linux-android-gcc -c -D__ANDROID_API__=21 --sysroot=/home/jianglei/android-ndk-r17/NDK/arm64/sysroot -Wall -Wdeclaration-after-statement -Wno-unused-local-typedefs -fno-strict-aliasing -fvisibility=hidden -flax-vector-conversions -Winline -march=iwmmxt2  conftest.c >&5
conftest.c:1:0: error: unknown value 'iwmmxt2' for -march
 /* confdefs.h */
 ^
configure:13917: $? = 1
configure: failed program was:
| /* confdefs.h */
| #define PACKAGE_NAME "pixman"
| #define PACKAGE_TARNAME "pixman"
| #define PACKAGE_VERSION "0.38.4"
| #define PACKAGE_STRING "pixman 0.38.4"
| #define PACKAGE_BUGREPORT "pixman@lists.freedesktop.org"
| #define PACKAGE_URL ""
| #define PACKAGE "pixman"
| #define VERSION "0.38.4"
| #define STDC_HEADERS 1
| #define HAVE_SYS_TYPES_H 1
| #define HAVE_SYS_STAT_H 1
| #define HAVE_STDLIB_H 1
| #define HAVE_STRING_H 1
| #define HAVE_MEMORY_H 1
| #define HAVE_STRINGS_H 1
| #define HAVE_INTTYPES_H 1
| #define HAVE_STDINT_H 1
| #define HAVE_UNISTD_H 1
| #define HAVE_DLFCN_H 1
| #define LT_OBJDIR ".libs/"
| #define SIZEOF_LONG 8
| #define USE_OPENMP 1
| /* end confdefs.h.  */
| 
| #ifndef __arm__
| #error "IWMMXT is only available on ARM"
| #endif
| #ifndef __IWMMXT__
| #error "IWMMXT not enabled (with -march=iwmmxt)"
| #endif
| #if defined(__GNUC__) && (__GNUC__ < 4 || (__GNUC__ == 4 && __GNUC_MINOR__ < 8))
| #error "Need GCC >= 4.8 for IWMMXT intrinsics"
| #endif
| #include <mmintrin.h>
| int main () {
| 	union {
| 		__m64 v;
| 		char c[8];
| 	} a = { .c = {1, 2, 3, 4, 5, 6, 7, 8} };
| 	int b = 4;
| 	__m64 c = _mm_srli_si64 (a.v, b);
| }
configure:13935: result: no
configure:13952: checking whether to use MIPS DSPr2 assembler
configure:13975: aarch64-linux-android-gcc -c -mdspr2 -D__ANDROID_API__=21 --sysroot=/home/jianglei/android-ndk-r17/NDK/arm64/sysroot -Wall -Wdeclaration-after-statement -Wno-unused-local-typedefs -fno-strict-aliasing -fvisibility=hidden  conftest.c >&5
aarch64-linux-android-gcc: error: unrecognized command line option '-mdspr2'
configure:13975: $? = 1
configure: failed program was:
| /* confdefs.h */
| #define PACKAGE_NAME "pixman"
| #define PACKAGE_TARNAME "pixman"
| #define PACKAGE_VERSION "0.38.4"
| #define PACKAGE_STRING "pixman 0.38.4"
| #define PACKAGE_BUGREPORT "pixman@lists.freedesktop.org"
| #define PACKAGE_URL ""
| #define PACKAGE "pixman"
| #define VERSION "0.38.4"
| #define STDC_HEADERS 1
| #define HAVE_SYS_TYPES_H 1
| #define HAVE_SYS_STAT_H 1
| #define HAVE_STDLIB_H 1
| #define HAVE_STRING_H 1
| #define HAVE_MEMORY_H 1
| #define HAVE_STRINGS_H 1
| #define HAVE_INTTYPES_H 1
| #define HAVE_STDINT_H 1
| #define HAVE_UNISTD_H 1
| #define HAVE_DLFCN_H 1
| #define LT_OBJDIR ".libs/"
| #define SIZEOF_LONG 8
| #define USE_OPENMP 1
| /* end confdefs.h.  */
| 
| #if !(defined(__mips__) &&  __mips_isa_rev >= 2)
| #error MIPS DSPr2 is currently only available on MIPS32r2 platforms.
| #endif
| int
| main ()
| {
|     int c = 0, a = 0, b = 0;
|     __asm__ __volatile__ (
|         "precr.qb.ph %[c], %[a], %[b]          \n\t"
|         : [c] "=r" (c)
|         : [a] "r" (a), [b] "r" (b)
|     );
|     return c;
| }
configure:14008: result: no
configure:14016: checking whether to use GNU-style inline assembler
configure:14027: aarch64-linux-android-gcc -c -D__ANDROID_API__=21 --sysroot=/home/jianglei/android-ndk-r17/NDK/arm64/sysroot -Wall -Wdeclaration-after-statement -Wno-unused-local-typedefs -fno-strict-aliasing -fvisibility=hidden  conftest.c >&5
configure:14027: $? = 0
configure:14050: result: yes
configure:14132: checking for aarch64-linux-pkg-config
configure:14165: result: no
configure:14175: checking for pkg-config
configure:14193: found /usr/bin/pkg-config
configure:14205: result: /usr/bin/pkg-config
configure:14230: checking pkg-config is at least version 0.9.0
configure:14233: result: yes
configure:14382: checking for pixman_version_string in -lpixman-1
configure:14407: aarch64-linux-android-gcc -o conftest -D__ANDROID_API__=21 --sysroot=/home/jianglei/android-ndk-r17/NDK/arm64/sysroot -Wall -Wdeclaration-after-statement -Wno-unused-local-typedefs -fno-strict-aliasing -fvisibility=hidden   conftest.c -lpixman-1   >&5
/home/jianglei/android-ndk-r17/NDK/arm64/bin/../lib/gcc/aarch64-linux-android/4.9.x/../../../../aarch64-linux-android/bin/ld: cannot find -lpixman-1
collect2: error: ld returned 1 exit status
configure:14407: $? = 1
configure: failed program was:
| /* confdefs.h */
| #define PACKAGE_NAME "pixman"
| #define PACKAGE_TARNAME "pixman"
| #define PACKAGE_VERSION "0.38.4"
| #define PACKAGE_STRING "pixman 0.38.4"
| #define PACKAGE_BUGREPORT "pixman@lists.freedesktop.org"
| #define PACKAGE_URL ""
| #define PACKAGE "pixman"
| #define VERSION "0.38.4"
| #define STDC_HEADERS 1
| #define HAVE_SYS_TYPES_H 1
| #define HAVE_SYS_STAT_H 1
| #define HAVE_STDLIB_H 1
| #define HAVE_STRING_H 1
| #define HAVE_MEMORY_H 1
| #define HAVE_STRINGS_H 1
| #define HAVE_INTTYPES_H 1
| #define HAVE_STDINT_H 1
| #define HAVE_UNISTD_H 1
| #define HAVE_DLFCN_H 1
| #define LT_OBJDIR ".libs/"
| #define SIZEOF_LONG 8
| #define USE_OPENMP 1
| #define USE_GCC_INLINE_ASM 1
| /* end confdefs.h.  */
| 
| /* Override any GCC internal prototype to avoid an error.
|    Use char because int might match the return type of a GCC
|    builtin and then its argument prototype would still apply.  */
| #ifdef __cplusplus
| extern "C"
| #endif
| char pixman_version_string ();
| int
| main ()
| {
| return pixman_version_string ();
|   ;
|   return 0;
| }
configure:14416: result: no
configure:14513: checking for posix_memalign
configure:14513: aarch64-linux-android-gcc -o conftest -D__ANDROID_API__=21 --sysroot=/home/jianglei/android-ndk-r17/NDK/arm64/sysroot -Wall -Wdeclaration-after-statement -Wno-unused-local-typedefs -fno-strict-aliasing -fvisibility=hidden   conftest.c  >&5
conftest.c:49:6: warning: conflicting types for built-in function 'posix_memalign'
 char posix_memalign ();
      ^
configure:14513: $? = 0
configure:14513: result: yes
configure:14526: checking for sigaction
configure:14526: aarch64-linux-android-gcc -o conftest -D__ANDROID_API__=21 --sysroot=/home/jianglei/android-ndk-r17/NDK/arm64/sysroot -Wall -Wdeclaration-after-statement -Wno-unused-local-typedefs -fno-strict-aliasing -fvisibility=hidden   conftest.c  >&5
configure:14526: $? = 0
configure:14526: result: yes
configure:14539: checking for alarm
configure:14539: aarch64-linux-android-gcc -o conftest -D__ANDROID_API__=21 --sysroot=/home/jianglei/android-ndk-r17/NDK/arm64/sysroot -Wall -Wdeclaration-after-statement -Wno-unused-local-typedefs -fno-strict-aliasing -fvisibility=hidden   conftest.c  >&5
configure:14539: $? = 0
configure:14539: result: yes
configure:14552: checking sys/mman.h usability
configure:14552: aarch64-linux-android-gcc -c -D__ANDROID_API__=21 --sysroot=/home/jianglei/android-ndk-r17/NDK/arm64/sysroot -Wall -Wdeclaration-after-statement -Wno-unused-local-typedefs -fno-strict-aliasing -fvisibility=hidden  conftest.c >&5
configure:14552: $? = 0
configure:14552: result: yes
configure:14552: checking sys/mman.h presence
configure:14552: aarch64-linux-android-gcc -E  conftest.c
configure:14552: $? = 0
configure:14552: result: yes
configure:14552: checking for sys/mman.h
configure:14552: result: yes
configure:14561: checking for mmap
configure:14561: aarch64-linux-android-gcc -o conftest -D__ANDROID_API__=21 --sysroot=/home/jianglei/android-ndk-r17/NDK/arm64/sysroot -Wall -Wdeclaration-after-statement -Wno-unused-local-typedefs -fno-strict-aliasing -fvisibility=hidden   conftest.c  >&5
configure:14561: $? = 0
configure:14561: result: yes
configure:14574: checking for mprotect
configure:14574: aarch64-linux-android-gcc -o conftest -D__ANDROID_API__=21 --sysroot=/home/jianglei/android-ndk-r17/NDK/arm64/sysroot -Wall -Wdeclaration-after-statement -Wno-unused-local-typedefs -fno-strict-aliasing -fvisibility=hidden   conftest.c  >&5
configure:14574: $? = 0
configure:14574: result: yes
configure:14587: checking for getpagesize
configure:14587: aarch64-linux-android-gcc -o conftest -D__ANDROID_API__=21 --sysroot=/home/jianglei/android-ndk-r17/NDK/arm64/sysroot -Wall -Wdeclaration-after-statement -Wno-unused-local-typedefs -fno-strict-aliasing -fvisibility=hidden   conftest.c  >&5
configure:14587: $? = 0
configure:14587: result: yes
configure:14600: checking fenv.h usability
configure:14600: aarch64-linux-android-gcc -c -D__ANDROID_API__=21 --sysroot=/home/jianglei/android-ndk-r17/NDK/arm64/sysroot -Wall -Wdeclaration-after-statement -Wno-unused-local-typedefs -fno-strict-aliasing -fvisibility=hidden  conftest.c >&5
configure:14600: $? = 0
configure:14600: result: yes
configure:14600: checking fenv.h presence
configure:14600: aarch64-linux-android-gcc -E  conftest.c
configure:14600: $? = 0
configure:14600: result: yes
configure:14600: checking for fenv.h
configure:14600: result: yes
configure:14609: checking for feenableexcept in -lm
configure:14634: aarch64-linux-android-gcc -o conftest -D__ANDROID_API__=21 --sysroot=/home/jianglei/android-ndk-r17/NDK/arm64/sysroot -Wall -Wdeclaration-after-statement -Wno-unused-local-typedefs -fno-strict-aliasing -fvisibility=hidden   conftest.c -lm   >&5
configure:14634: $? = 0
configure:14643: result: yes
configure:14657: checking whether FE_DIVBYZERO is declared
configure:14657: aarch64-linux-android-gcc -c -D__ANDROID_API__=21 --sysroot=/home/jianglei/android-ndk-r17/NDK/arm64/sysroot -Wall -Wdeclaration-after-statement -Wno-unused-local-typedefs -fno-strict-aliasing -fvisibility=hidden  conftest.c >&5
configure:14657: $? = 0
configure:14657: result: yes
configure:14666: checking for gettimeofday
configure:14666: aarch64-linux-android-gcc -o conftest -D__ANDROID_API__=21 --sysroot=/home/jianglei/android-ndk-r17/NDK/arm64/sysroot -Wall -Wdeclaration-after-statement -Wno-unused-local-typedefs -fno-strict-aliasing -fvisibility=hidden   conftest.c  >&5
configure:14666: $? = 0
configure:14666: result: yes
configure:14673: checking sys/time.h usability
configure:14673: aarch64-linux-android-gcc -c -D__ANDROID_API__=21 --sysroot=/home/jianglei/android-ndk-r17/NDK/arm64/sysroot -Wall -Wdeclaration-after-statement -Wno-unused-local-typedefs -fno-strict-aliasing -fvisibility=hidden  conftest.c >&5
configure:14673: $? = 0
configure:14673: result: yes
configure:14673: checking sys/time.h presence
configure:14673: aarch64-linux-android-gcc -E  conftest.c
configure:14673: $? = 0
configure:14673: result: yes
configure:14673: checking for sys/time.h
configure:14673: result: yes
configure:14688: checking for library containing sqrtf
configure:14719: aarch64-linux-android-gcc -o conftest -D__ANDROID_API__=21 --sysroot=/home/jianglei/android-ndk-r17/NDK/arm64/sysroot -Wall -Wdeclaration-after-statement -Wno-unused-local-typedefs -fno-strict-aliasing -fvisibility=hidden   conftest.c  >&5
conftest.c:44:6: warning: conflicting types for built-in function 'sqrtf'
 char sqrtf ();
      ^
/tmp/ccnOUeJ5.o: In function `main':
conftest.c:(.text+0x8): undefined reference to `sqrtf'
collect2: error: ld returned 1 exit status
configure:14719: $? = 1
configure: failed program was:
| /* confdefs.h */
| #define PACKAGE_NAME "pixman"
| #define PACKAGE_TARNAME "pixman"
| #define PACKAGE_VERSION "0.38.4"
| #define PACKAGE_STRING "pixman 0.38.4"
| #define PACKAGE_BUGREPORT "pixman@lists.freedesktop.org"
| #define PACKAGE_URL ""
| #define PACKAGE "pixman"
| #define VERSION "0.38.4"
| #define STDC_HEADERS 1
| #define HAVE_SYS_TYPES_H 1
| #define HAVE_SYS_STAT_H 1
| #define HAVE_STDLIB_H 1
| #define HAVE_STRING_H 1
| #define HAVE_MEMORY_H 1
| #define HAVE_STRINGS_H 1
| #define HAVE_INTTYPES_H 1
| #define HAVE_STDINT_H 1
| #define HAVE_UNISTD_H 1
| #define HAVE_DLFCN_H 1
| #define LT_OBJDIR ".libs/"
| #define SIZEOF_LONG 8
| #define USE_OPENMP 1
| #define USE_GCC_INLINE_ASM 1
| #define HAVE_POSIX_MEMALIGN 1
| #define HAVE_SIGACTION 1
| #define HAVE_ALARM 1
| #define HAVE_SYS_MMAN_H 1
| #define HAVE_MMAP 1
| #define HAVE_MPROTECT 1
| #define HAVE_GETPAGESIZE 1
| #define HAVE_FENV_H 1
| #define HAVE_FEENABLEEXCEPT 1
| #define HAVE_FEDIVBYZERO 1
| #define HAVE_GETTIMEOFDAY 1
| /* end confdefs.h.  */
| 
| /* Override any GCC internal prototype to avoid an error.
|    Use char because int might match the return type of a GCC
|    builtin and then its argument prototype would still apply.  */
| #ifdef __cplusplus
| extern "C"
| #endif
| char sqrtf ();
| int
| main ()
| {
| return sqrtf ();
|   ;
|   return 0;
| }
configure:14719: aarch64-linux-android-gcc -o conftest -D__ANDROID_API__=21 --sysroot=/home/jianglei/android-ndk-r17/NDK/arm64/sysroot -Wall -Wdeclaration-after-statement -Wno-unused-local-typedefs -fno-strict-aliasing -fvisibility=hidden   conftest.c -lm   >&5
conftest.c:44:6: warning: conflicting types for built-in function 'sqrtf'
 char sqrtf ();
      ^
configure:14719: $? = 0
configure:14736: result: -lm
configure:14750: checking for thread local storage (TLS) support
configure:14778: aarch64-linux-android-gcc -c -D__ANDROID_API__=21 --sysroot=/home/jianglei/android-ndk-r17/NDK/arm64/sysroot -Wall -Wdeclaration-after-statement -Wno-unused-local-typedefs -fno-strict-aliasing -fvisibility=hidden  conftest.c >&5
configure:14778: $? = 0
configure:14786: result: __thread
configure:14804: checking for pthreads
configure:14854: aarch64-linux-android-gcc -o conftest -D__ANDROID_API__=21 --sysroot=/home/jianglei/android-ndk-r17/NDK/arm64/sysroot -Wall -Wdeclaration-after-statement -Wno-unused-local-typedefs -fno-strict-aliasing -fvisibility=hidden -pthread   -pthread conftest.c -lm   >&5
configure:14854: $? = 0
configure:15042: result: yes
configure:15054: checking for __attribute__((constructor))
configure:15071: aarch64-linux-android-gcc -o conftest -D__ANDROID_API__=21 --sysroot=/home/jianglei/android-ndk-r17/NDK/arm64/sysroot -Wall -Wdeclaration-after-statement -Wno-unused-local-typedefs -fno-strict-aliasing -fvisibility=hidden   conftest.c -lm  >&5
configure:15071: $? = 0
configure:15083: result: yes
configure:15090: checking for __float128
configure:15098: aarch64-linux-android-gcc -o conftest -D__ANDROID_API__=21 --sysroot=/home/jianglei/android-ndk-r17/NDK/arm64/sysroot -Wall -Wdeclaration-after-statement -Wno-unused-local-typedefs -fno-strict-aliasing -fvisibility=hidden   conftest.c -lm  >&5
conftest.c:41:1: error: unknown type name '__float128'
 __float128 a = 1.0Q, b = 2.0Q; int main (void) { return a + b; }
 ^
configure:15098: $? = 1
configure: failed program was:
| /* confdefs.h */
| #define PACKAGE_NAME "pixman"
| #define PACKAGE_TARNAME "pixman"
| #define PACKAGE_VERSION "0.38.4"
| #define PACKAGE_STRING "pixman 0.38.4"
| #define PACKAGE_BUGREPORT "pixman@lists.freedesktop.org"
| #define PACKAGE_URL ""
| #define PACKAGE "pixman"
| #define VERSION "0.38.4"
| #define STDC_HEADERS 1
| #define HAVE_SYS_TYPES_H 1
| #define HAVE_SYS_STAT_H 1
| #define HAVE_STDLIB_H 1
| #define HAVE_STRING_H 1
| #define HAVE_MEMORY_H 1
| #define HAVE_STRINGS_H 1
| #define HAVE_INTTYPES_H 1
| #define HAVE_STDINT_H 1
| #define HAVE_UNISTD_H 1
| #define HAVE_DLFCN_H 1
| #define LT_OBJDIR ".libs/"
| #define SIZEOF_LONG 8
| #define USE_OPENMP 1
| #define USE_GCC_INLINE_ASM 1
| #define HAVE_POSIX_MEMALIGN 1
| #define HAVE_SIGACTION 1
| #define HAVE_ALARM 1
| #define HAVE_SYS_MMAN_H 1
| #define HAVE_MMAP 1
| #define HAVE_MPROTECT 1
| #define HAVE_GETPAGESIZE 1
| #define HAVE_FENV_H 1
| #define HAVE_FEENABLEEXCEPT 1
| #define HAVE_FEDIVBYZERO 1
| #define HAVE_GETTIMEOFDAY 1
| #define TLS __thread
| #define HAVE_PTHREADS /**/
| #define TOOLCHAIN_SUPPORTS_ATTRIBUTE_CONSTRUCTOR /**/
| /* end confdefs.h.  */
| 
| __float128 a = 1.0Q, b = 2.0Q; int main (void) { return a + b; }
| 
configure:15110: result: no
configure:15116: checking for __builtin_clz
configure:15124: aarch64-linux-android-gcc -o conftest -D__ANDROID_API__=21 --sysroot=/home/jianglei/android-ndk-r17/NDK/arm64/sysroot -Wall -Wdeclaration-after-statement -Wno-unused-local-typedefs -fno-strict-aliasing -fvisibility=hidden   conftest.c -lm  >&5
configure:15124: $? = 0
configure:15136: result: yes
configure:15142: checking for GCC vector extensions
configure:15151: aarch64-linux-android-gcc -o conftest -D__ANDROID_API__=21 --sysroot=/home/jianglei/android-ndk-r17/NDK/arm64/sysroot -Wall -Wdeclaration-after-statement -Wno-unused-local-typedefs -fno-strict-aliasing -fvisibility=hidden   conftest.c -lm  >&5
configure:15151: $? = 0
configure:15163: result: yes
configure:15270: checking for PNG
configure:15277: $PKG_CONFIG --exists --print-errors "libpng"
configure:15280: $? = 0
configure:15294: $PKG_CONFIG --exists --print-errors "libpng"
configure:15297: $? = 0
configure:15335: result: yes
configure:15460: checking that generated files are newer than configure
configure:15466: result: done
configure:15538: creating ./config.status

## ---------------------- ##
## Running config.status. ##
## ---------------------- ##

This file was extended by pixman config.status 0.38.4, which was
generated by GNU Autoconf 2.69.  Invocation command line was

  CONFIG_FILES    = 
  CONFIG_HEADERS  = 
  CONFIG_LINKS    = 
  CONFIG_COMMANDS = 
  $ ./config.status 

on jianglei

config.status:1168: creating pixman-1.pc
config.status:1168: creating pixman-1-uninstalled.pc
config.status:1168: creating Makefile
config.status:1168: creating pixman/Makefile
config.status:1168: creating pixman/pixman-version.h
config.status:1168: creating demos/Makefile
config.status:1168: creating test/Makefile
config.status:1168: creating config.h
config.status:1397: executing depfiles commands
config.status:1474: cd pixman       && sed -e '/# am--include-marker/d' Makefile         | make -f - am--depfiles
make: Nothing to be done for 'am--depfiles'.
config.status:1479: $? = 0
config.status:1474: cd demos       && sed -e '/# am--include-marker/d' Makefile         | make -f - am--depfiles
make: Nothing to be done for 'am--depfiles'.
config.status:1479: $? = 0
config.status:1474: cd test       && sed -e '/# am--include-marker/d' Makefile         | make -f - am--depfiles
make: Nothing to be done for 'am--depfiles'.
config.status:1479: $? = 0
config.status:1397: executing libtool commands
configure:17684: WARNING: unrecognized options: --enable-glesv2

## ---------------- ##
## Cache variables. ##
## ---------------- ##

ac_cv_build=x86_64-pc-linux-gnu
ac_cv_c_bigendian=no
ac_cv_c_compiler_gnu=yes
ac_cv_c_inline=inline
ac_cv_env_CCASFLAGS_set=
ac_cv_env_CCASFLAGS_value=
ac_cv_env_CCAS_set=
ac_cv_env_CCAS_value=
ac_cv_env_CC_set=set
ac_cv_env_CC_value=aarch64-linux-android-gcc
ac_cv_env_CFLAGS_set=set
ac_cv_env_CFLAGS_value='-D__ANDROID_API__=21 --sysroot=/home/jianglei/android-ndk-r17/NDK/arm64/sysroot'
ac_cv_env_CPPFLAGS_set=
ac_cv_env_CPPFLAGS_value=
ac_cv_env_CPP_set=
ac_cv_env_CPP_value=
ac_cv_env_GTK_CFLAGS_set=
ac_cv_env_GTK_CFLAGS_value=
ac_cv_env_GTK_LIBS_set=
ac_cv_env_GTK_LIBS_value=
ac_cv_env_LDFLAGS_set=
ac_cv_env_LDFLAGS_value=
ac_cv_env_LIBS_set=
ac_cv_env_LIBS_value=
ac_cv_env_LT_SYS_LIBRARY_PATH_set=
ac_cv_env_LT_SYS_LIBRARY_PATH_value=
ac_cv_env_PKG_CONFIG_LIBDIR_set=set
ac_cv_env_PKG_CONFIG_LIBDIR_value=/home/jianglei/svg/build/usr/local/lib/pkgconfig
ac_cv_env_PKG_CONFIG_PATH_set=
ac_cv_env_PKG_CONFIG_PATH_value=
ac_cv_env_PKG_CONFIG_set=
ac_cv_env_PKG_CONFIG_value=
ac_cv_env_PNG_CFLAGS_set=
ac_cv_env_PNG_CFLAGS_value=
ac_cv_env_PNG_LIBS_set=
ac_cv_env_PNG_LIBS_value=
ac_cv_env_build_alias_set=
ac_cv_env_build_alias_value=
ac_cv_env_host_alias_set=set
ac_cv_env_host_alias_value=aarch64-linux
ac_cv_env_target_alias_set=
ac_cv_env_target_alias_value=
ac_cv_func_alarm=yes
ac_cv_func_getisax=no
ac_cv_func_getpagesize=yes
ac_cv_func_gettimeofday=yes
ac_cv_func_mmap=yes
ac_cv_func_mprotect=yes
ac_cv_func_posix_memalign=yes
ac_cv_func_sigaction=yes
ac_cv_have_decl_FE_DIVBYZERO=yes
ac_cv_have_decl___SUNPRO_C=no
ac_cv_have_decl___amd64=no
ac_cv_header_dlfcn_h=yes
ac_cv_header_fenv_h=yes
ac_cv_header_inttypes_h=yes
ac_cv_header_memory_h=yes
ac_cv_header_stdc=yes
ac_cv_header_stdint_h=yes
ac_cv_header_stdlib_h=yes
ac_cv_header_string_h=yes
ac_cv_header_strings_h=yes
ac_cv_header_sys_mman_h=yes
ac_cv_header_sys_stat_h=yes
ac_cv_header_sys_time_h=yes
ac_cv_header_sys_types_h=yes
ac_cv_header_unistd_h=yes
ac_cv_host=aarch64-unknown-linux-gnu
ac_cv_lib_m_feenableexcept=yes
ac_cv_lib_pixman_1_pixman_version_string=no
ac_cv_objext=o
ac_cv_path_EGREP='/bin/grep -E'
ac_cv_path_FGREP='/bin/grep -F'
ac_cv_path_GREP=/bin/grep
ac_cv_path_SED=/bin/sed
ac_cv_path_ac_pt_PKG_CONFIG=/usr/bin/pkg-config
ac_cv_path_install='/usr/bin/install -c'
ac_cv_path_lt_DD=/bin/dd
ac_cv_path_mkdir=/bin/mkdir
ac_cv_prog_AR=aarch64-linux-android-ar
ac_cv_prog_AWK=mawk
ac_cv_prog_CC=aarch64-linux-android-gcc
ac_cv_prog_CPP='aarch64-linux-android-gcc -E'
ac_cv_prog_OBJDUMP=aarch64-linux-android-objdump
ac_cv_prog_RANLIB=aarch64-linux-android-ranlib
ac_cv_prog_STRIP=aarch64-linux-android-strip
ac_cv_prog_ac_ct_MANIFEST_TOOL=mt
ac_cv_prog_c_openmp=-fopenmp
ac_cv_prog_cc_c89=
ac_cv_prog_cc_g=yes
ac_cv_prog_make_make_set=yes
ac_cv_search_sqrtf=-lm
ac_cv_sizeof_long=8
ac_cv_tls=__thread
am_cv_CCAS_dependencies_compiler_type=gcc3
am_cv_CC_dependencies_compiler_type=gcc3
am_cv_make_support_nested_variables=yes
am_cv_prog_cc_c_o=yes
lt_cv_ar_at_file=@
lt_cv_archive_cmds_need_lc=no
lt_cv_deplibs_check_method=pass_all
lt_cv_file_magic_cmd='$MAGIC_CMD'
lt_cv_file_magic_test_file=
lt_cv_ld_reload_flag=-r
lt_cv_nm_interface='BSD nm'
lt_cv_objdir=.libs
lt_cv_path_LD=aarch64-linux-android-ld
lt_cv_path_NM=aarch64-linux-android-nm
lt_cv_path_mainfest_tool=no
lt_cv_prog_compiler_c_o=yes
lt_cv_prog_compiler_pic='-fPIC -DPIC'
lt_cv_prog_compiler_pic_works=yes
lt_cv_prog_compiler_rtti_exceptions=no
lt_cv_prog_compiler_static_works=yes
lt_cv_prog_gnu_ld=yes
lt_cv_sharedlib_from_linklib_cmd='printf %s\n'
lt_cv_shlibpath_overrides_runpath=no
lt_cv_sys_global_symbol_pipe='sed -n -e '\''s/^.*[	 ]\([ABCDGIRSTW][ABCDGIRSTW]*\)[	 ][	 ]*\([_A-Za-z][_A-Za-z0-9]*\)$/\1 \2 \2/p'\'' | sed '\''/ __gnu_lto/d'\'''
lt_cv_sys_global_symbol_to_c_name_address='sed -n -e '\''s/^: \(.*\) .*$/  {"\1", (void *) 0},/p'\'' -e '\''s/^[ABCDGIRSTW][ABCDGIRSTW]* .* \(.*\)$/  {"\1", (void *) \&\1},/p'\'''
lt_cv_sys_global_symbol_to_c_name_address_lib_prefix='sed -n -e '\''s/^: \(.*\) .*$/  {"\1", (void *) 0},/p'\'' -e '\''s/^[ABCDGIRSTW][ABCDGIRSTW]* .* \(lib.*\)$/  {"\1", (void *) \&\1},/p'\'' -e '\''s/^[ABCDGIRSTW][ABCDGIRSTW]* .* \(.*\)$/  {"lib\1", (void *) \&\1},/p'\'''
lt_cv_sys_global_symbol_to_cdecl='sed -n -e '\''s/^T .* \(.*\)$/extern int \1();/p'\'' -e '\''s/^[ABCDGIRSTW][ABCDGIRSTW]* .* \(.*\)$/extern char \1;/p'\'''
lt_cv_sys_global_symbol_to_import=
lt_cv_sys_max_cmd_len=1572864
lt_cv_to_host_file_cmd=func_convert_file_noop
lt_cv_to_tool_file_cmd=func_convert_file_noop
lt_cv_truncate_bin='/bin/dd bs=4096 count=1'
pkg_cv_PNG_CFLAGS='-I/home/jianglei/svg/build/usr/local/include/libpng16 -I/home/jianglei/svg/build/usr/local/include'
pkg_cv_PNG_LIBS='-L/home/jianglei/svg/build/usr/local/lib -lpng16 -lz'

## ----------------- ##
## Output variables. ##
## ----------------- ##

ACLOCAL='${SHELL} /home/jianglei/svg/pixman-0.38.4/missing aclocal-1.16'
AMDEPBACKSLASH='\'
AMDEP_FALSE='#'
AMDEP_TRUE=''
AMTAR='$${TAR-tar}'
AM_BACKSLASH='\'
AM_DEFAULT_V='$(AM_DEFAULT_VERBOSITY)'
AM_DEFAULT_VERBOSITY='0'
AM_V='$(V)'
AR='aarch64-linux-android-ar'
AUTOCONF='${SHELL} /home/jianglei/svg/pixman-0.38.4/missing autoconf'
AUTOHEADER='${SHELL} /home/jianglei/svg/pixman-0.38.4/missing autoheader'
AUTOMAKE='${SHELL} /home/jianglei/svg/pixman-0.38.4/missing automake-1.16'
AWK='mawk'
CC='aarch64-linux-android-gcc'
CCAS='aarch64-linux-android-gcc'
CCASDEPMODE='depmode=gcc3'
CCASFLAGS='-D__ANDROID_API__=21 --sysroot=/home/jianglei/android-ndk-r17/NDK/arm64/sysroot'
CCDEPMODE='depmode=gcc3'
CFLAGS='-D__ANDROID_API__=21 --sysroot=/home/jianglei/android-ndk-r17/NDK/arm64/sysroot -Wall -Wdeclaration-after-statement -Wno-unused-local-typedefs -fno-strict-aliasing -fvisibility=hidden'
CPP='aarch64-linux-android-gcc -E'
CPPFLAGS=''
CYGPATH_W='echo'
DEFS='-DHAVE_CONFIG_H'
DEPDIR='.deps'
DLLTOOL='false'
DSYMUTIL=''
DUMPBIN=''
ECHO_C=''
ECHO_N='-n'
ECHO_T=''
EGREP='/bin/grep -E'
EXEEXT=''
FGREP='/bin/grep -F'
GREP='/bin/grep'
GTK_CFLAGS=''
GTK_LIBS=''
HAVE_GTK_FALSE=''
HAVE_GTK_TRUE='#'
HAVE_LIBPNG=''
HAVE_PTHREADS=''
INSTALL_DATA='${INSTALL} -m 644'
INSTALL_PROGRAM='${INSTALL}'
INSTALL_SCRIPT='${INSTALL}'
INSTALL_STRIP_PROGRAM='$(install_sh) -c -s'
IWMMXT_CFLAGS=''
LD='aarch64-linux-android-ld'
LDFLAGS=''
LIBOBJS=''
LIBS='-lm '
LIBTOOL='$(SHELL) $(top_builddir)/libtool'
LIPO=''
LN_S='ln -s'
LS_CFLAGS=''
LTLIBOBJS=''
LT_SYS_LIBRARY_PATH=''
LT_VERSION_INFO='38:4:38'
MAKEINFO='${SHELL} /home/jianglei/svg/pixman-0.38.4/missing makeinfo'
MANIFEST_TOOL=':'
MKDIR_P='/bin/mkdir -p'
MMX_CFLAGS=''
MMX_LDFLAGS=''
NM='aarch64-linux-android-nm'
NMEDIT=''
OBJDUMP='aarch64-linux-android-objdump'
OBJEXT='o'
OPENMP_CFLAGS='-fopenmp'
OTOOL64=''
OTOOL=''
PACKAGE='pixman'
PACKAGE_BUGREPORT='pixman@lists.freedesktop.org'
PACKAGE_NAME='pixman'
PACKAGE_STRING='pixman 0.38.4'
PACKAGE_TARNAME='pixman'
PACKAGE_URL=''
PACKAGE_VERSION='0.38.4'
PATH_SEPARATOR=':'
PIXMAN_GNUPLOT=''
PIXMAN_TIMERS=''
PIXMAN_VERSION_MAJOR='0'
PIXMAN_VERSION_MICRO='4'
PIXMAN_VERSION_MINOR='38'
PKG_CONFIG='/usr/bin/pkg-config'
PKG_CONFIG_LIBDIR='/home/jianglei/svg/build/usr/local/lib/pkgconfig'
PKG_CONFIG_PATH=''
PNG_CFLAGS='-I/home/jianglei/svg/build/usr/local/include/libpng16 -I/home/jianglei/svg/build/usr/local/include'
PNG_LIBS='-L/home/jianglei/svg/build/usr/local/lib -lpng16 -lz'
PTHREAD_CFLAGS='-D__ANDROID_API__=21 --sysroot=/home/jianglei/android-ndk-r17/NDK/arm64/sysroot -Wall -Wdeclaration-after-statement -Wno-unused-local-typedefs -fno-strict-aliasing -fvisibility=hidden -pthread'
PTHREAD_LDFLAGS=' -pthread'
PTHREAD_LIBS='-lm  '
RANLIB='aarch64-linux-android-ranlib'
SED='/bin/sed'
SET_MAKE=''
SHELL='/bin/bash'
SSE2_CFLAGS='-msse2 -Winline'
SSE2_LDFLAGS=''
SSSE3_CFLAGS='-mssse3 -Winline'
STRIP='aarch64-linux-android-strip'
TESTPROGS_EXTRA_LDFLAGS=''
TOOLCHAIN_SUPPORTS_ATTRIBUTE_CONSTRUCTOR=''
TOOLCHAIN_SUPPORTS__THREAD=''
USE_ARM_IWMMXT_FALSE=''
USE_ARM_IWMMXT_TRUE='#'
USE_ARM_NEON_FALSE=''
USE_ARM_NEON_TRUE='#'
USE_ARM_SIMD_FALSE=''
USE_ARM_SIMD_TRUE='#'
USE_GCC_INLINE_ASM_FALSE='#'
USE_GCC_INLINE_ASM_TRUE=''
USE_LOONGSON_MMI_FALSE=''
USE_LOONGSON_MMI_TRUE='#'
USE_MIPS_DSPR2_FALSE=''
USE_MIPS_DSPR2_TRUE='#'
USE_SSE2_FALSE=''
USE_SSE2_TRUE='#'
USE_SSSE3_FALSE=''
USE_SSSE3_TRUE='#'
USE_VMX_FALSE=''
USE_VMX_TRUE='#'
USE_X86_MMX_FALSE=''
USE_X86_MMX_TRUE='#'
VERSION='0.38.4'
VMX_CFLAGS=''
ac_ct_AR=''
ac_ct_CC=''
ac_ct_DUMPBIN=''
am__EXEEXT_FALSE=''
am__EXEEXT_TRUE='#'
am__fastdepCCAS_FALSE='#'
am__fastdepCCAS_TRUE=''
am__fastdepCC_FALSE='#'
am__fastdepCC_TRUE=''
am__include='include'
am__isrc=''
am__leading_dot='.'
am__nodep='_no'
am__quote=''
am__tar='$${TAR-tar} chof - "$$tardir"'
am__untar='$${TAR-tar} xf -'
bindir='${exec_prefix}/bin'
build='x86_64-pc-linux-gnu'
build_alias=''
build_cpu='x86_64'
build_os='linux-gnu'
build_vendor='pc'
datadir='${datarootdir}'
datarootdir='${prefix}/share'
docdir='${datarootdir}/doc/${PACKAGE_TARNAME}'
dvidir='${docdir}'
exec_prefix='${prefix}'
host='aarch64-unknown-linux-gnu'
host_alias='aarch64-linux'
host_cpu='aarch64'
host_os='linux-gnu'
host_vendor='unknown'
htmldir='${docdir}'
includedir='${prefix}/include'
infodir='${datarootdir}/info'
install_sh='${SHELL} /home/jianglei/svg/pixman-0.38.4/install-sh'
libdir='${exec_prefix}/lib'
libexecdir='${exec_prefix}/libexec'
localedir='${datarootdir}/locale'
localstatedir='${prefix}/var'
mandir='${datarootdir}/man'
mkdir_p='$(MKDIR_P)'
oldincludedir='/usr/include'
pdfdir='${docdir}'
prefix='/home/jianglei/svg/build/usr/local'
program_transform_name='s,x,x,'
psdir='${docdir}'
sbindir='${exec_prefix}/sbin'
sharedstatedir='${prefix}/com'
sysconfdir='${prefix}/etc'
target_alias=''

## ----------- ##
## confdefs.h. ##
## ----------- ##

/* confdefs.h */
#define PACKAGE_NAME "pixman"
#define PACKAGE_TARNAME "pixman"
#define PACKAGE_VERSION "0.38.4"
#define PACKAGE_STRING "pixman 0.38.4"
#define PACKAGE_BUGREPORT "pixman@lists.freedesktop.org"
#define PACKAGE_URL ""
#define PACKAGE "pixman"
#define VERSION "0.38.4"
#define STDC_HEADERS 1
#define HAVE_SYS_TYPES_H 1
#define HAVE_SYS_STAT_H 1
#define HAVE_STDLIB_H 1
#define HAVE_STRING_H 1
#define HAVE_MEMORY_H 1
#define HAVE_STRINGS_H 1
#define HAVE_INTTYPES_H 1
#define HAVE_STDINT_H 1
#define HAVE_UNISTD_H 1
#define HAVE_DLFCN_H 1
#define LT_OBJDIR ".libs/"
#define SIZEOF_LONG 8
#define USE_OPENMP 1
#define USE_GCC_INLINE_ASM 1
#define HAVE_POSIX_MEMALIGN 1
#define HAVE_SIGACTION 1
#define HAVE_ALARM 1
#define HAVE_SYS_MMAN_H 1
#define HAVE_MMAP 1
#define HAVE_MPROTECT 1
#define HAVE_GETPAGESIZE 1
#define HAVE_FENV_H 1
#define HAVE_FEENABLEEXCEPT 1
#define HAVE_FEDIVBYZERO 1
#define HAVE_GETTIMEOFDAY 1
#define TLS __thread
#define HAVE_PTHREADS /**/
#define TOOLCHAIN_SUPPORTS_ATTRIBUTE_CONSTRUCTOR /**/
#define HAVE_BUILTIN_CLZ /**/
#define HAVE_GCC_VECTOR_EXTENSIONS /**/
#define HAVE_LIBPNG 1

configure: exit 0
